{"/Users/ashleykobayashi/Documents/2020WinterT2/CPSC310/project_team231/src/controller/IInsightFacade.js":{"path":"/Users/ashleykobayashi/Documents/2020WinterT2/CPSC310/project_team231/src/controller/IInsightFacade.js","statementMap":{"0":{"start":{"line":2,"column":0},"end":{"line":2,"column":62}},"1":{"start":{"line":4,"column":0},"end":{"line":7,"column":89}},"2":{"start":{"line":5,"column":4},"end":{"line":5,"column":46}},"3":{"start":{"line":6,"column":4},"end":{"line":6,"column":42}},"4":{"start":{"line":10,"column":8},"end":{"line":10,"column":23}},"5":{"start":{"line":11,"column":8},"end":{"line":11,"column":52}},"6":{"start":{"line":14,"column":0},"end":{"line":14,"column":36}},"7":{"start":{"line":17,"column":8},"end":{"line":17,"column":23}},"8":{"start":{"line":18,"column":8},"end":{"line":18,"column":53}},"9":{"start":{"line":21,"column":0},"end":{"line":21,"column":38}},"10":{"start":{"line":24,"column":8},"end":{"line":24,"column":23}},"11":{"start":{"line":25,"column":8},"end":{"line":25,"column":59}},"12":{"start":{"line":28,"column":0},"end":{"line":28,"column":50}}},"fnMap":{"0":{"name":"(anonymous_0)","decl":{"start":{"line":4,"column":1},"end":{"line":4,"column":2}},"loc":{"start":{"line":4,"column":31},"end":{"line":7,"column":1}},"line":4},"1":{"name":"(anonymous_1)","decl":{"start":{"line":9,"column":4},"end":{"line":9,"column":5}},"loc":{"start":{"line":9,"column":25},"end":{"line":12,"column":5}},"line":9},"2":{"name":"(anonymous_2)","decl":{"start":{"line":16,"column":4},"end":{"line":16,"column":5}},"loc":{"start":{"line":16,"column":25},"end":{"line":19,"column":5}},"line":16},"3":{"name":"(anonymous_3)","decl":{"start":{"line":23,"column":4},"end":{"line":23,"column":5}},"loc":{"start":{"line":23,"column":25},"end":{"line":26,"column":5}},"line":23}},"branchMap":{"0":{"loc":{"start":{"line":7,"column":24},"end":{"line":7,"column":87}},"type":"binary-expr","locations":[{"start":{"line":7,"column":24},"end":{"line":7,"column":50}},{"start":{"line":7,"column":55},"end":{"line":7,"column":86}}],"line":7}},"s":{"0":1,"1":1,"2":1,"3":1,"4":0,"5":0,"6":1,"7":0,"8":0,"9":1,"10":0,"11":0,"12":1},"f":{"0":1,"1":0,"2":0,"3":0},"b":{"0":[1,1]},"inputSourceMap":{"version":3,"file":"IInsightFacade.js","sourceRoot":"","sources":["IInsightFacade.ts"],"names":[],"mappings":";;AAMA,IAAY,kBAGX;AAHD,WAAY,kBAAkB;IAC1B,yCAAmB,CAAA;IACnB,qCAAe,CAAA;AACnB,CAAC,EAHW,kBAAkB,GAAlB,0BAAkB,KAAlB,0BAAkB,QAG7B;AAQD,MAAa,YAAa,SAAQ,KAAK;IACnC,YAAY,GAAG,IAAW;QACtB,KAAK,CAAC,GAAG,IAAI,CAAC,CAAC;QACf,KAAK,CAAC,iBAAiB,CAAC,IAAI,EAAE,YAAY,CAAC,CAAC;IAChD,CAAC;CACJ;AALD,oCAKC;AAED,MAAa,aAAc,SAAQ,KAAK;IACpC,YAAY,GAAG,IAAW;QACtB,KAAK,CAAC,GAAG,IAAI,CAAC,CAAC;QACf,KAAK,CAAC,iBAAiB,CAAC,IAAI,EAAE,aAAa,CAAC,CAAC;IACjD,CAAC;CACJ;AALD,sCAKC;AAED,MAAa,mBAAoB,SAAQ,KAAK;IAC1C,YAAY,GAAG,IAAW;QACtB,KAAK,CAAC,GAAG,IAAI,CAAC,CAAC;QACf,KAAK,CAAC,iBAAiB,CAAC,IAAI,EAAE,mBAAmB,CAAC,CAAC;IACvD,CAAC;CACJ;AALD,kDAKC"},"_coverageSchema":"1a1c01bbd47fc00a2c39e90264f33305004495a9","hash":"9edfdf6f79089d9732577e7d3db398a39657d39a","contentHash":"2f9eec83d4f3796879a0a82e68f4b374317724658bce58c474c7a02898f190e3"},"/Users/ashleykobayashi/Documents/2020WinterT2/CPSC310/project_team231/src/controller/InsightFacade.js":{"path":"/Users/ashleykobayashi/Documents/2020WinterT2/CPSC310/project_team231/src/controller/InsightFacade.js","statementMap":{"0":{"start":{"line":2,"column":0},"end":{"line":2,"column":62}},"1":{"start":{"line":3,"column":15},"end":{"line":3,"column":33}},"2":{"start":{"line":4,"column":25},"end":{"line":4,"column":52}},"3":{"start":{"line":5,"column":11},"end":{"line":5,"column":24}},"4":{"start":{"line":6,"column":17},"end":{"line":6,"column":47}},"5":{"start":{"line":7,"column":18},"end":{"line":7,"column":49}},"6":{"start":{"line":8,"column":25},"end":{"line":8,"column":64}},"7":{"start":{"line":9,"column":25},"end":{"line":9,"column":64}},"8":{"start":{"line":10,"column":23},"end":{"line":10,"column":48}},"9":{"start":{"line":11,"column":21},"end":{"line":11,"column":44}},"10":{"start":{"line":12,"column":30},"end":{"line":12,"column":74}},"11":{"start":{"line":13,"column":35},"end":{"line":13,"column":84}},"12":{"start":{"line":16,"column":8},"end":{"line":16,"column":34}},"13":{"start":{"line":17,"column":8},"end":{"line":18,"column":61}},"14":{"start":{"line":19,"column":8},"end":{"line":19,"column":58}},"15":{"start":{"line":20,"column":8},"end":{"line":20,"column":37}},"16":{"start":{"line":23,"column":8},"end":{"line":26,"column":9}},"17":{"start":{"line":25,"column":12},"end":{"line":25,"column":83}},"18":{"start":{"line":27,"column":8},"end":{"line":29,"column":9}},"19":{"start":{"line":28,"column":12},"end":{"line":28,"column":106}},"20":{"start":{"line":30,"column":8},"end":{"line":32,"column":9}},"21":{"start":{"line":31,"column":12},"end":{"line":31,"column":115}},"22":{"start":{"line":33,"column":8},"end":{"line":35,"column":9}},"23":{"start":{"line":34,"column":12},"end":{"line":34,"column":91}},"24":{"start":{"line":37,"column":8},"end":{"line":40,"column":9}},"25":{"start":{"line":38,"column":31},"end":{"line":38,"column":64}},"26":{"start":{"line":39,"column":12},"end":{"line":39,"column":77}},"27":{"start":{"line":41,"column":8},"end":{"line":44,"column":9}},"28":{"start":{"line":42,"column":29},"end":{"line":42,"column":58}},"29":{"start":{"line":43,"column":12},"end":{"line":43,"column":73}},"30":{"start":{"line":45,"column":8},"end":{"line":45,"column":39}},"31":{"start":{"line":48,"column":21},"end":{"line":48,"column":34}},"32":{"start":{"line":49,"column":8},"end":{"line":53,"column":9}},"33":{"start":{"line":50,"column":12},"end":{"line":52,"column":13}},"34":{"start":{"line":51,"column":16},"end":{"line":51,"column":29}},"35":{"start":{"line":54,"column":8},"end":{"line":54,"column":20}},"36":{"start":{"line":57,"column":21},"end":{"line":57,"column":23}},"37":{"start":{"line":58,"column":8},"end":{"line":65,"column":11}},"38":{"start":{"line":60,"column":12},"end":{"line":63,"column":15}},"39":{"start":{"line":61,"column":29},"end":{"line":61,"column":49}},"40":{"start":{"line":62,"column":16},"end":{"line":62,"column":47}},"41":{"start":{"line":64,"column":12},"end":{"line":64,"column":30}},"42":{"start":{"line":66,"column":8},"end":{"line":66,"column":22}},"43":{"start":{"line":69,"column":22},"end":{"line":69,"column":23}},"44":{"start":{"line":71,"column":8},"end":{"line":87,"column":9}},"45":{"start":{"line":73,"column":12},"end":{"line":73,"column":46}},"46":{"start":{"line":74,"column":12},"end":{"line":74,"column":27}},"47":{"start":{"line":75,"column":12},"end":{"line":85,"column":13}},"48":{"start":{"line":76,"column":33},"end":{"line":76,"column":56}},"49":{"start":{"line":77,"column":16},"end":{"line":84,"column":17}},"50":{"start":{"line":78,"column":20},"end":{"line":78,"column":63}},"51":{"start":{"line":79,"column":20},"end":{"line":81,"column":21}},"52":{"start":{"line":80,"column":24},"end":{"line":80,"column":65}},"53":{"start":{"line":82,"column":20},"end":{"line":82,"column":61}},"54":{"start":{"line":83,"column":20},"end":{"line":83,"column":30}},"55":{"start":{"line":86,"column":12},"end":{"line":86,"column":62}},"56":{"start":{"line":88,"column":8},"end":{"line":88,"column":39}},"57":{"start":{"line":89,"column":8},"end":{"line":89,"column":26}},"58":{"start":{"line":92,"column":8},"end":{"line":97,"column":9}},"59":{"start":{"line":93,"column":34},"end":{"line":93,"column":54}},"60":{"start":{"line":94,"column":12},"end":{"line":96,"column":13}},"61":{"start":{"line":95,"column":16},"end":{"line":95,"column":29}},"62":{"start":{"line":98,"column":8},"end":{"line":98,"column":20}},"63":{"start":{"line":101,"column":8},"end":{"line":106,"column":9}},"64":{"start":{"line":102,"column":12},"end":{"line":102,"column":37}},"65":{"start":{"line":105,"column":12},"end":{"line":105,"column":59}},"66":{"start":{"line":107,"column":8},"end":{"line":107,"column":57}},"67":{"start":{"line":108,"column":8},"end":{"line":108,"column":51}},"68":{"start":{"line":109,"column":8},"end":{"line":109,"column":44}},"69":{"start":{"line":110,"column":8},"end":{"line":110,"column":55}},"70":{"start":{"line":111,"column":8},"end":{"line":111,"column":55}},"71":{"start":{"line":112,"column":8},"end":{"line":112,"column":41}},"72":{"start":{"line":113,"column":8},"end":{"line":113,"column":39}},"73":{"start":{"line":114,"column":8},"end":{"line":114,"column":52}},"74":{"start":{"line":115,"column":8},"end":{"line":115,"column":43}},"75":{"start":{"line":118,"column":8},"end":{"line":121,"column":9}},"76":{"start":{"line":120,"column":12},"end":{"line":120,"column":83}},"77":{"start":{"line":122,"column":8},"end":{"line":125,"column":9}},"78":{"start":{"line":124,"column":12},"end":{"line":124,"column":72}},"79":{"start":{"line":126,"column":8},"end":{"line":128,"column":9}},"80":{"start":{"line":127,"column":12},"end":{"line":127,"column":72}},"81":{"start":{"line":129,"column":21},"end":{"line":129,"column":35}},"82":{"start":{"line":130,"column":8},"end":{"line":130,"column":28}},"83":{"start":{"line":131,"column":8},"end":{"line":131,"column":36}},"84":{"start":{"line":132,"column":8},"end":{"line":132,"column":54}},"85":{"start":{"line":133,"column":8},"end":{"line":133,"column":35}},"86":{"start":{"line":136,"column":20},"end":{"line":136,"column":35}},"87":{"start":{"line":137,"column":8},"end":{"line":139,"column":9}},"88":{"start":{"line":138,"column":12},"end":{"line":138,"column":33}},"89":{"start":{"line":140,"column":8},"end":{"line":140,"column":19}},"90":{"start":{"line":143,"column":21},"end":{"line":143,"column":23}},"91":{"start":{"line":144,"column":8},"end":{"line":161,"column":9}},"92":{"start":{"line":146,"column":12},"end":{"line":152,"column":13}},"93":{"start":{"line":147,"column":16},"end":{"line":151,"column":18}},"94":{"start":{"line":153,"column":12},"end":{"line":159,"column":13}},"95":{"start":{"line":154,"column":16},"end":{"line":158,"column":18}},"96":{"start":{"line":160,"column":12},"end":{"line":160,"column":32}},"97":{"start":{"line":162,"column":8},"end":{"line":162,"column":39}},"98":{"start":{"line":165,"column":8},"end":{"line":232,"column":9}},"99":{"start":{"line":166,"column":28},"end":{"line":166,"column":65}},"100":{"start":{"line":167,"column":12},"end":{"line":167,"column":43}},"101":{"start":{"line":168,"column":39},"end":{"line":168,"column":41}},"102":{"start":{"line":169,"column":35},"end":{"line":169,"column":59}},"103":{"start":{"line":170,"column":12},"end":{"line":172,"column":13}},"104":{"start":{"line":171,"column":16},"end":{"line":171,"column":91}},"105":{"start":{"line":173,"column":26},"end":{"line":173,"column":64}},"106":{"start":{"line":174,"column":37},"end":{"line":174,"column":54}},"107":{"start":{"line":175,"column":32},"end":{"line":175,"column":34}},"108":{"start":{"line":176,"column":12},"end":{"line":220,"column":13}},"109":{"start":{"line":177,"column":25},"end":{"line":177,"column":62}},"110":{"start":{"line":178,"column":16},"end":{"line":184,"column":17}},"111":{"start":{"line":179,"column":20},"end":{"line":183,"column":21}},"112":{"start":{"line":180,"column":24},"end":{"line":182,"column":25}},"113":{"start":{"line":181,"column":28},"end":{"line":181,"column":63}},"114":{"start":{"line":185,"column":16},"end":{"line":187,"column":17}},"115":{"start":{"line":186,"column":39},"end":{"line":186,"column":151}},"116":{"start":{"line":188,"column":16},"end":{"line":199,"column":17}},"117":{"start":{"line":189,"column":40},"end":{"line":189,"column":42}},"118":{"start":{"line":190,"column":20},"end":{"line":198,"column":21}},"119":{"start":{"line":191,"column":24},"end":{"line":195,"column":25}},"120":{"start":{"line":192,"column":47},"end":{"line":192,"column":75}},"121":{"start":{"line":193,"column":41},"end":{"line":193,"column":56}},"122":{"start":{"line":194,"column":28},"end":{"line":194,"column":53}},"123":{"start":{"line":196,"column":24},"end":{"line":196,"column":77}},"124":{"start":{"line":197,"column":24},"end":{"line":197,"column":58}},"125":{"start":{"line":201,"column":17},"end":{"line":220,"column":13}},"126":{"start":{"line":202,"column":26},"end":{"line":202,"column":73}},"127":{"start":{"line":203,"column":16},"end":{"line":209,"column":17}},"128":{"start":{"line":204,"column":20},"end":{"line":208,"column":21}},"129":{"start":{"line":205,"column":24},"end":{"line":207,"column":25}},"130":{"start":{"line":206,"column":28},"end":{"line":206,"column":60}},"131":{"start":{"line":210,"column":16},"end":{"line":212,"column":17}},"132":{"start":{"line":211,"column":39},"end":{"line":211,"column":151}},"133":{"start":{"line":213,"column":16},"end":{"line":219,"column":17}},"134":{"start":{"line":214,"column":40},"end":{"line":214,"column":42}},"135":{"start":{"line":215,"column":20},"end":{"line":217,"column":21}},"136":{"start":{"line":216,"column":24},"end":{"line":216,"column":78}},"137":{"start":{"line":218,"column":20},"end":{"line":218,"column":54}},"138":{"start":{"line":221,"column":12},"end":{"line":223,"column":13}},"139":{"start":{"line":222,"column":16},"end":{"line":222,"column":105}},"140":{"start":{"line":224,"column":12},"end":{"line":227,"column":13}},"141":{"start":{"line":225,"column":30},"end":{"line":225,"column":49}},"142":{"start":{"line":226,"column":16},"end":{"line":226,"column":70}},"143":{"start":{"line":226,"column":45},"end":{"line":226,"column":68}},"144":{"start":{"line":228,"column":12},"end":{"line":228,"column":50}},"145":{"start":{"line":231,"column":12},"end":{"line":231,"column":39}},"146":{"start":{"line":235,"column":0},"end":{"line":235,"column":32}}},"fnMap":{"0":{"name":"(anonymous_0)","decl":{"start":{"line":15,"column":4},"end":{"line":15,"column":5}},"loc":{"start":{"line":15,"column":18},"end":{"line":21,"column":5}},"line":15},"1":{"name":"(anonymous_1)","decl":{"start":{"line":22,"column":4},"end":{"line":22,"column":5}},"loc":{"start":{"line":22,"column":34},"end":{"line":46,"column":5}},"line":22},"2":{"name":"(anonymous_2)","decl":{"start":{"line":47,"column":4},"end":{"line":47,"column":5}},"loc":{"start":{"line":47,"column":25},"end":{"line":55,"column":5}},"line":47},"3":{"name":"(anonymous_3)","decl":{"start":{"line":56,"column":4},"end":{"line":56,"column":5}},"loc":{"start":{"line":56,"column":17},"end":{"line":67,"column":5}},"line":56},"4":{"name":"(anonymous_4)","decl":{"start":{"line":58,"column":36},"end":{"line":58,"column":37}},"loc":{"start":{"line":58,"column":62},"end":{"line":65,"column":9}},"line":58},"5":{"name":"(anonymous_5)","decl":{"start":{"line":60,"column":45},"end":{"line":60,"column":46}},"loc":{"start":{"line":60,"column":65},"end":{"line":63,"column":13}},"line":60},"6":{"name":"(anonymous_6)","decl":{"start":{"line":68,"column":4},"end":{"line":68,"column":5}},"loc":{"start":{"line":68,"column":42},"end":{"line":90,"column":5}},"line":68},"7":{"name":"(anonymous_7)","decl":{"start":{"line":91,"column":4},"end":{"line":91,"column":5}},"loc":{"start":{"line":91,"column":34},"end":{"line":99,"column":5}},"line":91},"8":{"name":"(anonymous_8)","decl":{"start":{"line":100,"column":4},"end":{"line":100,"column":5}},"loc":{"start":{"line":100,"column":42},"end":{"line":116,"column":5}},"line":100},"9":{"name":"(anonymous_9)","decl":{"start":{"line":117,"column":4},"end":{"line":117,"column":5}},"loc":{"start":{"line":117,"column":22},"end":{"line":134,"column":5}},"line":117},"10":{"name":"(anonymous_10)","decl":{"start":{"line":135,"column":4},"end":{"line":135,"column":5}},"loc":{"start":{"line":135,"column":28},"end":{"line":141,"column":5}},"line":135},"11":{"name":"(anonymous_11)","decl":{"start":{"line":142,"column":4},"end":{"line":142,"column":5}},"loc":{"start":{"line":142,"column":19},"end":{"line":163,"column":5}},"line":142},"12":{"name":"(anonymous_12)","decl":{"start":{"line":164,"column":4},"end":{"line":164,"column":5}},"loc":{"start":{"line":164,"column":24},"end":{"line":233,"column":5}},"line":164},"13":{"name":"(anonymous_13)","decl":{"start":{"line":226,"column":35},"end":{"line":226,"column":36}},"loc":{"start":{"line":226,"column":45},"end":{"line":226,"column":68}},"line":226}},"branchMap":{"0":{"loc":{"start":{"line":23,"column":8},"end":{"line":26,"column":9}},"type":"if","locations":[{"start":{"line":23,"column":8},"end":{"line":26,"column":9}},{"start":{"line":23,"column":8},"end":{"line":26,"column":9}}],"line":23},"1":{"loc":{"start":{"line":23,"column":12},"end":{"line":24,"column":46}},"type":"binary-expr","locations":[{"start":{"line":23,"column":12},"end":{"line":23,"column":28}},{"start":{"line":23,"column":32},"end":{"line":23,"column":42}},{"start":{"line":23,"column":46},"end":{"line":23,"column":55}},{"start":{"line":23,"column":59},"end":{"line":23,"column":83}},{"start":{"line":24,"column":15},"end":{"line":24,"column":26}},{"start":{"line":24,"column":30},"end":{"line":24,"column":46}}],"line":23},"2":{"loc":{"start":{"line":27,"column":8},"end":{"line":29,"column":9}},"type":"if","locations":[{"start":{"line":27,"column":8},"end":{"line":29,"column":9}},{"start":{"line":27,"column":8},"end":{"line":29,"column":9}}],"line":27},"3":{"loc":{"start":{"line":30,"column":8},"end":{"line":32,"column":9}},"type":"if","locations":[{"start":{"line":30,"column":8},"end":{"line":32,"column":9}},{"start":{"line":30,"column":8},"end":{"line":32,"column":9}}],"line":30},"4":{"loc":{"start":{"line":30,"column":12},"end":{"line":30,"column":53}},"type":"binary-expr","locations":[{"start":{"line":30,"column":12},"end":{"line":30,"column":28}},{"start":{"line":30,"column":32},"end":{"line":30,"column":53}}],"line":30},"5":{"loc":{"start":{"line":33,"column":8},"end":{"line":35,"column":9}},"type":"if","locations":[{"start":{"line":33,"column":8},"end":{"line":35,"column":9}},{"start":{"line":33,"column":8},"end":{"line":35,"column":9}}],"line":33},"6":{"loc":{"start":{"line":37,"column":8},"end":{"line":40,"column":9}},"type":"if","locations":[{"start":{"line":37,"column":8},"end":{"line":40,"column":9}},{"start":{"line":37,"column":8},"end":{"line":40,"column":9}}],"line":37},"7":{"loc":{"start":{"line":41,"column":8},"end":{"line":44,"column":9}},"type":"if","locations":[{"start":{"line":41,"column":8},"end":{"line":44,"column":9}},{"start":{"line":41,"column":8},"end":{"line":44,"column":9}}],"line":41},"8":{"loc":{"start":{"line":50,"column":12},"end":{"line":52,"column":13}},"type":"if","locations":[{"start":{"line":50,"column":12},"end":{"line":52,"column":13}},{"start":{"line":50,"column":12},"end":{"line":52,"column":13}}],"line":50},"9":{"loc":{"start":{"line":77,"column":16},"end":{"line":84,"column":17}},"type":"if","locations":[{"start":{"line":77,"column":16},"end":{"line":84,"column":17}},{"start":{"line":77,"column":16},"end":{"line":84,"column":17}}],"line":77},"10":{"loc":{"start":{"line":79,"column":20},"end":{"line":81,"column":21}},"type":"if","locations":[{"start":{"line":79,"column":20},"end":{"line":81,"column":21}},{"start":{"line":79,"column":20},"end":{"line":81,"column":21}}],"line":79},"11":{"loc":{"start":{"line":94,"column":12},"end":{"line":96,"column":13}},"type":"if","locations":[{"start":{"line":94,"column":12},"end":{"line":96,"column":13}},{"start":{"line":94,"column":12},"end":{"line":96,"column":13}}],"line":94},"12":{"loc":{"start":{"line":101,"column":8},"end":{"line":106,"column":9}},"type":"if","locations":[{"start":{"line":101,"column":8},"end":{"line":106,"column":9}},{"start":{"line":101,"column":8},"end":{"line":106,"column":9}}],"line":101},"13":{"loc":{"start":{"line":118,"column":8},"end":{"line":121,"column":9}},"type":"if","locations":[{"start":{"line":118,"column":8},"end":{"line":121,"column":9}},{"start":{"line":118,"column":8},"end":{"line":121,"column":9}}],"line":118},"14":{"loc":{"start":{"line":118,"column":12},"end":{"line":119,"column":46}},"type":"binary-expr","locations":[{"start":{"line":118,"column":12},"end":{"line":118,"column":28}},{"start":{"line":118,"column":32},"end":{"line":118,"column":42}},{"start":{"line":118,"column":46},"end":{"line":118,"column":55}},{"start":{"line":118,"column":59},"end":{"line":118,"column":83}},{"start":{"line":119,"column":15},"end":{"line":119,"column":26}},{"start":{"line":119,"column":30},"end":{"line":119,"column":46}}],"line":118},"15":{"loc":{"start":{"line":122,"column":8},"end":{"line":125,"column":9}},"type":"if","locations":[{"start":{"line":122,"column":8},"end":{"line":125,"column":9}},{"start":{"line":122,"column":8},"end":{"line":125,"column":9}}],"line":122},"16":{"loc":{"start":{"line":122,"column":12},"end":{"line":123,"column":45}},"type":"binary-expr","locations":[{"start":{"line":122,"column":12},"end":{"line":122,"column":46}},{"start":{"line":123,"column":12},"end":{"line":123,"column":45}}],"line":122},"17":{"loc":{"start":{"line":126,"column":8},"end":{"line":128,"column":9}},"type":"if","locations":[{"start":{"line":126,"column":8},"end":{"line":128,"column":9}},{"start":{"line":126,"column":8},"end":{"line":128,"column":9}}],"line":126},"18":{"loc":{"start":{"line":126,"column":12},"end":{"line":126,"column":68}},"type":"binary-expr","locations":[{"start":{"line":126,"column":12},"end":{"line":126,"column":37}},{"start":{"line":126,"column":41},"end":{"line":126,"column":68}}],"line":126},"19":{"loc":{"start":{"line":137,"column":8},"end":{"line":139,"column":9}},"type":"if","locations":[{"start":{"line":137,"column":8},"end":{"line":139,"column":9}},{"start":{"line":137,"column":8},"end":{"line":139,"column":9}}],"line":137},"20":{"loc":{"start":{"line":146,"column":12},"end":{"line":152,"column":13}},"type":"if","locations":[{"start":{"line":146,"column":12},"end":{"line":152,"column":13}},{"start":{"line":146,"column":12},"end":{"line":152,"column":13}}],"line":146},"21":{"loc":{"start":{"line":153,"column":12},"end":{"line":159,"column":13}},"type":"if","locations":[{"start":{"line":153,"column":12},"end":{"line":159,"column":13}},{"start":{"line":153,"column":12},"end":{"line":159,"column":13}}],"line":153},"22":{"loc":{"start":{"line":170,"column":12},"end":{"line":172,"column":13}},"type":"if","locations":[{"start":{"line":170,"column":12},"end":{"line":172,"column":13}},{"start":{"line":170,"column":12},"end":{"line":172,"column":13}}],"line":170},"23":{"loc":{"start":{"line":176,"column":12},"end":{"line":220,"column":13}},"type":"if","locations":[{"start":{"line":176,"column":12},"end":{"line":220,"column":13}},{"start":{"line":176,"column":12},"end":{"line":220,"column":13}}],"line":176},"24":{"loc":{"start":{"line":180,"column":24},"end":{"line":182,"column":25}},"type":"if","locations":[{"start":{"line":180,"column":24},"end":{"line":182,"column":25}},{"start":{"line":180,"column":24},"end":{"line":182,"column":25}}],"line":180},"25":{"loc":{"start":{"line":185,"column":16},"end":{"line":187,"column":17}},"type":"if","locations":[{"start":{"line":185,"column":16},"end":{"line":187,"column":17}},{"start":{"line":185,"column":16},"end":{"line":187,"column":17}}],"line":185},"26":{"loc":{"start":{"line":191,"column":24},"end":{"line":195,"column":25}},"type":"if","locations":[{"start":{"line":191,"column":24},"end":{"line":195,"column":25}},{"start":{"line":191,"column":24},"end":{"line":195,"column":25}}],"line":191},"27":{"loc":{"start":{"line":201,"column":17},"end":{"line":220,"column":13}},"type":"if","locations":[{"start":{"line":201,"column":17},"end":{"line":220,"column":13}},{"start":{"line":201,"column":17},"end":{"line":220,"column":13}}],"line":201},"28":{"loc":{"start":{"line":205,"column":24},"end":{"line":207,"column":25}},"type":"if","locations":[{"start":{"line":205,"column":24},"end":{"line":207,"column":25}},{"start":{"line":205,"column":24},"end":{"line":207,"column":25}}],"line":205},"29":{"loc":{"start":{"line":210,"column":16},"end":{"line":212,"column":17}},"type":"if","locations":[{"start":{"line":210,"column":16},"end":{"line":212,"column":17}},{"start":{"line":210,"column":16},"end":{"line":212,"column":17}}],"line":210},"30":{"loc":{"start":{"line":221,"column":12},"end":{"line":223,"column":13}},"type":"if","locations":[{"start":{"line":221,"column":12},"end":{"line":223,"column":13}},{"start":{"line":221,"column":12},"end":{"line":223,"column":13}}],"line":221},"31":{"loc":{"start":{"line":224,"column":12},"end":{"line":227,"column":13}},"type":"if","locations":[{"start":{"line":224,"column":12},"end":{"line":227,"column":13}},{"start":{"line":224,"column":12},"end":{"line":227,"column":13}}],"line":224}},"s":{"0":1,"1":1,"2":1,"3":1,"4":1,"5":1,"6":1,"7":1,"8":1,"9":1,"10":1,"11":1,"12":0,"13":0,"14":0,"15":0,"16":0,"17":0,"18":0,"19":0,"20":0,"21":0,"22":0,"23":0,"24":0,"25":0,"26":0,"27":0,"28":0,"29":0,"30":0,"31":0,"32":0,"33":0,"34":0,"35":0,"36":0,"37":0,"38":0,"39":0,"40":0,"41":0,"42":0,"43":0,"44":0,"45":0,"46":0,"47":0,"48":0,"49":0,"50":0,"51":0,"52":0,"53":0,"54":0,"55":0,"56":0,"57":0,"58":0,"59":0,"60":0,"61":0,"62":0,"63":0,"64":0,"65":0,"66":0,"67":0,"68":0,"69":0,"70":0,"71":0,"72":0,"73":0,"74":0,"75":0,"76":0,"77":0,"78":0,"79":0,"80":0,"81":0,"82":0,"83":0,"84":0,"85":0,"86":0,"87":0,"88":0,"89":0,"90":0,"91":0,"92":0,"93":0,"94":0,"95":0,"96":0,"97":0,"98":0,"99":0,"100":0,"101":0,"102":0,"103":0,"104":0,"105":0,"106":0,"107":0,"108":0,"109":0,"110":0,"111":0,"112":0,"113":0,"114":0,"115":0,"116":0,"117":0,"118":0,"119":0,"120":0,"121":0,"122":0,"123":0,"124":0,"125":0,"126":0,"127":0,"128":0,"129":0,"130":0,"131":0,"132":0,"133":0,"134":0,"135":0,"136":0,"137":0,"138":0,"139":0,"140":0,"141":0,"142":0,"143":0,"144":0,"145":0,"146":1},"f":{"0":0,"1":0,"2":0,"3":0,"4":0,"5":0,"6":0,"7":0,"8":0,"9":0,"10":0,"11":0,"12":0,"13":0},"b":{"0":[0,0],"1":[0,0,0,0,0,0],"2":[0,0],"3":[0,0],"4":[0,0],"5":[0,0],"6":[0,0],"7":[0,0],"8":[0,0],"9":[0,0],"10":[0,0],"11":[0,0],"12":[0,0],"13":[0,0],"14":[0,0,0,0,0,0],"15":[0,0],"16":[0,0],"17":[0,0],"18":[0,0],"19":[0,0],"20":[0,0],"21":[0,0],"22":[0,0],"23":[0,0],"24":[0,0],"25":[0,0],"26":[0,0],"27":[0,0],"28":[0,0],"29":[0,0],"30":[0,0],"31":[0,0]},"inputSourceMap":{"version":3,"file":"InsightFacade.js","sourceRoot":"","sources":["InsightFacade.ts"],"names":[],"mappings":";;AAAA,kCAA0B;AAC1B,qDAO0B;AAI1B,yBAAyB;AACzB,gDAA2C;AAC3C,kDAA6C;AAC7C,iEAA4D;AAC5D,iEAA4D;AAC5D,iDAA4C;AAC5C,6CAAwC;AACxC,2EAAsE;AAEtE,qFAAgF;AAOhF,MAAqB,aAAa;IAM9B;QALO,oBAAe,GAAa,EAAE,CAAC;QAE/B,eAAU,GAAa,CAAC,KAAK,EAAE,MAAM,EAAE,MAAM,EAAE,OAAO,EAAE,MAAM;YACjE,SAAS,EAAE,QAAQ,EAAE,WAAW,EAAE,OAAO,EAAE,IAAI,CAAC,CAAC;QAGjD,cAAG,CAAC,KAAK,CAAC,2BAA2B,CAAC,CAAC;QACvC,IAAI,CAAC,WAAW,GAAG,IAAI,GAAG,EAAE,CAAC;IACjC,CAAC;IAGM,UAAU,CACb,EAAU,EACV,OAAe,EACf,IAAwB;QAExB,IAAI,EAAE,CAAC,QAAQ,CAAC,GAAG,CAAC,IAAI,CAAC,EAAE,CAAC,IAAI,EAAE,IAAI,EAAE,KAAK,EAAE,IAAI,IAAI,CAAC,eAAe,CAAC,EAAE,CAAC;eACpE,EAAE,KAAK,IAAI,IAAI,EAAE,KAAK,SAAS,EAAE;YACpC,OAAO,OAAO,CAAC,MAAM,CAAC,IAAI,6BAAY,CAAC,YAAY,CAAC,CAAC,CAAC;SACzD;QACD,IAAI,IAAI,CAAC,eAAe,CAAC,QAAQ,CAAC,EAAE,CAAC,EAAE;YACnC,OAAO,OAAO,CAAC,MAAM,CAAC,IAAI,6BAAY,CAAC,mCAAmC,CAAC,CAAC,CAAC;SAChF;QACD,IAAI,OAAO,KAAK,IAAI,IAAI,OAAO,KAAK,SAAS,EAAE;YAC3C,OAAO,OAAO,CAAC,MAAM,CAAC,IAAI,6BAAY,CAAC,4CAA4C,CAAC,CAAC,CAAC;SACzF;QAED,IAAI,EAAE,CAAC,UAAU,CAAC,QAAQ,GAAG,EAAE,GAAG,MAAM,CAAC,EAAE;YACvC,OAAO,OAAO,CAAC,MAAM,CAAC,IAAI,6BAAY,CAAC,oBAAoB,CAAC,CAAC,CAAC;SACjE;QACD,IAAI,MAAyB,CAAC;QAC9B,IAAI,IAAI,KAAK,mCAAkB,CAAC,OAAO,EAAE;YACrC,IAAI,YAAY,GAAiB,IAAI,2BAAY,EAAE,CAAC;YACpD,MAAM,GAAG,YAAY,CAAC,iBAAiB,CAAC,EAAE,EAAE,OAAO,EAAE,IAAI,EAAE,IAAI,CAAC,CAAC;SACpE;QACD,IAAI,IAAI,KAAK,mCAAkB,CAAC,KAAK,EAAE;YACnC,IAAI,UAAU,GAAe,IAAI,uBAAU,EAAE,CAAC;YAC9C,MAAM,GAAG,UAAU,CAAC,eAAe,CAAC,EAAE,EAAE,OAAO,EAAE,IAAI,EAAE,IAAI,CAAC,CAAC;SAChE;QACD,OAAO,OAAO,CAAC,OAAO,CAAC,MAAM,CAAC,CAAC;IACvC,CAAC;IAEU,eAAe,CAAC,GAAW;QAC9B,IAAI,MAAM,GAAa,GAAG,CAAC,KAAK,CAAC,EAAE,CAAC,CAAC;QACrC,KAAK,MAAM,IAAI,IAAI,MAAM,EAAE;YACvB,IAAI,IAAI,KAAK,GAAG,EAAE;gBACd,OAAO,KAAK,CAAC;aAChB;SACJ;QACD,OAAO,IAAI,CAAC;IAChB,CAAC;IAMM,SAAS,CAAC,CAAQ;QACrB,IAAI,MAAM,GAAwB,EAAE,CAAC;QAKrC,CAAC,CAAC,MAAM,CAAC,SAAS,CAAC,CAAC,OAAO,CAAC,UAAU,QAAQ,EAAE,IAAI;YAChD,IAAI,IAAkB,CAAC;YACvB,IAAI,GAAG,IAAI,CAAC,KAAK,CAAC,QAAQ,CAAC,CAAC,IAAI,CAAC,UAAU,QAAQ;gBAC/C,IAAI,MAAM,GAAG,IAAI,CAAC,KAAK,CAAC,QAAQ,CAAC,CAAC;gBAClC,OAAO,OAAO,CAAC,OAAO,CAAC,MAAM,CAAC,CAAC;YAEnC,CAAC,CAAC,CAAC;YACH,MAAM,CAAC,IAAI,CAAC,IAAI,CAAC,CAAC;QACtB,CAAC,CAAC,CAAC;QACH,OAAO,MAAM,CAAC;IAClB,CAAC;IAIM,WAAW,CAAC,YAAmB,EAAE,UAAmB;QAKvD,IAAI,OAAO,GAAG,CAAC,CAAC;QAChB,IAAI,SAAiB,CAAC;QACtB,KAAK,MAAM,MAAM,IAAI,YAAY,EAAE;YAC/B,IAAI,SAAiB,CAAC;YACtB,SAAS,GAAG,IAAI,eAAM,EAAE,CAAC;YACzB,SAAS,GAAG,EAAE,CAAC;YAEf,KAAK,MAAM,OAAO,IAAI,MAAM,CAAC,MAAM,EAAE;gBACjC,IAAI,UAAU,GAAY,IAAI,iBAAO,EAAE,CAAC;gBACxC,IAAI,IAAI,CAAC,oBAAoB,CAAC,OAAO,CAAC,EAAE;oBACpC,IAAI,CAAC,gBAAgB,CAAC,UAAU,EAAE,OAAO,CAAC,CAAC;oBAC3C,IAAI,SAAS,KAAK,EAAE,EAAE;wBAClB,SAAS,GAAG,OAAO,CAAC,OAAO,GAAG,OAAO,CAAC,EAAE,CAAC;qBAC5C;oBACD,SAAS,CAAC,WAAW,EAAE,CAAC,IAAI,CAAC,UAAU,CAAC,CAAC;oBACzC,OAAO,EAAE,CAAC;iBACb;aACJ;YACD,UAAU,CAAC,UAAU,EAAE,CAAC,GAAG,CAAC,SAAS,EAAE,SAAS,CAAC,CAAC;SACrD;QACD,UAAU,CAAC,UAAU,CAAC,OAAO,CAAC,CAAC;QAC/B,OAAO,UAAU,CAAC;IACtB,CAAC;IAGM,oBAAoB,CAAC,OAAY;QACpC,KAAK,MAAM,SAAS,IAAI,IAAI,CAAC,UAAU,EAAE;YACrC,IAAI,eAAe,GAAa,MAAM,CAAC,IAAI,CAAC,OAAO,CAAC,CAAC;YACrD,IAAI,CAAC,eAAe,CAAC,QAAQ,CAAC,SAAS,CAAC,EAAE;gBACtC,OAAO,KAAK,CAAC;aAChB;SACJ;QACD,OAAO,IAAI,CAAC;IAChB,CAAC;IAEM,gBAAgB,CAAC,UAAmB,EAAE,OAAY;QACrD,IAAI,OAAO,CAAC,OAAO,KAAK,SAAS,EAAE;YAC/B,UAAU,CAAC,OAAO,CAAC,IAAI,CAAC,CAAC;SAC5B;aAAM;YACH,UAAU,CAAC,OAAO,CAAC,QAAQ,CAAC,OAAO,CAAC,IAAI,EAAE,EAAE,CAAC,CAAC,CAAC;SAClD;QACD,UAAU,CAAC,QAAQ,CAAC,QAAQ,CAAC,OAAO,CAAC,KAAK,EAAE,EAAE,CAAC,CAAC,CAAC;QACjD,UAAU,CAAC,MAAM,CAAC,UAAU,CAAC,OAAO,CAAC,GAAG,CAAC,CAAC,CAAC;QAC3C,UAAU,CAAC,OAAO,CAAC,OAAO,CAAC,OAAO,CAAC,CAAC;QACpC,UAAU,CAAC,OAAO,CAAC,QAAQ,CAAC,OAAO,CAAC,IAAI,EAAE,EAAE,CAAC,CAAC,CAAC;QAC/C,UAAU,CAAC,OAAO,CAAC,QAAQ,CAAC,OAAO,CAAC,IAAI,EAAE,EAAE,CAAC,CAAC,CAAC;QAC/C,UAAU,CAAC,KAAK,CAAC,OAAO,CAAC,MAAM,CAAC,CAAC;QACjC,UAAU,CAAC,OAAO,CAAC,OAAO,CAAC,EAAE,CAAC,CAAC;QAC/B,UAAU,CAAC,aAAa,CAAC,OAAO,CAAC,SAAS,CAAC,CAAC;QAC5C,UAAU,CAAC,QAAQ,CAAC,OAAO,CAAC,KAAK,CAAC,CAAC;IACvC,CAAC;IAGM,aAAa,CAAC,EAAU;QAC3B,IAAI,EAAE,CAAC,QAAQ,CAAC,GAAG,CAAC,IAAI,CAAC,EAAE,CAAC,IAAI,EAAE,IAAI,EAAE,KAAK,EAAE,IAAI,IAAI,CAAC,eAAe,CAAC,EAAE,CAAC;eACpE,EAAE,KAAK,IAAI,IAAI,EAAE,KAAK,SAAS,EAAE;YACpC,OAAO,OAAO,CAAC,MAAM,CAAC,IAAI,6BAAY,CAAC,YAAY,CAAC,CAAC,CAAC;SACzD;QACD,IACI,CAAC,IAAI,CAAC,eAAe,CAAC,QAAQ,CAAC,EAAE,CAAC;YAClC,IAAI,CAAC,eAAe,CAAC,MAAM,KAAK,CAAC,EACnC;YACE,OAAO,OAAO,CAAC,MAAM,CAAC,IAAI,8BAAa,EAAE,CAAC,CAAC;SAC9C;QACD,IAAI,CAAC,IAAI,CAAC,WAAW,CAAC,GAAG,CAAC,EAAE,CAAC,IAAI,IAAI,CAAC,WAAW,CAAC,IAAI,KAAK,CAAC,EAAE;YAC1D,OAAO,OAAO,CAAC,MAAM,CAAC,IAAI,8BAAa,EAAE,CAAC,CAAC;SAC9C;QAGD,MAAM,IAAI,GAAG,SAAS,GAAG,EAAE,CAAC;QAC5B,EAAE,CAAC,UAAU,CAAC,IAAI,CAAC,CAAC;QAEpB,IAAI,CAAC,WAAW,CAAC,MAAM,CAAC,EAAE,CAAC,CAAC;QAC5B,IAAI,CAAC,cAAc,CAAC,IAAI,CAAC,eAAe,EAAE,EAAE,CAAC,CAAC;QAC9C,OAAO,OAAO,CAAC,OAAO,CAAC,EAAE,CAAC,CAAC;IAC/B,CAAC;IAEM,cAAc,CAAC,GAAU,EAAE,EAAU;QACxC,IAAI,KAAK,GAAG,GAAG,CAAC,OAAO,CAAC,EAAE,CAAC,CAAC;QAC5B,IAAI,KAAK,GAAG,CAAC,CAAC,EAAE;YACZ,GAAG,CAAC,MAAM,CAAC,KAAK,EAAE,CAAC,CAAC,CAAC;SACxB;QACD,OAAO,GAAG,CAAC;IACf,CAAC;IAEM,YAAY;QACf,IAAI,MAAM,GAAqB,EAAE,CAAC;QAGlC,KAAK,MAAM,IAAI,IAAI,IAAI,CAAC,WAAW,CAAC,IAAI,EAAE,EAAE;YACxC,IAAI,MAAsB,CAAC;YAC3B,IAAI,IAAI,CAAC,WAAW,CAAC,GAAG,CAAC,IAAI,CAAC,CAAC,OAAO,EAAE,KAAK,mCAAkB,CAAC,OAAO,EAAE;gBACrE,MAAM,GAAG;oBACL,EAAE,EAAE,IAAI,CAAC,WAAW,CAAC,GAAG,CAAC,IAAI,CAAC,CAAC,YAAY,EAAE;oBAC7C,IAAI,EAAE,mCAAkB,CAAC,OAAO;oBAChC,OAAO,EAAE,IAAI,CAAC,WAAW,CAAC,GAAG,CAAC,IAAI,CAAC,CAAC,UAAU,EAAE;iBACnD,CAAC;aACL;YACD,IAAI,IAAI,CAAC,WAAW,CAAC,GAAG,CAAC,IAAI,CAAC,CAAC,OAAO,EAAE,KAAK,mCAAkB,CAAC,KAAK,EAAE;gBACnE,MAAM,GAAG;oBACL,EAAE,EAAE,IAAI,CAAC,WAAW,CAAC,GAAG,CAAC,IAAI,CAAC,CAAC,YAAY,EAAE;oBAC7C,IAAI,EAAE,mCAAkB,CAAC,KAAK;oBAC9B,OAAO,EAAE,IAAI,CAAC,WAAW,CAAC,GAAG,CAAC,IAAI,CAAC,CAAC,UAAU,EAAE;iBACnD,CAAC;aACL;YACD,MAAM,CAAC,IAAI,CAAC,MAAM,CAAC,CAAC;SACvB;QACD,OAAO,OAAO,CAAC,OAAO,CAAC,MAAM,CAAC,CAAC;IACnC,CAAC;IAeM,YAAY,CAAC,KAAU;QAC1B,IAAI;YACA,IAAI,SAAS,GAAmB,IAAI,+BAAc,EAAE,CAAC;YAErD,SAAS,CAAC,aAAa,CAAC,KAAK,CAAC,CAAC;YAC/B,IAAI,oBAAoB,GAAU,EAAE,CAAC;YACrC,IAAI,gBAAgB,GAAW,SAAS,CAAC,cAAc,CAAC;YACxD,IAAI,CAAC,IAAI,CAAC,WAAW,CAAC,GAAG,CAAC,gBAAgB,CAAC,EAAE;gBACzC,MAAM,IAAI,6BAAY,CAAC,iCAAiC,CAAC,CAAC;aAC7D;YACD,IAAI,OAAO,GAAY,IAAI,CAAC,WAAW,CAAC,GAAG,CAAC,gBAAgB,CAAC,CAAC;YAC9D,IAAI,kBAAkB,GAAuB,OAAO,CAAC,OAAO,EAAE,CAAC;YAC/D,IAAI,aAAa,GAAU,EAAE,CAAC;YAC9B,IAAI,kBAAkB,KAAK,mCAAkB,CAAC,OAAO,EAAE;gBACnD,IAAI,EAAE,GAAmB,IAAI,+BAAc,EAAE,CAAC;gBAC9C,KAAK,MAAM,MAAM,IAAI,OAAO,CAAC,UAAU,EAAE,CAAC,MAAM,EAAE,EAAE;oBAChD,KAAK,MAAM,OAAO,IAAI,MAAM,CAAC,WAAW,EAAE,EAAE;wBACxC,IAAI,EAAE,CAAC,kBAAkB,CAAC,OAAO,EAAE,KAAK,CAAC,KAAK,CAAC,EAAE;4BAC7C,oBAAoB,CAAC,IAAI,CAAC,OAAO,CAAC,CAAC;yBACtC;qBACJ;iBACJ;gBAED,IAAI,MAAM,CAAC,IAAI,CAAC,KAAK,CAAC,CAAC,QAAQ,CAAC,iBAAiB,CAAC,EAAE;oBAChD,IAAI,YAAY,GAA2B,mDAAwB,CAAC,WAAW,CAAC,KAAK,EAAE,SAAS,EAC5F,oBAAoB,EAAE,OAAO,CAAC,CAAC;iBACtC;gBAGD,KAAK,MAAM,aAAa,IAAI,oBAAoB,EAAE;oBAC9C,IAAI,aAAa,GAAQ,EAAE,CAAC;oBAC5B,KAAK,IAAI,MAAM,IAAI,SAAS,CAAC,UAAU,EAAE;wBACrC,IAAI,MAAM,CAAC,QAAQ,CAAC,GAAG,CAAC,EAAE;4BACtB,IAAI,YAAY,GAAG,SAAS,CAAC,UAAU,CAAC,MAAM,CAAC,CAAC;4BAChD,IAAI,MAAM,GAAG,YAAY,CAAC,CAAC,CAAC,CAAC;4BAC7B,MAAM,GAAG,YAAY,CAAC,CAAC,CAAC,CAAC;yBAC5B;wBACD,aAAa,CAAC,MAAM,CAAC,GAAG,aAAa,CAAC,MAAM,CAAC,MAAM,CAAC,CAAC;wBACrD,aAAa,CAAC,IAAI,CAAC,aAAa,CAAC,CAAC;qBACrC;iBACJ;aACJ;iBAAM,IAAI,kBAAkB,KAAK,mCAAkB,CAAC,KAAK,EAAE;gBACxD,IAAI,GAAG,GAAwB,IAAI,yCAAmB,EAAE,CAAC;gBACzD,KAAK,MAAM,QAAQ,IAAI,OAAO,CAAC,YAAY,EAAE,EAAE;oBAC3C,KAAK,MAAM,IAAI,IAAI,QAAQ,CAAC,cAAc,EAAE,EAAE;wBAC1C,IAAI,GAAG,CAAC,kBAAkB,CAAC,IAAI,EAAE,KAAK,CAAC,KAAK,CAAC,EAAE;4BAC3C,oBAAoB,CAAC,IAAI,CAAC,IAAI,CAAC,CAAC;yBACnC;qBACJ;iBACJ;gBAGD,IAAI,MAAM,CAAC,IAAI,CAAC,KAAK,CAAC,CAAC,QAAQ,CAAC,iBAAiB,CAAC,EAAE;oBAChD,IAAI,YAAY,GAA2B,mDAAwB,CAAC,WAAW,CAAC,KAAK,EAAE,SAAS,EAC5F,oBAAoB,EAAE,OAAO,CAAC,CAAC;iBACtC;gBAED,KAAK,MAAM,UAAU,IAAI,oBAAoB,EAAE;oBAC3C,IAAI,aAAa,GAAQ,EAAE,CAAC;oBAC5B,KAAK,MAAM,MAAM,IAAI,SAAS,CAAC,UAAU,EAAE;wBACvC,aAAa,CAAC,MAAM,CAAC,GAAG,UAAU,CAAC,UAAU,CAAC,MAAM,CAAC,CAAC;qBACzD;oBACD,aAAa,CAAC,IAAI,CAAC,aAAa,CAAC,CAAC;iBACrC;aACJ;YAED,IAAI,MAAM,CAAC,IAAI,CAAC,aAAa,CAAC,CAAC,MAAM,GAAG,IAAI,EAAE;gBAC1C,MAAM,IAAI,oCAAmB,CACzB,wCAAwC,CAC3C,CAAC;aACL;YAED,IAAI,MAAM,CAAC,IAAI,CAAC,KAAK,CAAC,OAAO,CAAC,CAAC,MAAM,KAAK,CAAC,EAAE;gBACzC,IAAI,OAAO,GAAG,KAAK,CAAC,OAAO,CAAC,KAAK,CAAC;gBAClC,aAAa,CAAC,IAAI,CAAC,CAAC,CAAC,EAAE,CAAC,EAAE,EAAE,CAAC,CAAC,CAAC,OAAO,CAAC,GAAG,CAAC,CAAC,OAAO,CAAC,CAAC,CAAC;aACzD;YACD,OAAO,OAAO,CAAC,OAAO,CAAC,aAAa,CAAC,CAAC;SACzC;QAAC,OAAO,GAAG,EAAE;YACV,OAAO,OAAO,CAAC,MAAM,CAAC,GAAG,CAAC,CAAC;SAC9B;IACL,CAAC;CACJ;AA9RD,gCA8RC"},"_coverageSchema":"1a1c01bbd47fc00a2c39e90264f33305004495a9","hash":"f7e78a4966849b50a9bc85d574eaa2c8add41e12","contentHash":"54aa37c20c7b49901ae1a99686c54935dc7f66e6d25cfc08d80ea9ec354ddf73"},"/Users/ashleykobayashi/Documents/2020WinterT2/CPSC310/project_team231/src/Util.js":{"path":"/Users/ashleykobayashi/Documents/2020WinterT2/CPSC310/project_team231/src/Util.js","statementMap":{"0":{"start":{"line":2,"column":0},"end":{"line":2,"column":62}},"1":{"start":{"line":5,"column":8},"end":{"line":5,"column":67}},"2":{"start":{"line":8,"column":8},"end":{"line":8,"column":68}},"3":{"start":{"line":11,"column":8},"end":{"line":11,"column":68}},"4":{"start":{"line":14,"column":8},"end":{"line":14,"column":69}},"5":{"start":{"line":17,"column":8},"end":{"line":17,"column":67}},"6":{"start":{"line":20,"column":0},"end":{"line":20,"column":22}}},"fnMap":{"0":{"name":"(anonymous_0)","decl":{"start":{"line":4,"column":4},"end":{"line":4,"column":5}},"loc":{"start":{"line":4,"column":25},"end":{"line":6,"column":5}},"line":4},"1":{"name":"(anonymous_1)","decl":{"start":{"line":7,"column":4},"end":{"line":7,"column":5}},"loc":{"start":{"line":7,"column":24},"end":{"line":9,"column":5}},"line":7},"2":{"name":"(anonymous_2)","decl":{"start":{"line":10,"column":4},"end":{"line":10,"column":5}},"loc":{"start":{"line":10,"column":24},"end":{"line":12,"column":5}},"line":10},"3":{"name":"(anonymous_3)","decl":{"start":{"line":13,"column":4},"end":{"line":13,"column":5}},"loc":{"start":{"line":13,"column":25},"end":{"line":15,"column":5}},"line":13},"4":{"name":"(anonymous_4)","decl":{"start":{"line":16,"column":4},"end":{"line":16,"column":5}},"loc":{"start":{"line":16,"column":24},"end":{"line":18,"column":5}},"line":16}},"branchMap":{},"s":{"0":1,"1":0,"2":0,"3":0,"4":0,"5":0,"6":1},"f":{"0":0,"1":0,"2":0,"3":0,"4":0},"b":{},"inputSourceMap":{"version":3,"file":"Util.js","sourceRoot":"","sources":["Util.ts"],"names":[],"mappings":";;AAGA,MAAqB,GAAG;IACb,MAAM,CAAC,KAAK,CAAC,GAAG,GAAU;QAC7B,OAAO,CAAC,GAAG,CAAC,OAAO,IAAI,IAAI,EAAE,CAAC,cAAc,EAAE,GAAG,EAAE,GAAG,GAAG,CAAC,CAAC;IAC/D,CAAC;IAEM,MAAM,CAAC,IAAI,CAAC,GAAG,GAAU;QAC5B,OAAO,CAAC,IAAI,CAAC,OAAO,IAAI,IAAI,EAAE,CAAC,cAAc,EAAE,GAAG,EAAE,GAAG,GAAG,CAAC,CAAC;IAChE,CAAC;IAEM,MAAM,CAAC,IAAI,CAAC,GAAG,GAAU;QAC5B,OAAO,CAAC,IAAI,CAAC,OAAO,IAAI,IAAI,EAAE,CAAC,cAAc,EAAE,GAAG,EAAE,GAAG,GAAG,CAAC,CAAC;IAChE,CAAC;IAEM,MAAM,CAAC,KAAK,CAAC,GAAG,GAAU;QAC7B,OAAO,CAAC,KAAK,CAAC,OAAO,IAAI,IAAI,EAAE,CAAC,cAAc,EAAE,GAAG,EAAE,GAAG,GAAG,CAAC,CAAC;IACjE,CAAC;IAEM,MAAM,CAAC,IAAI,CAAC,GAAG,GAAU;QAC5B,OAAO,CAAC,GAAG,CAAC,OAAO,IAAI,IAAI,EAAE,CAAC,cAAc,EAAE,GAAG,EAAE,GAAG,GAAG,CAAC,CAAC;IAC/D,CAAC;CACJ;AApBD,sBAoBC"},"_coverageSchema":"1a1c01bbd47fc00a2c39e90264f33305004495a9","hash":"59441196a08c6cc31d3aff51c7b50f190ee03ab2","contentHash":"c251cf4098cf27ef561731d505d78ea9254b96b6b82c203271fc6d8ee6d4a11a"},"/Users/ashleykobayashi/Documents/2020WinterT2/CPSC310/project_team231/src/dataModel/Course.js":{"path":"/Users/ashleykobayashi/Documents/2020WinterT2/CPSC310/project_team231/src/dataModel/Course.js","statementMap":{"0":{"start":{"line":2,"column":0},"end":{"line":2,"column":62}},"1":{"start":{"line":5,"column":8},"end":{"line":5,"column":27}},"2":{"start":{"line":8,"column":8},"end":{"line":8,"column":29}},"3":{"start":{"line":11,"column":0},"end":{"line":11,"column":24}}},"fnMap":{"0":{"name":"(anonymous_0)","decl":{"start":{"line":4,"column":4},"end":{"line":4,"column":5}},"loc":{"start":{"line":4,"column":18},"end":{"line":6,"column":5}},"line":4},"1":{"name":"(anonymous_1)","decl":{"start":{"line":7,"column":4},"end":{"line":7,"column":5}},"loc":{"start":{"line":7,"column":18},"end":{"line":9,"column":5}},"line":7}},"branchMap":{},"s":{"0":1,"1":0,"2":0,"3":1},"f":{"0":0,"1":0},"b":{},"inputSourceMap":{"version":3,"file":"Course.js","sourceRoot":"","sources":["Course.ts"],"names":[],"mappings":";;AAEA,MAAa,MAAM;IAGf;QACI,IAAI,CAAC,QAAQ,GAAG,EAAE,CAAC;IACvB,CAAC;IAEM,WAAW;QACd,OAAO,IAAI,CAAC,QAAQ,CAAC;IACzB,CAAC;CACJ;AAVD,wBAUC"},"_coverageSchema":"1a1c01bbd47fc00a2c39e90264f33305004495a9","hash":"86539827688554a9c3a3014219a0d932a870c37c","contentHash":"0ef0f1d528da910bf0741ae870694a1af09b434eb903b6f4ec6e7cce4207a5c2"},"/Users/ashleykobayashi/Documents/2020WinterT2/CPSC310/project_team231/src/dataModel/Section.js":{"path":"/Users/ashleykobayashi/Documents/2020WinterT2/CPSC310/project_team231/src/dataModel/Section.js","statementMap":{"0":{"start":{"line":2,"column":0},"end":{"line":2,"column":62}},"1":{"start":{"line":3,"column":25},"end":{"line":3,"column":64}},"2":{"start":{"line":6,"column":8},"end":{"line":6,"column":34}},"3":{"start":{"line":9,"column":8},"end":{"line":9,"column":25}},"4":{"start":{"line":12,"column":8},"end":{"line":12,"column":26}},"5":{"start":{"line":15,"column":8},"end":{"line":15,"column":26}},"6":{"start":{"line":18,"column":8},"end":{"line":18,"column":27}},"7":{"start":{"line":21,"column":8},"end":{"line":21,"column":26}},"8":{"start":{"line":24,"column":8},"end":{"line":24,"column":26}},"9":{"start":{"line":27,"column":8},"end":{"line":27,"column":24}},"10":{"start":{"line":30,"column":8},"end":{"line":30,"column":32}},"11":{"start":{"line":33,"column":8},"end":{"line":33,"column":27}},"12":{"start":{"line":36,"column":8},"end":{"line":36,"column":26}},"13":{"start":{"line":39,"column":8},"end":{"line":39,"column":24}},"14":{"start":{"line":42,"column":8},"end":{"line":42,"column":25}},"15":{"start":{"line":45,"column":8},"end":{"line":45,"column":25}},"16":{"start":{"line":48,"column":8},"end":{"line":48,"column":26}},"17":{"start":{"line":51,"column":8},"end":{"line":51,"column":25}},"18":{"start":{"line":54,"column":8},"end":{"line":54,"column":25}},"19":{"start":{"line":57,"column":8},"end":{"line":57,"column":23}},"20":{"start":{"line":60,"column":8},"end":{"line":60,"column":31}},"21":{"start":{"line":63,"column":8},"end":{"line":63,"column":26}},"22":{"start":{"line":66,"column":8},"end":{"line":66,"column":25}},"23":{"start":{"line":69,"column":8},"end":{"line":102,"column":9}},"24":{"start":{"line":71,"column":16},"end":{"line":71,"column":38}},"25":{"start":{"line":74,"column":16},"end":{"line":74,"column":36}},"26":{"start":{"line":77,"column":16},"end":{"line":77,"column":44}},"27":{"start":{"line":80,"column":16},"end":{"line":80,"column":39}},"28":{"start":{"line":83,"column":16},"end":{"line":83,"column":38}},"29":{"start":{"line":86,"column":16},"end":{"line":86,"column":37}},"30":{"start":{"line":89,"column":16},"end":{"line":89,"column":38}},"31":{"start":{"line":92,"column":16},"end":{"line":92,"column":38}},"32":{"start":{"line":95,"column":16},"end":{"line":95,"column":39}},"33":{"start":{"line":98,"column":16},"end":{"line":98,"column":38}},"34":{"start":{"line":101,"column":16},"end":{"line":101,"column":88}},"35":{"start":{"line":105,"column":0},"end":{"line":105,"column":26}}},"fnMap":{"0":{"name":"(anonymous_0)","decl":{"start":{"line":5,"column":4},"end":{"line":5,"column":5}},"loc":{"start":{"line":5,"column":18},"end":{"line":7,"column":5}},"line":5},"1":{"name":"(anonymous_1)","decl":{"start":{"line":8,"column":4},"end":{"line":8,"column":5}},"loc":{"start":{"line":8,"column":18},"end":{"line":10,"column":5}},"line":8},"2":{"name":"(anonymous_2)","decl":{"start":{"line":11,"column":4},"end":{"line":11,"column":5}},"loc":{"start":{"line":11,"column":19},"end":{"line":13,"column":5}},"line":11},"3":{"name":"(anonymous_3)","decl":{"start":{"line":14,"column":4},"end":{"line":14,"column":5}},"loc":{"start":{"line":14,"column":19},"end":{"line":16,"column":5}},"line":14},"4":{"name":"(anonymous_4)","decl":{"start":{"line":17,"column":4},"end":{"line":17,"column":5}},"loc":{"start":{"line":17,"column":20},"end":{"line":19,"column":5}},"line":17},"5":{"name":"(anonymous_5)","decl":{"start":{"line":20,"column":4},"end":{"line":20,"column":5}},"loc":{"start":{"line":20,"column":19},"end":{"line":22,"column":5}},"line":20},"6":{"name":"(anonymous_6)","decl":{"start":{"line":23,"column":4},"end":{"line":23,"column":5}},"loc":{"start":{"line":23,"column":19},"end":{"line":25,"column":5}},"line":23},"7":{"name":"(anonymous_7)","decl":{"start":{"line":26,"column":4},"end":{"line":26,"column":5}},"loc":{"start":{"line":26,"column":17},"end":{"line":28,"column":5}},"line":26},"8":{"name":"(anonymous_8)","decl":{"start":{"line":29,"column":4},"end":{"line":29,"column":5}},"loc":{"start":{"line":29,"column":25},"end":{"line":31,"column":5}},"line":29},"9":{"name":"(anonymous_9)","decl":{"start":{"line":32,"column":4},"end":{"line":32,"column":5}},"loc":{"start":{"line":32,"column":20},"end":{"line":34,"column":5}},"line":32},"10":{"name":"(anonymous_10)","decl":{"start":{"line":35,"column":4},"end":{"line":35,"column":5}},"loc":{"start":{"line":35,"column":19},"end":{"line":37,"column":5}},"line":35},"11":{"name":"(anonymous_11)","decl":{"start":{"line":38,"column":4},"end":{"line":38,"column":5}},"loc":{"start":{"line":38,"column":13},"end":{"line":40,"column":5}},"line":38},"12":{"name":"(anonymous_12)","decl":{"start":{"line":41,"column":4},"end":{"line":41,"column":5}},"loc":{"start":{"line":41,"column":14},"end":{"line":43,"column":5}},"line":41},"13":{"name":"(anonymous_13)","decl":{"start":{"line":44,"column":4},"end":{"line":44,"column":5}},"loc":{"start":{"line":44,"column":14},"end":{"line":46,"column":5}},"line":44},"14":{"name":"(anonymous_14)","decl":{"start":{"line":47,"column":4},"end":{"line":47,"column":5}},"loc":{"start":{"line":47,"column":15},"end":{"line":49,"column":5}},"line":47},"15":{"name":"(anonymous_15)","decl":{"start":{"line":50,"column":4},"end":{"line":50,"column":5}},"loc":{"start":{"line":50,"column":14},"end":{"line":52,"column":5}},"line":50},"16":{"name":"(anonymous_16)","decl":{"start":{"line":53,"column":4},"end":{"line":53,"column":5}},"loc":{"start":{"line":53,"column":14},"end":{"line":55,"column":5}},"line":53},"17":{"name":"(anonymous_17)","decl":{"start":{"line":56,"column":4},"end":{"line":56,"column":5}},"loc":{"start":{"line":56,"column":12},"end":{"line":58,"column":5}},"line":56},"18":{"name":"(anonymous_18)","decl":{"start":{"line":59,"column":4},"end":{"line":59,"column":5}},"loc":{"start":{"line":59,"column":20},"end":{"line":61,"column":5}},"line":59},"19":{"name":"(anonymous_19)","decl":{"start":{"line":62,"column":4},"end":{"line":62,"column":5}},"loc":{"start":{"line":62,"column":15},"end":{"line":64,"column":5}},"line":62},"20":{"name":"(anonymous_20)","decl":{"start":{"line":65,"column":4},"end":{"line":65,"column":5}},"loc":{"start":{"line":65,"column":14},"end":{"line":67,"column":5}},"line":65},"21":{"name":"(anonymous_21)","decl":{"start":{"line":68,"column":4},"end":{"line":68,"column":5}},"loc":{"start":{"line":68,"column":16},"end":{"line":103,"column":5}},"line":68}},"branchMap":{"0":{"loc":{"start":{"line":69,"column":8},"end":{"line":102,"column":9}},"type":"switch","locations":[{"start":{"line":70,"column":12},"end":{"line":72,"column":13}},{"start":{"line":73,"column":12},"end":{"line":75,"column":13}},{"start":{"line":76,"column":12},"end":{"line":78,"column":13}},{"start":{"line":79,"column":12},"end":{"line":81,"column":13}},{"start":{"line":82,"column":12},"end":{"line":84,"column":13}},{"start":{"line":85,"column":12},"end":{"line":87,"column":13}},{"start":{"line":88,"column":12},"end":{"line":90,"column":13}},{"start":{"line":91,"column":12},"end":{"line":93,"column":13}},{"start":{"line":94,"column":12},"end":{"line":96,"column":13}},{"start":{"line":97,"column":12},"end":{"line":99,"column":13}},{"start":{"line":100,"column":12},"end":{"line":101,"column":88}}],"line":69}},"s":{"0":1,"1":1,"2":0,"3":0,"4":0,"5":0,"6":0,"7":0,"8":0,"9":0,"10":0,"11":0,"12":0,"13":0,"14":0,"15":0,"16":0,"17":0,"18":0,"19":0,"20":0,"21":0,"22":0,"23":0,"24":0,"25":0,"26":0,"27":0,"28":0,"29":0,"30":0,"31":0,"32":0,"33":0,"34":0,"35":1},"f":{"0":0,"1":0,"2":0,"3":0,"4":0,"5":0,"6":0,"7":0,"8":0,"9":0,"10":0,"11":0,"12":0,"13":0,"14":0,"15":0,"16":0,"17":0,"18":0,"19":0,"20":0,"21":0},"b":{"0":[0,0,0,0,0,0,0,0,0,0,0]},"inputSourceMap":{"version":3,"file":"Section.js","sourceRoot":"","sources":["Section.ts"],"names":[],"mappings":";;AAAA,iEAA4D;AAE5D,MAAa,OAAO;IAApB;QAaW,oBAAe,GAAQ,EAAE,CAAE;IAyHtC,CAAC;IAvHU,MAAM,CAAC,KAAa;QACvB,IAAI,CAAC,GAAG,GAAG,KAAK,CAAC;IACrB,CAAC;IAEM,OAAO,CAAC,KAAa;QACxB,IAAI,CAAC,IAAI,GAAG,KAAK,CAAC;IACtB,CAAC;IAEM,OAAO,CAAC,KAAa;QACxB,IAAI,CAAC,IAAI,GAAG,KAAK,CAAC;IACtB,CAAC;IAEM,QAAQ,CAAC,KAAa;QACzB,IAAI,CAAC,KAAK,GAAG,KAAK,CAAC;IACvB,CAAC;IAEM,OAAO,CAAC,KAAa;QACxB,IAAI,CAAC,IAAI,GAAG,KAAK,CAAC;IACtB,CAAC;IAEM,OAAO,CAAC,KAAa;QACxB,IAAI,CAAC,IAAI,GAAG,KAAK,CAAC;IACtB,CAAC;IAEM,KAAK,CAAC,KAAa;QACtB,IAAI,CAAC,EAAE,GAAG,KAAK,CAAC;IACpB,CAAC;IAEM,aAAa,CAAC,KAAa;QAC9B,IAAI,CAAC,UAAU,GAAG,KAAK,CAAC;IAC5B,CAAC;IAEM,QAAQ,CAAC,KAAa;QACzB,IAAI,CAAC,KAAK,GAAG,KAAK,CAAC;IACvB,CAAC;IAEM,OAAO,CAAC,KAAa;QACxB,IAAI,CAAC,IAAI,GAAG,KAAK,CAAC;IACtB,CAAC;IAEM,MAAM;QACT,OAAO,IAAI,CAAC,GAAG,CAAC;IACpB,CAAC;IAEM,OAAO;QACV,OAAO,IAAI,CAAC,IAAI,CAAC;IACrB,CAAC;IAEM,OAAO;QACV,OAAO,IAAI,CAAC,IAAI,CAAC;IACrB,CAAC;IAEM,QAAQ;QACX,OAAO,IAAI,CAAC,KAAK,CAAC;IACtB,CAAC;IAEM,OAAO;QACV,OAAO,IAAI,CAAC,IAAI,CAAC;IACrB,CAAC;IAEM,OAAO;QACV,OAAO,IAAI,CAAC,IAAI,CAAC;IACrB,CAAC;IAEM,KAAK;QACR,OAAO,IAAI,CAAC,EAAE,CAAC;IACnB,CAAC;IAEM,aAAa;QAChB,OAAO,IAAI,CAAC,UAAU,CAAC;IAC3B,CAAC;IAEM,QAAQ;QACX,OAAO,IAAI,CAAC,KAAK,CAAC;IACtB,CAAC;IAEM,OAAO;QACV,OAAO,IAAI,CAAC,IAAI,CAAC;IACrB,CAAC;IAGM,MAAM,CAAC,GAAW;QACrB,QAAQ,GAAG,EAAE;YACT,KAAK,MAAM,CAAC,CAAC;gBACT,OAAO,IAAI,CAAC,OAAO,EAAE,CAAC;aACzB;YACD,KAAK,IAAI,CAAC,CAAC;gBACP,OAAO,IAAI,CAAC,KAAK,EAAE,CAAC;aACvB;YACD,KAAK,YAAY,CAAC,CAAC;gBACf,OAAO,IAAI,CAAC,aAAa,EAAE,CAAC;aAC/B;YACD,KAAK,OAAO,CAAC,CAAC;gBACV,OAAO,IAAI,CAAC,QAAQ,EAAE,CAAC;aAC1B;YACD,KAAK,MAAM,CAAC,CAAC;gBACT,OAAO,IAAI,CAAC,OAAO,EAAE,CAAC;aACzB;YACD,KAAK,KAAK,CAAC,CAAC;gBACR,OAAO,IAAI,CAAC,MAAM,EAAE,CAAC;aACxB;YACD,KAAK,MAAM,CAAC,CAAC;gBACT,OAAO,IAAI,CAAC,OAAO,EAAE,CAAC;aACzB;YACD,KAAK,MAAM,CAAC,CAAC;gBACT,OAAO,IAAI,CAAC,OAAO,EAAE,CAAC;aACzB;YACD,KAAK,OAAO,CAAC,CAAC;gBACV,OAAO,IAAI,CAAC,QAAQ,EAAE,CAAC;aAC1B;YACD,KAAK,MAAM,CAAC,CAAC;gBACT,OAAO,IAAI,CAAC,OAAO,EAAE,CAAC;aACzB;YAED;gBAEI,MAAM,IAAI,6BAAY,CAAC,8BAA8B,CAAC,CAAC;SAC9D;IACL,CAAC;CACJ;AAtID,0BAsIC"},"_coverageSchema":"1a1c01bbd47fc00a2c39e90264f33305004495a9","hash":"d7bdc7753434d6741e1230ef690df01945ab0e6c","contentHash":"eb3b0338018b5dd07b5bf37e9f1a5dbeceb0a38ce9ffe8f336ba60900bb928f9"},"/Users/ashleykobayashi/Documents/2020WinterT2/CPSC310/project_team231/src/queryModel/QueryValidator.js":{"path":"/Users/ashleykobayashi/Documents/2020WinterT2/CPSC310/project_team231/src/queryModel/QueryValidator.js","statementMap":{"0":{"start":{"line":2,"column":0},"end":{"line":2,"column":62}},"1":{"start":{"line":3,"column":25},"end":{"line":3,"column":64}},"2":{"start":{"line":4,"column":27},"end":{"line":4,"column":56}},"3":{"start":{"line":5,"column":25},"end":{"line":5,"column":52}},"4":{"start":{"line":6,"column":35},"end":{"line":6,"column":72}},"5":{"start":{"line":9,"column":8},"end":{"line":9,"column":29}},"6":{"start":{"line":12,"column":8},"end":{"line":14,"column":9}},"7":{"start":{"line":13,"column":12},"end":{"line":13,"column":70}},"8":{"start":{"line":15,"column":8},"end":{"line":18,"column":9}},"9":{"start":{"line":17,"column":12},"end":{"line":17,"column":94}},"10":{"start":{"line":19,"column":8},"end":{"line":22,"column":9}},"11":{"start":{"line":21,"column":12},"end":{"line":21,"column":96}},"12":{"start":{"line":23,"column":8},"end":{"line":25,"column":9}},"13":{"start":{"line":24,"column":12},"end":{"line":24,"column":102}},"14":{"start":{"line":26,"column":8},"end":{"line":26,"column":62}},"15":{"start":{"line":27,"column":31},"end":{"line":27,"column":72}},"16":{"start":{"line":28,"column":29},"end":{"line":28,"column":66}},"17":{"start":{"line":29,"column":8},"end":{"line":29,"column":54}},"18":{"start":{"line":30,"column":8},"end":{"line":30,"column":50}},"19":{"start":{"line":31,"column":8},"end":{"line":33,"column":9}},"20":{"start":{"line":32,"column":12},"end":{"line":32,"column":95}},"21":{"start":{"line":36,"column":8},"end":{"line":38,"column":9}},"22":{"start":{"line":37,"column":12},"end":{"line":37,"column":89}},"23":{"start":{"line":39,"column":8},"end":{"line":41,"column":9}},"24":{"start":{"line":40,"column":12},"end":{"line":40,"column":91}},"25":{"start":{"line":42,"column":8},"end":{"line":46,"column":9}},"26":{"start":{"line":43,"column":12},"end":{"line":45,"column":13}},"27":{"start":{"line":44,"column":16},"end":{"line":44,"column":111}},"28":{"start":{"line":49,"column":8},"end":{"line":49,"column":32}},"29":{"start":{"line":52,"column":8},"end":{"line":54,"column":9}},"30":{"start":{"line":53,"column":12},"end":{"line":53,"column":25}},"31":{"start":{"line":55,"column":8},"end":{"line":57,"column":9}},"32":{"start":{"line":56,"column":12},"end":{"line":56,"column":25}},"33":{"start":{"line":58,"column":8},"end":{"line":60,"column":9}},"34":{"start":{"line":59,"column":12},"end":{"line":59,"column":25}},"35":{"start":{"line":61,"column":8},"end":{"line":61,"column":20}},"36":{"start":{"line":64,"column":8},"end":{"line":81,"column":9}},"37":{"start":{"line":65,"column":12},"end":{"line":67,"column":13}},"38":{"start":{"line":66,"column":16},"end":{"line":66,"column":28}},"39":{"start":{"line":69,"column":13},"end":{"line":81,"column":9}},"40":{"start":{"line":70,"column":12},"end":{"line":72,"column":13}},"41":{"start":{"line":71,"column":16},"end":{"line":71,"column":28}},"42":{"start":{"line":74,"column":13},"end":{"line":81,"column":9}},"43":{"start":{"line":75,"column":12},"end":{"line":77,"column":13}},"44":{"start":{"line":76,"column":16},"end":{"line":76,"column":28}},"45":{"start":{"line":80,"column":12},"end":{"line":80,"column":25}},"46":{"start":{"line":84,"column":8},"end":{"line":86,"column":9}},"47":{"start":{"line":85,"column":12},"end":{"line":85,"column":24}},"48":{"start":{"line":87,"column":8},"end":{"line":89,"column":9}},"49":{"start":{"line":88,"column":12},"end":{"line":88,"column":24}},"50":{"start":{"line":90,"column":8},"end":{"line":90,"column":21}},"51":{"start":{"line":93,"column":8},"end":{"line":93,"column":60}},"52":{"start":{"line":96,"column":0},"end":{"line":96,"column":40}},"53":{"start":{"line":97,"column":0},"end":{"line":98,"column":87}},"54":{"start":{"line":99,"column":0},"end":{"line":99,"column":89}},"55":{"start":{"line":100,"column":0},"end":{"line":100,"column":73}},"56":{"start":{"line":101,"column":0},"end":{"line":101,"column":44}},"57":{"start":{"line":102,"column":0},"end":{"line":102,"column":52}},"58":{"start":{"line":103,"column":0},"end":{"line":103,"column":40}},"59":{"start":{"line":104,"column":0},"end":{"line":104,"column":67}}},"fnMap":{"0":{"name":"(anonymous_0)","decl":{"start":{"line":8,"column":4},"end":{"line":8,"column":5}},"loc":{"start":{"line":8,"column":18},"end":{"line":10,"column":5}},"line":8},"1":{"name":"(anonymous_1)","decl":{"start":{"line":11,"column":4},"end":{"line":11,"column":5}},"loc":{"start":{"line":11,"column":25},"end":{"line":34,"column":5}},"line":11},"2":{"name":"(anonymous_2)","decl":{"start":{"line":35,"column":4},"end":{"line":35,"column":5}},"loc":{"start":{"line":35,"column":53},"end":{"line":47,"column":5}},"line":35},"3":{"name":"(anonymous_3)","decl":{"start":{"line":48,"column":4},"end":{"line":48,"column":5}},"loc":{"start":{"line":48,"column":22},"end":{"line":50,"column":5}},"line":48},"4":{"name":"(anonymous_4)","decl":{"start":{"line":51,"column":4},"end":{"line":51,"column":5}},"loc":{"start":{"line":51,"column":34},"end":{"line":62,"column":5}},"line":51},"5":{"name":"(anonymous_5)","decl":{"start":{"line":63,"column":4},"end":{"line":63,"column":5}},"loc":{"start":{"line":63,"column":35},"end":{"line":82,"column":5}},"line":63},"6":{"name":"(anonymous_6)","decl":{"start":{"line":83,"column":4},"end":{"line":83,"column":5}},"loc":{"start":{"line":83,"column":25},"end":{"line":91,"column":5}},"line":83},"7":{"name":"(anonymous_7)","decl":{"start":{"line":92,"column":4},"end":{"line":92,"column":5}},"loc":{"start":{"line":92,"column":36},"end":{"line":94,"column":5}},"line":92}},"branchMap":{"0":{"loc":{"start":{"line":12,"column":8},"end":{"line":14,"column":9}},"type":"if","locations":[{"start":{"line":12,"column":8},"end":{"line":14,"column":9}},{"start":{"line":12,"column":8},"end":{"line":14,"column":9}}],"line":12},"1":{"loc":{"start":{"line":15,"column":8},"end":{"line":18,"column":9}},"type":"if","locations":[{"start":{"line":15,"column":8},"end":{"line":18,"column":9}},{"start":{"line":15,"column":8},"end":{"line":18,"column":9}}],"line":15},"2":{"loc":{"start":{"line":15,"column":12},"end":{"line":16,"column":50}},"type":"binary-expr","locations":[{"start":{"line":15,"column":12},"end":{"line":15,"column":45}},{"start":{"line":16,"column":12},"end":{"line":16,"column":50}}],"line":15},"3":{"loc":{"start":{"line":19,"column":8},"end":{"line":22,"column":9}},"type":"if","locations":[{"start":{"line":19,"column":8},"end":{"line":22,"column":9}},{"start":{"line":19,"column":8},"end":{"line":22,"column":9}}],"line":19},"4":{"loc":{"start":{"line":19,"column":12},"end":{"line":20,"column":52}},"type":"binary-expr","locations":[{"start":{"line":19,"column":12},"end":{"line":19,"column":47}},{"start":{"line":20,"column":12},"end":{"line":20,"column":52}}],"line":19},"5":{"loc":{"start":{"line":23,"column":8},"end":{"line":25,"column":9}},"type":"if","locations":[{"start":{"line":23,"column":8},"end":{"line":25,"column":9}},{"start":{"line":23,"column":8},"end":{"line":25,"column":9}}],"line":23},"6":{"loc":{"start":{"line":23,"column":12},"end":{"line":23,"column":74}},"type":"binary-expr","locations":[{"start":{"line":23,"column":12},"end":{"line":23,"column":41}},{"start":{"line":23,"column":45},"end":{"line":23,"column":74}}],"line":23},"7":{"loc":{"start":{"line":31,"column":8},"end":{"line":33,"column":9}},"type":"if","locations":[{"start":{"line":31,"column":8},"end":{"line":33,"column":9}},{"start":{"line":31,"column":8},"end":{"line":33,"column":9}}],"line":31},"8":{"loc":{"start":{"line":36,"column":8},"end":{"line":38,"column":9}},"type":"if","locations":[{"start":{"line":36,"column":8},"end":{"line":38,"column":9}},{"start":{"line":36,"column":8},"end":{"line":38,"column":9}}],"line":36},"9":{"loc":{"start":{"line":39,"column":8},"end":{"line":41,"column":9}},"type":"if","locations":[{"start":{"line":39,"column":8},"end":{"line":41,"column":9}},{"start":{"line":39,"column":8},"end":{"line":41,"column":9}}],"line":39},"10":{"loc":{"start":{"line":42,"column":8},"end":{"line":46,"column":9}},"type":"if","locations":[{"start":{"line":42,"column":8},"end":{"line":46,"column":9}},{"start":{"line":42,"column":8},"end":{"line":46,"column":9}}],"line":42},"11":{"loc":{"start":{"line":43,"column":12},"end":{"line":45,"column":13}},"type":"if","locations":[{"start":{"line":43,"column":12},"end":{"line":45,"column":13}},{"start":{"line":43,"column":12},"end":{"line":45,"column":13}}],"line":43},"12":{"loc":{"start":{"line":52,"column":8},"end":{"line":54,"column":9}},"type":"if","locations":[{"start":{"line":52,"column":8},"end":{"line":54,"column":9}},{"start":{"line":52,"column":8},"end":{"line":54,"column":9}}],"line":52},"13":{"loc":{"start":{"line":52,"column":12},"end":{"line":52,"column":43}},"type":"binary-expr","locations":[{"start":{"line":52,"column":12},"end":{"line":52,"column":23}},{"start":{"line":52,"column":27},"end":{"line":52,"column":43}}],"line":52},"14":{"loc":{"start":{"line":55,"column":8},"end":{"line":57,"column":9}},"type":"if","locations":[{"start":{"line":55,"column":8},"end":{"line":57,"column":9}},{"start":{"line":55,"column":8},"end":{"line":57,"column":9}}],"line":55},"15":{"loc":{"start":{"line":58,"column":8},"end":{"line":60,"column":9}},"type":"if","locations":[{"start":{"line":58,"column":8},"end":{"line":60,"column":9}},{"start":{"line":58,"column":8},"end":{"line":60,"column":9}}],"line":58},"16":{"loc":{"start":{"line":64,"column":8},"end":{"line":81,"column":9}},"type":"if","locations":[{"start":{"line":64,"column":8},"end":{"line":81,"column":9}},{"start":{"line":64,"column":8},"end":{"line":81,"column":9}}],"line":64},"17":{"loc":{"start":{"line":65,"column":12},"end":{"line":67,"column":13}},"type":"if","locations":[{"start":{"line":65,"column":12},"end":{"line":67,"column":13}},{"start":{"line":65,"column":12},"end":{"line":67,"column":13}}],"line":65},"18":{"loc":{"start":{"line":65,"column":16},"end":{"line":65,"column":96}},"type":"binary-expr","locations":[{"start":{"line":65,"column":16},"end":{"line":65,"column":54}},{"start":{"line":65,"column":58},"end":{"line":65,"column":96}}],"line":65},"19":{"loc":{"start":{"line":69,"column":13},"end":{"line":81,"column":9}},"type":"if","locations":[{"start":{"line":69,"column":13},"end":{"line":81,"column":9}},{"start":{"line":69,"column":13},"end":{"line":81,"column":9}}],"line":69},"20":{"loc":{"start":{"line":70,"column":12},"end":{"line":72,"column":13}},"type":"if","locations":[{"start":{"line":70,"column":12},"end":{"line":72,"column":13}},{"start":{"line":70,"column":12},"end":{"line":72,"column":13}}],"line":70},"21":{"loc":{"start":{"line":74,"column":13},"end":{"line":81,"column":9}},"type":"if","locations":[{"start":{"line":74,"column":13},"end":{"line":81,"column":9}},{"start":{"line":74,"column":13},"end":{"line":81,"column":9}}],"line":74},"22":{"loc":{"start":{"line":75,"column":12},"end":{"line":77,"column":13}},"type":"if","locations":[{"start":{"line":75,"column":12},"end":{"line":77,"column":13}},{"start":{"line":75,"column":12},"end":{"line":77,"column":13}}],"line":75},"23":{"loc":{"start":{"line":84,"column":8},"end":{"line":86,"column":9}},"type":"if","locations":[{"start":{"line":84,"column":8},"end":{"line":86,"column":9}},{"start":{"line":84,"column":8},"end":{"line":86,"column":9}}],"line":84},"24":{"loc":{"start":{"line":87,"column":8},"end":{"line":89,"column":9}},"type":"if","locations":[{"start":{"line":87,"column":8},"end":{"line":89,"column":9}},{"start":{"line":87,"column":8},"end":{"line":89,"column":9}}],"line":87}},"s":{"0":1,"1":1,"2":1,"3":1,"4":1,"5":0,"6":0,"7":0,"8":0,"9":0,"10":0,"11":0,"12":0,"13":0,"14":0,"15":0,"16":0,"17":0,"18":0,"19":0,"20":0,"21":0,"22":0,"23":0,"24":0,"25":0,"26":0,"27":0,"28":0,"29":0,"30":0,"31":0,"32":0,"33":0,"34":0,"35":0,"36":0,"37":0,"38":0,"39":0,"40":0,"41":0,"42":0,"43":0,"44":0,"45":0,"46":0,"47":0,"48":0,"49":0,"50":0,"51":0,"52":1,"53":1,"54":1,"55":1,"56":1,"57":1,"58":1,"59":1},"f":{"0":0,"1":0,"2":0,"3":0,"4":0,"5":0,"6":0,"7":0},"b":{"0":[0,0],"1":[0,0],"2":[0,0],"3":[0,0],"4":[0,0],"5":[0,0],"6":[0,0],"7":[0,0],"8":[0,0],"9":[0,0],"10":[0,0],"11":[0,0],"12":[0,0],"13":[0,0],"14":[0,0],"15":[0,0],"16":[0,0],"17":[0,0],"18":[0,0],"19":[0,0],"20":[0,0],"21":[0,0],"22":[0,0],"23":[0,0],"24":[0,0]},"inputSourceMap":{"version":3,"file":"QueryValidator.js","sourceRoot":"","sources":["QueryValidator.ts"],"names":[],"mappings":";;AAAA,iEAA4D;AAC5D,yDAAsD;AACtD,qDAAkD;AAClD,yEAAoE;AACpE,MAAa,cAAc;IAA3B;QAYW,eAAU,GAAa,EAAE,CAAC;IA4GrC,CAAC;IAzGU,aAAa,CAAC,KAAU;QAC3B,IAAI,MAAM,CAAC,IAAI,CAAC,KAAK,CAAC,CAAC,MAAM,KAAK,CAAC,EAAE;YACjC,MAAM,IAAI,6BAAY,CAAC,gBAAgB,CAAC,CAAC;SAC5C;QACD,IACI,MAAM,CAAC,IAAI,CAAC,KAAK,CAAC,CAAC,QAAQ,CAAC,IAAI,CAAC;YACjC,MAAM,CAAC,IAAI,CAAC,KAAK,CAAC,CAAC,QAAQ,CAAC,SAAS,CAAC,EACxC;YACE,MAAM,IAAI,6BAAY,CAAC,wCAAwC,CAAC,CAAC;SACpE;QACD,IACI,MAAM,CAAC,MAAM,CAAC,KAAK,CAAC,CAAC,QAAQ,CAAC,IAAI,CAAC;YACnC,MAAM,CAAC,MAAM,CAAC,KAAK,CAAC,CAAC,QAAQ,CAAC,SAAS,CAAC,EAC1C;YACE,MAAM,IAAI,6BAAY,CAAC,0CAA0C,CAAC,CAAC;SACtE;QAED,IAAI,MAAM,CAAC,IAAI,CAAC,KAAK,CAAC,CAAC,MAAM,GAAG,CAAC,IAAI,MAAM,CAAC,IAAI,CAAC,KAAK,CAAC,CAAC,MAAM,GAAG,CAAC,EAAE;YAChE,MAAM,IAAI,6BAAY,CAClB,gDAAgD,CACnD,CAAC;SACL;QAED,IAAI,CAAC,yCAAyC,CAAC,KAAK,CAAC,CAAC;QACtD,IAAI,gBAAgB,GAAqB,IAAI,mCAAgB,EAAE,CAAC;QAChE,IAAI,cAAc,GAAmB,IAAI,+BAAc,EAAE,CAAC;QAC1D,gBAAgB,CAAC,eAAe,CAAC,KAAK,EAAE,IAAI,CAAC,CAAC;QAC9C,cAAc,CAAC,aAAa,CAAC,KAAK,EAAE,IAAI,CAAC,CAAC;QAC1C,IAAI,MAAM,CAAC,IAAI,CAAC,KAAK,CAAC,CAAC,MAAM,KAAK,CAAC,EAAE;YACjC,mDAAwB,CAAC,uBAAuB,CAAC,KAAK,CAAC,CAAC;SAC3D;IACL,CAAC;IAIM,yCAAyC,CAAC,KAAU;QACvD,IAAI,CAAC,MAAM,CAAC,IAAI,CAAC,KAAK,CAAC,CAAC,QAAQ,CAAC,OAAO,CAAC,EAAE;YACvC,MAAM,IAAI,6BAAY,CAAC,mCAAmC,CAAC,CAAC;SAC/D;QACD,IAAI,CAAC,MAAM,CAAC,IAAI,CAAC,KAAK,CAAC,CAAC,QAAQ,CAAC,SAAS,CAAC,EAAE;YACzC,MAAM,IAAI,6BAAY,CAAC,qCAAqC,CAAC,CAAC;SACjE;QACD,IAAI,MAAM,CAAC,IAAI,CAAC,KAAK,CAAC,CAAC,MAAM,KAAK,CAAC,EAAE;YACjC,IAAI,CAAC,MAAM,CAAC,IAAI,CAAC,KAAK,CAAC,CAAC,QAAQ,CAAC,iBAAiB,CAAC,EAAE;gBACjD,MAAM,IAAI,6BAAY,CAAC,qDAAqD,CAAC,CAAC;aACjF;SACJ;IASL,CAAC;IAEM,UAAU,CAAC,KAAa;QAC3B,OAAO,KAAK,CAAC,KAAK,CAAC,GAAG,CAAC,CAAC;IAC5B,CAAC;IAEM,yBAAyB,CAAC,EAAU;QACvC,IAAI,EAAE,KAAK,IAAI,IAAI,EAAE,KAAK,SAAS,EAAE;YAClC,OAAO,KAAK,CAAC;SACf;QACD,IAAI,EAAE,CAAC,MAAM,GAAG,CAAC,EAAE;YACf,OAAO,KAAK,CAAC;SAChB;QACD,IAAI,EAAE,CAAC,QAAQ,CAAC,GAAG,CAAC,EAAE;YAClB,OAAO,KAAK,CAAC;SAChB;QACD,OAAO,IAAI,CAAC;IAChB,CAAC;IAEM,YAAY,CAAC,KAAa,EAAE,SAAiB;QAChD,IAAI,SAAS,KAAK,KAAK,EAAE;YACrB,IAAI,cAAc,CAAC,OAAO,CAAC,QAAQ,CAAC,KAAK,CAAC,IAAI,cAAc,CAAC,OAAO,CAAC,QAAQ,CAAC,KAAK,CAAC,EAAE;gBAClF,OAAO,IAAI,CAAC;aACf;SACJ;aAAM,IAAI,SAAS,KAAK,QAAQ,EAAE;YAC/B,IAAI,cAAc,CAAC,OAAO,CAAC,QAAQ,CAAC,KAAK,CAAC,EAAE;gBACxC,OAAO,IAAI,CAAC;aACf;SACJ;aAAM,IAAI,SAAS,KAAK,QAAQ,EAAE;YAC/B,IAAI,cAAc,CAAC,OAAO,CAAC,QAAQ,CAAC,KAAK,CAAC,EAAE;gBACxC,OAAO,IAAI,CAAC;aACf;SACJ;aAAM;YACH,OAAO,KAAK,CAAC;SAChB;IACL,CAAC;IAEM,aAAa,CAAC,KAAa;QAC9B,IAAI,IAAI,CAAC,YAAY,CAAC,KAAK,EAAE,KAAK,CAAC,EAAE;YACjC,OAAO,IAAI,CAAC;SACf;QACD,IAAI,IAAI,CAAC,yBAAyB,CAAC,KAAK,CAAC,EAAE;YACvC,OAAO,IAAI,CAAC;SACf;QACD,OAAO,KAAK,CAAC;IACjB,CAAC;IAEM,MAAM,CAAC,iBAAiB,CAAC,KAAa;QACzC,OAAO,CAAC,cAAc,CAAC,WAAW,CAAC,QAAQ,CAAC,KAAK,CAAC,CAAC,CAAC;IACxD,CAAC;;AAvHL,wCAwHC;AAtHkB,sBAAO,GAAa,CAAC,MAAM,EAAE,IAAI,EAAE,YAAY,EAAE,OAAO,EAAE,MAAM;IAC3E,UAAU,EAAE,WAAW,EAAE,QAAQ,EAAE,MAAM,EAAE,SAAS,EAAE,MAAM,EAAE,WAAW,EAAE,MAAM,CAAC,CAAC;AAEzE,sBAAO,GAAa,CAAC,KAAK,EAAE,MAAM,EAAE,MAAM,EAAE,OAAO,EAAE,MAAM,EAAE,KAAK,EAAE,KAAK,EAAE,OAAO,CAAC,CAAC;AACpF,yBAAU,GAAa,CAAC,IAAI,EAAE,IAAI,EAAE,IAAI,EAAE,IAAI,EAAE,KAAK,EAAE,IAAI,EAAE,KAAK,CAAC,CAAC;AACpE,2BAAY,GAAa,CAAC,KAAK,EAAE,IAAI,CAAC,CAAC;AACvC,8BAAe,GAAa,CAAC,IAAI,EAAE,IAAI,EAAE,IAAI,CAAC,CAAC;AAC/C,8BAAe,GAAa,CAAC,IAAI,CAAC,CAAC;AACnC,0BAAW,GAAa,CAAC,KAAK,EAAE,KAAK,EAAE,KAAK,EAAE,OAAO,EAAE,KAAK,CAAC,CAAC"},"_coverageSchema":"1a1c01bbd47fc00a2c39e90264f33305004495a9","hash":"26319797846f16b26e1a0b791a875440116fbba3","contentHash":"917610423e512165ea4ebb0586094dd9500a32d44c96509c003a4c9af139b3d9"},"/Users/ashleykobayashi/Documents/2020WinterT2/CPSC310/project_team231/src/queryModel/OptionsValidator.js":{"path":"/Users/ashleykobayashi/Documents/2020WinterT2/CPSC310/project_team231/src/queryModel/OptionsValidator.js","statementMap":{"0":{"start":{"line":2,"column":0},"end":{"line":2,"column":62}},"1":{"start":{"line":3,"column":25},"end":{"line":3,"column":64}},"2":{"start":{"line":6,"column":8},"end":{"line":8,"column":9}},"3":{"start":{"line":7,"column":12},"end":{"line":7,"column":88}},"4":{"start":{"line":9,"column":8},"end":{"line":12,"column":9}},"5":{"start":{"line":11,"column":12},"end":{"line":11,"column":96}},"6":{"start":{"line":13,"column":8},"end":{"line":16,"column":9}},"7":{"start":{"line":15,"column":12},"end":{"line":15,"column":98}},"8":{"start":{"line":17,"column":8},"end":{"line":19,"column":9}},"9":{"start":{"line":18,"column":12},"end":{"line":18,"column":92}},"10":{"start":{"line":20,"column":8},"end":{"line":32,"column":9}},"11":{"start":{"line":21,"column":12},"end":{"line":26,"column":13}},"12":{"start":{"line":22,"column":16},"end":{"line":22,"column":88}},"13":{"start":{"line":25,"column":16},"end":{"line":25,"column":60}},"14":{"start":{"line":28,"column":13},"end":{"line":32,"column":9}},"15":{"start":{"line":29,"column":12},"end":{"line":29,"column":47}},"16":{"start":{"line":30,"column":12},"end":{"line":30,"column":56}},"17":{"start":{"line":31,"column":12},"end":{"line":31,"column":53}},"18":{"start":{"line":35,"column":8},"end":{"line":37,"column":9}},"19":{"start":{"line":36,"column":12},"end":{"line":36,"column":90}},"20":{"start":{"line":38,"column":8},"end":{"line":40,"column":9}},"21":{"start":{"line":39,"column":12},"end":{"line":39,"column":91}},"22":{"start":{"line":41,"column":8},"end":{"line":45,"column":9}},"23":{"start":{"line":42,"column":12},"end":{"line":44,"column":13}},"24":{"start":{"line":43,"column":16},"end":{"line":43,"column":101}},"25":{"start":{"line":46,"column":8},"end":{"line":50,"column":9}},"26":{"start":{"line":47,"column":12},"end":{"line":49,"column":13}},"27":{"start":{"line":48,"column":16},"end":{"line":48,"column":117}},"28":{"start":{"line":53,"column":8},"end":{"line":55,"column":9}},"29":{"start":{"line":54,"column":12},"end":{"line":54,"column":84}},"30":{"start":{"line":56,"column":8},"end":{"line":58,"column":9}},"31":{"start":{"line":57,"column":12},"end":{"line":57,"column":96}},"32":{"start":{"line":59,"column":8},"end":{"line":64,"column":9}},"33":{"start":{"line":63,"column":12},"end":{"line":63,"column":90}},"34":{"start":{"line":67,"column":8},"end":{"line":69,"column":9}},"35":{"start":{"line":68,"column":12},"end":{"line":68,"column":87}},"36":{"start":{"line":70,"column":8},"end":{"line":73,"column":9}},"37":{"start":{"line":72,"column":12},"end":{"line":72,"column":103}},"38":{"start":{"line":74,"column":8},"end":{"line":76,"column":9}},"39":{"start":{"line":75,"column":12},"end":{"line":75,"column":93}},"40":{"start":{"line":77,"column":21},"end":{"line":77,"column":23}},"41":{"start":{"line":78,"column":8},"end":{"line":103,"column":9}},"42":{"start":{"line":82,"column":12},"end":{"line":98,"column":13}},"43":{"start":{"line":83,"column":16},"end":{"line":83,"column":65}},"44":{"start":{"line":84,"column":16},"end":{"line":84,"column":41}},"45":{"start":{"line":85,"column":16},"end":{"line":85,"column":42}},"46":{"start":{"line":86,"column":16},"end":{"line":88,"column":17}},"47":{"start":{"line":87,"column":20},"end":{"line":87,"column":82}},"48":{"start":{"line":89,"column":16},"end":{"line":94,"column":17}},"49":{"start":{"line":90,"column":20},"end":{"line":90,"column":36}},"50":{"start":{"line":93,"column":20},"end":{"line":93,"column":94}},"51":{"start":{"line":97,"column":16},"end":{"line":97,"column":33}},"52":{"start":{"line":99,"column":12},"end":{"line":101,"column":13}},"53":{"start":{"line":100,"column":16},"end":{"line":100,"column":71}},"54":{"start":{"line":102,"column":12},"end":{"line":102,"column":51}},"55":{"start":{"line":104,"column":8},"end":{"line":104,"column":47}},"56":{"start":{"line":107,"column":8},"end":{"line":109,"column":9}},"57":{"start":{"line":108,"column":12},"end":{"line":108,"column":100}},"58":{"start":{"line":110,"column":8},"end":{"line":112,"column":9}},"59":{"start":{"line":111,"column":12},"end":{"line":111,"column":87}},"60":{"start":{"line":113,"column":8},"end":{"line":115,"column":9}},"61":{"start":{"line":114,"column":12},"end":{"line":114,"column":91}},"62":{"start":{"line":116,"column":8},"end":{"line":118,"column":9}},"63":{"start":{"line":117,"column":12},"end":{"line":117,"column":79}},"64":{"start":{"line":119,"column":8},"end":{"line":119,"column":63}},"65":{"start":{"line":122,"column":8},"end":{"line":124,"column":9}},"66":{"start":{"line":123,"column":12},"end":{"line":123,"column":83}},"67":{"start":{"line":125,"column":8},"end":{"line":127,"column":9}},"68":{"start":{"line":126,"column":12},"end":{"line":126,"column":105}},"69":{"start":{"line":128,"column":8},"end":{"line":130,"column":9}},"70":{"start":{"line":129,"column":12},"end":{"line":129,"column":100}},"71":{"start":{"line":131,"column":8},"end":{"line":133,"column":9}},"72":{"start":{"line":132,"column":12},"end":{"line":132,"column":55}},"73":{"start":{"line":134,"column":8},"end":{"line":147,"column":9}},"74":{"start":{"line":135,"column":12},"end":{"line":140,"column":13}},"75":{"start":{"line":136,"column":16},"end":{"line":136,"column":103}},"76":{"start":{"line":139,"column":16},"end":{"line":139,"column":56}},"77":{"start":{"line":141,"column":12},"end":{"line":146,"column":13}},"78":{"start":{"line":142,"column":16},"end":{"line":142,"column":104}},"79":{"start":{"line":145,"column":16},"end":{"line":145,"column":57}},"80":{"start":{"line":148,"column":27},"end":{"line":148,"column":73}},"81":{"start":{"line":149,"column":21},"end":{"line":149,"column":36}},"82":{"start":{"line":150,"column":22},"end":{"line":150,"column":37}},"83":{"start":{"line":151,"column":8},"end":{"line":153,"column":9}},"84":{"start":{"line":152,"column":12},"end":{"line":152,"column":67}},"85":{"start":{"line":154,"column":8},"end":{"line":156,"column":9}},"86":{"start":{"line":155,"column":12},"end":{"line":155,"column":113}},"87":{"start":{"line":157,"column":8},"end":{"line":159,"column":9}},"88":{"start":{"line":158,"column":12},"end":{"line":158,"column":99}},"89":{"start":{"line":162,"column":8},"end":{"line":165,"column":9}},"90":{"start":{"line":164,"column":12},"end":{"line":164,"column":109}},"91":{"start":{"line":166,"column":8},"end":{"line":168,"column":9}},"92":{"start":{"line":167,"column":12},"end":{"line":167,"column":88}},"93":{"start":{"line":171,"column":31},"end":{"line":171,"column":59}},"94":{"start":{"line":172,"column":8},"end":{"line":174,"column":9}},"95":{"start":{"line":173,"column":12},"end":{"line":173,"column":91}},"96":{"start":{"line":175,"column":8},"end":{"line":178,"column":9}},"97":{"start":{"line":177,"column":12},"end":{"line":177,"column":105}},"98":{"start":{"line":179,"column":8},"end":{"line":182,"column":9}},"99":{"start":{"line":181,"column":12},"end":{"line":181,"column":101}},"100":{"start":{"line":185,"column":8},"end":{"line":188,"column":9}},"101":{"start":{"line":187,"column":12},"end":{"line":187,"column":106}},"102":{"start":{"line":191,"column":0},"end":{"line":191,"column":44}}},"fnMap":{"0":{"name":"(anonymous_0)","decl":{"start":{"line":5,"column":4},"end":{"line":5,"column":5}},"loc":{"start":{"line":5,"column":43},"end":{"line":33,"column":5}},"line":5},"1":{"name":"(anonymous_1)","decl":{"start":{"line":34,"column":4},"end":{"line":34,"column":5}},"loc":{"start":{"line":34,"column":34},"end":{"line":51,"column":5}},"line":34},"2":{"name":"(anonymous_2)","decl":{"start":{"line":52,"column":4},"end":{"line":52,"column":5}},"loc":{"start":{"line":52,"column":35},"end":{"line":65,"column":5}},"line":52},"3":{"name":"(anonymous_3)","decl":{"start":{"line":66,"column":4},"end":{"line":66,"column":5}},"loc":{"start":{"line":66,"column":43},"end":{"line":105,"column":5}},"line":66},"4":{"name":"(anonymous_4)","decl":{"start":{"line":106,"column":4},"end":{"line":106,"column":5}},"loc":{"start":{"line":106,"column":40},"end":{"line":120,"column":5}},"line":106},"5":{"name":"(anonymous_5)","decl":{"start":{"line":121,"column":4},"end":{"line":121,"column":5}},"loc":{"start":{"line":121,"column":41},"end":{"line":160,"column":5}},"line":121},"6":{"name":"(anonymous_6)","decl":{"start":{"line":161,"column":4},"end":{"line":161,"column":5}},"loc":{"start":{"line":161,"column":42},"end":{"line":169,"column":5}},"line":161},"7":{"name":"(anonymous_7)","decl":{"start":{"line":170,"column":4},"end":{"line":170,"column":5}},"loc":{"start":{"line":170,"column":39},"end":{"line":183,"column":5}},"line":170},"8":{"name":"(anonymous_8)","decl":{"start":{"line":184,"column":4},"end":{"line":184,"column":5}},"loc":{"start":{"line":184,"column":40},"end":{"line":189,"column":5}},"line":184}},"branchMap":{"0":{"loc":{"start":{"line":6,"column":8},"end":{"line":8,"column":9}},"type":"if","locations":[{"start":{"line":6,"column":8},"end":{"line":8,"column":9}},{"start":{"line":6,"column":8},"end":{"line":8,"column":9}}],"line":6},"1":{"loc":{"start":{"line":9,"column":8},"end":{"line":12,"column":9}},"type":"if","locations":[{"start":{"line":9,"column":8},"end":{"line":12,"column":9}},{"start":{"line":9,"column":8},"end":{"line":12,"column":9}}],"line":9},"2":{"loc":{"start":{"line":9,"column":12},"end":{"line":10,"column":58}},"type":"binary-expr","locations":[{"start":{"line":9,"column":12},"end":{"line":9,"column":53}},{"start":{"line":10,"column":12},"end":{"line":10,"column":58}}],"line":9},"3":{"loc":{"start":{"line":13,"column":8},"end":{"line":16,"column":9}},"type":"if","locations":[{"start":{"line":13,"column":8},"end":{"line":16,"column":9}},{"start":{"line":13,"column":8},"end":{"line":16,"column":9}}],"line":13},"4":{"loc":{"start":{"line":13,"column":12},"end":{"line":14,"column":60}},"type":"binary-expr","locations":[{"start":{"line":13,"column":12},"end":{"line":13,"column":55}},{"start":{"line":14,"column":12},"end":{"line":14,"column":60}}],"line":13},"5":{"loc":{"start":{"line":17,"column":8},"end":{"line":19,"column":9}},"type":"if","locations":[{"start":{"line":17,"column":8},"end":{"line":19,"column":9}},{"start":{"line":17,"column":8},"end":{"line":19,"column":9}}],"line":17},"6":{"loc":{"start":{"line":20,"column":8},"end":{"line":32,"column":9}},"type":"if","locations":[{"start":{"line":20,"column":8},"end":{"line":32,"column":9}},{"start":{"line":20,"column":8},"end":{"line":32,"column":9}}],"line":20},"7":{"loc":{"start":{"line":21,"column":12},"end":{"line":26,"column":13}},"type":"if","locations":[{"start":{"line":21,"column":12},"end":{"line":26,"column":13}},{"start":{"line":21,"column":12},"end":{"line":26,"column":13}}],"line":21},"8":{"loc":{"start":{"line":28,"column":13},"end":{"line":32,"column":9}},"type":"if","locations":[{"start":{"line":28,"column":13},"end":{"line":32,"column":9}},{"start":{"line":28,"column":13},"end":{"line":32,"column":9}}],"line":28},"9":{"loc":{"start":{"line":35,"column":8},"end":{"line":37,"column":9}},"type":"if","locations":[{"start":{"line":35,"column":8},"end":{"line":37,"column":9}},{"start":{"line":35,"column":8},"end":{"line":37,"column":9}}],"line":35},"10":{"loc":{"start":{"line":38,"column":8},"end":{"line":40,"column":9}},"type":"if","locations":[{"start":{"line":38,"column":8},"end":{"line":40,"column":9}},{"start":{"line":38,"column":8},"end":{"line":40,"column":9}}],"line":38},"11":{"loc":{"start":{"line":41,"column":8},"end":{"line":45,"column":9}},"type":"if","locations":[{"start":{"line":41,"column":8},"end":{"line":45,"column":9}},{"start":{"line":41,"column":8},"end":{"line":45,"column":9}}],"line":41},"12":{"loc":{"start":{"line":42,"column":12},"end":{"line":44,"column":13}},"type":"if","locations":[{"start":{"line":42,"column":12},"end":{"line":44,"column":13}},{"start":{"line":42,"column":12},"end":{"line":44,"column":13}}],"line":42},"13":{"loc":{"start":{"line":46,"column":8},"end":{"line":50,"column":9}},"type":"if","locations":[{"start":{"line":46,"column":8},"end":{"line":50,"column":9}},{"start":{"line":46,"column":8},"end":{"line":50,"column":9}}],"line":46},"14":{"loc":{"start":{"line":47,"column":12},"end":{"line":49,"column":13}},"type":"if","locations":[{"start":{"line":47,"column":12},"end":{"line":49,"column":13}},{"start":{"line":47,"column":12},"end":{"line":49,"column":13}}],"line":47},"15":{"loc":{"start":{"line":47,"column":16},"end":{"line":47,"column":116}},"type":"binary-expr","locations":[{"start":{"line":47,"column":17},"end":{"line":47,"column":64}},{"start":{"line":47,"column":70},"end":{"line":47,"column":115}}],"line":47},"16":{"loc":{"start":{"line":53,"column":8},"end":{"line":55,"column":9}},"type":"if","locations":[{"start":{"line":53,"column":8},"end":{"line":55,"column":9}},{"start":{"line":53,"column":8},"end":{"line":55,"column":9}}],"line":53},"17":{"loc":{"start":{"line":56,"column":8},"end":{"line":58,"column":9}},"type":"if","locations":[{"start":{"line":56,"column":8},"end":{"line":58,"column":9}},{"start":{"line":56,"column":8},"end":{"line":58,"column":9}}],"line":56},"18":{"loc":{"start":{"line":59,"column":8},"end":{"line":64,"column":9}},"type":"if","locations":[{"start":{"line":59,"column":8},"end":{"line":64,"column":9}},{"start":{"line":59,"column":8},"end":{"line":64,"column":9}}],"line":59},"19":{"loc":{"start":{"line":59,"column":12},"end":{"line":62,"column":60}},"type":"binary-expr","locations":[{"start":{"line":59,"column":13},"end":{"line":59,"column":56}},{"start":{"line":60,"column":12},"end":{"line":60,"column":53}},{"start":{"line":61,"column":13},"end":{"line":61,"column":54}},{"start":{"line":62,"column":16},"end":{"line":62,"column":59}}],"line":59},"20":{"loc":{"start":{"line":67,"column":8},"end":{"line":69,"column":9}},"type":"if","locations":[{"start":{"line":67,"column":8},"end":{"line":69,"column":9}},{"start":{"line":67,"column":8},"end":{"line":69,"column":9}}],"line":67},"21":{"loc":{"start":{"line":70,"column":8},"end":{"line":73,"column":9}},"type":"if","locations":[{"start":{"line":70,"column":8},"end":{"line":73,"column":9}},{"start":{"line":70,"column":8},"end":{"line":73,"column":9}}],"line":70},"22":{"loc":{"start":{"line":70,"column":12},"end":{"line":71,"column":53}},"type":"binary-expr","locations":[{"start":{"line":70,"column":12},"end":{"line":70,"column":48}},{"start":{"line":71,"column":12},"end":{"line":71,"column":53}}],"line":70},"23":{"loc":{"start":{"line":74,"column":8},"end":{"line":76,"column":9}},"type":"if","locations":[{"start":{"line":74,"column":8},"end":{"line":76,"column":9}},{"start":{"line":74,"column
[...]
AI,CAAC,cAAc,CAAC,IAAI,CAAC,OAAO,EAAE,EAAE,MAAM,CAAC,CAAC;aACtD;YACD,KAAK,SAAS,CAAC,CAAC;gBACZ,OAAO,IAAI,CAAC,cAAc,CAAC,IAAI,CAAC,UAAU,EAAE,EAAE,MAAM,CAAC,CAAC;aACzD;YACD,KAAK,MAAM,CAAC,CAAC;gBACT,OAAO,IAAI,CAAC,cAAc,CAAC,IAAI,CAAC,OAAO,EAAE,EAAE,MAAM,CAAC,CAAC;aACtD;YACD,KAAK,WAAW,CAAC,CAAC;gBACd,OAAO,IAAI,CAAC,cAAc,CAAC,IAAI,CAAC,YAAY,EAAE,EAAE,MAAM,CAAC,CAAC;aAC3D;YACD,KAAK,MAAM,CAAC,CAAC;gBACT,OAAO,IAAI,CAAC,cAAc,CAAC,IAAI,CAAC,OAAO,EAAE,EAAE,MAAM,CAAC,CAAC;aACtD;SACJ;IACL,CAAC;IAEO,cAAc,CAAC,MAAc,EAAE,MAAc;QACjD,IAAI,SAAS,GAAG,MAAM,CAAC,KAAK,CAAC,GAAG,CAAC,CAAC;QAClC,IAAI,MAAM,CAAC,UAAU,CAAC,GAAG,CAAC,IAAI,MAAM,CAAC,QAAQ,CAAC,GAAG,CAAC,EAAE;YAChD,OAAO,MAAM,CAAC,QAAQ,CAAC,SAAS,CAAC,CAAC,CAAC,CAAC,CAAC;SACxC;QACD,IAAI,MAAM,CAAC,UAAU,CAAC,GAAG,CAAC,IAAI,CAAC,MAAM,CAAC,QAAQ,CAAC,GAAG,CAAC,EAAE;YACjD,OAAO,MAAM,CAAC,QAAQ,CAAC,SAAS,CAAC,CAAC,CAAC,CAAC,CAAC;SACxC;QAED,IAAI,CAAC,MAAM,CAAC,UAAU,CAAC,GAAG,CAAC,IAAI,MAAM,CAAC,QAAQ,CAAC,GAAG,CAAC,EAAE;YACjD,OAAO,MAAM,CAAC,UAAU,CAAC,SAAS,CAAC,CAAC,CAAC,CAAC,CAAC;SAC1C;QACD,IAAI,CAAC,MAAM,CAAC,QAAQ,CAAC,GAAG,CAAC,EAAE;YACvB,OAAO,MAAM,KAAK,MAAM,CAAC;SAC5B;IACL,CAAC;IAEO,QAAQ,CAAC,QAAa,EAAE,IAAU;QACtC,MAAM,UAAU,GAAW,MAAM,CAAC,IAAI,CAAC,QAAQ,CAAC,CAAC,CAAC,CAAC,CAAC;QACpD,IAAI,aAAuB,CAAC;QAC5B,IAAI,QAAQ,GAAG,MAAM,CAAC,IAAI,CAAC,QAAQ,CAAC,UAAU,CAAC,CAAC,CAAC,CAAC,CAAC,CAAC;QACpD,aAAa,GAAG,QAAQ,CAAC,KAAK,CAAC,GAAG,CAAC,CAAC;QACpC,IAAI,MAAM,GAAW,aAAa,CAAC,CAAC,CAAC,CAAC;QACtC,IAAI,MAAM,GAAQ,MAAM,CAAC,MAAM,CAAC,QAAQ,CAAC,UAAU,CAAC,CAAC,CAAC,CAAC,CAAC,CAAC;QACzD,QAAQ,MAAM,EAAE;YACZ,KAAK,KAAK,CAAC,CAAC;gBACR,OAAO,IAAI,CAAC,MAAM,EAAE,GAAG,MAAM,CAAC;aACjC;YACD,KAAK,KAAK,CAAC,CAAC;gBACR,OAAO,IAAI,CAAC,MAAM,EAAE,GAAG,MAAM,CAAC;aACjC;YACD,KAAK,OAAO,CAAC,CAAC;gBACV,OAAO,IAAI,CAAC,QAAQ,EAAE,GAAG,MAAM,CAAC;aACnC;SACJ;IACL,CAAC;IAEM,QAAQ,CAAC,QAAa,EAAE,IAAU;QACrC,MAAM,UAAU,GAAW,MAAM,CAAC,IAAI,CAAC,QAAQ,CAAC,CAAC,CAAC,CAAC,CAAC;QACpD,IAAI,aAAuB,CAAC;QAC5B,IAAI,QAAQ,GAAG,MAAM,CAAC,IAAI,CAAC,QAAQ,CAAC,UAAU,CAAC,CAAC,CAAC,CAAC,CAAC,CAAC;QACpD,aAAa,GAAG,QAAQ,CAAC,KAAK,CAAC,GAAG,CAAC,CAAC;QACpC,IAAI,MAAM,GAAW,aAAa,CAAC,CAAC,CAAC,CAAC;QACtC,IAAI,MAAM,GAAQ,MAAM,CAAC,MAAM,CAAC,QAAQ,CAAC,UAAU,CAAC,CAAC,CAAC,CAAC,CAAC,CAAC;QACzD,QAAQ,MAAM,EAAE;YACZ,KAAK,KAAK,CAAC,CAAC;gBACR,OAAO,IAAI,CAAC,MAAM,EAAE,GAAG,MAAM,CAAC;aACjC;YACD,KAAK,KAAK,CAAC,CAAC;gBACR,OAAO,IAAI,CAAC,MAAM,EAAE,GAAG,MAAM,CAAC;aACjC;YACD,KAAK,OAAO,CAAC,CAAC;gBACV,OAAO,IAAI,CAAC,QAAQ,EAAE,GAAG,MAAM,CAAC;aACnC;SACJ;IACL,CAAC;IAEM,QAAQ,CAAC,QAAa,EAAE,IAAU;QACrC,MAAM,UAAU,GAAW,MAAM,CAAC,IAAI,CAAC,QAAQ,CAAC,CAAC,CAAC,CAAC,CAAC;QACpD,IAAI,aAAuB,CAAC;QAC5B,IAAI,QAAQ,GAAG,MAAM,CAAC,IAAI,CAAC,QAAQ,CAAC,UAAU,CAAC,CAAC,CAAC,CAAC,CAAC,CAAC;QACpD,aAAa,GAAG,QAAQ,CAAC,KAAK,CAAC,GAAG,CAAC,CAAC;QACpC,IAAI,MAAM,GAAW,aAAa,CAAC,CAAC,CAAC,CAAC;QACtC,IAAI,MAAM,GAAQ,MAAM,CAAC,MAAM,CAAC,QAAQ,CAAC,UAAU,CAAC,CAAC,CAAC,CAAC,CAAC,CAAC;QACzD,QAAQ,MAAM,EAAE;YACZ,KAAK,KAAK,CAAC,CAAC;gBACR,OAAO,IAAI,CAAC,MAAM,EAAE,KAAK,MAAM,CAAC;aACnC;YACD,KAAK,KAAK,CAAC,CAAC;gBACR,OAAO,IAAI,CAAC,MAAM,EAAE,KAAK,MAAM,CAAC;aACnC;YACD,KAAK,OAAO,CAAC,CAAC;gBACV,OAAO,IAAI,CAAC,QAAQ,EAAE,KAAK,MAAM,CAAC;aACrC;SACJ;IACL,CAAC;CACJ;AA1JD,kDA0JC"},"_coverageSchema":"1a1c01bbd47fc00a2c39e90264f33305004495a9","hash":"6f6add97664326f13d40ef1aa0227984b41c5198","contentHash":"11df36fe57524549a6bf8be60bddf775e2e94895d52098292aa608321ebac8fc"},"/Users/ashleykobayashi/Documents/2020WinterT2/CPSC310/project_team231/src/queryModel/TransformationsProcessor.js":{"path":"/Users/ashleykobayashi/Documents/2020WinterT2/CPSC310/project_team231/src/queryModel/TransformationsProcessor.js","statementMap":{"0":{"start":{"line":2,"column":0},"end":{"line":2,"column":62}},"1":{"start":{"line":3,"column":24},"end":{"line":3,"column":50}},"2":{"start":{"line":6,"column":23},"end":{"line":6,"column":50}},"3":{"start":{"line":7,"column":8},"end":{"line":12,"column":9}},"4":{"start":{"line":7,"column":21},"end":{"line":7,"column":22}},"5":{"start":{"line":8,"column":12},"end":{"line":11,"column":13}},"6":{"start":{"line":9,"column":35},"end":{"line":9,"column":68}},"7":{"start":{"line":10,"column":16},"end":{"line":10,"column":46}},"8":{"start":{"line":13,"column":25},"end":{"line":13,"column":34}},"9":{"start":{"line":14,"column":8},"end":{"line":14,"column":49}},"10":{"start":{"line":15,"column":8},"end":{"line":34,"column":9}},"11":{"start":{"line":16,"column":28},"end":{"line":16,"column":37}},"12":{"start":{"line":17,"column":32},"end":{"line":17,"column":49}},"13":{"start":{"line":18,"column":12},"end":{"line":32,"column":13}},"14":{"start":{"line":19,"column":34},"end":{"line":19,"column":57}},"15":{"start":{"line":20,"column":16},"end":{"line":31,"column":17}},"16":{"start":{"line":21,"column":42},"end":{"line":21,"column":82}},"17":{"start":{"line":22,"column":20},"end":{"line":30,"column":21}},"18":{"start":{"line":23,"column":42},"end":{"line":23,"column":82}},"19":{"start":{"line":24,"column":46},"end":{"line":24,"column":48}},"20":{"start":{"line":25,"column":24},"end":{"line":25,"column":54}},"21":{"start":{"line":26,"column":24},"end":{"line":26,"column":68}},"22":{"start":{"line":29,"column":24},"end":{"line":29,"column":69}},"23":{"start":{"line":33,"column":12},"end":{"line":33,"column":35}},"24":{"start":{"line":35,"column":8},"end":{"line":47,"column":9}},"25":{"start":{"line":36,"column":12},"end":{"line":46,"column":13}},"26":{"start":{"line":37,"column":31},"end":{"line":37,"column":56}},"27":{"start":{"line":38,"column":39},"end":{"line":38,"column":79}},"28":{"start":{"line":39,"column":33},"end":{"line":39,"column":65}},"29":{"start":{"line":40,"column":28},"end":{"line":40,"column":62}},"30":{"start":{"line":41,"column":35},"end":{"line":41,"column":62}},"31":{"start":{"line":42,"column":16},"end":{"line":42,"column":40}},"32":{"start":{"line":43,"column":16},"end":{"line":45,"column":17}},"33":{"start":{"line":44,"column":20},"end":{"line":44,"column":94}},"34":{"start":{"line":48,"column":8},"end":{"line":48,"column":26}},"35":{"start":{"line":51,"column":0},"end":{"line":51,"column":60}}},"fnMap":{"0":{"name":"(anonymous_0)","decl":{"start":{"line":5,"column":4},"end":{"line":5,"column":5}},"loc":{"start":{"line":5,"column":72},"end":{"line":49,"column":5}},"line":5}},"branchMap":{"0":{"loc":{"start":{"line":8,"column":12},"end":{"line":11,"column":13}},"type":"if","locations":[{"start":{"line":8,"column":12},"end":{"line":11,"column":13}},{"start":{"line":8,"column":12},"end":{"line":11,"column":13}}],"line":8},"1":{"loc":{"start":{"line":22,"column":20},"end":{"line":30,"column":21}},"type":"if","locations":[{"start":{"line":22,"column":20},"end":{"line":30,"column":21}},{"start":{"line":22,"column":20},"end":{"line":30,"column":21}}],"line":22},"2":{"loc":{"start":{"line":35,"column":8},"end":{"line":47,"column":9}},"type":"if","locations":[{"start":{"line":35,"column":8},"end":{"line":47,"column":9}},{"start":{"line":35,"column":8},"end":{"line":47,"column":9}}],"line":35}},"s":{"0":1,"1":1,"2":0,"3":0,"4":0,"5":0,"6":0,"7":0,"8":0,"9":0,"10":0,"11":0,"12":0,"13":0,"14":0,"15":0,"16":0,"17":0,"18":0,"19":0,"20":0,"21":0,"22":0,"23":0,"24":0,"25":0,"26":0,"27":0,"28":0,"29":0,"30":0,"31":0,"32":0,"33":0,"34":0,"35":1},"f":{"0":0},"b":{"0":[0,0],"1":[0,0],"2":[0,0]},"inputSourceMap":{"version":3,"file":"TransformationsProcessor.js","sourceRoot":"","sources":["TransformationsProcessor.ts"],"names":[],"mappings":";;AAGA,mDAA8C;AAE9C,MAAa,wBAAwB;IAE1B,MAAM,CAAC,WAAW,CAAC,KAAU,EAAE,SAAyB,EAAE,oBAA2B,EAAE,OAAgB;QAC1G,IAAI,QAAQ,GAAG,KAAK,CAAC,eAAe,CAAC,KAAK,CAAC;QAE3C,KAAK,IAAI,CAAC,GAAW,CAAC,EAAE,CAAC,GAAG,QAAQ,CAAC,MAAM,EAAE,CAAC,EAAE,EAAE;YAC9C,IAAI,QAAQ,CAAC,CAAC,CAAC,CAAC,QAAQ,CAAC,GAAG,CAAC,EAAE;gBAC3B,IAAI,YAAY,GAAG,SAAS,CAAC,UAAU,CAAC,QAAQ,CAAC,CAAC,CAAC,CAAC,CAAC;gBACrD,QAAQ,CAAC,CAAC,CAAC,GAAG,YAAY,CAAC,CAAC,CAAC,CAAC;aACjC;SACJ;QASD,IAAI,UAAU,GAA2B,IAAI,GAAG,EAAE,CAAC;QACnD,UAAU,CAAC,GAAG,CAAC,EAAE,EAAE,oBAAoB,CAAC,CAAC;QACzC,KAAK,MAAM,QAAQ,IAAI,QAAQ,EAAE;YAC7B,IAAI,SAAS,GAA2B,IAAI,GAAG,EAAE,CAAC;YAClD,IAAI,aAAa,GAAQ,UAAU,CAAC,IAAI,EAAE,CAAC;YAC3C,KAAK,MAAM,OAAO,IAAI,aAAa,EAAE;gBACjC,IAAI,WAAW,GAAc,UAAU,CAAC,GAAG,CAAC,OAAO,CAAC,CAAC;gBACrD,KAAK,MAAM,OAAO,IAAI,WAAW,EAAE;oBAC/B,IAAI,eAAe,GAAW,OAAO,GAAG,GAAG,GAAG,OAAO,CAAC,MAAM,CAAC,QAAQ,CAAC,CAAC;oBACvE,IAAI,CAAC,SAAS,CAAC,GAAG,CAAC,eAAe,CAAC,EAAE;wBACjC,IAAI,WAAW,GAAW,OAAO,GAAG,GAAG,GAAG,OAAO,CAAC,MAAM,CAAC,QAAQ,CAAC,CAAC;wBACnE,IAAI,eAAe,GAAc,EAAE,CAAC;wBACpC,eAAe,CAAC,IAAI,CAAC,OAAO,CAAC,CAAC;wBAC9B,SAAS,CAAC,GAAG,CAAC,WAAW,EAAE,eAAe,CAAC,CAAC;qBAC/C;yBAAM;wBACH,SAAS,CAAC,GAAG,CAAC,eAAe,CAAC,CAAC,IAAI,CAAC,OAAO,CAAC,CAAC;qBAChD;iBACJ;aACJ;YACD,UAAU,GAAG,SAAS,CAAC;SAC1B;QAUD,IAAI,KAAK,CAAC,eAAe,CAAC,KAAK,CAAC,MAAM,KAAK,CAAC,EAAE;YAC1C,KAAK,MAAM,SAAS,IAAI,KAAK,CAAC,eAAe,CAAC,KAAK,EAAE;gBACjD,IAAI,QAAQ,GAAW,MAAM,CAAC,IAAI,CAAC,SAAS,CAAC,CAAC,CAAC,CAAC,CAAC;gBACjD,IAAI,gBAAgB,GAAW,KAAK,CAAC,eAAe,CAAC,KAAK,CAAC,CAAC,CAAC,CAAC,QAAQ,CAAC,CAAC;gBAExE,IAAI,UAAU,GAAW,MAAM,CAAC,IAAI,CAAC,gBAAgB,CAAC,CAAC,CAAC,CAAC,CAAC;gBAC1D,IAAI,KAAK,GAAQ,MAAM,CAAC,MAAM,CAAC,gBAAgB,CAAC,CAAC,CAAC,CAAC,CAAC;gBACpD,IAAI,YAAY,GAAG,SAAS,CAAC,UAAU,CAAC,KAAK,CAAC,CAAC;gBAC/C,KAAK,GAAG,YAAY,CAAC,CAAC,CAAC,CAAC;gBAExB,KAAK,MAAM,KAAK,IAAI,UAAU,CAAC,MAAM,EAAE,EAAE;oBACrC,6BAAa,CAAC,OAAO,CAAC,KAAK,EAAE,QAAQ,EAAE,UAAU,EAAE,KAAK,CAAC,CAAC;iBAC7D;aACJ;SACJ;QACD,OAAO,UAAU,CAAC;IACtB,CAAC;CACJ;AAlED,4DAkEC"},"_coverageSchema":"1a1c01bbd47fc00a2c39e90264f33305004495a9","hash":"922bf64d8c69cfd3da6aa07e21796dcb4d2ef7d1","contentHash":"f65e5a61910d9702868018729a89c9063e84edd5c693b7a600594b343775240c"},"/Users/ashleykobayashi/Documents/2020WinterT2/CPSC310/project_team231/src/queryModel/AnykeyHandler.js":{"path":"/Users/ashleykobayashi/Documents/2020WinterT2/CPSC310/project_team231/src/queryModel/AnykeyHandler.js","statementMap":{"0":{"start":{"line":2,"column":0},"end":{"line":2,"column":62}},"1":{"start":{"line":3,"column":25},"end":{"line":3,"column":64}},"2":{"start":{"line":4,"column":21},"end":{"line":4,"column":42}},"3":{"start":{"line":7,"column":8},"end":{"line":31,"column":9}},"4":{"start":{"line":9,"column":16},"end":{"line":9,"column":68}},"5":{"start":{"line":10,"column":16},"end":{"line":10,"column":22}},"6":{"start":{"line":13,"column":16},"end":{"line":13,"column":68}},"7":{"start":{"line":14,"column":16},"end":{"line":14,"column":22}},"8":{"start":{"line":17,"column":16},"end":{"line":17,"column":68}},"9":{"start":{"line":18,"column":16},"end":{"line":18,"column":22}},"10":{"start":{"line":21,"column":16},"end":{"line":21,"column":70}},"11":{"start":{"line":22,"column":16},"end":{"line":22,"column":22}},"12":{"start":{"line":25,"column":16},"end":{"line":25,"column":68}},"13":{"start":{"line":26,"column":16},"end":{"line":26,"column":22}},"14":{"start":{"line":29,"column":16},"end":{"line":29,"column":84}},"15":{"start":{"line":34,"column":22},"end":{"line":34,"column":45}},"16":{"start":{"line":35,"column":8},"end":{"line":40,"column":9}},"17":{"start":{"line":36,"column":31},"end":{"line":36,"column":52}},"18":{"start":{"line":37,"column":12},"end":{"line":39,"column":13}},"19":{"start":{"line":38,"column":16},"end":{"line":38,"column":39}},"20":{"start":{"line":41,"column":8},"end":{"line":43,"column":9}},"21":{"start":{"line":42,"column":12},"end":{"line":42,"column":56}},"22":{"start":{"line":46,"column":22},"end":{"line":46,"column":45}},"23":{"start":{"line":47,"column":8},"end":{"line":52,"column":9}},"24":{"start":{"line":48,"column":31},"end":{"line":48,"column":52}},"25":{"start":{"line":49,"column":12},"end":{"line":51,"column":13}},"26":{"start":{"line":50,"column":16},"end":{"line":50,"column":39}},"27":{"start":{"line":53,"column":8},"end":{"line":55,"column":9}},"28":{"start":{"line":54,"column":12},"end":{"line":54,"column":56}},"29":{"start":{"line":58,"column":22},"end":{"line":58,"column":23}},"30":{"start":{"line":59,"column":8},"end":{"line":62,"column":9}},"31":{"start":{"line":60,"column":31},"end":{"line":60,"column":52}},"32":{"start":{"line":61,"column":12},"end":{"line":61,"column":36}},"33":{"start":{"line":63,"column":8},"end":{"line":65,"column":9}},"34":{"start":{"line":64,"column":12},"end":{"line":64,"column":75}},"35":{"start":{"line":68,"column":24},"end":{"line":68,"column":51}},"36":{"start":{"line":69,"column":20},"end":{"line":69,"column":21}},"37":{"start":{"line":70,"column":8},"end":{"line":75,"column":9}},"38":{"start":{"line":71,"column":31},"end":{"line":71,"column":52}},"39":{"start":{"line":72,"column":12},"end":{"line":72,"column":66}},"40":{"start":{"line":73,"column":12},"end":{"line":73,"column":74}},"41":{"start":{"line":74,"column":12},"end":{"line":74,"column":23}},"42":{"start":{"line":76,"column":18},"end":{"line":76,"column":19}},"43":{"start":{"line":77,"column":18},"end":{"line":77,"column":19}},"44":{"start":{"line":78,"column":8},"end":{"line":83,"column":9}},"45":{"start":{"line":79,"column":12},"end":{"line":79,"column":47}},"46":{"start":{"line":82,"column":12},"end":{"line":82,"column":20}},"47":{"start":{"line":84,"column":8},"end":{"line":84,"column":37}},"48":{"start":{"line":85,"column":8},"end":{"line":87,"column":9}},"49":{"start":{"line":86,"column":12},"end":{"line":86,"column":52}},"50":{"start":{"line":90,"column":25},"end":{"line":90,"column":34}},"51":{"start":{"line":91,"column":8},"end":{"line":96,"column":9}},"52":{"start":{"line":92,"column":24},"end":{"line":92,"column":45}},"53":{"start":{"line":93,"column":12},"end":{"line":95,"column":13}},"54":{"start":{"line":94,"column":16},"end":{"line":94,"column":41}},"55":{"start":{"line":97,"column":8},"end":{"line":99,"column":9}},"56":{"start":{"line":98,"column":12},"end":{"line":98,"column":64}},"57":{"start":{"line":102,"column":0},"end":{"line":102,"column":38}}},"fnMap":{"0":{"name":"(anonymous_0)","decl":{"start":{"line":6,"column":4},"end":{"line":6,"column":5}},"loc":{"start":{"line":6,"column":55},"end":{"line":32,"column":5}},"line":6},"1":{"name":"(anonymous_1)","decl":{"start":{"line":33,"column":4},"end":{"line":33,"column":5}},"loc":{"start":{"line":33,"column":49},"end":{"line":44,"column":5}},"line":33},"2":{"name":"(anonymous_2)","decl":{"start":{"line":45,"column":4},"end":{"line":45,"column":5}},"loc":{"start":{"line":45,"column":49},"end":{"line":56,"column":5}},"line":45},"3":{"name":"(anonymous_3)","decl":{"start":{"line":57,"column":4},"end":{"line":57,"column":5}},"loc":{"start":{"line":57,"column":49},"end":{"line":66,"column":5}},"line":57},"4":{"name":"(anonymous_4)","decl":{"start":{"line":67,"column":4},"end":{"line":67,"column":5}},"loc":{"start":{"line":67,"column":49},"end":{"line":88,"column":5}},"line":67},"5":{"name":"(anonymous_5)","decl":{"start":{"line":89,"column":4},"end":{"line":89,"column":5}},"loc":{"start":{"line":89,"column":51},"end":{"line":100,"column":5}},"line":89}},"branchMap":{"0":{"loc":{"start":{"line":7,"column":8},"end":{"line":31,"column":9}},"type":"switch","locations":[{"start":{"line":8,"column":12},"end":{"line":11,"column":13}},{"start":{"line":12,"column":12},"end":{"line":15,"column":13}},{"start":{"line":16,"column":12},"end":{"line":19,"column":13}},{"start":{"line":20,"column":12},"end":{"line":23,"column":13}},{"start":{"line":24,"column":12},"end":{"line":27,"column":13}},{"start":{"line":28,"column":12},"end":{"line":30,"column":13}}],"line":7},"1":{"loc":{"start":{"line":37,"column":12},"end":{"line":39,"column":13}},"type":"if","locations":[{"start":{"line":37,"column":12},"end":{"line":39,"column":13}},{"start":{"line":37,"column":12},"end":{"line":39,"column":13}}],"line":37},"2":{"loc":{"start":{"line":49,"column":12},"end":{"line":51,"column":13}},"type":"if","locations":[{"start":{"line":49,"column":12},"end":{"line":51,"column":13}},{"start":{"line":49,"column":12},"end":{"line":51,"column":13}}],"line":49},"3":{"loc":{"start":{"line":78,"column":8},"end":{"line":83,"column":9}},"type":"if","locations":[{"start":{"line":78,"column":8},"end":{"line":83,"column":9}},{"start":{"line":78,"column":8},"end":{"line":83,"column":9}}],"line":78},"4":{"loc":{"start":{"line":93,"column":12},"end":{"line":95,"column":13}},"type":"if","locations":[{"start":{"line":93,"column":12},"end":{"line":95,"column":13}},{"start":{"line":93,"column":12},"end":{"line":95,"column":13}}],"line":93}},"s":{"0":1,"1":1,"2":1,"3":0,"4":0,"5":0,"6":0,"7":0,"8":0,"9":0,"10":0,"11":0,"12":0,"13":0,"14":0,"15":0,"16":0,"17":0,"18":0,"19":0,"20":0,"21":0,"22":0,"23":0,"24":0,"25":0,"26":0,"27":0,"28":0,"29":0,"30":0,"31":0,"32":0,"33":0,"34":0,"35":0,"36":0,"37":0,"38":0,"39":0,"40":0,"41":0,"42":0,"43":0,"44":0,"45":0,"46":0,"47":0,"48":0,"49":0,"50":0,"51":0,"52":0,"53":0,"54":0,"55":0,"56":0,"57":1},"f":{"0":0,"1":0,"2":0,"3":0,"4":0,"5":0},"b":{"0":[0,0,0,0,0,0],"1":[0,0],"2":[0,0],"3":[0,0],"4":[0,0]},"inputSourceMap":{"version":3,"file":"anykeyHandler.js","sourceRoot":"","sources":["anykeyHandler.ts"],"names":[],"mappings":";;AAAA,iEAA0D;AAC1D,2CAAiC;AAEjC,MAAa,aAAa;IACf,MAAM,CAAC,OAAO,CAAC,KAAY,EAAE,QAAgB,EAAE,UAAkB,EAAE,KAAa;QACnF,QAAQ,UAAU,EAAE;YAChB,KAAK,KAAK,CAAC,CAAC;gBACR,aAAa,CAAC,aAAa,CAAC,KAAK,EAAE,QAAQ,EAAE,KAAK,CAAC,CAAC;gBACpD,MAAM;aACT;YACD,KAAK,KAAK,CAAC,CAAC;gBACR,aAAa,CAAC,aAAa,CAAC,KAAK,EAAE,QAAQ,EAAE,KAAK,CAAC,CAAC;gBACpD,MAAM;aACT;YAED,KAAK,KAAK,CAAC,CAAC;gBACR,aAAa,CAAC,aAAa,CAAC,KAAK,EAAE,QAAQ,EAAE,KAAK,CAAC,CAAC;gBACpD,MAAM;aACT;YAED,KAAK,OAAO,CAAC,CAAC;gBACV,aAAa,CAAC,eAAe,CAAC,KAAK,EAAE,QAAQ,EAAE,KAAK,CAAC,CAAC;gBACtD,MAAM;aACT;YAED,KAAK,KAAK,CAAC,CAAC;gBACR,aAAa,CAAC,aAAa,CAAC,KAAK,EAAE,QAAQ,EAAE,KAAK,CAAC,CAAC;gBACpD,MAAM;aACT;YACD,OAAO,CAAC,CAAC;gBACL,MAAM,IAAI,6BAAY,CAAC,0BAA0B,CAAC,CAAC;aACtD;SACJ;IACL,CAAC;IAEM,MAAM,CAAC,aAAa,CAAC,KAAY,EAAE,QAAgB,EAAE,KAAa;QACrE,IAAI,OAAO,GAAW,MAAM,CAAC,gBAAgB,CAAC;QAC9C,KAAK,MAAM,OAAO,IAAI,KAAK,EAAE;YACzB,IAAI,YAAY,GAAW,OAAO,CAAC,MAAM,CAAC,KAAK,CAAC,CAAC;YACjD,IAAI,YAAY,GAAG,OAAO,EAAE;gBACxB,OAAO,GAAG,YAAY,CAAC;aAC1B;SACJ;QACD,KAAK,MAAM,OAAO,IAAI,KAAK,EAAE;YACzB,OAAO,CAAC,eAAe,CAAC,QAAQ,CAAC,GAAG,OAAO,CAAC;SAC/C;IACL,CAAC;IAEM,MAAM,CAAC,aAAa,CAAC,KAAY,EAAE,QAAgB,EAAE,KAAa;QACrE,IAAI,OAAO,GAAW,MAAM,CAAC,gBAAgB,CAAC;QAC9C,KAAK,MAAM,OAAO,IAAI,KAAK,EAAE;YACzB,IAAI,YAAY,GAAW,OAAO,CAAC,MAAM,CAAC,KAAK,CAAC,CAAC;YACjD,IAAI,YAAY,GAAG,OAAO,EAAE;gBACxB,OAAO,GAAG,YAAY,CAAC;aAC1B;SACJ;QACD,KAAK,MAAM,OAAO,IAAI,KAAK,EAAE;YACzB,OAAO,CAAC,eAAe,CAAC,QAAQ,CAAC,GAAG,OAAO,CAAC;SAC/C;IACL,CAAC;IAEM,MAAM,CAAC,aAAa,CAAC,KAAY,EAAE,QAAgB,EAAE,KAAa;QACrE,IAAI,OAAO,GAAW,CAAC,CAAC;QACxB,KAAK,MAAM,OAAO,IAAI,KAAK,EAAE;YACzB,IAAI,YAAY,GAAW,OAAO,CAAC,MAAM,CAAC,KAAK,CAAC,CAAC;YACjD,OAAO,IAAI,YAAY,CAAC;SAC3B;QACD,KAAK,MAAM,OAAO,IAAI,KAAK,EAAE;YACzB,OAAO,CAAC,eAAe,CAAC,QAAQ,CAAC,GAAG,MAAM,CAAC,OAAO,CAAC,OAAO,CAAC,CAAC,CAAC,CAAC,CAAC;SAClE;IACL,CAAC;IAEM,MAAM,CAAC,aAAa,CAAC,KAAY,EAAE,QAAgB,EAAE,KAAa;QACrE,IAAI,SAAS,GAAQ,IAAI,oBAAO,CAAC,CAAC,CAAC,CAAC;QACpC,IAAI,KAAK,GAAW,CAAC,CAAC;QACtB,KAAK,MAAM,OAAO,IAAI,KAAK,EAAE;YACzB,IAAI,YAAY,GAAQ,OAAO,CAAC,MAAM,CAAC,KAAK,CAAC,CAAC;YAC9C,YAAY,GAAG,IAAI,oBAAO,CAAC,YAAY,CAAC,CAAC;YACzC,SAAS,GAAG,oBAAO,CAAC,GAAG,CAAC,SAAS,EAAE,YAAY,CAAC,CAAC;YACjD,KAAK,IAAI,CAAC,CAAC;SACd;QACD,IAAI,GAAG,GAAW,CAAC,CAAC;QACpB,IAAI,GAAG,GAAW,CAAC,CAAC;QACpB,IAAI,KAAK,KAAK,CAAC,EAAE;YACb,GAAG,GAAG,SAAS,CAAC,QAAQ,EAAE,GAAG,KAAK,CAAC;SACtC;aAAM;YACH,GAAG,GAAG,CAAC,CAAC;SACX;QACD,GAAG,GAAG,MAAM,CAAC,GAAG,CAAC,OAAO,CAAC,CAAC,CAAC,CAAC,CAAC;QAC7B,KAAK,MAAM,OAAO,IAAI,KAAK,EAAE;YACzB,OAAO,CAAC,eAAe,CAAC,QAAQ,CAAC,GAAG,GAAG,CAAC;SAC3C;IACL,CAAC;IAEM,MAAM,CAAC,eAAe,CAAC,KAAY,EAAE,QAAgB,EAAE,KAAa;QACvE,IAAI,UAAU,GAAwB,IAAI,GAAG,EAAE,CAAC;QAChD,KAAK,MAAM,OAAO,IAAI,KAAK,EAAE;YAEzB,IAAI,KAAK,GAAG,OAAO,CAAC,MAAM,CAAC,KAAK,CAAC,CAAC;YAClC,IAAI,CAAC,UAAU,CAAC,GAAG,CAAC,KAAK,CAAC,EAAE;gBACxB,UAAU,CAAC,GAAG,CAAC,KAAK,EAAE,CAAC,CAAC,CAAC;aAC5B;SACJ;QACD,KAAK,MAAM,OAAO,IAAI,KAAK,EAAE;YACzB,OAAO,CAAC,eAAe,CAAC,QAAQ,CAAC,GAAG,UAAU,CAAC,IAAI,CAAC;SACvD;IACL,CAAC;CACJ;AAxGD,sCAwGC"},"_coverageSchema":"1a1c01bbd47fc00a2c39e90264f33305004495a9","hash":"8a29650c0587c12a8ca1e03d9750a618db425ca3","contentHash":"db031df8dd7751c5daebee8228ff908d2a18291001da94c61d27e51b1315252d"}}