{"/Users/kathykhong/WebstormProjects/project_team231/src/controller/IInsightFacade.js":{"path":"/Users/kathykhong/WebstormProjects/project_team231/src/controller/IInsightFacade.js","statementMap":{"0":{"start":{"line":2,"column":0},"end":{"line":2,"column":62}},"1":{"start":{"line":4,"column":0},"end":{"line":7,"column":89}},"2":{"start":{"line":5,"column":4},"end":{"line":5,"column":46}},"3":{"start":{"line":6,"column":4},"end":{"line":6,"column":42}},"4":{"start":{"line":10,"column":8},"end":{"line":10,"column":23}},"5":{"start":{"line":11,"column":8},"end":{"line":11,"column":52}},"6":{"start":{"line":14,"column":0},"end":{"line":14,"column":36}},"7":{"start":{"line":17,"column":8},"end":{"line":17,"column":23}},"8":{"start":{"line":18,"column":8},"end":{"line":18,"column":53}},"9":{"start":{"line":21,"column":0},"end":{"line":21,"column":38}},"10":{"start":{"line":24,"column":8},"end":{"line":24,"column":23}},"11":{"start":{"line":25,"column":8},"end":{"line":25,"column":59}},"12":{"start":{"line":28,"column":0},"end":{"line":28,"column":50}}},"fnMap":{"0":{"name":"(anonymous_0)","decl":{"start":{"line":4,"column":1},"end":{"line":4,"column":2}},"loc":{"start":{"line":4,"column":31},"end":{"line":7,"column":1}},"line":4},"1":{"name":"(anonymous_1)","decl":{"start":{"line":9,"column":4},"end":{"line":9,"column":5}},"loc":{"start":{"line":9,"column":25},"end":{"line":12,"column":5}},"line":9},"2":{"name":"(anonymous_2)","decl":{"start":{"line":16,"column":4},"end":{"line":16,"column":5}},"loc":{"start":{"line":16,"column":25},"end":{"line":19,"column":5}},"line":16},"3":{"name":"(anonymous_3)","decl":{"start":{"line":23,"column":4},"end":{"line":23,"column":5}},"loc":{"start":{"line":23,"column":25},"end":{"line":26,"column":5}},"line":23}},"branchMap":{"0":{"loc":{"start":{"line":7,"column":24},"end":{"line":7,"column":87}},"type":"binary-expr","locations":[{"start":{"line":7,"column":24},"end":{"line":7,"column":50}},{"start":{"line":7,"column":55},"end":{"line":7,"column":86}}],"line":7}},"s":{"0":1,"1":1,"2":1,"3":1,"4":0,"5":0,"6":1,"7":0,"8":0,"9":1,"10":0,"11":0,"12":1},"f":{"0":1,"1":0,"2":0,"3":0},"b":{"0":[1,1]},"inputSourceMap":{"version":3,"file":"IInsightFacade.js","sourceRoot":"","sources":["IInsightFacade.ts"],"names":[],"mappings":";;AAMA,IAAY,kBAGX;AAHD,WAAY,kBAAkB;IAC1B,yCAAmB,CAAA;IACnB,qCAAe,CAAA;AACnB,CAAC,EAHW,kBAAkB,GAAlB,0BAAkB,KAAlB,0BAAkB,QAG7B;AAQD,MAAa,YAAa,SAAQ,KAAK;IACnC,YAAY,GAAG,IAAW;QACtB,KAAK,CAAC,GAAG,IAAI,CAAC,CAAC;QACf,KAAK,CAAC,iBAAiB,CAAC,IAAI,EAAE,YAAY,CAAC,CAAC;IAChD,CAAC;CACJ;AALD,oCAKC;AAED,MAAa,aAAc,SAAQ,KAAK;IACpC,YAAY,GAAG,IAAW;QACtB,KAAK,CAAC,GAAG,IAAI,CAAC,CAAC;QACf,KAAK,CAAC,iBAAiB,CAAC,IAAI,EAAE,aAAa,CAAC,CAAC;IACjD,CAAC;CACJ;AALD,sCAKC;AAED,MAAa,mBAAoB,SAAQ,KAAK;IAC1C,YAAY,GAAG,IAAW;QACtB,KAAK,CAAC,GAAG,IAAI,CAAC,CAAC;QACf,KAAK,CAAC,iBAAiB,CAAC,IAAI,EAAE,mBAAmB,CAAC,CAAC;IACvD,CAAC;CACJ;AALD,kDAKC"},"_coverageSchema":"1a1c01bbd47fc00a2c39e90264f33305004495a9","hash":"d8cbdf536a1122a073afce765b5ea81b70419064","contentHash":"f4849d3a7d70dcfaccb1755da64abc3e9552ff3bad03ec30295f5e8ca50714b6"},"/Users/kathykhong/WebstormProjects/project_team231/src/controller/InsightFacade.js":{"path":"/Users/kathykhong/WebstormProjects/project_team231/src/controller/InsightFacade.js","statementMap":{"0":{"start":{"line":2,"column":0},"end":{"line":2,"column":62}},"1":{"start":{"line":3,"column":15},"end":{"line":3,"column":33}},"2":{"start":{"line":4,"column":25},"end":{"line":4,"column":52}},"3":{"start":{"line":5,"column":11},"end":{"line":5,"column":24}},"4":{"start":{"line":6,"column":17},"end":{"line":6,"column":47}},"5":{"start":{"line":7,"column":18},"end":{"line":7,"column":49}},"6":{"start":{"line":8,"column":25},"end":{"line":8,"column":64}},"7":{"start":{"line":9,"column":25},"end":{"line":9,"column":64}},"8":{"start":{"line":10,"column":23},"end":{"line":10,"column":48}},"9":{"start":{"line":11,"column":21},"end":{"line":11,"column":44}},"10":{"start":{"line":14,"column":8},"end":{"line":14,"column":34}},"11":{"start":{"line":15,"column":8},"end":{"line":16,"column":61}},"12":{"start":{"line":17,"column":8},"end":{"line":17,"column":58}},"13":{"start":{"line":18,"column":8},"end":{"line":18,"column":37}},"14":{"start":{"line":21,"column":8},"end":{"line":24,"column":9}},"15":{"start":{"line":23,"column":12},"end":{"line":23,"column":83}},"16":{"start":{"line":25,"column":8},"end":{"line":27,"column":9}},"17":{"start":{"line":26,"column":12},"end":{"line":26,"column":106}},"18":{"start":{"line":28,"column":8},"end":{"line":30,"column":9}},"19":{"start":{"line":29,"column":12},"end":{"line":29,"column":115}},"20":{"start":{"line":31,"column":8},"end":{"line":33,"column":9}},"21":{"start":{"line":32,"column":12},"end":{"line":32,"column":91}},"22":{"start":{"line":35,"column":8},"end":{"line":38,"column":9}},"23":{"start":{"line":36,"column":31},"end":{"line":36,"column":64}},"24":{"start":{"line":37,"column":12},"end":{"line":37,"column":77}},"25":{"start":{"line":39,"column":8},"end":{"line":42,"column":9}},"26":{"start":{"line":40,"column":29},"end":{"line":40,"column":58}},"27":{"start":{"line":41,"column":12},"end":{"line":41,"column":73}},"28":{"start":{"line":43,"column":8},"end":{"line":43,"column":39}},"29":{"start":{"line":46,"column":21},"end":{"line":46,"column":34}},"30":{"start":{"line":47,"column":8},"end":{"line":51,"column":9}},"31":{"start":{"line":48,"column":12},"end":{"line":50,"column":13}},"32":{"start":{"line":49,"column":16},"end":{"line":49,"column":29}},"33":{"start":{"line":52,"column":8},"end":{"line":52,"column":20}},"34":{"start":{"line":55,"column":21},"end":{"line":55,"column":23}},"35":{"start":{"line":56,"column":8},"end":{"line":63,"column":11}},"36":{"start":{"line":58,"column":12},"end":{"line":61,"column":15}},"37":{"start":{"line":59,"column":29},"end":{"line":59,"column":49}},"38":{"start":{"line":60,"column":16},"end":{"line":60,"column":47}},"39":{"start":{"line":62,"column":12},"end":{"line":62,"column":30}},"40":{"start":{"line":64,"column":8},"end":{"line":64,"column":22}},"41":{"start":{"line":67,"column":22},"end":{"line":67,"column":23}},"42":{"start":{"line":69,"column":8},"end":{"line":85,"column":9}},"43":{"start":{"line":71,"column":12},"end":{"line":71,"column":46}},"44":{"start":{"line":72,"column":12},"end":{"line":72,"column":27}},"45":{"start":{"line":73,"column":12},"end":{"line":83,"column":13}},"46":{"start":{"line":74,"column":33},"end":{"line":74,"column":56}},"47":{"start":{"line":75,"column":16},"end":{"line":82,"column":17}},"48":{"start":{"line":76,"column":20},"end":{"line":76,"column":63}},"49":{"start":{"line":77,"column":20},"end":{"line":79,"column":21}},"50":{"start":{"line":78,"column":24},"end":{"line":78,"column":65}},"51":{"start":{"line":80,"column":20},"end":{"line":80,"column":61}},"52":{"start":{"line":81,"column":20},"end":{"line":81,"column":30}},"53":{"start":{"line":84,"column":12},"end":{"line":84,"column":62}},"54":{"start":{"line":86,"column":8},"end":{"line":86,"column":39}},"55":{"start":{"line":87,"column":8},"end":{"line":87,"column":26}},"56":{"start":{"line":90,"column":8},"end":{"line":95,"column":9}},"57":{"start":{"line":91,"column":34},"end":{"line":91,"column":54}},"58":{"start":{"line":92,"column":12},"end":{"line":94,"column":13}},"59":{"start":{"line":93,"column":16},"end":{"line":93,"column":29}},"60":{"start":{"line":96,"column":8},"end":{"line":96,"column":20}},"61":{"start":{"line":99,"column":8},"end":{"line":104,"column":9}},"62":{"start":{"line":100,"column":12},"end":{"line":100,"column":37}},"63":{"start":{"line":103,"column":12},"end":{"line":103,"column":59}},"64":{"start":{"line":105,"column":8},"end":{"line":105,"column":57}},"65":{"start":{"line":106,"column":8},"end":{"line":106,"column":51}},"66":{"start":{"line":107,"column":8},"end":{"line":107,"column":44}},"67":{"start":{"line":108,"column":8},"end":{"line":108,"column":55}},"68":{"start":{"line":109,"column":8},"end":{"line":109,"column":55}},"69":{"start":{"line":110,"column":8},"end":{"line":110,"column":41}},"70":{"start":{"line":111,"column":8},"end":{"line":111,"column":39}},"71":{"start":{"line":112,"column":8},"end":{"line":112,"column":52}},"72":{"start":{"line":113,"column":8},"end":{"line":113,"column":43}},"73":{"start":{"line":116,"column":8},"end":{"line":119,"column":9}},"74":{"start":{"line":118,"column":12},"end":{"line":118,"column":83}},"75":{"start":{"line":120,"column":8},"end":{"line":123,"column":9}},"76":{"start":{"line":122,"column":12},"end":{"line":122,"column":72}},"77":{"start":{"line":124,"column":8},"end":{"line":126,"column":9}},"78":{"start":{"line":125,"column":12},"end":{"line":125,"column":72}},"79":{"start":{"line":127,"column":21},"end":{"line":127,"column":35}},"80":{"start":{"line":128,"column":8},"end":{"line":128,"column":28}},"81":{"start":{"line":129,"column":8},"end":{"line":129,"column":36}},"82":{"start":{"line":130,"column":8},"end":{"line":130,"column":54}},"83":{"start":{"line":131,"column":8},"end":{"line":131,"column":35}},"84":{"start":{"line":134,"column":20},"end":{"line":134,"column":35}},"85":{"start":{"line":135,"column":8},"end":{"line":137,"column":9}},"86":{"start":{"line":136,"column":12},"end":{"line":136,"column":33}},"87":{"start":{"line":138,"column":8},"end":{"line":138,"column":19}},"88":{"start":{"line":141,"column":21},"end":{"line":141,"column":23}},"89":{"start":{"line":142,"column":8},"end":{"line":149,"column":9}},"90":{"start":{"line":143,"column":25},"end":{"line":147,"column":13}},"91":{"start":{"line":148,"column":12},"end":{"line":148,"column":32}},"92":{"start":{"line":150,"column":8},"end":{"line":150,"column":39}},"93":{"start":{"line":153,"column":8},"end":{"line":190,"column":9}},"94":{"start":{"line":154,"column":28},"end":{"line":154,"column":65}},"95":{"start":{"line":155,"column":12},"end":{"line":155,"column":43}},"96":{"start":{"line":156,"column":39},"end":{"line":156,"column":41}},"97":{"start":{"line":157,"column":35},"end":{"line":157,"column":59}},"98":{"start":{"line":158,"column":12},"end":{"line":160,"column":13}},"99":{"start":{"line":159,"column":16},"end":{"line":159,"column":91}},"100":{"start":{"line":161,"column":26},"end":{"line":161,"column":64}},"101":{"start":{"line":162,"column":21},"end":{"line":162,"column":58}},"102":{"start":{"line":163,"column":12},"end":{"line":169,"column":13}},"103":{"start":{"line":164,"column":16},"end":{"line":168,"column":17}},"104":{"start":{"line":165,"column":20},"end":{"line":167,"column":21}},"105":{"start":{"line":166,"column":24},"end":{"line":166,"column":59}},"106":{"start":{"line":170,"column":32},"end":{"line":170,"column":34}},"107":{"start":{"line":171,"column":27},"end":{"line":171,"column":51}},"108":{"start":{"line":172,"column":12},"end":{"line":178,"column":13}},"109":{"start":{"line":173,"column":36},"end":{"line":173,"column":48}},"110":{"start":{"line":174,"column":16},"end":{"line":176,"column":17}},"111":{"start":{"line":175,"column":20},"end":{"line":175,"column":84}},"112":{"start":{"line":177,"column":16},"end":{"line":177,"column":50}},"113":{"start":{"line":179,"column":12},"end":{"line":181,"column":13}},"114":{"start":{"line":180,"column":16},"end":{"line":180,"column":105}},"115":{"start":{"line":182,"column":12},"end":{"line":185,"column":13}},"116":{"start":{"line":183,"column":30},"end":{"line":183,"column":49}},"117":{"start":{"line":184,"column":16},"end":{"line":184,"column":70}},"118":{"start":{"line":184,"column":45},"end":{"line":184,"column":68}},"119":{"start":{"line":186,"column":12},"end":{"line":186,"column":50}},"120":{"start":{"line":189,"column":12},"end":{"line":189,"column":39}},"121":{"start":{"line":193,"column":0},"end":{"line":193,"column":32}}},"fnMap":{"0":{"name":"(anonymous_0)","decl":{"start":{"line":13,"column":4},"end":{"line":13,"column":5}},"loc":{"start":{"line":13,"column":18},"end":{"line":19,"column":5}},"line":13},"1":{"name":"(anonymous_1)","decl":{"start":{"line":20,"column":4},"end":{"line":20,"column":5}},"loc":{"start":{"line":20,"column":34},"end":{"line":44,"column":5}},"line":20},"2":{"name":"(anonymous_2)","decl":{"start":{"line":45,"column":4},"end":{"line":45,"column":5}},"loc":{"start":{"line":45,"column":25},"end":{"line":53,"column":5}},"line":45},"3":{"name":"(anonymous_3)","decl":{"start":{"line":54,"column":4},"end":{"line":54,"column":5}},"loc":{"start":{"line":54,"column":17},"end":{"line":65,"column":5}},"line":54},"4":{"name":"(anonymous_4)","decl":{"start":{"line":56,"column":36},"end":{"line":56,"column":37}},"loc":{"start":{"line":56,"column":62},"end":{"line":63,"column":9}},"line":56},"5":{"name":"(anonymous_5)","decl":{"start":{"line":58,"column":45},"end":{"line":58,"column":46}},"loc":{"start":{"line":58,"column":65},"end":{"line":61,"column":13}},"line":58},"6":{"name":"(anonymous_6)","decl":{"start":{"line":66,"column":4},"end":{"line":66,"column":5}},"loc":{"start":{"line":66,"column":42},"end":{"line":88,"column":5}},"line":66},"7":{"name":"(anonymous_7)","decl":{"start":{"line":89,"column":4},"end":{"line":89,"column":5}},"loc":{"start":{"line":89,"column":34},"end":{"line":97,"column":5}},"line":89},"8":{"name":"(anonymous_8)","decl":{"start":{"line":98,"column":4},"end":{"line":98,"column":5}},"loc":{"start":{"line":98,"column":42},"end":{"line":114,"column":5}},"line":98},"9":{"name":"(anonymous_9)","decl":{"start":{"line":115,"column":4},"end":{"line":115,"column":5}},"loc":{"start":{"line":115,"column":22},"end":{"line":132,"column":5}},"line":115},"10":{"name":"(anonymous_10)","decl":{"start":{"line":133,"column":4},"end":{"line":133,"column":5}},"loc":{"start":{"line":133,"column":28},"end":{"line":139,"column":5}},"line":133},"11":{"name":"(anonymous_11)","decl":{"start":{"line":140,"column":4},"end":{"line":140,"column":5}},"loc":{"start":{"line":140,"column":19},"end":{"line":151,"column":5}},"line":140},"12":{"name":"(anonymous_12)","decl":{"start":{"line":152,"column":4},"end":{"line":152,"column":5}},"loc":{"start":{"line":152,"column":24},"end":{"line":191,"column":5}},"line":152},"13":{"name":"(anonymous_13)","decl":{"start":{"line":184,"column":35},"end":{"line":184,"column":36}},"loc":{"start":{"line":184,"column":45},"end":{"line":184,"column":68}},"line":184}},"branchMap":{"0":{"loc":{"start":{"line":21,"column":8},"end":{"line":24,"column":9}},"type":"if","locations":[{"start":{"line":21,"column":8},"end":{"line":24,"column":9}},{"start":{"line":21,"column":8},"end":{"line":24,"column":9}}],"line":21},"1":{"loc":{"start":{"line":21,"column":12},"end":{"line":22,"column":46}},"type":"binary-expr","locations":[{"start":{"line":21,"column":12},"end":{"line":21,"column":28}},{"start":{"line":21,"column":32},"end":{"line":21,"column":42}},{"start":{"line":21,"column":46},"end":{"line":21,"column":55}},{"start":{"line":21,"column":59},"end":{"line":21,"column":83}},{"start":{"line":22,"column":15},"end":{"line":22,"column":26}},{"start":{"line":22,"column":30},"end":{"line":22,"column":46}}],"line":21},"2":{"loc":{"start":{"line":25,"column":8},"end":{"line":27,"column":9}},"type":"if","locations":[{"start":{"line":25,"column":8},"end":{"line":27,"column":9}},{"start":{"line":25,"column":8},"end":{"line":27,"column":9}}],"line":25},"3":{"loc":{"start":{"line":28,"column":8},"end":{"line":30,"column":9}},"type":"if","locations":[{"start":{"line":28,"column":8},"end":{"line":30,"column":9}},{"start":{"line":28,"column":8},"end":{"line":30,"column":9}}],"line":28},"4":{"loc":{"start":{"line":28,"column":12},"end":{"line":28,"column":53}},"type":"binary-expr","locations":[{"start":{"line":28,"column":12},"end":{"line":28,"column":28}},{"start":{"line":28,"column":32},"end":{"line":28,"column":53}}],"line":28},"5":{"loc":{"start":{"line":31,"column":8},"end":{"line":33,"column":9}},"type":"if","locations":[{"start":{"line":31,"column":8},"end":{"line":33,"column":9}},{"start":{"line":31,"column":8},"end":{"line":33,"column":9}}],"line":31},"6":{"loc":{"start":{"line":35,"column":8},"end":{"line":38,"column":9}},"type":"if","locations":[{"start":{"line":35,"column":8},"end":{"line":38,"column":9}},{"start":{"line":35,"column":8},"end":{"line":38,"column":9}}],"line":35},"7":{"loc":{"start":{"line":39,"column":8},"end":{"line":42,"column":9}},"type":"if","locations":[{"start":{"line":39,"column":8},"end":{"line":42,"column":9}},{"start":{"line":39,"column":8},"end":{"line":42,"column":9}}],"line":39},"8":{"loc":{"start":{"line":48,"column":12},"end":{"line":50,"column":13}},"type":"if","locations":[{"start":{"line":48,"column":12},"end":{"line":50,"column":13}},{"start":{"line":48,"column":12},"end":{"line":50,"column":13}}],"line":48},"9":{"loc":{"start":{"line":75,"column":16},"end":{"line":82,"column":17}},"type":"if","locations":[{"start":{"line":75,"column":16},"end":{"line":82,"column":17}},{"start":{"line":75,"column":16},"end":{"line":82,"column":17}}],"line":75},"10":{"loc":{"start":{"line":77,"column":20},"end":{"line":79,"column":21}},"type":"if","locations":[{"start":{"line":77,"column":20},"end":{"line":79,"column":21}},{"start":{"line":77,"column":20},"end":{"line":79,"column":21}}],"line":77},"11":{"loc":{"start":{"line":92,"column":12},"end":{"line":94,"column":13}},"type":"if","locations":[{"start":{"line":92,"column":12},"end":{"line":94,"column":13}},{"start":{"line":92,"column":12},"end":{"line":94,"column":13}}],"line":92},"12":{"loc":{"start":{"line":99,"column":8},"end":{"line":104,"column":9}},"type":"if","locations":[{"start":{"line":99,"column":8},"end":{"line":104,"column":9}},{"start":{"line":99,"column":8},"end":{"line":104,"column":9}}],"line":99},"13":{"loc":{"start":{"line":116,"column":8},"end":{"line":119,"column":9}},"type":"if","locations":[{"start":{"line":116,"column":8},"end":{"line":119,"column":9}},{"start":{"line":116,"column":8},"end":{"line":119,"column":9}}],"line":116},"14":{"loc":{"start":{"line":116,"column":12},"end":{"line":117,"column":46}},"type":"binary-expr","locations":[{"start":{"line":116,"column":12},"end":{"line":116,"column":28}},{"start":{"line":116,"column":32},"end":{"line":116,"column":42}},{"start":{"line":116,"column":46},"end":{"line":116,"column":55}},{"start":{"line":116,"column":59},"end":{"line":116,"column":83}},{"start":{"line":117,"column":15},"end":{"line":117,"column":26}},{"start":{"line":117,"column":30},"end":{"line":117,"column":46}}],"line":116},"15":{"loc":{"start":{"line":120,"column":8},"end":{"line":123,"column":9}},"type":"if","locations":[{"start":{"line":120,"column":8},"end":{"line":123,"column":9}},{"start":{"line":120,"column":8},"end":{"line":123,"column":9}}],"line":120},"16":{"loc":{"start":{"line":120,"column":12},"end":{"line":121,"column":45}},"type":"binary-expr","locations":[{"start":{"line":120,"column":12},"end":{"line":120,"column":46}},{"start":{"line":121,"column":12},"end":{"line":121,"column":45}}],"line":120},"17":{"loc":{"start":{"line":124,"column":8},"end":{"line":126,"column":9}},"type":"if","locations":[{"start":{"line":124,"column":8},"end":{"line":126,"column":9}},{"start":{"line":124,"column":8},"end":{"line":126,"column":9}}],"line":124},"18":{"loc":{"start":{"line":124,"column":12},"end":{"line":124,"column":68}},"type":"binary-expr","locations":[{"start":{"line":124,"column":12},"end":{"line":124,"column":37}},{"start":{"line":124,"column":41},"end":{"line":124,"column":68}}],"line":124},"19":{"loc":{"start":{"line":135,"column":8},"end":{"line":137,"column":9}},"type":"if","locations":[{"start":{"line":135,"column":8},"end":{"line":137,"column":9}},{"start":{"line":135,"column":8},"end":{"line":137,"column":9}}],"line":135},"20":{"loc":{"start":{"line":158,"column":12},"end":{"line":160,"column":13}},"type":"if","locations":[{"start":{"line":158,"column":12},"end":{"line":160,"column":13}},{"start":{"line":158,"column":12},"end":{"line":160,"column":13}}],"line":158},"21":{"loc":{"start":{"line":165,"column":20},"end":{"line":167,"column":21}},"type":"if","locations":[{"start":{"line":165,"column":20},"end":{"line":167,"column":21}},{"start":{"line":165,"column":20},"end":{"line":167,"column":21}}],"line":165},"22":{"loc":{"start":{"line":179,"column":12},"end":{"line":181,"column":13}},"type":"if","locations":[{"start":{"line":179,"column":12},"end":{"line":181,"column":13}},{"start":{"line":179,"column":12},"end":{"line":181,"column":13}}],"line":179},"23":{"loc":{"start":{"line":182,"column":12},"end":{"line":185,"column":13}},"type":"if","locations":[{"start":{"line":182,"column":12},"end":{"line":185,"column":13}},{"start":{"line":182,"column":12},"end":{"line":185,"column":13}}],"line":182}},"s":{"0":1,"1":1,"2":1,"3":1,"4":1,"5":1,"6":1,"7":1,"8":1,"9":1,"10":0,"11":0,"12":0,"13":0,"14":0,"15":0,"16":0,"17":0,"18":0,"19":0,"20":0,"21":0,"22":0,"23":0,"24":0,"25":0,"26":0,"27":0,"28":0,"29":0,"30":0,"31":0,"32":0,"33":0,"34":0,"35":0,"36":0,"37":0,"38":0,"39":0,"40":0,"41":0,"42":0,"43":0,"44":0,"45":0,"46":0,"47":0,"48":0,"49":0,"50":0,"51":0,"52":0,"53":0,"54":0,"55":0,"56":0,"57":0,"58":0,"59":0,"60":0,"61":0,"62":0,"63":0,"64":0,"65":0,"66":0,"67":0,"68":0,"69":0,"70":0,"71":0,"72":0,"73":0,"74":0,"75":0,"76":0,"77":0,"78":0,"79":0,"80":0,"81":0,"82":0,"83":0,"84":0,"85":0,"86":0,"87":0,"88":0,"89":0,"90":0,"91":0,"92":0,"93":0,"94":0,"95":0,"96":0,"97":0,"98":0,"99":0,"100":0,"101":0,"102":0,"103":0,"104":0,"105":0,"106":0,"107":0,"108":0,"109":0,"110":0,"111":0,"112":0,"113":0,"114":0,"115":0,"116":0,"117":0,"118":0,"119":0,"120":0,"121":1},"f":{"0":0,"1":0,"2":0,"3":0,"4":0,"5":0,"6":0,"7":0,"8":0,"9":0,"10":0,"11":0,"12":0,"13":0},"b":{"0":[0,0],"1":[0,0,0,0,0,0],"2":[0,0],"3":[0,0],"4":[0,0],"5":[0,0],"6":[0,0],"7":[0,0],"8":[0,0],"9":[0,0],"10":[0,0],"11":[0,0],"12":[0,0],"13":[0,0],"14":[0,0,0,0,0,0],"15":[0,0],"16":[0,0],"17":[0,0],"18":[0,0],"19":[0,0],"20":[0,0],"21":[0,0],"22":[0,0],"23":[0,0]},"inputSourceMap":{"version":3,"file":"InsightFacade.js","sourceRoot":"","sources":["InsightFacade.ts"],"names":[],"mappings":";;AAAA,kCAA0B;AAC1B,qDAO0B;AAG1B,yBAAyB;AACzB,gDAA2C;AAC3C,kDAA6C;AAC7C,iEAA4D;AAC5D,iEAA4D;AAC5D,iDAA4C;AAC5C,6CAAwC;AAOxC,MAAqB,aAAa;IAM9B;QALO,oBAAe,GAAa,EAAE,CAAC;QAE/B,eAAU,GAAa,CAAC,KAAK,EAAE,MAAM,EAAE,MAAM,EAAE,OAAO,EAAE,MAAM;YACjE,SAAS,EAAE,QAAQ,EAAE,WAAW,EAAE,OAAO,EAAE,IAAI,CAAC,CAAC;QAGjD,cAAG,CAAC,KAAK,CAAC,2BAA2B,CAAC,CAAC;QACvC,IAAI,CAAC,WAAW,GAAG,IAAI,GAAG,EAAE,CAAC;IACjC,CAAC;IAGM,UAAU,CACb,EAAU,EACV,OAAe,EACf,IAAwB;QAExB,IAAI,EAAE,CAAC,QAAQ,CAAC,GAAG,CAAC,IAAI,CAAC,EAAE,CAAC,IAAI,EAAE,IAAI,EAAE,KAAK,EAAE,IAAI,IAAI,CAAC,eAAe,CAAC,EAAE,CAAC;eACpE,EAAE,KAAK,IAAI,IAAI,EAAE,KAAK,SAAS,EAAE;YACpC,OAAO,OAAO,CAAC,MAAM,CAAC,IAAI,6BAAY,CAAC,YAAY,CAAC,CAAC,CAAC;SACzD;QACD,IAAI,IAAI,CAAC,eAAe,CAAC,QAAQ,CAAC,EAAE,CAAC,EAAE;YACnC,OAAO,OAAO,CAAC,MAAM,CAAC,IAAI,6BAAY,CAAC,mCAAmC,CAAC,CAAC,CAAC;SAChF;QACD,IAAI,OAAO,KAAK,IAAI,IAAI,OAAO,KAAK,SAAS,EAAE;YAC3C,OAAO,OAAO,CAAC,MAAM,CAAC,IAAI,6BAAY,CAAC,4CAA4C,CAAC,CAAC,CAAC;SACzF;QAED,IAAI,EAAE,CAAC,UAAU,CAAC,QAAQ,GAAG,EAAE,GAAG,MAAM,CAAC,EAAE;YACvC,OAAO,OAAO,CAAC,MAAM,CAAC,IAAI,6BAAY,CAAC,oBAAoB,CAAC,CAAC,CAAC;SACjE;QACD,IAAI,MAAyB,CAAC;QAC9B,IAAI,IAAI,KAAK,mCAAkB,CAAC,OAAO,EAAE;YACrC,IAAI,YAAY,GAAiB,IAAI,2BAAY,EAAE,CAAC;YACpD,MAAM,GAAG,YAAY,CAAC,iBAAiB,CAAC,EAAE,EAAE,OAAO,EAAE,IAAI,EAAE,IAAI,CAAC,CAAC;SACpE;QACD,IAAI,IAAI,KAAK,mCAAkB,CAAC,KAAK,EAAE;YACnC,IAAI,UAAU,GAAe,IAAI,uBAAU,EAAE,CAAC;YAC9C,MAAM,GAAG,UAAU,CAAC,eAAe,CAAC,EAAE,EAAE,OAAO,EAAE,IAAI,EAAE,IAAI,CAAC,CAAC;SAChE;QACD,OAAO,OAAO,CAAC,OAAO,CAAC,MAAM,CAAC,CAAC;IACvC,CAAC;IAEU,eAAe,CAAC,GAAW;QAC9B,IAAI,MAAM,GAAa,GAAG,CAAC,KAAK,CAAC,EAAE,CAAC,CAAC;QACrC,KAAK,MAAM,IAAI,IAAI,MAAM,EAAE;YACvB,IAAI,IAAI,KAAK,GAAG,EAAE;gBACd,OAAO,KAAK,CAAC;aAChB;SACJ;QACD,OAAO,IAAI,CAAC;IAChB,CAAC;IAMM,SAAS,CAAC,CAAQ;QACrB,IAAI,MAAM,GAAwB,EAAE,CAAC;QAKrC,CAAC,CAAC,MAAM,CAAC,SAAS,CAAC,CAAC,OAAO,CAAC,UAAU,QAAQ,EAAE,IAAI;YAChD,IAAI,IAAkB,CAAC;YACvB,IAAI,GAAG,IAAI,CAAC,KAAK,CAAC,QAAQ,CAAC,CAAC,IAAI,CAAC,UAAU,QAAQ;gBAC/C,IAAI,MAAM,GAAG,IAAI,CAAC,KAAK,CAAC,QAAQ,CAAC,CAAC;gBAClC,OAAO,OAAO,CAAC,OAAO,CAAC,MAAM,CAAC,CAAC;YAEnC,CAAC,CAAC,CAAC;YACH,MAAM,CAAC,IAAI,CAAC,IAAI,CAAC,CAAC;QACtB,CAAC,CAAC,CAAC;QACH,OAAO,MAAM,CAAC;IAClB,CAAC;IAIM,WAAW,CAAC,YAAmB,EAAE,UAAmB;QAKvD,IAAI,OAAO,GAAG,CAAC,CAAC;QAChB,IAAI,SAAiB,CAAC;QACtB,KAAK,MAAM,MAAM,IAAI,YAAY,EAAE;YAC/B,IAAI,SAAiB,CAAC;YACtB,SAAS,GAAG,IAAI,eAAM,EAAE,CAAC;YACzB,SAAS,GAAG,EAAE,CAAC;YAEf,KAAK,MAAM,OAAO,IAAI,MAAM,CAAC,MAAM,EAAE;gBACjC,IAAI,UAAU,GAAY,IAAI,iBAAO,EAAE,CAAC;gBACxC,IAAI,IAAI,CAAC,oBAAoB,CAAC,OAAO,CAAC,EAAE;oBACpC,IAAI,CAAC,gBAAgB,CAAC,UAAU,EAAE,OAAO,CAAC,CAAC;oBAC3C,IAAI,SAAS,KAAK,EAAE,EAAE;wBAClB,SAAS,GAAG,OAAO,CAAC,OAAO,GAAG,OAAO,CAAC,EAAE,CAAC;qBAC5C;oBACD,SAAS,CAAC,WAAW,EAAE,CAAC,IAAI,CAAC,UAAU,CAAC,CAAC;oBACzC,OAAO,EAAE,CAAC;iBACb;aACJ;YACD,UAAU,CAAC,UAAU,EAAE,CAAC,GAAG,CAAC,SAAS,EAAE,SAAS,CAAC,CAAC;SACrD;QACD,UAAU,CAAC,UAAU,CAAC,OAAO,CAAC,CAAC;QAC/B,OAAO,UAAU,CAAC;IACtB,CAAC;IAGM,oBAAoB,CAAC,OAAY;QACpC,KAAK,MAAM,SAAS,IAAI,IAAI,CAAC,UAAU,EAAE;YACrC,IAAI,eAAe,GAAa,MAAM,CAAC,IAAI,CAAC,OAAO,CAAC,CAAC;YACrD,IAAI,CAAC,eAAe,CAAC,QAAQ,CAAC,SAAS,CAAC,EAAE;gBACtC,OAAO,KAAK,CAAC;aAChB;SACJ;QACD,OAAO,IAAI,CAAC;IAChB,CAAC;IAEM,gBAAgB,CAAC,UAAmB,EAAE,OAAY;QACrD,IAAI,OAAO,CAAC,OAAO,KAAK,SAAS,EAAE;YAC/B,UAAU,CAAC,OAAO,CAAC,IAAI,CAAC,CAAC;SAC5B;aAAM;YACH,UAAU,CAAC,OAAO,CAAC,QAAQ,CAAC,OAAO,CAAC,IAAI,EAAE,EAAE,CAAC,CAAC,CAAC;SAClD;QACD,UAAU,CAAC,QAAQ,CAAC,QAAQ,CAAC,OAAO,CAAC,KAAK,EAAE,EAAE,CAAC,CAAC,CAAC;QACjD,UAAU,CAAC,MAAM,CAAC,UAAU,CAAC,OAAO,CAAC,GAAG,CAAC,CAAC,CAAC;QAC3C,UAAU,CAAC,OAAO,CAAC,OAAO,CAAC,OAAO,CAAC,CAAC;QACpC,UAAU,CAAC,OAAO,CAAC,QAAQ,CAAC,OAAO,CAAC,IAAI,EAAE,EAAE,CAAC,CAAC,CAAC;QAC/C,UAAU,CAAC,OAAO,CAAC,QAAQ,CAAC,OAAO,CAAC,IAAI,EAAE,EAAE,CAAC,CAAC,CAAC;QAC/C,UAAU,CAAC,KAAK,CAAC,OAAO,CAAC,MAAM,CAAC,CAAC;QACjC,UAAU,CAAC,OAAO,CAAC,OAAO,CAAC,EAAE,CAAC,CAAC;QAC/B,UAAU,CAAC,aAAa,CAAC,OAAO,CAAC,SAAS,CAAC,CAAC;QAC5C,UAAU,CAAC,QAAQ,CAAC,OAAO,CAAC,KAAK,CAAC,CAAC;IACvC,CAAC;IAGM,aAAa,CAAC,EAAU;QAC3B,IAAI,EAAE,CAAC,QAAQ,CAAC,GAAG,CAAC,IAAI,CAAC,EAAE,CAAC,IAAI,EAAE,IAAI,EAAE,KAAK,EAAE,IAAI,IAAI,CAAC,eAAe,CAAC,EAAE,CAAC;eACpE,EAAE,KAAK,IAAI,IAAI,EAAE,KAAK,SAAS,EAAE;YACpC,OAAO,OAAO,CAAC,MAAM,CAAC,IAAI,6BAAY,CAAC,YAAY,CAAC,CAAC,CAAC;SACzD;QACD,IACI,CAAC,IAAI,CAAC,eAAe,CAAC,QAAQ,CAAC,EAAE,CAAC;YAClC,IAAI,CAAC,eAAe,CAAC,MAAM,KAAK,CAAC,EACnC;YACE,OAAO,OAAO,CAAC,MAAM,CAAC,IAAI,8BAAa,EAAE,CAAC,CAAC;SAC9C;QACD,IAAI,CAAC,IAAI,CAAC,WAAW,CAAC,GAAG,CAAC,EAAE,CAAC,IAAI,IAAI,CAAC,WAAW,CAAC,IAAI,KAAK,CAAC,EAAE;YAC1D,OAAO,OAAO,CAAC,MAAM,CAAC,IAAI,8BAAa,EAAE,CAAC,CAAC;SAC9C;QAGD,MAAM,IAAI,GAAG,SAAS,GAAG,EAAE,CAAC;QAC5B,EAAE,CAAC,UAAU,CAAC,IAAI,CAAC,CAAC;QAEpB,IAAI,CAAC,WAAW,CAAC,MAAM,CAAC,EAAE,CAAC,CAAC;QAC5B,IAAI,CAAC,cAAc,CAAC,IAAI,CAAC,eAAe,EAAE,EAAE,CAAC,CAAC;QAC9C,OAAO,OAAO,CAAC,OAAO,CAAC,EAAE,CAAC,CAAC;IAC/B,CAAC;IAEM,cAAc,CAAC,GAAU,EAAE,EAAU;QACxC,IAAI,KAAK,GAAG,GAAG,CAAC,OAAO,CAAC,EAAE,CAAC,CAAC;QAC5B,IAAI,KAAK,GAAG,CAAC,CAAC,EAAE;YACZ,GAAG,CAAC,MAAM,CAAC,KAAK,EAAE,CAAC,CAAC,CAAC;SACxB;QACD,OAAO,GAAG,CAAC;IACf,CAAC;IAEM,YAAY;QACf,IAAI,MAAM,GAAqB,EAAE,CAAC;QAGlC,KAAK,MAAM,IAAI,IAAI,IAAI,CAAC,WAAW,CAAC,IAAI,EAAE,EAAE;YACxC,IAAI,MAAM,GAAmB;gBACzB,EAAE,EAAE,IAAI,CAAC,WAAW,CAAC,GAAG,CAAC,IAAI,CAAC,CAAC,YAAY,EAAE;gBAC7C,IAAI,EAAE,mCAAkB,CAAC,OAAO;gBAChC,OAAO,EAAE,IAAI,CAAC,WAAW,CAAC,GAAG,CAAC,IAAI,CAAC,CAAC,UAAU,EAAE;aACnD,CAAC;YACF,MAAM,CAAC,IAAI,CAAC,MAAM,CAAC,CAAC;SACvB;QACD,OAAO,OAAO,CAAC,OAAO,CAAC,MAAM,CAAC,CAAC;IACnC,CAAC;IAWM,YAAY,CAAC,KAAU;QAC1B,IAAI;YACA,IAAI,SAAS,GAAmB,IAAI,+BAAc,EAAE,CAAC;YAErD,SAAS,CAAC,aAAa,CAAC,KAAK,CAAC,CAAC;YAC/B,IAAI,oBAAoB,GAAU,EAAE,CAAC;YACrC,IAAI,gBAAgB,GAAW,SAAS,CAAC,cAAc,CAAC;YACxD,IAAI,CAAC,IAAI,CAAC,WAAW,CAAC,GAAG,CAAC,gBAAgB,CAAC,EAAE;gBACzC,MAAM,IAAI,6BAAY,CAAC,iCAAiC,CAAC,CAAC;aAC7D;YACD,IAAI,OAAO,GAAY,IAAI,CAAC,WAAW,CAAC,GAAG,CAAC,gBAAgB,CAAC,CAAC;YAC9D,IAAI,EAAE,GAAmB,IAAI,+BAAc,EAAE,CAAC;YAC9C,KAAK,MAAM,MAAM,IAAI,OAAO,CAAC,UAAU,EAAE,CAAC,MAAM,EAAE,EAAE;gBAChD,KAAK,MAAM,OAAO,IAAI,MAAM,CAAC,WAAW,EAAE,EAAE;oBACxC,IAAI,EAAE,CAAC,kBAAkB,CAAC,OAAO,EAAE,KAAK,CAAC,KAAK,CAAC,EAAE;wBAC7C,oBAAoB,CAAC,IAAI,CAAC,OAAO,CAAC,CAAC;qBACtC;iBACJ;aACJ;YACD,IAAI,aAAa,GAAU,EAAE,CAAC;YAC9B,IAAI,QAAQ,GAAG,SAAS,CAAC,cAAc,CAAC;YACxC,KAAK,MAAM,aAAa,IAAI,oBAAoB,EAAE;gBAC9C,IAAI,aAAa,GAAQ,IAAI,MAAM,EAAE,CAAC;gBACtC,KAAK,MAAM,GAAG,IAAI,SAAS,CAAC,YAAY,EAAE;oBACtC,aAAa,CAAC,QAAQ,GAAG,GAAG,GAAG,GAAG,CAAC,GAAG,aAAa,CAAC,MAAM,CACtD,GAAG,CACN,CAAC;iBACL;gBACD,aAAa,CAAC,IAAI,CAAC,aAAa,CAAC,CAAC;aACrC;YACD,IAAI,MAAM,CAAC,IAAI,CAAC,aAAa,CAAC,CAAC,MAAM,GAAG,IAAI,EAAE;gBAC1C,MAAM,IAAI,oCAAmB,CACzB,wCAAwC,CAC3C,CAAC;aACL;YAED,IAAI,MAAM,CAAC,IAAI,CAAC,KAAK,CAAC,OAAO,CAAC,CAAC,MAAM,KAAK,CAAC,EAAE;gBACzC,IAAI,OAAO,GAAG,KAAK,CAAC,OAAO,CAAC,KAAK,CAAC;gBAClC,aAAa,CAAC,IAAI,CAAC,CAAC,CAAC,EAAE,CAAC,EAAE,EAAE,CAAC,CAAC,CAAC,OAAO,CAAC,GAAG,CAAC,CAAC,OAAO,CAAC,CAAC,CAAC;aACzD;YACD,OAAO,OAAO,CAAC,OAAO,CAAC,aAAa,CAAC,CAAC;SACzC;QAAC,OAAO,GAAG,EAAE;YACV,OAAO,OAAO,CAAC,MAAM,CAAC,GAAG,CAAC,CAAC;SAC9B;IACL,CAAC;CACJ;AA5OD,gCA4OC"},"_coverageSchema":"1a1c01bbd47fc00a2c39e90264f33305004495a9","hash":"2c3538b6d7edba9f9bc67a87cba3e4b89262e5c1","contentHash":"6d6a6734061a27ab4ce650ab07030dc4527009adacad541a2adc290525b797cf"},"/Users/kathykhong/WebstormProjects/project_team231/src/Util.js":{"path":"/Users/kathykhong/WebstormProjects/project_team231/src/Util.js","statementMap":{"0":{"start":{"line":2,"column":0},"end":{"line":2,"column":62}},"1":{"start":{"line":5,"column":8},"end":{"line":5,"column":67}},"2":{"start":{"line":8,"column":8},"end":{"line":8,"column":68}},"3":{"start":{"line":11,"column":8},"end":{"line":11,"column":68}},"4":{"start":{"line":14,"column":8},"end":{"line":14,"column":69}},"5":{"start":{"line":17,"column":8},"end":{"line":17,"column":67}},"6":{"start":{"line":20,"column":0},"end":{"line":20,"column":22}}},"fnMap":{"0":{"name":"(anonymous_0)","decl":{"start":{"line":4,"column":4},"end":{"line":4,"column":5}},"loc":{"start":{"line":4,"column":25},"end":{"line":6,"column":5}},"line":4},"1":{"name":"(anonymous_1)","decl":{"start":{"line":7,"column":4},"end":{"line":7,"column":5}},"loc":{"start":{"line":7,"column":24},"end":{"line":9,"column":5}},"line":7},"2":{"name":"(anonymous_2)","decl":{"start":{"line":10,"column":4},"end":{"line":10,"column":5}},"loc":{"start":{"line":10,"column":24},"end":{"line":12,"column":5}},"line":10},"3":{"name":"(anonymous_3)","decl":{"start":{"line":13,"column":4},"end":{"line":13,"column":5}},"loc":{"start":{"line":13,"column":25},"end":{"line":15,"column":5}},"line":13},"4":{"name":"(anonymous_4)","decl":{"start":{"line":16,"column":4},"end":{"line":16,"column":5}},"loc":{"start":{"line":16,"column":24},"end":{"line":18,"column":5}},"line":16}},"branchMap":{},"s":{"0":1,"1":0,"2":0,"3":0,"4":0,"5":0,"6":1},"f":{"0":0,"1":0,"2":0,"3":0,"4":0},"b":{},"inputSourceMap":{"version":3,"file":"Util.js","sourceRoot":"","sources":["Util.ts"],"names":[],"mappings":";;AAGA,MAAqB,GAAG;IACb,MAAM,CAAC,KAAK,CAAC,GAAG,GAAU;QAC7B,OAAO,CAAC,GAAG,CAAC,OAAO,IAAI,IAAI,EAAE,CAAC,cAAc,EAAE,GAAG,EAAE,GAAG,GAAG,CAAC,CAAC;IAC/D,CAAC;IAEM,MAAM,CAAC,IAAI,CAAC,GAAG,GAAU;QAC5B,OAAO,CAAC,IAAI,CAAC,OAAO,IAAI,IAAI,EAAE,CAAC,cAAc,EAAE,GAAG,EAAE,GAAG,GAAG,CAAC,CAAC;IAChE,CAAC;IAEM,MAAM,CAAC,IAAI,CAAC,GAAG,GAAU;QAC5B,OAAO,CAAC,IAAI,CAAC,OAAO,IAAI,IAAI,EAAE,CAAC,cAAc,EAAE,GAAG,EAAE,GAAG,GAAG,CAAC,CAAC;IAChE,CAAC;IAEM,MAAM,CAAC,KAAK,CAAC,GAAG,GAAU;QAC7B,OAAO,CAAC,KAAK,CAAC,OAAO,IAAI,IAAI,EAAE,CAAC,cAAc,EAAE,GAAG,EAAE,GAAG,GAAG,CAAC,CAAC;IACjE,CAAC;IAEM,MAAM,CAAC,IAAI,CAAC,GAAG,GAAU;QAC5B,OAAO,CAAC,GAAG,CAAC,OAAO,IAAI,IAAI,EAAE,CAAC,cAAc,EAAE,GAAG,EAAE,GAAG,GAAG,CAAC,CAAC;IAC/D,CAAC;CACJ;AApBD,sBAoBC"},"_coverageSchema":"1a1c01bbd47fc00a2c39e90264f33305004495a9","hash":"af6449889df50c35be776d6ceebb5c65ebfee988","contentHash":"9f7a0e6e8bb208ca0dcc682e610e5b46e3b3064b3b08373a86d587e9741217ed"},"/Users/kathykhong/WebstormProjects/project_team231/src/dataModel/Course.js":{"path":"/Users/kathykhong/WebstormProjects/project_team231/src/dataModel/Course.js","statementMap":{"0":{"start":{"line":2,"column":0},"end":{"line":2,"column":62}},"1":{"start":{"line":5,"column":8},"end":{"line":5,"column":27}},"2":{"start":{"line":8,"column":8},"end":{"line":8,"column":29}},"3":{"start":{"line":11,"column":0},"end":{"line":11,"column":24}}},"fnMap":{"0":{"name":"(anonymous_0)","decl":{"start":{"line":4,"column":4},"end":{"line":4,"column":5}},"loc":{"start":{"line":4,"column":18},"end":{"line":6,"column":5}},"line":4},"1":{"name":"(anonymous_1)","decl":{"start":{"line":7,"column":4},"end":{"line":7,"column":5}},"loc":{"start":{"line":7,"column":18},"end":{"line":9,"column":5}},"line":7}},"branchMap":{},"s":{"0":1,"1":0,"2":0,"3":1},"f":{"0":0,"1":0},"b":{},"inputSourceMap":{"version":3,"file":"Course.js","sourceRoot":"","sources":["Course.ts"],"names":[],"mappings":";;AAEA,MAAa,MAAM;IAGf;QACI,IAAI,CAAC,QAAQ,GAAG,EAAE,CAAC;IACvB,CAAC;IAEM,WAAW;QACd,OAAO,IAAI,CAAC,QAAQ,CAAC;IACzB,CAAC;CACJ;AAVD,wBAUC"},"_coverageSchema":"1a1c01bbd47fc00a2c39e90264f33305004495a9","hash":"359bd4d48f55ce0dd2121e28701aece3406c6712","contentHash":"1575299232c97f11672d827b50884e4ff51ec03c5d51cea6e382a50c6d250e29"},"/Users/kathykhong/WebstormProjects/project_team231/src/dataModel/Section.js":{"path":"/Users/kathykhong/WebstormProjects/project_team231/src/dataModel/Section.js","statementMap":{"0":{"start":{"line":2,"column":0},"end":{"line":2,"column":62}},"1":{"start":{"line":3,"column":25},"end":{"line":3,"column":64}},"2":{"start":{"line":6,"column":8},"end":{"line":6,"column":25}},"3":{"start":{"line":9,"column":8},"end":{"line":9,"column":26}},"4":{"start":{"line":12,"column":8},"end":{"line":12,"column":26}},"5":{"start":{"line":15,"column":8},"end":{"line":15,"column":27}},"6":{"start":{"line":18,"column":8},"end":{"line":18,"column":26}},"7":{"start":{"line":21,"column":8},"end":{"line":21,"column":26}},"8":{"start":{"line":24,"column":8},"end":{"line":24,"column":24}},"9":{"start":{"line":27,"column":8},"end":{"line":27,"column":32}},"10":{"start":{"line":30,"column":8},"end":{"line":30,"column":27}},"11":{"start":{"line":33,"column":8},"end":{"line":33,"column":26}},"12":{"start":{"line":36,"column":8},"end":{"line":36,"column":24}},"13":{"start":{"line":39,"column":8},"end":{"line":39,"column":25}},"14":{"start":{"line":42,"column":8},"end":{"line":42,"column":25}},"15":{"start":{"line":45,"column":8},"end":{"line":45,"column":26}},"16":{"start":{"line":48,"column":8},"end":{"line":48,"column":25}},"17":{"start":{"line":51,"column":8},"end":{"line":51,"column":25}},"18":{"start":{"line":54,"column":8},"end":{"line":54,"column":23}},"19":{"start":{"line":57,"column":8},"end":{"line":57,"column":31}},"20":{"start":{"line":60,"column":8},"end":{"line":60,"column":26}},"21":{"start":{"line":63,"column":8},"end":{"line":63,"column":25}},"22":{"start":{"line":66,"column":8},"end":{"line":99,"column":9}},"23":{"start":{"line":68,"column":16},"end":{"line":68,"column":38}},"24":{"start":{"line":71,"column":16},"end":{"line":71,"column":36}},"25":{"start":{"line":74,"column":16},"end":{"line":74,"column":44}},"26":{"start":{"line":77,"column":16},"end":{"line":77,"column":39}},"27":{"start":{"line":80,"column":16},"end":{"line":80,"column":38}},"28":{"start":{"line":83,"column":16},"end":{"line":83,"column":37}},"29":{"start":{"line":86,"column":16},"end":{"line":86,"column":38}},"30":{"start":{"line":89,"column":16},"end":{"line":89,"column":38}},"31":{"start":{"line":92,"column":16},"end":{"line":92,"column":39}},"32":{"start":{"line":95,"column":16},"end":{"line":95,"column":38}},"33":{"start":{"line":98,"column":16},"end":{"line":98,"column":88}},"34":{"start":{"line":102,"column":0},"end":{"line":102,"column":26}}},"fnMap":{"0":{"name":"(anonymous_0)","decl":{"start":{"line":5,"column":4},"end":{"line":5,"column":5}},"loc":{"start":{"line":5,"column":18},"end":{"line":7,"column":5}},"line":5},"1":{"name":"(anonymous_1)","decl":{"start":{"line":8,"column":4},"end":{"line":8,"column":5}},"loc":{"start":{"line":8,"column":19},"end":{"line":10,"column":5}},"line":8},"2":{"name":"(anonymous_2)","decl":{"start":{"line":11,"column":4},"end":{"line":11,"column":5}},"loc":{"start":{"line":11,"column":19},"end":{"line":13,"column":5}},"line":11},"3":{"name":"(anonymous_3)","decl":{"start":{"line":14,"column":4},"end":{"line":14,"column":5}},"loc":{"start":{"line":14,"column":20},"end":{"line":16,"column":5}},"line":14},"4":{"name":"(anonymous_4)","decl":{"start":{"line":17,"column":4},"end":{"line":17,"column":5}},"loc":{"start":{"line":17,"column":19},"end":{"line":19,"column":5}},"line":17},"5":{"name":"(anonymous_5)","decl":{"start":{"line":20,"column":4},"end":{"line":20,"column":5}},"loc":{"start":{"line":20,"column":19},"end":{"line":22,"column":5}},"line":20},"6":{"name":"(anonymous_6)","decl":{"start":{"line":23,"column":4},"end":{"line":23,"column":5}},"loc":{"start":{"line":23,"column":17},"end":{"line":25,"column":5}},"line":23},"7":{"name":"(anonymous_7)","decl":{"start":{"line":26,"column":4},"end":{"line":26,"column":5}},"loc":{"start":{"line":26,"column":25},"end":{"line":28,"column":5}},"line":26},"8":{"name":"(anonymous_8)","decl":{"start":{"line":29,"column":4},"end":{"line":29,"column":5}},"loc":{"start":{"line":29,"column":20},"end":{"line":31,"column":5}},"line":29},"9":{"name":"(anonymous_9)","decl":{"start":{"line":32,"column":4},"end":{"line":32,"column":5}},"loc":{"start":{"line":32,"column":19},"end":{"line":34,"column":5}},"line":32},"10":{"name":"(anonymous_10)","decl":{"start":{"line":35,"column":4},"end":{"line":35,"column":5}},"loc":{"start":{"line":35,"column":13},"end":{"line":37,"column":5}},"line":35},"11":{"name":"(anonymous_11)","decl":{"start":{"line":38,"column":4},"end":{"line":38,"column":5}},"loc":{"start":{"line":38,"column":14},"end":{"line":40,"column":5}},"line":38},"12":{"name":"(anonymous_12)","decl":{"start":{"line":41,"column":4},"end":{"line":41,"column":5}},"loc":{"start":{"line":41,"column":14},"end":{"line":43,"column":5}},"line":41},"13":{"name":"(anonymous_13)","decl":{"start":{"line":44,"column":4},"end":{"line":44,"column":5}},"loc":{"start":{"line":44,"column":15},"end":{"line":46,"column":5}},"line":44},"14":{"name":"(anonymous_14)","decl":{"start":{"line":47,"column":4},"end":{"line":47,"column":5}},"loc":{"start":{"line":47,"column":14},"end":{"line":49,"column":5}},"line":47},"15":{"name":"(anonymous_15)","decl":{"start":{"line":50,"column":4},"end":{"line":50,"column":5}},"loc":{"start":{"line":50,"column":14},"end":{"line":52,"column":5}},"line":50},"16":{"name":"(anonymous_16)","decl":{"start":{"line":53,"column":4},"end":{"line":53,"column":5}},"loc":{"start":{"line":53,"column":12},"end":{"line":55,"column":5}},"line":53},"17":{"name":"(anonymous_17)","decl":{"start":{"line":56,"column":4},"end":{"line":56,"column":5}},"loc":{"start":{"line":56,"column":20},"end":{"line":58,"column":5}},"line":56},"18":{"name":"(anonymous_18)","decl":{"start":{"line":59,"column":4},"end":{"line":59,"column":5}},"loc":{"start":{"line":59,"column":15},"end":{"line":61,"column":5}},"line":59},"19":{"name":"(anonymous_19)","decl":{"start":{"line":62,"column":4},"end":{"line":62,"column":5}},"loc":{"start":{"line":62,"column":14},"end":{"line":64,"column":5}},"line":62},"20":{"name":"(anonymous_20)","decl":{"start":{"line":65,"column":4},"end":{"line":65,"column":5}},"loc":{"start":{"line":65,"column":16},"end":{"line":100,"column":5}},"line":65}},"branchMap":{"0":{"loc":{"start":{"line":66,"column":8},"end":{"line":99,"column":9}},"type":"switch","locations":[{"start":{"line":67,"column":12},"end":{"line":69,"column":13}},{"start":{"line":70,"column":12},"end":{"line":72,"column":13}},{"start":{"line":73,"column":12},"end":{"line":75,"column":13}},{"start":{"line":76,"column":12},"end":{"line":78,"column":13}},{"start":{"line":79,"column":12},"end":{"line":81,"column":13}},{"start":{"line":82,"column":12},"end":{"line":84,"column":13}},{"start":{"line":85,"column":12},"end":{"line":87,"column":13}},{"start":{"line":88,"column":12},"end":{"line":90,"column":13}},{"start":{"line":91,"column":12},"end":{"line":93,"column":13}},{"start":{"line":94,"column":12},"end":{"line":96,"column":13}},{"start":{"line":97,"column":12},"end":{"line":98,"column":88}}],"line":66}},"s":{"0":1,"1":1,"2":0,"3":0,"4":0,"5":0,"6":0,"7":0,"8":0,"9":0,"10":0,"11":0,"12":0,"13":0,"14":0,"15":0,"16":0,"17":0,"18":0,"19":0,"20":0,"21":0,"22":0,"23":0,"24":0,"25":0,"26":0,"27":0,"28":0,"29":0,"30":0,"31":0,"32":0,"33":0,"34":1},"f":{"0":0,"1":0,"2":0,"3":0,"4":0,"5":0,"6":0,"7":0,"8":0,"9":0,"10":0,"11":0,"12":0,"13":0,"14":0,"15":0,"16":0,"17":0,"18":0,"19":0,"20":0},"b":{"0":[0,0,0,0,0,0,0,0,0,0,0]},"inputSourceMap":{"version":3,"file":"Section.js","sourceRoot":"","sources":["Section.ts"],"names":[],"mappings":";;AAAA,iEAA4D;AAE5D,MAAa,OAAO;IAcT,MAAM,CAAC,KAAa;QACvB,IAAI,CAAC,GAAG,GAAG,KAAK,CAAC;IACrB,CAAC;IAEM,OAAO,CAAC,KAAa;QACxB,IAAI,CAAC,IAAI,GAAG,KAAK,CAAC;IACtB,CAAC;IAEM,OAAO,CAAC,KAAa;QACxB,IAAI,CAAC,IAAI,GAAG,KAAK,CAAC;IACtB,CAAC;IAEM,QAAQ,CAAC,KAAa;QACzB,IAAI,CAAC,KAAK,GAAG,KAAK,CAAC;IACvB,CAAC;IAEM,OAAO,CAAC,KAAa;QACxB,IAAI,CAAC,IAAI,GAAG,KAAK,CAAC;IACtB,CAAC;IAEM,OAAO,CAAC,KAAa;QACxB,IAAI,CAAC,IAAI,GAAG,KAAK,CAAC;IACtB,CAAC;IAEM,KAAK,CAAC,KAAa;QACtB,IAAI,CAAC,EAAE,GAAG,KAAK,CAAC;IACpB,CAAC;IAEM,aAAa,CAAC,KAAa;QAC9B,IAAI,CAAC,UAAU,GAAG,KAAK,CAAC;IAC5B,CAAC;IAEM,QAAQ,CAAC,KAAa;QACzB,IAAI,CAAC,KAAK,GAAG,KAAK,CAAC;IACvB,CAAC;IAEM,OAAO,CAAC,KAAa;QACxB,IAAI,CAAC,IAAI,GAAG,KAAK,CAAC;IACtB,CAAC;IAEM,MAAM;QACT,OAAO,IAAI,CAAC,GAAG,CAAC;IACpB,CAAC;IAEM,OAAO;QACV,OAAO,IAAI,CAAC,IAAI,CAAC;IACrB,CAAC;IAEM,OAAO;QACV,OAAO,IAAI,CAAC,IAAI,CAAC;IACrB,CAAC;IAEM,QAAQ;QACX,OAAO,IAAI,CAAC,KAAK,CAAC;IACtB,CAAC;IAEM,OAAO;QACV,OAAO,IAAI,CAAC,IAAI,CAAC;IACrB,CAAC;IAEM,OAAO;QACV,OAAO,IAAI,CAAC,IAAI,CAAC;IACrB,CAAC;IAEM,KAAK;QACR,OAAO,IAAI,CAAC,EAAE,CAAC;IACnB,CAAC;IAEM,aAAa;QAChB,OAAO,IAAI,CAAC,UAAU,CAAC;IAC3B,CAAC;IAEM,QAAQ;QACX,OAAO,IAAI,CAAC,KAAK,CAAC;IACtB,CAAC;IAEM,OAAO;QACV,OAAO,IAAI,CAAC,IAAI,CAAC;IACrB,CAAC;IAEM,MAAM,CAAC,GAAW;QACrB,QAAQ,GAAG,EAAE;YACT,KAAK,MAAM,CAAC,CAAC;gBACT,OAAO,IAAI,CAAC,OAAO,EAAE,CAAC;aACzB;YACD,KAAK,IAAI,CAAC,CAAC;gBACP,OAAO,IAAI,CAAC,KAAK,EAAE,CAAC;aACvB;YACD,KAAK,YAAY,CAAC,CAAC;gBACf,OAAO,IAAI,CAAC,aAAa,EAAE,CAAC;aAC/B;YACD,KAAK,OAAO,CAAC,CAAC;gBACV,OAAO,IAAI,CAAC,QAAQ,EAAE,CAAC;aAC1B;YACD,KAAK,MAAM,CAAC,CAAC;gBACT,OAAO,IAAI,CAAC,OAAO,EAAE,CAAC;aACzB;YACD,KAAK,KAAK,CAAC,CAAC;gBACR,OAAO,IAAI,CAAC,MAAM,EAAE,CAAC;aACxB;YACD,KAAK,MAAM,CAAC,CAAC;gBACT,OAAO,IAAI,CAAC,OAAO,EAAE,CAAC;aACzB;YACD,KAAK,MAAM,CAAC,CAAC;gBACT,OAAO,IAAI,CAAC,OAAO,EAAE,CAAC;aACzB;YACD,KAAK,OAAO,CAAC,CAAC;gBACV,OAAO,IAAI,CAAC,QAAQ,EAAE,CAAC;aAC1B;YACD,KAAK,MAAM,CAAC,CAAC;gBACT,OAAO,IAAI,CAAC,OAAO,EAAE,CAAC;aACzB;YACD;gBACI,MAAM,IAAI,6BAAY,CAAC,8BAA8B,CAAC,CAAC;SAC9D;IACL,CAAC;CACJ;AAlID,0BAkIC"},"_coverageSchema":"1a1c01bbd47fc00a2c39e90264f33305004495a9","hash":"56e528e17a55259382059fd65be32e6478adb4ed","contentHash":"eebf7a69cde55cd7bd9efff899740b963709fe71fd24956d48ad01ceae7797f3"},"/Users/kathykhong/WebstormProjects/project_team231/src/queryModel/QueryValidator.js":{"path":"/Users/kathykhong/WebstormProjects/project_team231/src/queryModel/QueryValidator.js","statementMap":{"0":{"start":{"line":2,"column":0},"end":{"line":2,"column":62}},"1":{"start":{"line":3,"column":25},"end":{"line":3,"column":64}},"2":{"start":{"line":4,"column":27},"end":{"line":4,"column":56}},"3":{"start":{"line":5,"column":25},"end":{"line":5,"column":52}},"4":{"start":{"line":8,"column":8},"end":{"line":19,"column":10}},"5":{"start":{"line":20,"column":8},"end":{"line":20,"column":69}},"6":{"start":{"line":21,"column":8},"end":{"line":21,"column":64}},"7":{"start":{"line":22,"column":8},"end":{"line":22,"column":71}},"8":{"start":{"line":23,"column":8},"end":{"line":23,"column":42}},"9":{"start":{"line":24,"column":8},"end":{"line":24,"column":50}},"10":{"start":{"line":25,"column":8},"end":{"line":25,"column":38}},"11":{"start":{"line":26,"column":8},"end":{"line":26,"column":31}},"12":{"start":{"line":29,"column":8},"end":{"line":31,"column":9}},"13":{"start":{"line":30,"column":12},"end":{"line":30,"column":70}},"14":{"start":{"line":32,"column":8},"end":{"line":35,"column":9}},"15":{"start":{"line":34,"column":12},"end":{"line":34,"column":94}},"16":{"start":{"line":36,"column":8},"end":{"line":39,"column":9}},"17":{"start":{"line":38,"column":12},"end":{"line":38,"column":96}},"18":{"start":{"line":40,"column":8},"end":{"line":42,"column":9}},"19":{"start":{"line":41,"column":12},"end":{"line":41,"column":102}},"20":{"start":{"line":43,"column":8},"end":{"line":43,"column":44}},"21":{"start":{"line":44,"column":31},"end":{"line":44,"column":72}},"22":{"start":{"line":45,"column":29},"end":{"line":45,"column":66}},"23":{"start":{"line":46,"column":8},"end":{"line":46,"column":54}},"24":{"start":{"line":47,"column":8},"end":{"line":47,"column":50}},"25":{"start":{"line":50,"column":8},"end":{"line":52,"column":9}},"26":{"start":{"line":51,"column":12},"end":{"line":51,"column":89}},"27":{"start":{"line":53,"column":8},"end":{"line":55,"column":9}},"28":{"start":{"line":54,"column":12},"end":{"line":54,"column":91}},"29":{"start":{"line":56,"column":8},"end":{"line":61,"column":9}},"30":{"start":{"line":60,"column":12},"end":{"line":60,"column":90}},"31":{"start":{"line":64,"column":8},"end":{"line":64,"column":32}},"32":{"start":{"line":67,"column":8},"end":{"line":69,"column":9}},"33":{"start":{"line":68,"column":12},"end":{"line":68,"column":25}},"34":{"start":{"line":70,"column":8},"end":{"line":72,"column":9}},"35":{"start":{"line":71,"column":12},"end":{"line":71,"column":25}},"36":{"start":{"line":73,"column":8},"end":{"line":73,"column":20}},"37":{"start":{"line":76,"column":8},"end":{"line":93,"column":9}},"38":{"start":{"line":77,"column":12},"end":{"line":79,"column":13}},"39":{"start":{"line":78,"column":16},"end":{"line":78,"column":28}},"40":{"start":{"line":81,"column":13},"end":{"line":93,"column":9}},"41":{"start":{"line":82,"column":12},"end":{"line":84,"column":13}},"42":{"start":{"line":83,"column":16},"end":{"line":83,"column":28}},"43":{"start":{"line":86,"column":13},"end":{"line":93,"column":9}},"44":{"start":{"line":87,"column":12},"end":{"line":89,"column":13}},"45":{"start":{"line":88,"column":16},"end":{"line":88,"column":28}},"46":{"start":{"line":92,"column":12},"end":{"line":92,"column":25}},"47":{"start":{"line":96,"column":0},"end":{"line":96,"column":40}}},"fnMap":{"0":{"name":"(anonymous_0)","decl":{"start":{"line":7,"column":4},"end":{"line":7,"column":5}},"loc":{"start":{"line":7,"column":18},"end":{"line":27,"column":5}},"line":7},"1":{"name":"(anonymous_1)","decl":{"start":{"line":28,"column":4},"end":{"line":28,"column":5}},"loc":{"start":{"line":28,"column":25},"end":{"line":48,"column":5}},"line":28},"2":{"name":"(anonymous_2)","decl":{"start":{"line":49,"column":4},"end":{"line":49,"column":5}},"loc":{"start":{"line":49,"column":35},"end":{"line":62,"column":5}},"line":49},"3":{"name":"(anonymous_3)","decl":{"start":{"line":63,"column":4},"end":{"line":63,"column":5}},"loc":{"start":{"line":63,"column":22},"end":{"line":65,"column":5}},"line":63},"4":{"name":"(anonymous_4)","decl":{"start":{"line":66,"column":4},"end":{"line":66,"column":5}},"loc":{"start":{"line":66,"column":24},"end":{"line":74,"column":5}},"line":66},"5":{"name":"(anonymous_5)","decl":{"start":{"line":75,"column":4},"end":{"line":75,"column":5}},"loc":{"start":{"line":75,"column":35},"end":{"line":94,"column":5}},"line":75}},"branchMap":{"0":{"loc":{"start":{"line":29,"column":8},"end":{"line":31,"column":9}},"type":"if","locations":[{"start":{"line":29,"column":8},"end":{"line":31,"column":9}},{"start":{"line":29,"column":8},"end":{"line":31,"column":9}}],"line":29},"1":{"loc":{"start":{"line":32,"column":8},"end":{"line":35,"column":9}},"type":"if","locations":[{"start":{"line":32,"column":8},"end":{"line":35,"column":9}},{"start":{"line":32,"column":8},"end":{"line":35,"column":9}}],"line":32},"2":{"loc":{"start":{"line":32,"column":12},"end":{"line":33,"column":50}},"type":"binary-expr","locations":[{"start":{"line":32,"column":12},"end":{"line":32,"column":45}},{"start":{"line":33,"column":12},"end":{"line":33,"column":50}}],"line":32},"3":{"loc":{"start":{"line":36,"column":8},"end":{"line":39,"column":9}},"type":"if","locations":[{"start":{"line":36,"column":8},"end":{"line":39,"column":9}},{"start":{"line":36,"column":8},"end":{"line":39,"column":9}}],"line":36},"4":{"loc":{"start":{"line":36,"column":12},"end":{"line":37,"column":52}},"type":"binary-expr","locations":[{"start":{"line":36,"column":12},"end":{"line":36,"column":47}},{"start":{"line":37,"column":12},"end":{"line":37,"column":52}}],"line":36},"5":{"loc":{"start":{"line":40,"column":8},"end":{"line":42,"column":9}},"type":"if","locations":[{"start":{"line":40,"column":8},"end":{"line":42,"column":9}},{"start":{"line":40,"column":8},"end":{"line":42,"column":9}}],"line":40},"6":{"loc":{"start":{"line":50,"column":8},"end":{"line":52,"column":9}},"type":"if","locations":[{"start":{"line":50,"column":8},"end":{"line":52,"column":9}},{"start":{"line":50,"column":8},"end":{"line":52,"column":9}}],"line":50},"7":{"loc":{"start":{"line":53,"column":8},"end":{"line":55,"column":9}},"type":"if","locations":[{"start":{"line":53,"column":8},"end":{"line":55,"column":9}},{"start":{"line":53,"column":8},"end":{"line":55,"column":9}}],"line":53},"8":{"loc":{"start":{"line":56,"column":8},"end":{"line":61,"column":9}},"type":"if","locations":[{"start":{"line":56,"column":8},"end":{"line":61,"column":9}},{"start":{"line":56,"column":8},"end":{"line":61,"column":9}}],"line":56},"9":{"loc":{"start":{"line":56,"column":12},"end":{"line":59,"column":53}},"type":"binary-expr","locations":[{"start":{"line":56,"column":13},"end":{"line":56,"column":46}},{"start":{"line":57,"column":15},"end":{"line":57,"column":50}},{"start":{"line":58,"column":16},"end":{"line":58,"column":51}},{"start":{"line":59,"column":19},"end":{"line":59,"column":52}}],"line":56},"10":{"loc":{"start":{"line":67,"column":8},"end":{"line":69,"column":9}},"type":"if","locations":[{"start":{"line":67,"column":8},"end":{"line":69,"column":9}},{"start":{"line":67,"column":8},"end":{"line":69,"column":9}}],"line":67},"11":{"loc":{"start":{"line":70,"column":8},"end":{"line":72,"column":9}},"type":"if","locations":[{"start":{"line":70,"column":8},"end":{"line":72,"column":9}},{"start":{"line":70,"column":8},"end":{"line":72,"column":9}}],"line":70},"12":{"loc":{"start":{"line":76,"column":8},"end":{"line":93,"column":9}},"type":"if","locations":[{"start":{"line":76,"column":8},"end":{"line":93,"column":9}},{"start":{"line":76,"column":8},"end":{"line":93,"column":9}}],"line":76},"13":{"loc":{"start":{"line":77,"column":12},"end":{"line":79,"column":13}},"type":"if","locations":[{"start":{"line":77,"column":12},"end":{"line":79,"column":13}},{"start":{"line":77,"column":12},"end":{"line":79,"column":13}}],"line":77},"14":{"loc":{"start":{"line":81,"column":13},"end":{"line":93,"column":9}},"type":"if","locations":[{"start":{"line":81,"column":13},"end":{"line":93,"column":9}},{"start":{"line":81,"column":13},"end":{"line":93,"column":9}}],"line":81},"15":{"loc":{"start":{"line":82,"column":12},"end":{"line":84,"column":13}},"type":"if","locations":[{"start":{"line":82,"column":12},"end":{"line":84,"column":13}},{"start":{"line":82,"column":12},"end":{"line":84,"column":13}}],"line":82},"16":{"loc":{"start":{"line":86,"column":13},"end":{"line":93,"column":9}},"type":"if","locations":[{"start":{"line":86,"column":13},"end":{"line":93,"column":9}},{"start":{"line":86,"column":13},"end":{"line":93,"column":9}}],"line":86},"17":{"loc":{"start":{"line":87,"column":12},"end":{"line":89,"column":13}},"type":"if","locations":[{"start":{"line":87,"column":12},"end":{"line":89,"column":13}},{"start":{"line":87,"column":12},"end":{"line":89,"column":13}}],"line":87}},"s":{"0":1,"1":1,"2":1,"3":1,"4":0,"5":0,"6":0,"7":0,"8":0,"9":0,"10":0,"11":0,"12":0,"13":0,"14":0,"15":0,"16":0,"17":0,"18":0,"19":0,"20":0,"21":0,"22":0,"23":0,"24":0,"25":0,"26":0,"27":0,"28":0,"29":0,"30":0,"31":0,"32":0,"33":0,"34":0,"35":0,"36":0,"37":0,"38":0,"39":0,"40":0,"41":0,"42":0,"43":0,"44":0,"45":0,"46":0,"47":1},"f":{"0":0,"1":0,"2":0,"3":0,"4":0,"5":0},"b":{"0":[0,0],"1":[0,0],"2":[0,0],"3":[0,0],"4":[0,0],"5":[0,0],"6":[0,0],"7":[0,0],"8":[0,0],"9":[0,0,0,0],"10":[0,0],"11":[0,0],"12":[0,0],"13":[0,0],"14":[0,0],"15":[0,0],"16":[0,0],"17":[0,0]},"inputSourceMap":{"version":3,"file":"QueryValidator.js","sourceRoot":"","sources":["QueryValidator.ts"],"names":[],"mappings":";;AAAA,iEAA4D;AAC5D,yDAAsD;AACtD,qDAAkD;AAClD,MAAa,cAAc;IAA3B;QACW,cAAS,GAAa;YACzB,KAAK;YACL,MAAM;YACN,MAAM;YACN,OAAO;YACP,MAAM;YACN,MAAM;YACN,IAAI;YACJ,YAAY;YACZ,OAAO;YACP,MAAM;SACT,CAAC;QAEK,YAAO,GAAa,CAAC,MAAM,EAAE,IAAI,EAAE,YAAY,EAAE,OAAO,EAAE,MAAM,CAAC,CAAC;QAClE,YAAO,GAAa,CAAC,KAAK,EAAE,MAAM,EAAE,MAAM,EAAE,OAAO,EAAE,MAAM,CAAC,CAAC;QAC7D,eAAU,GAAa,CAAC,IAAI,EAAE,IAAI,EAAE,IAAI,EAAE,IAAI,EAAE,KAAK,EAAE,IAAI,EAAE,KAAK,CAAC,CAAC;QACpE,iBAAY,GAAa,CAAC,KAAK,EAAE,IAAI,CAAC,CAAC;QACvC,oBAAe,GAAa,CAAC,IAAI,EAAE,IAAI,EAAE,IAAI,CAAC,CAAC;QAC/C,oBAAe,GAAa,CAAC,IAAI,CAAC,CAAC;QAEnC,iBAAY,GAAa,EAAE,CAAC;IA2FvC,CAAC;IAxFU,aAAa,CAAC,KAAU;QAC3B,IAAI,MAAM,CAAC,IAAI,CAAC,KAAK,CAAC,CAAC,MAAM,KAAK,CAAC,EAAE;YACjC,MAAM,IAAI,6BAAY,CAAC,gBAAgB,CAAC,CAAC;SAC5C;QACD,IACI,MAAM,CAAC,IAAI,CAAC,KAAK,CAAC,CAAC,QAAQ,CAAC,IAAI,CAAC;YACjC,MAAM,CAAC,IAAI,CAAC,KAAK,CAAC,CAAC,QAAQ,CAAC,SAAS,CAAC,EACxC;YACE,MAAM,IAAI,6BAAY,CAAC,wCAAwC,CAAC,CAAC;SACpE;QACD,IACI,MAAM,CAAC,MAAM,CAAC,KAAK,CAAC,CAAC,QAAQ,CAAC,IAAI,CAAC;YACnC,MAAM,CAAC,MAAM,CAAC,KAAK,CAAC,CAAC,QAAQ,CAAC,SAAS,CAAC,EAC1C;YACE,MAAM,IAAI,6BAAY,CAAC,0CAA0C,CAAC,CAAC;SACtE;QAED,IAAI,MAAM,CAAC,IAAI,CAAC,KAAK,CAAC,CAAC,MAAM,KAAK,CAAC,EAAE;YACjC,MAAM,IAAI,6BAAY,CAClB,gDAAgD,CACnD,CAAC;SACL;QAED,IAAI,CAAC,uBAAuB,CAAC,KAAK,CAAC,CAAC;QACpC,IAAI,gBAAgB,GAAqB,IAAI,mCAAgB,EAAE,CAAC;QAChE,IAAI,cAAc,GAAmB,IAAI,+BAAc,EAAE,CAAC;QAC1D,gBAAgB,CAAC,eAAe,CAAC,KAAK,EAAE,IAAI,CAAC,CAAC;QAC9C,cAAc,CAAC,aAAa,CAAC,KAAK,EAAE,IAAI,CAAC,CAAC;IAC9C,CAAC;IAIM,uBAAuB,CAAC,KAAU;QACrC,IAAI,CAAC,MAAM,CAAC,IAAI,CAAC,KAAK,CAAC,CAAC,QAAQ,CAAC,OAAO,CAAC,EAAE;YACvC,MAAM,IAAI,6BAAY,CAAC,mCAAmC,CAAC,CAAC;SAC/D;QACD,IAAI,CAAC,MAAM,CAAC,IAAI,CAAC,KAAK,CAAC,CAAC,QAAQ,CAAC,SAAS,CAAC,EAAE;YACzC,MAAM,IAAI,6BAAY,CAAC,qCAAqC,CAAC,CAAC;SACjE;QAQD,IACI,CAAC,MAAM,CAAC,IAAI,CAAC,KAAK,CAAC,CAAC,CAAC,CAAC,KAAK,OAAO;eAC3B,MAAM,CAAC,IAAI,CAAC,KAAK,CAAC,CAAC,CAAC,CAAC,KAAK,SAAS,CAAC;eACxC,CAAC,MAAM,CAAC,IAAI,CAAC,KAAK,CAAC,CAAC,CAAC,CAAC,KAAK,SAAS;mBACpC,MAAM,CAAC,IAAI,CAAC,KAAK,CAAC,CAAC,CAAC,CAAC,KAAK,OAAO,CAAC,EACvC;YACE,MAAM,IAAI,6BAAY,CAAC,oCAAoC,CAAC,CAAC;SAChE;IACL,CAAC;IAGM,UAAU,CAAC,KAAa;QAC3B,OAAO,KAAK,CAAC,KAAK,CAAC,GAAG,CAAC,CAAC;IAC5B,CAAC;IAEM,eAAe,CAAC,EAAU;QAC7B,IAAI,EAAE,CAAC,MAAM,GAAG,CAAC,EAAE;YACf,OAAO,KAAK,CAAC;SAChB;QACD,IAAI,EAAE,CAAC,QAAQ,CAAC,GAAG,CAAC,EAAE;YAClB,OAAO,KAAK,CAAC;SAChB;QACD,OAAO,IAAI,CAAC;IAChB,CAAC;IAEM,YAAY,CAAC,KAAa,EAAE,SAAiB;QAChD,IAAI,SAAS,KAAK,KAAK,EAAE;YACrB,IAAI,IAAI,CAAC,SAAS,CAAC,QAAQ,CAAC,KAAK,CAAC,EAAE;gBAChC,OAAO,IAAI,CAAC;aACf;SACJ;aAAM,IAAI,SAAS,KAAK,QAAQ,EAAE;YAC/B,IAAI,IAAI,CAAC,OAAO,CAAC,QAAQ,CAAC,KAAK,CAAC,EAAE;gBAC9B,OAAO,IAAI,CAAC;aACf;SACJ;aAAM,IAAI,SAAS,KAAK,QAAQ,EAAE;YAC/B,IAAI,IAAI,CAAC,OAAO,CAAC,QAAQ,CAAC,KAAK,CAAC,EAAE;gBAC9B,OAAO,IAAI,CAAC;aACf;SACJ;aAAM;YACH,OAAO,KAAK,CAAC;SAChB;IACL,CAAC;CACJ;AAhHD,wCAgHC"},"_coverageSchema":"1a1c01bbd47fc00a2c39e90264f33305004495a9","hash":"d7c52c23359cdcdd7e96f99a78b19fab01e5b75b","contentHash":"291f6052ec364778e17503dd5f34e894279d61853d8daa755101d2c090ac5da9"},"/Users/kathykhong/WebstormProjects/project_team231/src/queryModel/OptionsValidator.js":{"path":"/Users/kathykhong/WebstormProjects/project_team231/src/queryModel/OptionsValidator.js","statementMap":{"0":{"start":{"line":2,"column":0},"end":{"line":2,"column":62}},"1":{"start":{"line":3,"column":25},"end":{"line":3,"column":64}},"2":{"start":{"line":6,"column":8},"end":{"line":8,"column":9}},"3":{"start":{"line":7,"column":12},"end":{"line":7,"column":88}},"4":{"start":{"line":9,"column":8},"end":{"line":12,"column":9}},"5":{"start":{"line":11,"column":12},"end":{"line":11,"column":96}},"6":{"start":{"line":13,"column":8},"end":{"line":16,"column":9}},"7":{"start":{"line":15,"column":12},"end":{"line":15,"column":98}},"8":{"start":{"line":17,"column":8},"end":{"line":19,"column":9}},"9":{"start":{"line":18,"column":12},"end":{"line":18,"column":92}},"10":{"start":{"line":20,"column":8},"end":{"line":32,"column":9}},"11":{"start":{"line":21,"column":12},"end":{"line":26,"column":13}},"12":{"start":{"line":22,"column":16},"end":{"line":22,"column":88}},"13":{"start":{"line":25,"column":16},"end":{"line":25,"column":60}},"14":{"start":{"line":28,"column":13},"end":{"line":32,"column":9}},"15":{"start":{"line":29,"column":12},"end":{"line":29,"column":48}},"16":{"start":{"line":30,"column":12},"end":{"line":30,"column":56}},"17":{"start":{"line":31,"column":12},"end":{"line":31,"column":54}},"18":{"start":{"line":35,"column":8},"end":{"line":37,"column":9}},"19":{"start":{"line":36,"column":12},"end":{"line":36,"column":84}},"20":{"start":{"line":38,"column":8},"end":{"line":40,"column":9}},"21":{"start":{"line":39,"column":12},"end":{"line":39,"column":96}},"22":{"start":{"line":41,"column":8},"end":{"line":46,"column":9}},"23":{"start":{"line":45,"column":12},"end":{"line":45,"column":90}},"24":{"start":{"line":49,"column":8},"end":{"line":51,"column":9}},"25":{"start":{"line":50,"column":12},"end":{"line":50,"column":87}},"26":{"start":{"line":52,"column":8},"end":{"line":55,"column":9}},"27":{"start":{"line":54,"column":12},"end":{"line":54,"column":103}},"28":{"start":{"line":56,"column":8},"end":{"line":58,"column":9}},"29":{"start":{"line":57,"column":12},"end":{"line":57,"column":93}},"30":{"start":{"line":59,"column":21},"end":{"line":59,"column":23}},"31":{"start":{"line":60,"column":8},"end":{"line":77,"column":9}},"32":{"start":{"line":61,"column":31},"end":{"line":61,"column":61}},"33":{"start":{"line":62,"column":25},"end":{"line":62,"column":40}},"34":{"start":{"line":63,"column":26},"end":{"line":63,"column":41}},"35":{"start":{"line":64,"column":12},"end":{"line":66,"column":13}},"36":{"start":{"line":65,"column":16},"end":{"line":65,"column":71}},"37":{"start":{"line":67,"column":12},"end":{"line":67,"column":54}},"38":{"start":{"line":68,"column":12},"end":{"line":70,"column":13}},"39":{"start":{"line":69,"column":16},"end":{"line":69,"column":77}},"40":{"start":{"line":71,"column":12},"end":{"line":76,"column":13}},"41":{"start":{"line":72,"column":16},"end":{"line":72,"column":32}},"42":{"start":{"line":75,"column":16},"end":{"line":75,"column":90}},"43":{"start":{"line":78,"column":8},"end":{"line":78,"column":47}},"44":{"start":{"line":81,"column":8},"end":{"line":83,"column":9}},"45":{"start":{"line":82,"column":12},"end":{"line":82,"column":91}},"46":{"start":{"line":84,"column":8},"end":{"line":86,"column":9}},"47":{"start":{"line":85,"column":12},"end":{"line":85,"column":92}},"48":{"start":{"line":87,"column":8},"end":{"line":89,"column":9}},"49":{"start":{"line":88,"column":12},"end":{"line":88,"column":88}},"50":{"start":{"line":90,"column":8},"end":{"line":92,"column":9}},"51":{"start":{"line":91,"column":12},"end":{"line":91,"column":95}},"52":{"start":{"line":93,"column":27},"end":{"line":93,"column":73}},"53":{"start":{"line":94,"column":21},"end":{"line":94,"column":36}},"54":{"start":{"line":95,"column":22},"end":{"line":95,"column":37}},"55":{"start":{"line":96,"column":8},"end":{"line":98,"column":9}},"56":{"start":{"line":97,"column":12},"end":{"line":97,"column":67}},"57":{"start":{"line":99,"column":8},"end":{"line":101,"column":9}},"58":{"start":{"line":100,"column":12},"end":{"line":100,"column":113}},"59":{"start":{"line":102,"column":8},"end":{"line":104,"column":9}},"60":{"start":{"line":103,"column":12},"end":{"line":103,"column":99}},"61":{"start":{"line":107,"column":0},"end":{"line":107,"column":44}}},"fnMap":{"0":{"name":"(anonymous_0)","decl":{"start":{"line":5,"column":4},"end":{"line":5,"column":5}},"loc":{"start":{"line":5,"column":43},"end":{"line":33,"column":5}},"line":5},"1":{"name":"(anonymous_1)","decl":{"start":{"line":34,"column":4},"end":{"line":34,"column":5}},"loc":{"start":{"line":34,"column":35},"end":{"line":47,"column":5}},"line":34},"2":{"name":"(anonymous_2)","decl":{"start":{"line":48,"column":4},"end":{"line":48,"column":5}},"loc":{"start":{"line":48,"column":43},"end":{"line":79,"column":5}},"line":48},"3":{"name":"(anonymous_3)","decl":{"start":{"line":80,"column":4},"end":{"line":80,"column":5}},"loc":{"start":{"line":80,"column":41},"end":{"line":105,"column":5}},"line":80}},"branchMap":{"0":{"loc":{"start":{"line":6,"column":8},"end":{"line":8,"column":9}},"type":"if","locations":[{"start":{"line":6,"column":8},"end":{"line":8,"column":9}},{"start":{"line":6,"column":8},"end":{"line":8,"column":9}}],"line":6},"1":{"loc":{"start":{"line":9,"column":8},"end":{"line":12,"column":9}},"type":"if","locations":[{"start":{"line":9,"column":8},"end":{"line":12,"column":9}},{"start":{"line":9,"column":8},"end":{"line":12,"column":9}}],"line":9},"2":{"loc":{"start":{"line":9,"column":12},"end":{"line":10,"column":58}},"type":"binary-expr","locations":[{"start":{"line":9,"column":12},"end":{"line":9,"column":53}},{"start":{"line":10,"column":12},"end":{"line":10,"column":58}}],"line":9},"3":{"loc":{"start":{"line":13,"column":8},"end":{"line":16,"column":9}},"type":"if","locations":[{"start":{"line":13,"column":8},"end":{"line":16,"column":9}},{"start":{"line":13,"column":8},"end":{"line":16,"column":9}}],"line":13},"4":{"loc":{"start":{"line":13,"column":12},"end":{"line":14,"column":60}},"type":"binary-expr","locations":[{"start":{"line":13,"column":12},"end":{"line":13,"column":55}},{"start":{"line":14,"column":12},"end":{"line":14,"column":60}}],"line":13},"5":{"loc":{"start":{"line":17,"column":8},"end":{"line":19,"column":9}},"type":"if","locations":[{"start":{"line":17,"column":8},"end":{"line":19,"column":9}},{"start":{"line":17,"column":8},"end":{"line":19,"column":9}}],"line":17},"6":{"loc":{"start":{"line":20,"column":8},"end":{"line":32,"column":9}},"type":"if","locations":[{"start":{"line":20,"column":8},"end":{"line":32,"column":9}},{"start":{"line":20,"column":8},"end":{"line":32,"column":9}}],"line":20},"7":{"loc":{"start":{"line":21,"column":12},"end":{"line":26,"column":13}},"type":"if","locations":[{"start":{"line":21,"column":12},"end":{"line":26,"column":13}},{"start":{"line":21,"column":12},"end":{"line":26,"column":13}}],"line":21},"8":{"loc":{"start":{"line":28,"column":13},"end":{"line":32,"column":9}},"type":"if","locations":[{"start":{"line":28,"column":13},"end":{"line":32,"column":9}},{"start":{"line":28,"column":13},"end":{"line":32,"column":9}}],"line":28},"9":{"loc":{"start":{"line":35,"column":8},"end":{"line":37,"column":9}},"type":"if","locations":[{"start":{"line":35,"column":8},"end":{"line":37,"column":9}},{"start":{"line":35,"column":8},"end":{"line":37,"column":9}}],"line":35},"10":{"loc":{"start":{"line":38,"column":8},"end":{"line":40,"column":9}},"type":"if","locations":[{"start":{"line":38,"column":8},"end":{"line":40,"column":9}},{"start":{"line":38,"column":8},"end":{"line":40,"column":9}}],"line":38},"11":{"loc":{"start":{"line":41,"column":8},"end":{"line":46,"column":9}},"type":"if","locations":[{"start":{"line":41,"column":8},"end":{"line":46,"column":9}},{"start":{"line":41,"column":8},"end":{"line":46,"column":9}}],"line":41},"12":{"loc":{"start":{"line":41,"column":12},"end":{"line":44,"column":60}},"type":"binary-expr","locations":[{"start":{"line":41,"column":13},"end":{"line":41,"column":56}},{"start":{"line":42,"column":12},"end":{"line":42,"column":53}},{"start":{"line":43,"column":13},"end":{"line":43,"column":54}},{"start":{"line":44,"column":16},"end":{"line":44,"column":59}}],"line":41},"13":{"loc":{"start":{"line":49,"column":8},"end":{"line":51,"column":9}},"type":"if","locations":[{"start":{"line":49,"column":8},"end":{"line":51,"column":9}},{"start":{"line":49,"column":8},"end":{"line":51,"column":9}}],"line":49},"14":{"loc":{"start":{"line":52,"column":8},"end":{"line":55,"column":9}},"type":"if","locations":[{"start":{"line":52,"column":8},"end":{"line":55,"column":9}},{"start":{"line":52,"column":8},"end":{"line":55,"column":9}}],"line":52},"15":{"loc":{"start":{"line":52,"column":12},"end":{"line":53,"column":53}},"type":"binary-expr","locations":[{"start":{"line":52,"column":12},"end":{"line":52,"column":48}},{"start":{"line":53,"column":12},"end":{"line":53,"column":53}}],"line":52},"16":{"loc":{"start":{"line":56,"column":8},"end":{"line":58,"column":9}},"type":"if","locations":[{"start":{"line":56,"column":8},"end":{"line":58,"column":9}},{"start":{"line":56,"column":8},"end":{"line":58,"column":9}}],"line":56},"17":{"loc":{"start":{"line":64,"column":12},"end":{"line":66,"column":13}},"type":"if","locations":[{"start":{"line":64,"column":12},"end":{"line":66,"column":13}},{"start":{"line":64,"column":12},"end":{"line":66,"column":13}}],"line":64},"18":{"loc":{"start":{"line":68,"column":12},"end":{"line":70,"column":13}},"type":"if","locations":[{"start":{"line":68,"column":12},"end":{"line":70,"column":13}},{"start":{"line":68,"column":12},"end":{"line":70,"column":13}}],"line":68},"19":{"loc":{"start":{"line":71,"column":12},"end":{"line":76,"column":13}},"type":"if","locations":[{"start":{"line":71,"column":12},"end":{"line":76,"column":13}},{"start":{"line":71,"column":12},"end":{"line":76,"column":13}}],"line":71},"20":{"loc":{"start":{"line":71,"column":16},"end":{"line":71,"column":50}},"type":"binary-expr","locations":[{"start":{"line":71,"column":16},"end":{"line":71,"column":29}},{"start":{"line":71,"column":33},"end":{"line":71,"column":50}}],"line":71},"21":{"loc":{"start":{"line":81,"column":8},"end":{"line":83,"column":9}},"type":"if","locations":[{"start":{"line":81,"column":8},"end":{"line":83,"column":9}},{"start":{"line":81,"column":8},"end":{"line":83,"column":9}}],"line":81},"22":{"loc":{"start":{"line":84,"column":8},"end":{"line":86,"column":9}},"type":"if","locations":[{"start":{"line":84,"column":8},"end":{"line":86,"column":9}},{"start":{"line":84,"column":8},"end":{"line":86,"column":9}}],"line":84},"23":{"loc":{"start":{"line":87,"column":8},"end":{"line":89,"column":9}},"type":"if","locations":[{"start":{"line":87,"column":8},"end":{"line":89,"column":9}},{"start":{"line":87,"column":8},"end":{"line":89,"column":9}}],"line":87},"24":{"loc":{"start":{"line":90,"column":8},"end":{"line":92,"column":9}},"type":"if","locations":[{"start":{"line":90,"column":8},"end":{"line":92,"column":9}},{"start":{"line":90,"column":8},"end":{"line":92,"column":9}}],"line":90},"25":{"loc":{"start":{"line":96,"column":8},"end":{"line":98,"column":9}},"type":"if","locations":[{"start":{"line":96,"column":8},"end":{"line":98,"column":9}},{"start":{"line":96,"column":8},"end":{"line":98,"column":9}}],"line":96},"26":{"loc":{"start":{"line":99,"column":8},"end":{"line":101,"column":9}},"type":"if","locations":[{"start":{"line":99,"column":8},"end":{"line":101,"column":9}},{"start":{"line":99,"column":8},"end":{"line":101,"column":9}}],"line":99},"27":{"loc":{"start":{"line":102,"column":8},"end":{"line":104,"column":9}},"type":"if","locations":[{"start":{"line":102,"column":8},"end":{"line":104,"column":9}},{"start":{"line":102,"column":8},"end":{"line":104,"column":9}}],"line":102}},"s":{"0":1,"1":1,"2":0,"3":0,"4":0,"5":0,"6":0,"7":0,"8":0,"9":0,"10":0,"11":0,"12":0,"13":0,"14":0,"15":0,"16":0,"17":0,"18":0,"19":0,"20":0,"21":0,"22":0,"23":0,"24":0,"25":0,"26":0,"27":0,"28":0,"29":0,"30":0,"31":0,"32":0,"33":0,"34":0,"35":0,"36":0,"37":0,"38":0,"39":0,"40":0,"41":0,"42":0,"43":0,"44":0,"45":0,"46":0,"47":0,"48":0,"49":0,"50":0,"51":0,"52":0,"53":0,"54":0,"55":0,"56":0,"57":0,"58":0,"59":0,"60":0,"61":1},"f":{"0":0,"1":0,"2":0,"3":0},"b":{"0":[0,0],"1":[0,0],"2":[0,0],"3":[0,0],"4":[0,0],"5":[0,0],"6":[0,0],"7":[0,0],"8":[0,0],"9":[0,0],"10":[0,0],"11":[0,0],"12":[0,0,0,0],"13":[0,0],"14":[0,0],"15":[0,0],"16":[0,0],"17":[0,0],"18":[0,0],"19":[0,0],"20":[0,0],"21":[0,0],"22":[0,0],"23":[0,0],"24":[0,0],"25":[0,0],"26":[0,0],"27":[0,0]},"inputSourceMap":{"version":3,"file":"OptionsValidator.js","sourceRoot":"","sources":["OptionsValidator.ts"],"names":[],"mappings":";;AAAA,iEAA4D;AAM5D,MAAa,gBAAgB;IAClB,eAAe,CAAC,KAAU,EAAE,cAA8B;QAE7D,IAAI,CAAC,MAAM,CAAC,IAAI,CAAC,KAAK,CAAC,CAAC,QAAQ,CAAC,SAAS,CAAC,EAAE;YACzC,MAAM,IAAI,6BAAY,CAAC,kCAAkC,CAAC,CAAC;SAC9D;QAED,IACI,MAAM,CAAC,IAAI,CAAC,KAAK,CAAC,OAAO,CAAC,CAAC,QAAQ,CAAC,IAAI,CAAC;YACzC,MAAM,CAAC,IAAI,CAAC,KAAK,CAAC,OAAO,CAAC,CAAC,QAAQ,CAAC,SAAS,CAAC,EAChD;YACE,MAAM,IAAI,6BAAY,CAAC,0CAA0C,CAAC,CAAC;SACtE;QACD,IACI,MAAM,CAAC,MAAM,CAAC,KAAK,CAAC,OAAO,CAAC,CAAC,QAAQ,CAAC,IAAI,CAAC;YAC3C,MAAM,CAAC,MAAM,CAAC,KAAK,CAAC,OAAO,CAAC,CAAC,QAAQ,CAAC,SAAS,CAAC,EAClD;YACE,MAAM,IAAI,6BAAY,CAClB,4CAA4C,CAC/C,CAAC;SACL;QAED,IAAI,MAAM,CAAC,IAAI,CAAC,KAAK,CAAC,OAAO,CAAC,CAAC,MAAM,KAAK,CAAC,EAAE;YACzC,MAAM,IAAI,6BAAY,CAAC,sCAAsC,CAAC,CAAC;SAClE;QAED,IAAI,MAAM,CAAC,IAAI,CAAC,KAAK,CAAC,OAAO,CAAC,CAAC,MAAM,KAAK,CAAC,EAAE;YAEzC,IAAI,MAAM,CAAC,IAAI,CAAC,KAAK,CAAC,OAAO,CAAC,CAAC,CAAC,CAAC,KAAK,SAAS,EAAE;gBAC7C,MAAM,IAAI,6BAAY,CAAC,8BAA8B,CAAC,CAAC;aAC1D;iBAAM;gBACH,IAAI,CAAC,eAAe,CAAC,KAAK,EAAE,cAAc,CAAC,CAAC;aAC/C;SACJ;aAAM,IAAI,MAAM,CAAC,IAAI,CAAC,KAAK,CAAC,OAAO,CAAC,CAAC,MAAM,KAAK,CAAC,EAAE;YAChD,IAAI,CAAC,uBAAuB,CAAC,KAAK,CAAC,CAAC;YAEpC,IAAI,CAAC,eAAe,CAAC,KAAK,EAAE,cAAc,CAAC,CAAC;YAC5C,IAAI,CAAC,aAAa,CAAC,KAAK,EAAE,cAAc,CAAC,CAAC;SAC7C;IACL,CAAC;IAGM,uBAAuB,CAAC,KAAU;QAWrC,IAAI,CAAC,MAAM,CAAC,IAAI,CAAC,KAAK,CAAC,OAAO,CAAC,CAAC,QAAQ,CAAC,SAAS,CAAC,EAAE;YACjD,MAAM,IAAI,6BAAY,CAAC,8BAA8B,CAAC,CAAC;SAC1D;QACD,IAAI,CAAC,MAAM,CAAC,IAAI,CAAC,KAAK,CAAC,OAAO,CAAC,CAAC,QAAQ,CAAC,OAAO,CAAC,EAAE;YAC/C,MAAM,IAAI,6BAAY,CAAC,0CAA0C,CAAC,CAAC;SACtE;QACD,IACI,CAAC,MAAM,CAAC,IAAI,CAAC,KAAK,CAAC,OAAO,CAAC,CAAC,CAAC,CAAC,KAAK,SAAS;YACxC,MAAM,CAAC,IAAI,CAAC,KAAK,CAAC,OAAO,CAAC,CAAC,CAAC,CAAC,KAAK,OAAO,CAAC;YAC9C,CAAC,MAAM,CAAC,IAAI,CAAC,KAAK,CAAC,OAAO,CAAC,CAAC,CAAC,CAAC,KAAK,OAAO;gBACtC,MAAM,CAAC,IAAI,CAAC,KAAK,CAAC,OAAO,CAAC,CAAC,CAAC,CAAC,KAAK,SAAS,CAAC,EAClD;YACE,MAAM,IAAI,6BAAY,CAAC,oCAAoC,CAAC,CAAC;SAChE;IACL,CAAC;IAEM,eAAe,CAAC,KAAU,EAAE,cAA8B;QAG7D,IAAI,CAAC,KAAK,CAAC,OAAO,CAAC,KAAK,CAAC,OAAO,CAAC,OAAO,CAAC,EAAE;YACvC,MAAM,IAAI,6BAAY,CAAC,iCAAiC,CAAC,CAAC;SAC7D;QAED,IACI,KAAK,CAAC,OAAO,CAAC,OAAO,CAAC,QAAQ,CAAC,IAAI,CAAC;YACpC,KAAK,CAAC,OAAO,CAAC,OAAO,CAAC,QAAQ,CAAC,SAAS,CAAC,EAC3C;YACE,MAAM,IAAI,6BAAY,CAClB,iDAAiD,CACpD,CAAC;SACL;QAED,IAAI,KAAK,CAAC,OAAO,CAAC,OAAO,CAAC,MAAM,GAAG,CAAC,EAAE;YAClC,MAAM,IAAI,6BAAY,CAAC,uCAAuC,CAAC,CAAC;SACnE;QAID,IAAI,MAAM,GAAW,EAAE,CAAC;QACxB,KAAK,MAAM,GAAG,IAAI,KAAK,CAAC,OAAO,CAAC,OAAO,EAAE;YACrC,IAAI,YAAY,GAAG,cAAc,CAAC,UAAU,CAAC,GAAG,CAAC,CAAC;YAClD,IAAI,MAAM,GAAW,YAAY,CAAC,CAAC,CAAC,CAAC;YACrC,IAAI,OAAO,GAAW,YAAY,CAAC,CAAC,CAAC,CAAC;YACtC,IAAI,CAAC,cAAc,CAAC,YAAY,CAAC,OAAO,EAAE,KAAK,CAAC,EAAE;gBAC9C,MAAM,IAAI,6BAAY,CAAC,aAAa,CAAC,CAAC;aACzC;YACD,cAAc,CAAC,YAAY,CAAC,IAAI,CAAC,OAAO,CAAC,CAAC;YAE1C,IAAI,CAAC,cAAc,CAAC,eAAe,CAAC,MAAM,CAAC,EAAE;gBACzC,MAAM,IAAI,6BAAY,CAAC,mBAAmB,CAAC,CAAC;aAC/C;YAED,IAAI,MAAM,KAAK,EAAE,IAAI,MAAM,KAAK,MAAM,EAAE;gBACpC,MAAM,GAAG,MAAM,CAAC;aACnB;iBAAM;gBACH,MAAM,IAAI,6BAAY,CAAC,gCAAgC,CAAC,CAAC;aAC5D;SACJ;QACD,cAAc,CAAC,cAAc,GAAG,MAAM,CAAC;IAC3C,CAAC;IAEM,aAAa,CAAC,KAAU,EAAE,cAA8B;QAI3D,IAAI,MAAM,CAAC,IAAI,CAAC,KAAK,CAAC,OAAO,CAAC,CAAC,MAAM,GAAG,CAAC,EAAE;YACvC,MAAM,IAAI,6BAAY,CAAC,qCAAqC,CAAC,CAAC;SACjE;QAED,IAAI,CAAC,MAAM,CAAC,IAAI,CAAC,KAAK,CAAC,OAAO,CAAC,CAAC,QAAQ,CAAC,OAAO,CAAC,EAAE;YAC/C,MAAM,IAAI,6BAAY,CAAC,sCAAsC,CAAC,CAAC;SAClE;QACD,IAAI,CAAC,MAAM,CAAC,IAAI,CAAC,KAAK,CAAC,OAAO,CAAC,CAAC,QAAQ,CAAC,SAAS,CAAC,EAAE;YACjD,MAAM,IAAI,6BAAY,CAAC,kCAAkC,CAAC,CAAC;SAC9D;QAOD,IAAI,OAAO,KAAK,CAAC,OAAO,CAAC,KAAK,KAAK,QAAQ,EAAE;YACzC,MAAM,IAAI,6BAAY,CAAC,yCAAyC,CAAC,CAAC;SACrE;QAED,IAAI,YAAY,GAAG,cAAc,CAAC,UAAU,CAAC,KAAK,CAAC,OAAO,CAAC,KAAK,CAAC,CAAC;QAClE,IAAI,MAAM,GAAW,YAAY,CAAC,CAAC,CAAC,CAAC;QACrC,IAAI,OAAO,GAAW,YAAY,CAAC,CAAC,CAAC,CAAC;QACtC,IAAI,CAAC,cAAc,CAAC,YAAY,CAAC,OAAO,EAAE,KAAK,CAAC,EAAE;YAC9C,MAAM,IAAI,6BAAY,CAAC,aAAa,CAAC,CAAC;SACzC;QACD,IAAI,cAAc,CAAC,cAAc,KAAK,MAAM,EAAE;YAC1C,MAAM,IAAI,6BAAY,CAClB,2DAA2D,CAC9D,CAAC;SACL;QAGD,IAAI,CAAC,cAAc,CAAC,YAAY,CAAC,QAAQ,CAAC,OAAO,CAAC,EAAE;YAChD,MAAM,IAAI,6BAAY,CAClB,6CAA6C,CAChD,CAAC;SACL;IACL,CAAC;CACJ;AA7JD,4CA6JC"},"_coverageSchema":"1a1c01bbd47fc00a2c39e90264f33305004495a9","hash":"23f4ccb6fa0a5707ea680397b144aeee698198f9","contentHash":"8c02171f14a1bc4f761cb77d23ddf5b64c71ed1a7c7edeb7102cb9ebd4bc353f"},"/Users/kathykhong/WebstormProjects/project_team231/src/queryModel/WhereValidator.js":{"path":"/Users/kathykhong/WebstormProjects/project_team231/src/queryModel/WhereValidator.js","statementMap":{"0":{"start":{"line":2,"column":0},"end":{"line":2,"column":62}},"1":{"start":{"line":3,"column":25},"end":{"line":3,"column":64}},"2":{"start":{"line":5,"column":4},"end":{"line":8,"column":5}},"3":{"start":{"line":7,"column":8},"end":{"line":7,"column":90}},"4":{"start":{"line":12,"column":8},"end":{"line":12,"column":52}},"5":{"start":{"line":13,"column":8},"end":{"line":13,"column":54}},"6":{"start":{"line":14,"column":8},"end":{"line":16,"column":9}},"7":{"start":{"line":15,"column":12},"end":{"line":15,"column":86}},"8":{"start":{"line":17,"column":8},"end":{"line":19,"column":9}},"9":{"start":{"line":18,"column":12},"end":{"line":18,"column":77}},"10":{"start":{"line":20,"column":8},"end":{"line":22,"column":9}},"11":{"start":{"line":21,"column":12},"end":{"line":21,"column":94}},"12":{"start":{"line":23,"column":8},"end":{"line":23,"column":57}},"13":{"start":{"line":26,"column":8},"end":{"line":65,"column":9}},"14":{"start":{"line":28,"column":16},"end":{"line":28,"column":61}},"15":{"start":{"line":29,"column":16},"end":{"line":29,"column":22}},"16":{"start":{"line":32,"column":16},"end":{"line":32,"column":61}},"17":{"start":{"line":33,"column":16},"end":{"line":33,"column":22}},"18":{"start":{"line":36,"column":16},"end":{"line":36,"column":61}},"19":{"start":{"line":37,"column":16},"end":{"line":37,"column":22}},"20":{"start":{"line":40,"column":16},"end":{"line":40,"column":58}},"21":{"start":{"line":41,"column":16},"end":{"line":41,"column":22}},"22":{"start":{"line":44,"column":16},"end":{"line":44,"column":43}},"23":{"start":{"line":45,"column":16},"end":{"line":47,"column":17}},"24":{"start":{"line":46,"column":20},"end":{"line":46,"column":61}},"25":{"start":{"line":48,"column":16},"end":{"line":48,"column":22}},"26":{"start":{"line":51,"column":16},"end":{"line":51,"column":42}},"27":{"start":{"line":52,"column":16},"end":{"line":54,"column":17}},"28":{"start":{"line":53,"column":20},"end":{"line":53,"column":61}},"29":{"start":{"line":55,"column":16},"end":{"line":55,"column":22}},"30":{"start":{"line":58,"column":16},"end":{"line":58,"column":59}},"31":{"start":{"line":59,"column":26},"end":{"line":59,"column":38}},"32":{"start":{"line":60,"column":16},"end":{"line":60,"column":57}},"33":{"start":{"line":61,"column":16},"end":{"line":61,"column":22}},"34":{"start":{"line":64,"column":16},"end":{"line":64,"column":74}},"35":{"start":{"line":68,"column":8},"end":{"line":68,"column":52}},"36":{"start":{"line":69,"column":8},"end":{"line":69,"column":54}},"37":{"start":{"line":70,"column":25},"end":{"line":70,"column":46}},"38":{"start":{"line":71,"column":8},"end":{"line":73,"column":9}},"39":{"start":{"line":72,"column":12},"end":{"line":72,"column":105}},"40":{"start":{"line":74,"column":8},"end":{"line":76,"column":9}},"41":{"start":{"line":75,"column":12},"end":{"line":75,"column":111}},"42":{"start":{"line":77,"column":28},"end":{"line":77,"column":61}},"43":{"start":{"line":78,"column":8},"end":{"line":82,"column":9}},"44":{"start":{"line":81,"column":12},"end":{"line":81,"column":92}},"45":{"start":{"line":84,"column":26},"end":{"line":84,"column":57}},"46":{"start":{"line":85,"column":8},"end":{"line":85,"column":66}},"47":{"start":{"line":86,"column":8},"end":{"line":88,"column":9}},"48":{"start":{"line":87,"column":12},"end":{"line":87,"column":109}},"49":{"start":{"line":89,"column":8},"end":{"line":91,"column":9}},"50":{"start":{"line":90,"column":12},"end":{"line":90,"column":66}},"51":{"start":{"line":92,"column":8},"end":{"line":94,"column":9}},"52":{"start":{"line":93,"column":12},"end":{"line":93,"column":96}},"53":{"start":{"line":95,"column":8},"end":{"line":97,"column":9}},"54":{"start":{"line":96,"column":12},"end":{"line":96,"column":99}},"55":{"start":{"line":100,"column":8},"end":{"line":100,"column":55}},"56":{"start":{"line":101,"column":8},"end":{"line":101,"column":57}},"57":{"start":{"line":102,"column":8},"end":{"line":104,"column":9}},"58":{"start":{"line":103,"column":12},"end":{"line":103,"column":94}},"59":{"start":{"line":105,"column":27},"end":{"line":105,"column":51}},"60":{"start":{"line":106,"column":25},"end":{"line":106,"column":51}},"61":{"start":{"line":107,"column":8},"end":{"line":109,"column":9}},"62":{"start":{"line":108,"column":12},"end":{"line":108,"column":126}},"63":{"start":{"line":110,"column":25},"end":{"line":110,"column":53}},"64":{"start":{"line":111,"column":8},"end":{"line":113,"column":9}},"65":{"start":{"line":112,"column":12},"end":{"line":112,"column":94}},"66":{"start":{"line":115,"column":23},"end":{"line":115,"column":49}},"67":{"start":{"line":116,"column":8},"end":{"line":116,"column":60}},"68":{"start":{"line":117,"column":28},"end":{"line":117,"column":56}},"69":{"start":{"line":119,"column":8},"end":{"line":119,"column":49}},"70":{"start":{"line":120,"column":8},"end":{"line":122,"column":9}},"71":{"start":{"line":121,"column":12},"end":{"line":121,"column":106}},"72":{"start":{"line":123,"column":8},"end":{"line":125,"column":9}},"73":{"start":{"line":124,"column":12},"end":{"line":124,"column":66}},"74":{"start":{"line":126,"column":8},"end":{"line":128,"column":9}},"75":{"start":{"line":127,"column":12},"end":{"line":127,"column":93}},"76":{"start":{"line":129,"column":8},"end":{"line":131,"column":9}},"77":{"start":{"line":130,"column":12},"end":{"line":130,"column":99}},"78":{"start":{"line":132,"column":8},"end":{"line":132,"column":63}},"79":{"start":{"line":135,"column":8},"end":{"line":137,"column":9}},"80":{"start":{"line":136,"column":12},"end":{"line":136,"column":102}},"81":{"start":{"line":138,"column":8},"end":{"line":142,"column":9}},"82":{"start":{"line":139,"column":12},"end":{"line":141,"column":13}},"83":{"start":{"line":140,"column":16},"end":{"line":140,"column":124}},"84":{"start":{"line":143,"column":8},"end":{"line":147,"column":9}},"85":{"start":{"line":144,"column":12},"end":{"line":146,"column":13}},"86":{"start":{"line":145,"column":16},"end":{"line":145,"column":125}},"87":{"start":{"line":150,"column":20},"end":{"line":150,"column":21}},"88":{"start":{"line":152,"column":8},"end":{"line":156,"column":9}},"89":{"start":{"line":153,"column":12},"end":{"line":155,"column":13}},"90":{"start":{"line":154,"column":16},"end":{"line":154,"column":24}},"91":{"start":{"line":157,"column":8},"end":{"line":157,"column":21}},"92":{"start":{"line":160,"column":8},"end":{"line":162,"column":9}},"93":{"start":{"line":161,"column":12},"end":{"line":161,"column":87}},"94":{"start":{"line":163,"column":8},"end":{"line":165,"column":9}},"95":{"start":{"line":164,"column":12},"end":{"line":164,"column":92}},"96":{"start":{"line":166,"column":8},"end":{"line":168,"column":9}},"97":{"start":{"line":167,"column":12},"end":{"line":167,"column":92}},"98":{"start":{"line":169,"column":8},"end":{"line":171,"column":9}},"99":{"start":{"line":170,"column":12},"end":{"line":170,"column":99}},"100":{"start":{"line":174,"column":8},"end":{"line":176,"column":9}},"101":{"start":{"line":175,"column":12},"end":{"line":175,"column":86}},"102":{"start":{"line":177,"column":8},"end":{"line":179,"column":9}},"103":{"start":{"line":178,"column":12},"end":{"line"
[...]
C;QACtC,CAAC,CAAC,CAAC,IAAI,CAAC,CAAC,UAAe,EAAE,EAAE;YACxB,IAAI,CAAC,gBAAgB,CAAC,UAAU,EAAE,eAAe,EAAE,IAAI,CAAC,GAAG,CAAC;iBACvD,IAAI,CAAC,GAAG,EAAE;gBACP,aAAa,CAAC,WAAW,CAAC,GAAG,CAAC,EAAE,EAAE,eAAe,CAAC,CAAC;YACvD,CAAC,CAAC,CAAC;QACX,CAAC,CAAC,CAAC;QACH,cAAG,CAAC,KAAK,CAAC,IAAI,CAAC,CAAC;QAEhB,OAAO,OAAO,CAAC,OAAO,CAAC,EAAE,CAAC,CAAC;IAC/B,CAAC;IAEM,SAAS,CAAC,IAAY;QACzB,OAAO,OAAO,CAAC,OAAO,CAAC,MAAM,CAAC,KAAK,CAAC,IAAI,CAAC,CAAC,CAAC;IAC/C,CAAC;IAEM,aAAa,CAAC,GAAU;QAC3B,IAAI,MAAM,GAAG,GAAG,CAAC,MAAM,CAAC,OAAO,CAAC,CAAC;QACjC,IAAI,KAAK,GAAG,MAAM,CAAC,IAAI,CAAC,WAAW,CAAC,CAAC;QACrC,IAAI,IAAqB,CAAC;QAC1B,IAAI,GAAG,KAAK,CAAC,KAAK,CAAC,QAAQ,CAAC,CAAC;QAC7B,OAAO,IAAI,CAAC;IAChB,CAAC;IAEM,gBAAgB,CAAC,OAAY,EAAE,OAAgB,EAAE,MAAa;QACjE,IAAI,CAAC,oBAAoB,CAAC,OAAO,CAAC,CAAC;QACnC,OAAO,IAAI,CAAC,sBAAsB,CAAC,MAAM,CAAC;aACrC,IAAI,CAAC,CAAC,aAAuB,EAAE,EAAE;YAC9B,cAAG,CAAC,KAAK,CAAC,IAAI,CAAC,CAAC;YAChB,OAAO,IAAI,CAAC,kBAAkB,CAAC,aAAa,CAAC;iBACxC,IAAI,CAAC,CAAC,eAAsB,EAAE,EAAE;gBAC7B,OAAO,GAAG,IAAI,CAAC,uBAAuB,CAAC,eAAe,EAAE,OAAO,CAAC,CAAC;gBACjE,OAAO,OAAO,CAAC,OAAO,CAAC,OAAO,CAAC,CAAC;YACpC,CAAC,CAAC,CAAC;QACX,CAAC,CAAC,CAAC;IACX,CAAC;IAEM,uBAAuB,CAAC,eAAsB,EAAE,OAAgB;QACnE,KAAK,IAAI,cAAc,IAAI,eAAe,EAAE;YACxC,IAAI,QAAQ,GAAa,IAAI,mBAAQ,EAAE,CAAC;YACxC,IAAI,eAAe,GAAW,IAAI,CAAC,mBAAmB,CAAC,cAAc,CAAC,CAAC;YACvE,IAAI,YAAY,GAAW,IAAI,CAAC,gBAAgB,CAAC,cAAc,CAAC,CAAC;YACjE,IAAI,UAAe,CAAC;YACpB,IAAI,CAAC,mBAAmB,CAAC,eAAe,CAAC;iBACpC,IAAI,CAAC,CAAC,GAAQ,EAAE,EAAE;gBACf,cAAG,CAAC,KAAK,CAAC,GAAG,CAAC,CAAC;gBACf,UAAU,GAAG,GAAG,CAAC;gBACjB,cAAG,CAAC,KAAK,CAAC,UAAU,CAAC,CAAC;YAC1B,CAAC,CAAC;iBACD,KAAK,CAAC,CAAC,GAAG,EAAE,EAAE;gBACX,cAAG,CAAC,KAAK,CAAC,gBAAgB,CAAC,CAAC;YAChC,CAAC,CAAC,CAAC;YACP,cAAG,CAAC,KAAK,CAAC,IAAI,CAAC,CAAC;YAChB,IAAI,CAAC,gBAAgB,GAAG,EAAE,CAAC;YAC3B,IAAI,CAAC,eAAe,CAAC,cAAc,CAAC,CAAC;YACrC,IAAI,MAAM,GAAG,IAAI,CAAC,gBAAgB,CAAC;YACnC,IAAI,MAAM,CAAC,MAAM,GAAG,CAAC,EAAE;gBACnB,IAAI,eAAe,GAAG,IAAI,CAAC,mBAAmB,CAAC,MAAM,CAAC,CAAC;gBACvD,QAAQ,GAAG,IAAI,CAAC,kBAAkB,CAAC,eAAe,EAAE,QAAQ,EAAE,UAAU,EACpE,eAAe,EAAE,YAAY,CAAC,CAAC;gBACnC,IAAI,YAAY,GAAW,QAAQ,CAAC,cAAc,EAAE,CAAC,CAAC,CAAC,CAAC,gBAAgB,EAAE,CAAC;gBAC3E,OAAO,CAAC,YAAY,EAAE,CAAC,GAAG,CAAC,YAAY,EAAE,QAAQ,CAAC,CAAC;gBACnD,cAAG,CAAC,KAAK,CAAC,KAAK,CAAC,CAAC;aACpB;SACJ;QACD,OAAO,OAAO,CAAC;IACnB,CAAC;IAEM,mBAAmB,CAAC,OAAe;QACtC,IAAI,GAAG,GAAW,IAAI,CAAC,mBAAmB,CAAC,OAAO,CAAC,CAAC;QACpD,MAAM,OAAO,GAAG,IAAI,OAAO,CAAC,CAAC,OAAO,EAAE,MAAM,EAAE,EAAE;YAC5C,IAAI,CAAC,GAAG,CAAC,GAAG,EAAE,CAAC,IAAS,EAAE,EAAE;gBACxB,IAAI,CAAC,WAAW,CAAC,MAAM,CAAC,CAAC;gBACzB,IAAI,OAAO,GAAG,EAAE,CAAC;gBAEjB,IAAI,UAAe,CAAC;gBACpB,IAAI,CAAC,EAAE,CAAC,MAAM,EAAE,CAAC,KAAU,EAAE,EAAE;oBAC3B,OAAO,IAAI,KAAK,CAAC;gBACrB,CAAC,CAAC,CAAC;gBACH,IAAI,CAAC,EAAE,CAAC,KAAK,EAAE,GAAG,EAAE;oBAChB,IAAI;wBACA,UAAU,GAAG,IAAI,CAAC,KAAK,CAAC,OAAO,CAAC,CAAC;qBAGpC;oBAAC,OAAO,CAAC,EAAE;wBACR,MAAM,CAAC,WAAW,CAAC,CAAC;qBAEvB;oBACD,OAAO,OAAO,CAAC,UAAU,CAAC,CAAC;gBAC/B,CAAC,CAAC,CAAC;YACP,CAAC,CAAC,CAAC;QACP,CAAC,CAAC,CAAC;QACH,OAAO,OAAO,CAAC;IACnB,CAAC;IAEM,kBAAkB,CAAC,eAAoB,EAAE,QAAkB,EAAE,UAAe,EAAE,eAAuB,EAClF,YAAoB;QAC1C,IAAI,KAAK,GAAQ,IAAI,CAAC,kBAAkB,CAAC,eAAe,CAAC,CAAC;QAC1D,cAAG,CAAC,KAAK,CAAC,IAAI,CAAC,CAAC;QAChB,IAAI,CAAC,aAAa,CAAC,KAAK,CAAC,CAAC;QAC1B,IAAI,SAAS,GAAQ,IAAI,CAAC,cAAc,CAAC;QACzC,KAAK,IAAI,GAAG,IAAI,SAAS,EAAE;YACvB,IAAI,IAAI,GAAS,IAAI,WAAI,EAAE,CAAC;YAC5B,IAAI,IAAI,GAAW,IAAI,CAAC,YAAY,CAAC,GAAG,CAAC,CAAC;YAC1C,IAAI,cAAc,GAAW,IAAI,CAAC,wBAAwB,CAAC,IAAI,CAAC,CAAC;YACjE,IAAI,iBAAiB,GAAa,cAAc,CAAC,KAAK,CAAC,GAAG,CAAC,CAAC;YAC5D,IAAI,QAAQ,GAAW,iBAAiB,CAAC,CAAC,CAAC,CAAC;YAC5C,IAAI,UAAU,GAAW,iBAAiB,CAAC,CAAC,CAAC,CAAC;YAC9C,cAAc,GAAG,QAAQ,GAAG,GAAG,GAAG,UAAU,CAAC;YAC7C,IAAI,SAAS,GAAW,IAAI,CAAC,cAAc,CAAC,GAAG,CAAC,CAAC;YACjD,IAAI,iBAAiB,GAAW,IAAI,CAAC,sBAAsB,CAAC,GAAG,CAAC,CAAC;YAEjE,IAAI,QAAQ,GAAW,IAAI,CAAC,aAAa,CAAC,GAAG,CAAC,CAAC;YAC/C,IAAI,CAAC,UAAU,CAAC,eAAe,CAAC,CAAC;YACjC,IAAI,CAAC,WAAW,CAAC,YAAY,CAAC,CAAC;YAE/B,IAAI,CAAC,YAAY,CAAC,QAAQ,CAAC,CAAC;YAC5B,IAAI,CAAC,OAAO,CAAC,cAAc,CAAC,CAAC;YAC7B,IAAI,CAAC,SAAS,CAAC,UAAU,CAAC,CAAC;YAC3B,IAAI,CAAC,QAAQ,CAAC,SAAS,CAAC,CAAC;YACzB,IAAI,CAAC,YAAY,CAAC,iBAAiB,CAAC,CAAC;YACrC,IAAI,CAAC,OAAO,CAAC,QAAQ,CAAC,CAAC;YACvB,IAAI,CAAC,OAAO,CAAC,IAAI,CAAC,CAAC;YACnB,QAAQ,CAAC,WAAW,CAAC,IAAI,CAAC,IAAI,CAAC,CAAC;SACnC;QACD,OAAO,QAAQ,CAAC;IACpB,CAAC;IAEM,aAAa,CAAC,MAAW;QAC5B,IAAI,MAAM,CAAC,UAAU,CAAC,CAAC,CAAC,CAAC,QAAQ,KAAK,IAAI,IAAI,MAAM,CAAC,UAAU,CAAC,CAAC,CAAC,CAAC,KAAK,CAAC,MAAM,GAAG,CAAC;eAC5E,MAAM,CAAC,UAAU,CAAC,CAAC,CAAC,CAAC,KAAK,CAAC,CAAC,CAAC,CAAC,KAAK,KAAK,yCAAyC,EAAE;YACtF,IAAI,kBAAkB,GAAQ,MAAM,CAAC,UAAU,CAAC,CAAC,CAAC,CAAC;YACnD,IAAI,kBAAkB,CAAC,UAAU,CAAC,CAAC,CAAC,CAAC,QAAQ,KAAK,OAAO,EAAE;gBACvD,IAAI,SAAS,GAAW,kBAAkB,CAAC,UAAU,CAAC,CAAC,CAAC,CAAC,KAAK,CAAC;gBAC/D,SAAS,GAAG,SAAS,CAAC,IAAI,EAAE,CAAC;gBAC7B,OAAO,SAAS,CAAC;aACpB;SACJ;IACL,CAAC;IAEM,sBAAsB,CAAC,MAAW;QACrC,IAAI,MAAM,CAAC,UAAU,CAAC,CAAC,CAAC,CAAC,QAAQ,KAAK,IAAI,IAAI,MAAM,CAAC,UAAU,CAAC,CAAC,CAAC,CAAC,KAAK,CAAC,MAAM,GAAG,CAAC;eAC5E,MAAM,CAAC,UAAU,CAAC,CAAC,CAAC,CAAC,KAAK,CAAC,CAAC,CAAC,CAAC,KAAK,KAAK,8CAA8C,EAAE;YAC3F,IAAI,sBAAsB,GAAQ,MAAM,CAAC,UAAU,CAAC,CAAC,CAAC,CAAC;YACvD,IAAI,sBAAsB,CAAC,UAAU,CAAC,CAAC,CAAC,CAAC,QAAQ,KAAK,OAAO,EAAE;gBAC3D,IAAI,aAAa,GAAW,sBAAsB,CAAC,UAAU,CAAC,CAAC,CAAC,CAAC,KAAK,CAAC;gBACvE,aAAa,GAAG,aAAa,CAAC,IAAI,EAAE,CAAC;gBACrC,OAAO,aAAa,CAAC;aACxB;SACJ;IACL,CAAC;IAEM,cAAc,CAAC,MAAW;QAC7B,IAAI,MAAM,CAAC,UAAU,CAAC,CAAC,CAAC,CAAC,QAAQ,KAAK,IAAI,IAAI,MAAM,CAAC,UAAU,CAAC,CAAC,CAAC,CAAC,KAAK,CAAC,MAAM,GAAG,CAAC;eAC5E,MAAM,CAAC,UAAU,CAAC,CAAC,CAAC,CAAC,KAAK,CAAC,CAAC,CAAC,CAAC,KAAK,KAAK,6CAA6C,EAAE;YAC1F,IAAI,aAAa,GAAQ,MAAM,CAAC,UAAU,CAAC,CAAC,CAAC,CAAC;YAC9C,IAAI,aAAa,CAAC,UAAU,CAAC,CAAC,CAAC,CAAC,QAAQ,KAAK,OAAO,EAAE;gBAClD,IAAI,aAAa,GAAW,aAAa,CAAC,UAAU,CAAC,CAAC,CAAC,CAAC,KAAK,CAAC;gBAC9D,aAAa,GAAG,aAAa,CAAC,IAAI,EAAE,CAAC;gBACrC,IAAI,UAAU,GAAW,MAAM,CAAC,aAAa,CAAC,CAAC;gBAC/C,OAAO,UAAU,CAAC;aACrB;SACJ;IAGL,CAAC;IAEM,YAAY,CAAC,MAAW;QAC3B,IAAI,MAAM,CAAC,UAAU,CAAC,CAAC,CAAC,CAAC,QAAQ,KAAK,IAAI,IAAI,MAAM,CAAC,UAAU,CAAC,CAAC,CAAC,CAAC,KAAK,CAAC,MAAM,GAAG,CAAC;eAC5E,MAAM,CAAC,UAAU,CAAC,CAAC,CAAC,CAAC,KAAK,CAAC,CAAC,CAAC,CAAC,KAAK,KAAK,2CAA2C,EAAE;YACxF,IAAI,aAAa,GAAQ,MAAM,CAAC,UAAU,CAAC,CAAC,CAAC,CAAC;YAE9C,IAAI,aAAa,CAAC,UAAU,CAAC,CAAC,CAAC,CAAC,QAAQ,KAAK,GAAG,IAAI,aAAa,CAAC,UAAU,CAAC,CAAC,CAAC,CAAC,KAAK,CAAC,MAAM,GAAG,CAAC;mBACzF,aAAa,CAAC,UAAU,CAAC,CAAC,CAAC,CAAC,KAAK,CAAC,CAAC,CAAC,CAAC,IAAI,KAAK,MAAM,EAAE;gBACzD,IAAI,QAAQ,GAAW,aAAa,CAAC,UAAU,CAAC,CAAC,CAAC,CAAC,KAAK,CAAC,CAAC,CAAC,CAAC,KAAK,CAAC;gBAClE,OAAO,QAAQ,CAAC;aACnB;SACJ;IACL,CAAC;IAEM,kBAAkB,CAAC,aAAkB;QACxC,IAAI,aAAa,CAAC,QAAQ,KAAK,OAAO,EAAE;YACpC,OAAO,aAAa,CAAC;SACxB;QAED,IAAI,aAAa,CAAC,UAAU,IAAI,aAAa,CAAC,UAAU,CAAC,MAAM,GAAG,CAAC,EAAE;YACjE,KAAK,IAAI,KAAK,IAAI,aAAa,CAAC,UAAU,EAAE;gBACxC,IAAI,KAAK,GAAQ,IAAI,CAAC,kBAAkB,CAAC,KAAK,CAAC,CAAC;gBAChD,IAAI,CAAC,CAAC,KAAK,KAAK,SAAS,CAAC,EAAE;oBACxB,OAAO,IAAI,CAAC,kBAAkB,CAAC,KAAK,CAAC,CAAC;iBACzC;aACJ;SACJ;IACL,CAAC;IAEM,aAAa,CAAC,aAAkB;QACnC,IAAI,QAAQ,GAAU,EAAE,CAAC;QACzB,IAAI,aAAa,CAAC,QAAQ,KAAK,IAAI,IAAI,aAAa,CAAC,UAAU,CAAC,MAAM,GAAG,CAAC,EAAE;YACxE,IAAI,CAAC,cAAc,CAAC,IAAI,CAAC,aAAa,CAAC,CAAC;SAC3C;QACD,IAAI,aAAa,CAAC,UAAU,IAAI,aAAa,CAAC,UAAU,CAAC,MAAM,GAAG,CAAC,EAAE;YACjE,KAAK,IAAI,KAAK,IAAI,aAAa,CAAC,UAAU,EAAE;gBACxC,IAAI,CAAC,aAAa,CAAC,KAAK,CAAC,CAAC;aAC7B;SACJ;QAED,OAAO,QAAQ,CAAC;IACpB,CAAC;IAEM,gBAAgB,CAAC,cAAmB;QACvC,IAAI,YAAY,GAAQ,IAAI,CAAC,gBAAgB,CAAC,cAAc,CAAC,CAAC;QAC9D,cAAG,CAAC,KAAK,CAAC,IAAI,CAAC,CAAC;QAChB,IAAI,YAAY,GAAQ,IAAI,CAAC,gBAAgB,CAAC,YAAY,CAAC,CAAC;QAC5D,cAAG,CAAC,KAAK,CAAC,IAAI,CAAC,CAAC;QAChB,IAAI,IAAI,GAAW,IAAI,CAAC,oBAAoB,CAAC,YAAY,CAAC,CAAC;QAC3D,OAAO,IAAI,CAAC;IAChB,CAAC;IAEM,oBAAoB,CAAC,eAAoB;QAC5C,IAAI,eAAe,CAAC,UAAU,CAAC,CAAC,CAAC,CAAC,QAAQ,KAAK,IAAI,EAAE;YACjD,IAAI,SAAS,GAAQ,eAAe,CAAC,UAAU,CAAC,CAAC,CAAC,CAAC;YACnD,IAAI,SAAS,CAAC,UAAU,CAAC,CAAC,CAAC,CAAC,QAAQ,KAAK,MAAM,EAAE;gBAC7C,IAAI,IAAI,GAAQ,SAAS,CAAC,UAAU,CAAC,CAAC,CAAC,CAAC;gBACxC,IAAI,IAAI,CAAC,UAAU,CAAC,CAAC,CAAC,CAAC,QAAQ,KAAK,OAAO,EAAE;oBACzC,IAAI,YAAY,GAAW,IAAI,CAAC,UAAU,CAAC,CAAC,CAAC,CAAC,KAAK,CAAC;oBACpD,OAAO,YAAY,CAAC;iBACvB;aACJ;SACJ;IACL,CAAC;IAEM,mBAAmB,CAAC,cAAmB;QAC1C,IAAI,YAAY,GAAQ,IAAI,CAAC,gBAAgB,CAAC,cAAc,CAAC,CAAC;QAC9D,cAAG,CAAC,KAAK,CAAC,IAAI,CAAC,CAAC;QAChB,IAAI,YAAY,GAAQ,IAAI,CAAC,gBAAgB,CAAC,YAAY,CAAC,CAAC;QAC5D,cAAG,CAAC,KAAK,CAAC,IAAI,CAAC,CAAC;QAChB,IAAI,OAAO,GAAW,IAAI,CAAC,eAAe,CAAC,YAAY,CAAC,CAAC;QACzD,OAAO,OAAO,CAAC;IAEnB,CAAC;IAEM,gBAAgB,CAAC,eAAoB;QACxC,IAAI,eAAe,CAAC,QAAQ,KAAK,KAAK,IAAI,eAAe,CAAC,KAAK,KAAK,SAAS;eACtE,eAAe,CAAC,KAAK,CAAC,CAAC,CAAC,CAAC,KAAK,KAAK,eAAe,EAAE;YACvD,OAAO,eAAe,CAAC;SAC1B;QACD,IAAI,eAAe,CAAC,UAAU,IAAI,eAAe,CAAC,UAAU,CAAC,MAAM,GAAG,CAAC,EAAE;YACrE,KAAK,IAAI,KAAK,IAAI,eAAe,CAAC,UAAU,EAAE;gBAC1C,IAAI,YAAY,GAAQ,IAAI,CAAC,gBAAgB,CAAC,KAAK,CAAC,CAAC;gBACrD,IAAI,CAAC,CAAC,YAAY,KAAK,SAAS,CAAC,EAAE;oBAC/B,OAAO,YAAY,CAAC;iBACvB;aACJ;SACJ;IACL,CAAC;IAGM,eAAe,CAAC,aAAkB;QACrC,IAAI,aAAa,CAAC,UAAU,CAAC,CAAC,CAAC,CAAC,QAAQ,KAAK,KAAK;eAC3C,aAAa,CAAC,UAAU,CAAC,CAAC,CAAC,CAAC,KAAK,CAAC,CAAC,CAAC,CAAC,KAAK,KAAK,gBAAgB,EAAE;YACpE,IAAI,WAAW,GAAG,aAAa,CAAC,UAAU,CAAC,CAAC,CAAC,CAAC;YAC9C,IAAI,WAAW,CAAC,UAAU,CAAC,CAAC,CAAC,CAAC,QAAQ,KAAK,KAAK;mBACzC,WAAW,CAAC,UAAU,CAAC,CAAC,CAAC,CAAC,KAAK,CAAC,CAAC,CAAC,CAAC,KAAK,KAAK,eAAe,EAAE;gBACjE,IAAI,oBAAoB,GAAG,WAAW,CAAC,UAAU,CAAC,CAAC,CAAC,CAAC;gBACrD,IAAI,oBAAoB,CAAC,UAAU,CAAC,CAAC,CAAC,CAAC,QAAQ,KAAK,OAAO,EAAE;oBACzD,IAAI,eAAe,GAAW,oBAAoB,CAAC,UAAU,CAAC,CAAC,CAAC,CAAC,KAAK,CAAC;oBACvE,OAAO,eAAe,CAAC;iBAC1B;aACJ;SACJ;IACL,CAAC;IAEM,gBAAgB,CAAC,iBAAsB;QAC1C,IAAI,iBAAiB,CAAC,QAAQ,KAAK,MAAM;eAClC,iBAAiB,CAAC,UAAU,KAAK,SAAS,IAAI,iBAAiB,CAAC,UAAU,CAAC,MAAM,GAAG,CAAC;eACrF,iBAAiB,CAAC,UAAU,CAAC,CAAC,CAAC,CAAC,QAAQ,KAAK,UAAU,EAAE;YAC5D,OAAO,iBAAiB,CAAC;SAC5B;QACD,IAAI,iBAAiB,CAAC,UAAU,IAAI,iBAAiB,CAAC,UAAU,CAAC,MAAM,GAAG,CAAC,EAAE;YACzE,KAAK,IAAI,KAAK,IAAI,iBAAiB,CAAC,UAAU,EAAE;gBAC5C,IAAI,IAAI,GAAQ,IAAI,CAAC,gBAAgB,CAAC,KAAK,CAAC,CAAC;gBAC7C,IAAI,CAAC,CAAC,IAAI,KAAK,SAAS,CAAC,EAAE;oBACvB,OAAO,IAAI,CAAC;iBACf;aACJ;SACJ;IACL,CAAC;IAEM,mBAAmB,CAAC,OAAe;QACtC,IAAI,OAAO,GAAW,+DAA+D,CAAC;QACtF,IAAI,cAAc,GAAW,SAAS,CAAC,OAAO,CAAC,CAAC;QAChD,IAAI,OAAO,GAAW,OAAO,GAAG,cAAc,CAAC;QAC/C,OAAO,OAAO,CAAC;IACnB,CAAC;IAEM,mBAAmB,CAAC,MAAa;QACpC,KAAK,IAAI,KAAK,IAAI,MAAM,EAAE;YACtB,IAAI,WAAW,GAAG,KAAK,CAAC,UAAU,CAAC,CAAC,CAAC,CAAC;YACtC,IAAI,WAAW,CAAC,UAAU,CAAC,CAAC,CAAC,CAAC,QAAQ,KAAK,IAAI,EAAE;gBAC7C,IAAI,UAAU,GAAG,WAAW,CAAC,UAAU,CAAC,CAAC,CAAC,CAAC;gBAE3C,IAAI,UAAU,CAAC,UAAU,CAAC,CAAC,CAAC,CAAC,QAAQ,KAAK,IAAI,EAAE;oBAC5C,IAAI,YAAY,GAAG,UAAU,CAAC,UAAU,CAAC,CAAC,CAAC,CAAC;oBAC5C,IAAI,YAAY,CAAC,KAAK,CAAC,MAAM,GAAG,CAAC;2BAC1B,YAAY,CAAC,KAAK,CAAC,CAAC,CAAC,CAAC,KAAK,KAAK,2CAA2C,EAAE;wBAChF,OAAO,KAAK,CAAC;qBAChB;iBACJ;aACJ;SACJ;IACL,CAAC;IAGM,eAAe,CAAC,cAAmB;QACtC,IAAI,cAAc,CAAC,QAAQ,KAAK,OAAO,IAAI,cAAc,CAAC,UAAU,CAAC,MAAM,GAAG,CAAC;YAC3E,cAAc,CAAC,UAAU,CAAC,CAAC,CAAC,CAAC,QAAQ,KAAK,OAAO,EAAE;YACnD,IAAI,CAAC,gBAAgB,CAAC,IAAI,CAAC,cAAc,CAAC,CAAC;SAC9C;QACD,IAAI,cAAc,CAAC,UAAU,IAAI,cAAc,CAAC,UAAU,CAAC,MAAM,GAAG,CAAC,EAAE;YACnE,KAAK,IAAI,KAAK,IAAI,cAAc,CAAC,UAAU,EAAE;gBACzC,IAAI,CAAC,eAAe,CAAC,KAAK,CAAC,CAAC;aAC/B;SACJ;IACL,CAAC;IAEM,kBAAkB,CAAC,aAAuB;QAC7C,IAAI,eAAe,GAAU,EAAE,CAAC;QAChC,KAAK,IAAI,IAAI,IAAI,aAAa,EAAE;YAC5B,eAAe,CAAC,IAAI,CAAC,MAAM,CAAC,KAAK,CAAC,IAAI,CAAC,CAAC,CAAC;SAC5C;QACD,OAAO,OAAO,CAAC,OAAO,CAAC,eAAe,CAAC,CAAC;IAE5C,CAAC;IAEM,sBAAsB,CAAC,GAAU;QACpC,IAAI,mBAAmB,GAAG,IAAI,CAAC,eAAe,CAAC,MAAM,EAAE,CAAC;QACxD,IAAI,MAAM,GAAwB,EAAE,CAAC;QACrC,KAAK,IAAI,YAAY,IAAI,mBAAmB,EAAE;YAC1C,IAAI;gBAEA,IAAI,YAAY,GAAG,GAAG,CAAC,IAAI,CAAC,YAAY,CAAC,CAAC;gBAC1C,IAAI,IAAqB,CAAC;gBAC1B,IAAI,GAAG,YAAY,CAAC,KAAK,CAAC,QAAQ,CAAC,CAAC;gBACpC,MAAM,CAAC,IAAI,CAAC,IAAI,CAAC,CAAC;gBAClB,cAAG,CAAC,KAAK,CAAC,OAAO,CAAC,CAAC;aACtB;YAAC,OAAO,GAAG,EAAE;gBACV,cAAG,CAAC,KAAK,CAAC,GAAG,CAAC,CAAC;aAClB;SACJ;QACD,OAAO,OAAO,CAAC,GAAG,CAAC,MAAM,CAAC,CAAC;IAC/B,CAAC;IAEM,oBAAoB,CAAC,OAAY;QACpC,IAAI,CAAC,UAAU,CAAC,OAAO,CAAC,CAAC;QACzB,IAAI,YAAY,GAAU,IAAI,CAAC,iBAAiB,CAAC;QACjD,IAAI,UAAU,GAAQ,IAAI,CAAC,uBAAuB,CAAC,YAAY,CAAC,CAAC;QACjE,IAAI,CAAC,iBAAiB,CAAC,UAAU,CAAC,CAAC;QACnC,IAAI,gBAAgB,GAAa,IAAI,CAAC,kBAAkB,CAAC,IAAI,CAAC,iBAAiB,CAAC,CAAC;QAEjF,KAAK,IAAI,YAAY,IAAI,gBAAgB,EAAE;YACvC,YAAY,GAAG,IAAI,CAAC,kBAAkB,CAAC,YAAY,CAAC,CAAC;YACrD,IAAI,YAAY,GAAW,IAAI,CAAC,wBAAwB,CAAC,YAAY,CAAC,CAAC;YACvE,IAAI,CAAC,eAAe,CAAC,GAAG,CAAC,YAAY,EAAE,YAAY,CAAC,CAAC;YACrD,cAAG,CAAC,KAAK,CAAC,IAAI,CAAC,CAAC;SACnB;IACL,CAAC;IAEM,kBAAkB,CAAC,QAAgB;QACtC,QAAQ,GAAG,QAAQ,CAAC,SAAS,CAAC,CAAC,CAAC,CAAC;QACjC,QAAQ,GAAG,OAAO,GAAG,QAAQ,CAAC;QAC9B,OAAO,QAAQ,CAAC;IACpB,CAAC;IAEM,kBAAkB,CAAC,IAAc;QACpC,IAAI,MAAM,GAAa,EAAE,CAAC;QAC1B,IAAI,CAAC,OAAO,CAAC,CAAC,OAAO,EAAE,EAAE;YACrB,IAAI,CAAC,MAAM,CAAC,QAAQ,CAAC,OAAO,CAAC,EAAE;gBAC3B,MAAM,CAAC,IAAI,CAAC,OAAO,CAAC,CAAC;aACxB;QACL,CAAC,CAAC,CAAC;QACH,OAAO,MAAM,CAAC;IAClB,CAAC;IAEM,wBAAwB,CAAC,YAAoB;QAChD,IAAI,YAAY,GAAa,YAAY,CAAC,KAAK,CAAC,GAAG,CAAC,CAAC;QACrD,IAAI,UAAU,GAAG,YAAY,CAAC,YAAY,CAAC,MAAM,GAAG,CAAC,CAAC,CAAC;QACvD,OAAO,UAAU,CAAC;IACtB,CAAC;IAEM,iBAAiB,CAAC,iBAAsB;QAC3C,IAAI,iBAAiB,CAAC,QAAQ,KAAK,GAAG,IAAI,iBAAiB,CAAC,KAAK,CAAC,MAAM,GAAG,CAAC;eACrE,iBAAiB,CAAC,KAAK,CAAC,CAAC,CAAC,CAAC,IAAI,KAAK,MAAM,EAAE;YAC/C,IAAI,YAAY,GAAW,iBAAiB,CAAC,KAAK,CAAC,CAAC,CAAC,CAAC,KAAK,CAAC;YAC5D,IAAI,CAAC,iBAAiB,CAAC,IAAI,CAAC,YAAY,CAAC,CAAC;SAC7C;QACD,IAAI,iBAAiB,CAAC,UAAU,IAAI,iBAAiB,CAAC,UAAU,CAAC,MAAM,GAAG,CAAC,EAAE;YACzE,KAAK,IAAI,KAAK,IAAI,iBAAiB,CAAC,UAAU,EAAE;gBAC5C,IAAI,CAAC,iBAAiB,CAAC,KAAK,CAAC,CAAC;aACjC;SACJ;IACL,CAAC;IAEM,uBAAuB,CAAC,YAAiB;QAC5C,KAAK,IAAI,KAAK,IAAI,YAAY,EAAE;YAC5B,IAAI,WAAW,GAAG,KAAK,CAAC,UAAU,CAAC,CAAC,CAAC,CAAC;YACtC,IAAI,WAAW,CAAC,UAAU,CAAC,CAAC,CAAC,CAAC,QAAQ,KAAK,IAAI,EAAE;gBAC7C,IAAI,UAAU,GAAG,WAAW,CAAC,UAAU,CAAC,CAAC,CAAC,CAAC;gBAE3C,IAAI,UAAU,CAAC,UAAU,CAAC,CAAC,CAAC,CAAC,QAAQ,KAAK,IAAI,EAAE;oBAC5C,IAAI,YAAY,GAAG,UAAU,CAAC,UAAU,CAAC,CAAC,CAAC,CAAC;oBAC5C,IAAI,YAAY,CAAC,KAAK,CAAC,MAAM,GAAG,CAAC;2BAC1B,YAAY,CAAC,KAAK,CAAC,CAAC,CAAC,CAAC,KAAK,KAAK,8CAA8C,EAAE;wBACnF,OAAO,KAAK,CAAC;qBAChB;iBACJ;aACJ;SACJ;IACL,CAAC;IAEM,UAAU,CAAC,OAAY;QAC1B,IAAI,OAAO,CAAC,QAAQ,KAAK,OAAO,IAAI,OAAO,CAAC,UAAU,CAAC,MAAM,GAAG,CAAC;YAC7D,OAAO,CAAC,UAAU,CAAC,CAAC,CAAC,CAAC,QAAQ,KAAK,OAAO,EAAE;YAC5C,IAAI,CAAC,iBAAiB,CAAC,IAAI,CAAC,OAAO,CAAC,CAAC;SACxC;QACD,IAAI,OAAO,CAAC,UAAU,IAAI,OAAO,CAAC,UAAU,CAAC,MAAM,GAAG,CAAC,EAAE;YACrD,KAAK,IAAI,KAAK,IAAI,OAAO,CAAC,UAAU,EAAE;gBAClC,IAAI,CAAC,UAAU,CAAC,KAAK,CAAC,CAAC;aAC1B;SACJ;IACL,CAAC;CAGJ;AArcD,gCAqcC"},"_coverageSchema":"1a1c01bbd47fc00a2c39e90264f33305004495a9","hash":"c848972342d97a426efb962a7a20a20c5f62de60","contentHash":"c2c25975cd6c5d6f7596da54be84e424f56fae4851b7cc3f57069b2e23ec69fa"},"/Users/kathykhong/WebstormProjects/project_team231/src/dataModel/Building.js":{"path":"/Users/kathykhong/WebstormProjects/project_team231/src/dataModel/Building.js","statementMap":{"0":{"start":{"line":2,"column":0},"end":{"line":2,"column":62}},"1":{"start":{"line":5,"column":8},"end":{"line":5,"column":30}},"2":{"start":{"line":8,"column":8},"end":{"line":8,"column":32}},"3":{"start":{"line":11,"column":0},"end":{"line":11,"column":28}}},"fnMap":{"0":{"name":"(anonymous_0)","decl":{"start":{"line":4,"column":4},"end":{"line":4,"column":5}},"loc":{"start":{"line":4,"column":18},"end":{"line":6,"column":5}},"line":4},"1":{"name":"(anonymous_1)","decl":{"start":{"line":7,"column":4},"end":{"line":7,"column":5}},"loc":{"start":{"line":7,"column":21},"end":{"line":9,"column":5}},"line":7}},"branchMap":{},"s":{"0":1,"1":0,"2":0,"3":1},"f":{"0":0,"1":0},"b":{},"inputSourceMap":{"version":3,"file":"Building.js","sourceRoot":"","sources":["Building.ts"],"names":[],"mappings":";;AAEA,MAAa,QAAQ;IAArB;QACW,gBAAW,GAAW,EAAE,CAAC;IAMpC,CAAC;IAJU,cAAc;QACjB,OAAO,IAAI,CAAC,WAAW,CAAC;IAC5B,CAAC;CAEJ;AAPD,4BAOC"},"_coverageSchema":"1a1c01bbd47fc00a2c39e90264f33305004495a9","hash":"afe1191be89a3d233ba129ebc9fc686ba78891e1","contentHash":"e0ff7543a49aabb8888af46c28a67f4f6581e69e8f77f74a16c61d33184ac666"},"/Users/kathykhong/WebstormProjects/project_team231/src/dataModel/Room.js":{"path":"/Users/kathykhong/WebstormProjects/project_team231/src/dataModel/Room.js","statementMap":{"0":{"start":{"line":2,"column":0},"end":{"line":2,"column":62}},"1":{"start":{"line":5,"column":8},"end":{"line":5,"column":27}},"2":{"start":{"line":8,"column":8},"end":{"line":8,"column":33}},"3":{"start":{"line":11,"column":8},"end":{"line":11,"column":35}},"4":{"start":{"line":14,"column":8},"end":{"line":14,"column":33}},"5":{"start":{"line":17,"column":8},"end":{"line":17,"column":25}},"6":{"start":{"line":20,"column":8},"end":{"line":20,"column":31}},"7":{"start":{"line":23,"column":8},"end":{"line":23,"column":27}},"8":{"start":{"line":26,"column":8},"end":{"line":26,"column":25}},"9":{"start":{"line":29,"column":8},"end":{"line":29,"column":35}},"10":{"start":{"line":32,"column":8},"end":{"line":32,"column":25}},"11":{"start":{"line":35,"column":8},"end":{"line":35,"column":30}},"12":{"start":{"line":38,"column":0},"end":{"line":38,"column":20}}},"fnMap":{"0":{"name":"(anonymous_0)","decl":{"start":{"line":4,"column":4},"end":{"line":4,"column":5}},"loc":{"start":{"line":4,"column":20},"end":{"line":6,"column":5}},"line":4},"1":{"name":"(anonymous_1)","decl":{"start":{"line":7,"column":4},"end":{"line":7,"column":5}},"loc":{"start":{"line":7,"column":26},"end":{"line":9,"column":5}},"line":7},"2":{"name":"(anonymous_2)","decl":{"start":{"line":10,"column":4},"end":{"line":10,"column":5}},"loc":{"start":{"line":10,"column":28},"end":{"line":12,"column":5}},"line":10},"3":{"name":"(anonymous_3)","decl":{"start":{"line":13,"column":4},"end":{"line":13,"column":5}},"loc":{"start":{"line":13,"column":26},"end":{"line":15,"column":5}},"line":13},"4":{"name":"(anonymous_4)","decl":{"start":{"line":16,"column":4},"end":{"line":16,"column":5}},"loc":{"start":{"line":16,"column":18},"end":{"line":18,"column":5}},"line":16},"5":{"name":"(anonymous_5)","decl":{"start":{"line":19,"column":4},"end":{"line":19,"column":5}},"loc":{"start":{"line":19,"column":24},"end":{"line":21,"column":5}},"line":19},"6":{"name":"(anonymous_6)","decl":{"start":{"line":22,"column":4},"end":{"line":22,"column":5}},"loc":{"start":{"line":22,"column":20},"end":{"line":24,"column":5}},"line":22},"7":{"name":"(anonymous_7)","decl":{"start":{"line":25,"column":4},"end":{"line":25,"column":5}},"loc":{"start":{"line":25,"column":18},"end":{"line":27,"column":5}},"line":25},"8":{"name":"(anonymous_8)","decl":{"start":{"line":28,"column":4},"end":{"line":28,"column":5}},"loc":{"start":{"line":28,"column":28},"end":{"line":30,"column":5}},"line":28},"9":{"name":"(anonymous_9)","decl":{"start":{"line":31,"column":4},"end":{"line":31,"column":5}},"loc":{"start":{"line":31,"column":18},"end":{"line":33,"column":5}},"line":31},"10":{"name":"(anonymous_10)","decl":{"start":{"line":34,"column":4},"end":{"line":34,"column":5}},"loc":{"start":{"line":34,"column":23},"end":{"line":36,"column":5}},"line":34}},"branchMap":{},"s":{"0":1,"1":0,"2":0,"3":0,"4":0,"5":0,"6":0,"7":0,"8":0,"9":0,"10":0,"11":0,"12":1},"f":{"0":0,"1":0,"2":0,"3":0,"4":0,"5":0,"6":0,"7":0,"8":0,"9":0,"10":0},"b":{},"inputSourceMap":{"version":3,"file":"Room.js","sourceRoot":"","sources":["Room.ts"],"names":[],"mappings":";;AAAA,MAAa,IAAI;IAcN,SAAS,CAAC,IAAS;QACtB,IAAI,CAAC,MAAM,GAAG,IAAI,CAAC;IACvB,CAAC;IAEM,WAAW,CAAC,QAAgB;QAC/B,IAAI,CAAC,QAAQ,GAAG,QAAQ,CAAC;IAC7B,CAAC;IAEM,YAAY,CAAC,SAAiB;QACjC,IAAI,CAAC,SAAS,GAAG,SAAS,CAAC;IAC/B,CAAC;IAEM,SAAS,CAAC,UAAkB;QAC/B,IAAI,CAAC,MAAM,GAAG,UAAU,CAAC;IAC7B,CAAC;IAEM,OAAO,CAAC,IAAY;QACvB,IAAI,CAAC,IAAI,GAAG,IAAI,CAAC;IACrB,CAAC;IAEM,UAAU,CAAC,OAAe;QAC7B,IAAI,CAAC,OAAO,GAAG,OAAO,CAAC;IAC3B,CAAC;IAEM,QAAQ,CAAC,KAAa;QACzB,IAAI,CAAC,KAAK,GAAG,KAAK,CAAC;IACvB,CAAC;IAEM,OAAO,CAAC,IAAY;QACvB,IAAI,CAAC,IAAI,GAAG,IAAI,CAAC;IACrB,CAAC;IAEM,YAAY,CAAC,SAAiB;QACjC,IAAI,CAAC,SAAS,GAAG,SAAS,CAAC;IAC/B,CAAC;IAEM,OAAO,CAAC,IAAY;QACvB,IAAI,CAAC,IAAI,GAAG,IAAI,CAAC;IACrB,CAAC;IAEM,gBAAgB;QACnB,OAAO,IAAI,CAAC,SAAS,CAAC;IAC1B,CAAC;CAEJ;AA1DD,oBA0DC"},"_coverageSchema":"1a1c01bbd47fc00a2c39e90264f33305004495a9","hash":"130ac390322d8126d401a4d646c2569cdd72dfeb","contentHash":"35e79c18b35c2e0fb9ba33b55ebd078a12e6332074ed5d89d2e5cce11010f5b8"}}