{"/Users/kathykhong/WebstormProjects/project_team231/src/controller/IInsightFacade.js":{"path":"/Users/kathykhong/WebstormProjects/project_team231/src/controller/IInsightFacade.js","statementMap":{"0":{"start":{"line":2,"column":0},"end":{"line":2,"column":62}},"1":{"start":{"line":4,"column":0},"end":{"line":7,"column":89}},"2":{"start":{"line":5,"column":4},"end":{"line":5,"column":46}},"3":{"start":{"line":6,"column":4},"end":{"line":6,"column":42}},"4":{"start":{"line":10,"column":8},"end":{"line":10,"column":23}},"5":{"start":{"line":11,"column":8},"end":{"line":11,"column":52}},"6":{"start":{"line":14,"column":0},"end":{"line":14,"column":36}},"7":{"start":{"line":17,"column":8},"end":{"line":17,"column":23}},"8":{"start":{"line":18,"column":8},"end":{"line":18,"column":53}},"9":{"start":{"line":21,"column":0},"end":{"line":21,"column":38}},"10":{"start":{"line":24,"column":8},"end":{"line":24,"column":23}},"11":{"start":{"line":25,"column":8},"end":{"line":25,"column":59}},"12":{"start":{"line":28,"column":0},"end":{"line":28,"column":50}}},"fnMap":{"0":{"name":"(anonymous_0)","decl":{"start":{"line":4,"column":1},"end":{"line":4,"column":2}},"loc":{"start":{"line":4,"column":31},"end":{"line":7,"column":1}},"line":4},"1":{"name":"(anonymous_1)","decl":{"start":{"line":9,"column":4},"end":{"line":9,"column":5}},"loc":{"start":{"line":9,"column":25},"end":{"line":12,"column":5}},"line":9},"2":{"name":"(anonymous_2)","decl":{"start":{"line":16,"column":4},"end":{"line":16,"column":5}},"loc":{"start":{"line":16,"column":25},"end":{"line":19,"column":5}},"line":16},"3":{"name":"(anonymous_3)","decl":{"start":{"line":23,"column":4},"end":{"line":23,"column":5}},"loc":{"start":{"line":23,"column":25},"end":{"line":26,"column":5}},"line":23}},"branchMap":{"0":{"loc":{"start":{"line":7,"column":24},"end":{"line":7,"column":87}},"type":"binary-expr","locations":[{"start":{"line":7,"column":24},"end":{"line":7,"column":50}},{"start":{"line":7,"column":55},"end":{"line":7,"column":86}}],"line":7}},"s":{"0":1,"1":1,"2":1,"3":1,"4":0,"5":0,"6":1,"7":0,"8":0,"9":1,"10":0,"11":0,"12":1},"f":{"0":1,"1":0,"2":0,"3":0},"b":{"0":[1,1]},"inputSourceMap":{"version":3,"file":"IInsightFacade.js","sourceRoot":"","sources":["IInsightFacade.ts"],"names":[],"mappings":";;AAMA,IAAY,kBAGX;AAHD,WAAY,kBAAkB;IAC1B,yCAAmB,CAAA;IACnB,qCAAe,CAAA;AACnB,CAAC,EAHW,kBAAkB,GAAlB,0BAAkB,KAAlB,0BAAkB,QAG7B;AAQD,MAAa,YAAa,SAAQ,KAAK;IACnC,YAAY,GAAG,IAAW;QACtB,KAAK,CAAC,GAAG,IAAI,CAAC,CAAC;QACf,KAAK,CAAC,iBAAiB,CAAC,IAAI,EAAE,YAAY,CAAC,CAAC;IAChD,CAAC;CACJ;AALD,oCAKC;AAED,MAAa,aAAc,SAAQ,KAAK;IACpC,YAAY,GAAG,IAAW;QACtB,KAAK,CAAC,GAAG,IAAI,CAAC,CAAC;QACf,KAAK,CAAC,iBAAiB,CAAC,IAAI,EAAE,aAAa,CAAC,CAAC;IACjD,CAAC;CACJ;AALD,sCAKC;AAED,MAAa,mBAAoB,SAAQ,KAAK;IAC1C,YAAY,GAAG,IAAW;QACtB,KAAK,CAAC,GAAG,IAAI,CAAC,CAAC;QACf,KAAK,CAAC,iBAAiB,CAAC,IAAI,EAAE,mBAAmB,CAAC,CAAC;IACvD,CAAC;CACJ;AALD,kDAKC"},"_coverageSchema":"1a1c01bbd47fc00a2c39e90264f33305004495a9","hash":"d8cbdf536a1122a073afce765b5ea81b70419064","contentHash":"f4849d3a7d70dcfaccb1755da64abc3e9552ff3bad03ec30295f5e8ca50714b6"},"/Users/kathykhong/WebstormProjects/project_team231/src/controller/InsightFacade.js":{"path":"/Users/kathykhong/WebstormProjects/project_team231/src/controller/InsightFacade.js","statementMap":{"0":{"start":{"line":2,"column":0},"end":{"line":2,"column":62}},"1":{"start":{"line":3,"column":15},"end":{"line":3,"column":33}},"2":{"start":{"line":4,"column":25},"end":{"line":4,"column":52}},"3":{"start":{"line":5,"column":11},"end":{"line":5,"column":24}},"4":{"start":{"line":6,"column":17},"end":{"line":6,"column":47}},"5":{"start":{"line":7,"column":18},"end":{"line":7,"column":49}},"6":{"start":{"line":8,"column":25},"end":{"line":8,"column":64}},"7":{"start":{"line":9,"column":25},"end":{"line":9,"column":64}},"8":{"start":{"line":10,"column":23},"end":{"line":10,"column":48}},"9":{"start":{"line":11,"column":21},"end":{"line":11,"column":44}},"10":{"start":{"line":14,"column":8},"end":{"line":14,"column":34}},"11":{"start":{"line":15,"column":8},"end":{"line":16,"column":61}},"12":{"start":{"line":17,"column":8},"end":{"line":17,"column":58}},"13":{"start":{"line":18,"column":8},"end":{"line":18,"column":37}},"14":{"start":{"line":21,"column":8},"end":{"line":24,"column":9}},"15":{"start":{"line":23,"column":12},"end":{"line":23,"column":83}},"16":{"start":{"line":25,"column":8},"end":{"line":27,"column":9}},"17":{"start":{"line":26,"column":12},"end":{"line":26,"column":106}},"18":{"start":{"line":28,"column":8},"end":{"line":30,"column":9}},"19":{"start":{"line":29,"column":12},"end":{"line":29,"column":115}},"20":{"start":{"line":31,"column":8},"end":{"line":33,"column":9}},"21":{"start":{"line":32,"column":12},"end":{"line":32,"column":91}},"22":{"start":{"line":35,"column":8},"end":{"line":38,"column":9}},"23":{"start":{"line":36,"column":31},"end":{"line":36,"column":64}},"24":{"start":{"line":37,"column":12},"end":{"line":37,"column":77}},"25":{"start":{"line":39,"column":8},"end":{"line":42,"column":9}},"26":{"start":{"line":40,"column":29},"end":{"line":40,"column":58}},"27":{"start":{"line":41,"column":12},"end":{"line":41,"column":73}},"28":{"start":{"line":43,"column":8},"end":{"line":43,"column":39}},"29":{"start":{"line":46,"column":21},"end":{"line":46,"column":34}},"30":{"start":{"line":47,"column":8},"end":{"line":51,"column":9}},"31":{"start":{"line":48,"column":12},"end":{"line":50,"column":13}},"32":{"start":{"line":49,"column":16},"end":{"line":49,"column":29}},"33":{"start":{"line":52,"column":8},"end":{"line":52,"column":20}},"34":{"start":{"line":55,"column":21},"end":{"line":55,"column":23}},"35":{"start":{"line":56,"column":8},"end":{"line":63,"column":11}},"36":{"start":{"line":58,"column":12},"end":{"line":61,"column":15}},"37":{"start":{"line":59,"column":29},"end":{"line":59,"column":49}},"38":{"start":{"line":60,"column":16},"end":{"line":60,"column":47}},"39":{"start":{"line":62,"column":12},"end":{"line":62,"column":30}},"40":{"start":{"line":64,"column":8},"end":{"line":64,"column":22}},"41":{"start":{"line":67,"column":22},"end":{"line":67,"column":23}},"42":{"start":{"line":69,"column":8},"end":{"line":85,"column":9}},"43":{"start":{"line":71,"column":12},"end":{"line":71,"column":46}},"44":{"start":{"line":72,"column":12},"end":{"line":72,"column":27}},"45":{"start":{"line":73,"column":12},"end":{"line":83,"column":13}},"46":{"start":{"line":74,"column":33},"end":{"line":74,"column":56}},"47":{"start":{"line":75,"column":16},"end":{"line":82,"column":17}},"48":{"start":{"line":76,"column":20},"end":{"line":76,"column":63}},"49":{"start":{"line":77,"column":20},"end":{"line":79,"column":21}},"50":{"start":{"line":78,"column":24},"end":{"line":78,"column":65}},"51":{"start":{"line":80,"column":20},"end":{"line":80,"column":61}},"52":{"start":{"line":81,"column":20},"end":{"line":81,"column":30}},"53":{"start":{"line":84,"column":12},"end":{"line":84,"column":62}},"54":{"start":{"line":86,"column":8},"end":{"line":86,"column":39}},"55":{"start":{"line":87,"column":8},"end":{"line":87,"column":26}},"56":{"start":{"line":90,"column":8},"end":{"line":95,"column":9}},"57":{"start":{"line":91,"column":34},"end":{"line":91,"column":54}},"58":{"start":{"line":92,"column":12},"end":{"line":94,"column":13}},"59":{"start":{"line":93,"column":16},"end":{"line":93,"column":29}},"60":{"start":{"line":96,"column":8},"end":{"line":96,"column":20}},"61":{"start":{"line":99,"column":8},"end":{"line":104,"column":9}},"62":{"start":{"line":100,"column":12},"end":{"line":100,"column":37}},"63":{"start":{"line":103,"column":12},"end":{"line":103,"column":59}},"64":{"start":{"line":105,"column":8},"end":{"line":105,"column":57}},"65":{"start":{"line":106,"column":8},"end":{"line":106,"column":51}},"66":{"start":{"line":107,"column":8},"end":{"line":107,"column":44}},"67":{"start":{"line":108,"column":8},"end":{"line":108,"column":55}},"68":{"start":{"line":109,"column":8},"end":{"line":109,"column":55}},"69":{"start":{"line":110,"column":8},"end":{"line":110,"column":41}},"70":{"start":{"line":111,"column":8},"end":{"line":111,"column":39}},"71":{"start":{"line":112,"column":8},"end":{"line":112,"column":52}},"72":{"start":{"line":113,"column":8},"end":{"line":113,"column":43}},"73":{"start":{"line":116,"column":8},"end":{"line":119,"column":9}},"74":{"start":{"line":118,"column":12},"end":{"line":118,"column":83}},"75":{"start":{"line":120,"column":8},"end":{"line":123,"column":9}},"76":{"start":{"line":122,"column":12},"end":{"line":122,"column":72}},"77":{"start":{"line":124,"column":8},"end":{"line":126,"column":9}},"78":{"start":{"line":125,"column":12},"end":{"line":125,"column":72}},"79":{"start":{"line":127,"column":21},"end":{"line":127,"column":35}},"80":{"start":{"line":128,"column":8},"end":{"line":128,"column":28}},"81":{"start":{"line":129,"column":8},"end":{"line":129,"column":36}},"82":{"start":{"line":130,"column":8},"end":{"line":130,"column":54}},"83":{"start":{"line":131,"column":8},"end":{"line":131,"column":35}},"84":{"start":{"line":134,"column":20},"end":{"line":134,"column":35}},"85":{"start":{"line":135,"column":8},"end":{"line":137,"column":9}},"86":{"start":{"line":136,"column":12},"end":{"line":136,"column":33}},"87":{"start":{"line":138,"column":8},"end":{"line":138,"column":19}},"88":{"start":{"line":141,"column":21},"end":{"line":141,"column":23}},"89":{"start":{"line":142,"column":8},"end":{"line":159,"column":9}},"90":{"start":{"line":144,"column":12},"end":{"line":150,"column":13}},"91":{"start":{"line":145,"column":16},"end":{"line":149,"column":18}},"92":{"start":{"line":151,"column":12},"end":{"line":157,"column":13}},"93":{"start":{"line":152,"column":16},"end":{"line":156,"column":18}},"94":{"start":{"line":158,"column":12},"end":{"line":158,"column":32}},"95":{"start":{"line":160,"column":8},"end":{"line":160,"column":39}},"96":{"start":{"line":163,"column":8},"end":{"line":200,"column":9}},"97":{"start":{"line":164,"column":28},"end":{"line":164,"column":65}},"98":{"start":{"line":165,"column":12},"end":{"line":165,"column":43}},"99":{"start":{"line":166,"column":39},"end":{"line":166,"column":41}},"100":{"start":{"line":167,"column":35},"end":{"line":167,"column":59}},"101":{"start":{"line":168,"column":12},"end":{"line":170,"column":13}},"102":{"start":{"line":169,"column":16},"end":{"line":169,"column":91}},"103":{"start":{"line":171,"column":26},"end":{"line":171,"column":64}},"104":{"start":{"line":172,"column":21},"end":{"line":172,"column":58}},"105":{"start":{"line":173,"column":12},"end":{"line":179,"column":13}},"106":{"start":{"line":174,"column":16},"end":{"line":178,"column":17}},"107":{"start":{"line":175,"column":20},"end":{"line":177,"column":21}},"108":{"start":{"line":176,"column":24},"end":{"line":176,"column":59}},"109":{"start":{"line":180,"column":32},"end":{"line":180,"column":34}},"110":{"start":{"line":181,"column":27},"end":{"line":181,"column":51}},"111":{"start":{"line":182,"column":12},"end":{"line":188,"column":13}},"112":{"start":{"line":183,"column":36},"end":{"line":183,"column":48}},"113":{"start":{"line":184,"column":16},"end":{"line":186,"column":17}},"114":{"start":{"line":185,"column":20},"end":{"line":185,"column":84}},"115":{"start":{"line":187,"column":16},"end":{"line":187,"column":50}},"116":{"start":{"line":189,"column":12},"end":{"line":191,"column":13}},"117":{"start":{"line":190,"column":16},"end":{"line":190,"column":105}},"118":{"start":{"line":192,"column":12},"end":{"line":195,"column":13}},"119":{"start":{"line":193,"column":30},"end":{"line":193,"column":49}},"120":{"start":{"line":194,"column":16},"end":{"line":194,"column":70}},"121":{"start":{"line":194,"column":45},"end":{"line":194,"column":68}},"122":{"start":{"line":196,"column":12},"end":{"line":196,"column":50}},"123":{"start":{"line":199,"column":12},"end":{"line":199,"column":39}},"124":{"start":{"line":203,"column":0},"end":{"line":203,"column":32}}},"fnMap":{"0":{"name":"(anonymous_0)","decl":{"start":{"line":13,"column":4},"end":{"line":13,"column":5}},"loc":{"start":{"line":13,"column":18},"end":{"line":19,"column":5}},"line":13},"1":{"name":"(anonymous_1)","decl":{"start":{"line":20,"column":4},"end":{"line":20,"column":5}},"loc":{"start":{"line":20,"column":34},"end":{"line":44,"column":5}},"line":20},"2":{"name":"(anonymous_2)","decl":{"start":{"line":45,"column":4},"end":{"line":45,"column":5}},"loc":{"start":{"line":45,"column":25},"end":{"line":53,"column":5}},"line":45},"3":{"name":"(anonymous_3)","decl":{"start":{"line":54,"column":4},"end":{"line":54,"column":5}},"loc":{"start":{"line":54,"column":17},"end":{"line":65,"column":5}},"line":54},"4":{"name":"(anonymous_4)","decl":{"start":{"line":56,"column":36},"end":{"line":56,"column":37}},"loc":{"start":{"line":56,"column":62},"end":{"line":63,"column":9}},"line":56},"5":{"name":"(anonymous_5)","decl":{"start":{"line":58,"column":45},"end":{"line":58,"column":46}},"loc":{"start":{"line":58,"column":65},"end":{"line":61,"column":13}},"line":58},"6":{"name":"(anonymous_6)","decl":{"start":{"line":66,"column":4},"end":{"line":66,"column":5}},"loc":{"start":{"line":66,"column":42},"end":{"line":88,"column":5}},"line":66},"7":{"name":"(anonymous_7)","decl":{"start":{"line":89,"column":4},"end":{"line":89,"column":5}},"loc":{"start":{"line":89,"column":34},"end":{"line":97,"column":5}},"line":89},"8":{"name":"(anonymous_8)","decl":{"start":{"line":98,"column":4},"end":{"line":98,"column":5}},"loc":{"start":{"line":98,"column":42},"end":{"line":114,"column":5}},"line":98},"9":{"name":"(anonymous_9)","decl":{"start":{"line":115,"column":4},"end":{"line":115,"column":5}},"loc":{"start":{"line":115,"column":22},"end":{"line":132,"column":5}},"line":115},"10":{"name":"(anonymous_10)","decl":{"start":{"line":133,"column":4},"end":{"line":133,"column":5}},"loc":{"start":{"line":133,"column":28},"end":{"line":139,"column":5}},"line":133},"11":{"name":"(anonymous_11)","decl":{"start":{"line":140,"column":4},"end":{"line":140,"column":5}},"loc":{"start":{"line":140,"column":19},"end":{"line":161,"column":5}},"line":140},"12":{"name":"(anonymous_12)","decl":{"start":{"line":162,"column":4},"end":{"line":162,"column":5}},"loc":{"start":{"line":162,"column":24},"end":{"line":201,"column":5}},"line":162},"13":{"name":"(anonymous_13)","decl":{"start":{"line":194,"column":35},"end":{"line":194,"column":36}},"loc":{"start":{"line":194,"column":45},"end":{"line":194,"column":68}},"line":194}},"branchMap":{"0":{"loc":{"start":{"line":21,"column":8},"end":{"line":24,"column":9}},"type":"if","locations":[{"start":{"line":21,"column":8},"end":{"line":24,"column":9}},{"start":{"line":21,"column":8},"end":{"line":24,"column":9}}],"line":21},"1":{"loc":{"start":{"line":21,"column":12},"end":{"line":22,"column":46}},"type":"binary-expr","locations":[{"start":{"line":21,"column":12},"end":{"line":21,"column":28}},{"start":{"line":21,"column":32},"end":{"line":21,"column":42}},{"start":{"line":21,"column":46},"end":{"line":21,"column":55}},{"start":{"line":21,"column":59},"end":{"line":21,"column":83}},{"start":{"line":22,"column":15},"end":{"line":22,"column":26}},{"start":{"line":22,"column":30},"end":{"line":22,"column":46}}],"line":21},"2":{"loc":{"start":{"line":25,"column":8},"end":{"line":27,"column":9}},"type":"if","locations":[{"start":{"line":25,"column":8},"end":{"line":27,"column":9}},{"start":{"line":25,"column":8},"end":{"line":27,"column":9}}],"line":25},"3":{"loc":{"start":{"line":28,"column":8},"end":{"line":30,"column":9}},"type":"if","locations":[{"start":{"line":28,"column":8},"end":{"line":30,"column":9}},{"start":{"line":28,"column":8},"end":{"line":30,"column":9}}],"line":28},"4":{"loc":{"start":{"line":28,"column":12},"end":{"line":28,"column":53}},"type":"binary-expr","locations":[{"start":{"line":28,"column":12},"end":{"line":28,"column":28}},{"start":{"line":28,"column":32},"end":{"line":28,"column":53}}],"line":28},"5":{"loc":{"start":{"line":31,"column":8},"end":{"line":33,"column":9}},"type":"if","locations":[{"start":{"line":31,"column":8},"end":{"line":33,"column":9}},{"start":{"line":31,"column":8},"end":{"line":33,"column":9}}],"line":31},"6":{"loc":{"start":{"line":35,"column":8},"end":{"line":38,"column":9}},"type":"if","locations":[{"start":{"line":35,"column":8},"end":{"line":38,"column":9}},{"start":{"line":35,"column":8},"end":{"line":38,"column":9}}],"line":35},"7":{"loc":{"start":{"line":39,"column":8},"end":{"line":42,"column":9}},"type":"if","locations":[{"start":{"line":39,"column":8},"end":{"line":42,"column":9}},{"start":{"line":39,"column":8},"end":{"line":42,"column":9}}],"line":39},"8":{"loc":{"start":{"line":48,"column":12},"end":{"line":50,"column":13}},"type":"if","locations":[{"start":{"line":48,"column":12},"end":{"line":50,"column":13}},{"start":{"line":48,"column":12},"end":{"line":50,"column":13}}],"line":48},"9":{"loc":{"start":{"line":75,"column":16},"end":{"line":82,"column":17}},"type":"if","locations":[{"start":{"line":75,"column":16},"end":{"line":82,"column":17}},{"start":{"line":75,"column":16},"end":{"line":82,"column":17}}],"line":75},"10":{"loc":{"start":{"line":77,"column":20},"end":{"line":79,"column":21}},"type":"if","locations":[{"start":{"line":77,"column":20},"end":{"line":79,"column":21}},{"start":{"line":77,"column":20},"end":{"line":79,"column":21}}],"line":77},"11":{"loc":{"start":{"line":92,"column":12},"end":{"line":94,"column":13}},"type":"if","locations":[{"start":{"line":92,"column":12},"end":{"line":94,"column":13}},{"start":{"line":92,"column":12},"end":{"line":94,"column":13}}],"line":92},"12":{"loc":{"start":{"line":99,"column":8},"end":{"line":104,"column":9}},"type":"if","locations":[{"start":{"line":99,"column":8},"end":{"line":104,"column":9}},{"start":{"line":99,"column":8},"end":{"line":104,"column":9}}],"line":99},"13":{"loc":{"start":{"line":116,"column":8},"end":{"line":119,"column":9}},"type":"if","locations":[{"start":{"line":116,"column":8},"end":{"line":119,"column":9}},{"start":{"line":116,"column":8},"end":{"line":119,"column":9}}],"line":116},"14":{"loc":{"start":{"line":116,"column":12},"end":{"line":117,"column":46}},"type":"binary-expr","locations":[{"start":{"line":116,"column":12},"end":{"line":116,"column":28}},{"start":{"line":116,"column":32},"end":{"line":116,"column":42}},{"start":{"line":116,"column":46},"end":{"line":116,"column":55}},{"start":{"line":116,"column":59},"end":{"line":116,"column":83}},{"start":{"line":117,"column":15},"end":{"line":117,"column":26}},{"start":{"line":117,"column":30},"end":{"line":117,"column":46}}],"line":116},"15":{"loc":{"start":{"line":120,"column":8},"end":{"line":123,"column":9}},"type":"if","locations":[{"start":{"line":120,"column":8},"end":{"line":123,"column":9}},{"start":{"line":120,"column":8},"end":{"line":123,"column":9}}],"line":120},"16":{"loc":{"start":{"line":120,"column":12},"end":{"line":121,"column":45}},"type":"binary-expr","locations":[{"start":{"line":120,"column":12},"end":{"line":120,"column":46}},{"start":{"line":121,"column":12},"end":{"line":121,"column":45}}],"line":120},"17":{"loc":{"start":{"line":124,"column":8},"end":{"line":126,"column":9}},"type":"if","locations":[{"start":{"line":124,"column":8},"end":{"line":126,"column":9}},{"start":{"line":124,"column":8},"end":{"line":126,"column":9}}],"line":124},"18":{"loc":{"start":{"line":124,"column":12},"end":{"line":124,"column":68}},"type":"binary-expr","locations":[{"start":{"line":124,"column":12},"end":{"line":124,"column":37}},{"start":{"line":124,"column":41},"end":{"line":124,"column":68}}],"line":124},"19":{"loc":{"start":{"line":135,"column":8},"end":{"line":137,"column":9}},"type":"if","locations":[{"start":{"line":135,"column":8},"end":{"line":137,"column":9}},{"start":{"line":135,"column":8},"end":{"line":137,"column":9}}],"line":135},"20":{"loc":{"start":{"line":144,"column":12},"end":{"line":150,"column":13}},"type":"if","locations":[{"start":{"line":144,"column":12},"end":{"line":150,"column":13}},{"start":{"line":144,"column":12},"end":{"line":150,"column":13}}],"line":144},"21":{"loc":{"start":{"line":151,"column":12},"end":{"line":157,"column":13}},"type":"if","locations":[{"start":{"line":151,"column":12},"end":{"line":157,"column":13}},{"start":{"line":151,"column":12},"end":{"line":157,"column":13}}],"line":151},"22":{"loc":{"start":{"line":168,"column":12},"end":{"line":170,"column":13}},"type":"if","locations":[{"start":{"line":168,"column":12},"end":{"line":170,"column":13}},{"start":{"line":168,"column":12},"end":{"line":170,"column":13}}],"line":168},"23":{"loc":{"start":{"line":175,"column":20},"end":{"line":177,"column":21}},"type":"if","locations":[{"start":{"line":175,"column":20},"end":{"line":177,"column":21}},{"start":{"line":175,"column":20},"end":{"line":177,"column":21}}],"line":175},"24":{"loc":{"start":{"line":189,"column":12},"end":{"line":191,"column":13}},"type":"if","locations":[{"start":{"line":189,"column":12},"end":{"line":191,"column":13}},{"start":{"line":189,"column":12},"end":{"line":191,"column":13}}],"line":189},"25":{"loc":{"start":{"line":192,"column":12},"end":{"line":195,"column":13}},"type":"if","locations":[{"start":{"line":192,"column":12},"end":{"line":195,"column":13}},{"start":{"line":192,"column":12},"end":{"line":195,"column":13}}],"line":192}},"s":{"0":1,"1":1,"2":1,"3":1,"4":1,"5":1,"6":1,"7":1,"8":1,"9":1,"10":2,"11":2,"12":2,"13":2,"14":1,"15":0,"16":1,"17":0,"18":1,"19":0,"20":1,"21":0,"22":1,"23":0,"24":0,"25":1,"26":1,"27":1,"28":1,"29":1,"30":1,"31":1,"32":1,"33":0,"34":0,"35":0,"36":0,"37":0,"38":0,"39":0,"40":0,"41":0,"42":0,"43":0,"44":0,"45":0,"46":0,"47":0,"48":0,"49":0,"50":0,"51":0,"52":0,"53":0,"54":0,"55":0,"56":0,"57":0,"58":0,"59":0,"60":0,"61":0,"62":0,"63":0,"64":0,"65":0,"66":0,"67":0,"68":0,"69":0,"70":0,"71":0,"72":0,"73":0,"74":0,"75":0,"76":0,"77":0,"78":0,"79":0,"80":0,"81":0,"82":0,"83":0,"84":0,"85":0,"86":0,"87":0,"88":1,"89":1,"90":1,"91":0,"92":1,"93":1,"94":1,"95":1,"96":0,"97":0,"98":0,"99":0,"100":0,"101":0,"102":0,"103":0,"104":0,"105":0,"106":0,"107":0,"108":0,"109":0,"110":0,"111":0,"112":0,"113":0,"114":0,"115":0,"116":0,"117":0,"118":0,"119":0,"120":0,"121":0,"122":0,"123":0,"124":1},"f":{"0":2,"1":1,"2":1,"3":0,"4":0,"5":0,"6":0,"7":0,"8":0,"9":0,"10":0,"11":1,"12":0,"13":0},"b":{"0":[0,1],"1":[1,1,1,1,1,1],"2":[0,1],"3":[0,1],"4":[1,1],"5":[0,1],"6":[0,1],"7":[1,0],"8":[1,0],"9":[0,0],"10":[0,0],"11":[0,0],"12":[0,0],"13":[0,0],"14":[0,0,0,0,0,0],"15":[0,0],"16":[0,0],"17":[0,0],"18":[0,0],"19":[0,0],"20":[0,1],"21":[1,0],"22":[0,0],"23":[0,0],"24":[0,0],"25":[0,0]},"inputSourceMap":{"version":3,"file":"InsightFacade.js","sourceRoot":"","sources":["InsightFacade.ts"],"names":[],"mappings":";;AAAA,kCAA0B;AAC1B,qDAO0B;AAG1B,yBAAyB;AACzB,gDAA2C;AAC3C,kDAA6C;AAC7C,iEAA4D;AAC5D,iEAA4D;AAC5D,iDAA4C;AAC5C,6CAAwC;AAOxC,MAAqB,aAAa;IAM9B;QALO,oBAAe,GAAa,EAAE,CAAC;QAE/B,eAAU,GAAa,CAAC,KAAK,EAAE,MAAM,EAAE,MAAM,EAAE,OAAO,EAAE,MAAM;YACjE,SAAS,EAAE,QAAQ,EAAE,WAAW,EAAE,OAAO,EAAE,IAAI,CAAC,CAAC;QAGjD,cAAG,CAAC,KAAK,CAAC,2BAA2B,CAAC,CAAC;QACvC,IAAI,CAAC,WAAW,GAAG,IAAI,GAAG,EAAE,CAAC;IACjC,CAAC;IAGM,UAAU,CACb,EAAU,EACV,OAAe,EACf,IAAwB;QAExB,IAAI,EAAE,CAAC,QAAQ,CAAC,GAAG,CAAC,IAAI,CAAC,EAAE,CAAC,IAAI,EAAE,IAAI,EAAE,KAAK,EAAE,IAAI,IAAI,CAAC,eAAe,CAAC,EAAE,CAAC;eACpE,EAAE,KAAK,IAAI,IAAI,EAAE,KAAK,SAAS,EAAE;YACpC,OAAO,OAAO,CAAC,MAAM,CAAC,IAAI,6BAAY,CAAC,YAAY,CAAC,CAAC,CAAC;SACzD;QACD,IAAI,IAAI,CAAC,eAAe,CAAC,QAAQ,CAAC,EAAE,CAAC,EAAE;YACnC,OAAO,OAAO,CAAC,MAAM,CAAC,IAAI,6BAAY,CAAC,mCAAmC,CAAC,CAAC,CAAC;SAChF;QACD,IAAI,OAAO,KAAK,IAAI,IAAI,OAAO,KAAK,SAAS,EAAE;YAC3C,OAAO,OAAO,CAAC,MAAM,CAAC,IAAI,6BAAY,CAAC,4CAA4C,CAAC,CAAC,CAAC;SACzF;QAED,IAAI,EAAE,CAAC,UAAU,CAAC,QAAQ,GAAG,EAAE,GAAG,MAAM,CAAC,EAAE;YACvC,OAAO,OAAO,CAAC,MAAM,CAAC,IAAI,6BAAY,CAAC,oBAAoB,CAAC,CAAC,CAAC;SACjE;QACD,IAAI,MAAyB,CAAC;QAC9B,IAAI,IAAI,KAAK,mCAAkB,CAAC,OAAO,EAAE;YACrC,IAAI,YAAY,GAAiB,IAAI,2BAAY,EAAE,CAAC;YACpD,MAAM,GAAG,YAAY,CAAC,iBAAiB,CAAC,EAAE,EAAE,OAAO,EAAE,IAAI,EAAE,IAAI,CAAC,CAAC;SACpE;QACD,IAAI,IAAI,KAAK,mCAAkB,CAAC,KAAK,EAAE;YACnC,IAAI,UAAU,GAAe,IAAI,uBAAU,EAAE,CAAC;YAC9C,MAAM,GAAG,UAAU,CAAC,eAAe,CAAC,EAAE,EAAE,OAAO,EAAE,IAAI,EAAE,IAAI,CAAC,CAAC;SAChE;QACD,OAAO,OAAO,CAAC,OAAO,CAAC,MAAM,CAAC,CAAC;IACvC,CAAC;IAEU,eAAe,CAAC,GAAW;QAC9B,IAAI,MAAM,GAAa,GAAG,CAAC,KAAK,CAAC,EAAE,CAAC,CAAC;QACrC,KAAK,MAAM,IAAI,IAAI,MAAM,EAAE;YACvB,IAAI,IAAI,KAAK,GAAG,EAAE;gBACd,OAAO,KAAK,CAAC;aAChB;SACJ;QACD,OAAO,IAAI,CAAC;IAChB,CAAC;IAMM,SAAS,CAAC,CAAQ;QACrB,IAAI,MAAM,GAAwB,EAAE,CAAC;QAKrC,CAAC,CAAC,MAAM,CAAC,SAAS,CAAC,CAAC,OAAO,CAAC,UAAU,QAAQ,EAAE,IAAI;YAChD,IAAI,IAAkB,CAAC;YACvB,IAAI,GAAG,IAAI,CAAC,KAAK,CAAC,QAAQ,CAAC,CAAC,IAAI,CAAC,UAAU,QAAQ;gBAC/C,IAAI,MAAM,GAAG,IAAI,CAAC,KAAK,CAAC,QAAQ,CAAC,CAAC;gBAClC,OAAO,OAAO,CAAC,OAAO,CAAC,MAAM,CAAC,CAAC;YAEnC,CAAC,CAAC,CAAC;YACH,MAAM,CAAC,IAAI,CAAC,IAAI,CAAC,CAAC;QACtB,CAAC,CAAC,CAAC;QACH,OAAO,MAAM,CAAC;IAClB,CAAC;IAIM,WAAW,CAAC,YAAmB,EAAE,UAAmB;QAKvD,IAAI,OAAO,GAAG,CAAC,CAAC;QAChB,IAAI,SAAiB,CAAC;QACtB,KAAK,MAAM,MAAM,IAAI,YAAY,EAAE;YAC/B,IAAI,SAAiB,CAAC;YACtB,SAAS,GAAG,IAAI,eAAM,EAAE,CAAC;YACzB,SAAS,GAAG,EAAE,CAAC;YAEf,KAAK,MAAM,OAAO,IAAI,MAAM,CAAC,MAAM,EAAE;gBACjC,IAAI,UAAU,GAAY,IAAI,iBAAO,EAAE,CAAC;gBACxC,IAAI,IAAI,CAAC,oBAAoB,CAAC,OAAO,CAAC,EAAE;oBACpC,IAAI,CAAC,gBAAgB,CAAC,UAAU,EAAE,OAAO,CAAC,CAAC;oBAC3C,IAAI,SAAS,KAAK,EAAE,EAAE;wBAClB,SAAS,GAAG,OAAO,CAAC,OAAO,GAAG,OAAO,CAAC,EAAE,CAAC;qBAC5C;oBACD,SAAS,CAAC,WAAW,EAAE,CAAC,IAAI,CAAC,UAAU,CAAC,CAAC;oBACzC,OAAO,EAAE,CAAC;iBACb;aACJ;YACD,UAAU,CAAC,UAAU,EAAE,CAAC,GAAG,CAAC,SAAS,EAAE,SAAS,CAAC,CAAC;SACrD;QACD,UAAU,CAAC,UAAU,CAAC,OAAO,CAAC,CAAC;QAC/B,OAAO,UAAU,CAAC;IACtB,CAAC;IAGM,oBAAoB,CAAC,OAAY;QACpC,KAAK,MAAM,SAAS,IAAI,IAAI,CAAC,UAAU,EAAE;YACrC,IAAI,eAAe,GAAa,MAAM,CAAC,IAAI,CAAC,OAAO,CAAC,CAAC;YACrD,IAAI,CAAC,eAAe,CAAC,QAAQ,CAAC,SAAS,CAAC,EAAE;gBACtC,OAAO,KAAK,CAAC;aAChB;SACJ;QACD,OAAO,IAAI,CAAC;IAChB,CAAC;IAEM,gBAAgB,CAAC,UAAmB,EAAE,OAAY;QACrD,IAAI,OAAO,CAAC,OAAO,KAAK,SAAS,EAAE;YAC/B,UAAU,CAAC,OAAO,CAAC,IAAI,CAAC,CAAC;SAC5B;aAAM;YACH,UAAU,CAAC,OAAO,CAAC,QAAQ,CAAC,OAAO,CAAC,IAAI,EAAE,EAAE,CAAC,CAAC,CAAC;SAClD;QACD,UAAU,CAAC,QAAQ,CAAC,QAAQ,CAAC,OAAO,CAAC,KAAK,EAAE,EAAE,CAAC,CAAC,CAAC;QACjD,UAAU,CAAC,MAAM,CAAC,UAAU,CAAC,OAAO,CAAC,GAAG,CAAC,CAAC,CAAC;QAC3C,UAAU,CAAC,OAAO,CAAC,OAAO,CAAC,OAAO,CAAC,CAAC;QACpC,UAAU,CAAC,OAAO,CAAC,QAAQ,CAAC,OAAO,CAAC,IAAI,EAAE,EAAE,CAAC,CAAC,CAAC;QAC/C,UAAU,CAAC,OAAO,CAAC,QAAQ,CAAC,OAAO,CAAC,IAAI,EAAE,EAAE,CAAC,CAAC,CAAC;QAC/C,UAAU,CAAC,KAAK,CAAC,OAAO,CAAC,MAAM,CAAC,CAAC;QACjC,UAAU,CAAC,OAAO,CAAC,OAAO,CAAC,EAAE,CAAC,CAAC;QAC/B,UAAU,CAAC,aAAa,CAAC,OAAO,CAAC,SAAS,CAAC,CAAC;QAC5C,UAAU,CAAC,QAAQ,CAAC,OAAO,CAAC,KAAK,CAAC,CAAC;IACvC,CAAC;IAGM,aAAa,CAAC,EAAU;QAC3B,IAAI,EAAE,CAAC,QAAQ,CAAC,GAAG,CAAC,IAAI,CAAC,EAAE,CAAC,IAAI,EAAE,IAAI,EAAE,KAAK,EAAE,IAAI,IAAI,CAAC,eAAe,CAAC,EAAE,CAAC;eACpE,EAAE,KAAK,IAAI,IAAI,EAAE,KAAK,SAAS,EAAE;YACpC,OAAO,OAAO,CAAC,MAAM,CAAC,IAAI,6BAAY,CAAC,YAAY,CAAC,CAAC,CAAC;SACzD;QACD,IACI,CAAC,IAAI,CAAC,eAAe,CAAC,QAAQ,CAAC,EAAE,CAAC;YAClC,IAAI,CAAC,eAAe,CAAC,MAAM,KAAK,CAAC,EACnC;YACE,OAAO,OAAO,CAAC,MAAM,CAAC,IAAI,8BAAa,EAAE,CAAC,CAAC;SAC9C;QACD,IAAI,CAAC,IAAI,CAAC,WAAW,CAAC,GAAG,CAAC,EAAE,CAAC,IAAI,IAAI,CAAC,WAAW,CAAC,IAAI,KAAK,CAAC,EAAE;YAC1D,OAAO,OAAO,CAAC,MAAM,CAAC,IAAI,8BAAa,EAAE,CAAC,CAAC;SAC9C;QAGD,MAAM,IAAI,GAAG,SAAS,GAAG,EAAE,CAAC;QAC5B,EAAE,CAAC,UAAU,CAAC,IAAI,CAAC,CAAC;QAEpB,IAAI,CAAC,WAAW,CAAC,MAAM,CAAC,EAAE,CAAC,CAAC;QAC5B,IAAI,CAAC,cAAc,CAAC,IAAI,CAAC,eAAe,EAAE,EAAE,CAAC,CAAC;QAC9C,OAAO,OAAO,CAAC,OAAO,CAAC,EAAE,CAAC,CAAC;IAC/B,CAAC;IAEM,cAAc,CAAC,GAAU,EAAE,EAAU;QACxC,IAAI,KAAK,GAAG,GAAG,CAAC,OAAO,CAAC,EAAE,CAAC,CAAC;QAC5B,IAAI,KAAK,GAAG,CAAC,CAAC,EAAE;YACZ,GAAG,CAAC,MAAM,CAAC,KAAK,EAAE,CAAC,CAAC,CAAC;SACxB;QACD,OAAO,GAAG,CAAC;IACf,CAAC;IAEM,YAAY;QACf,IAAI,MAAM,GAAqB,EAAE,CAAC;QAGlC,KAAK,MAAM,IAAI,IAAI,IAAI,CAAC,WAAW,CAAC,IAAI,EAAE,EAAE;YACxC,IAAI,MAAsB,CAAC;YAC3B,IAAI,IAAI,CAAC,WAAW,CAAC,GAAG,CAAC,IAAI,CAAC,CAAC,OAAO,EAAE,KAAK,mCAAkB,CAAC,OAAO,EAAE;gBACrE,MAAM,GAAG;oBACL,EAAE,EAAE,IAAI,CAAC,WAAW,CAAC,GAAG,CAAC,IAAI,CAAC,CAAC,YAAY,EAAE;oBAC7C,IAAI,EAAE,mCAAkB,CAAC,OAAO;oBAChC,OAAO,EAAE,IAAI,CAAC,WAAW,CAAC,GAAG,CAAC,IAAI,CAAC,CAAC,UAAU,EAAE;iBACnD,CAAC;aACL;YACD,IAAI,IAAI,CAAC,WAAW,CAAC,GAAG,CAAC,IAAI,CAAC,CAAC,OAAO,EAAE,KAAK,mCAAkB,CAAC,KAAK,EAAE;gBACnE,MAAM,GAAG;oBACL,EAAE,EAAE,IAAI,CAAC,WAAW,CAAC,GAAG,CAAC,IAAI,CAAC,CAAC,YAAY,EAAE;oBAC7C,IAAI,EAAE,mCAAkB,CAAC,KAAK;oBAC9B,OAAO,EAAE,IAAI,CAAC,WAAW,CAAC,GAAG,CAAC,IAAI,CAAC,CAAC,UAAU,EAAE;iBACnD,CAAC;aACL;YACD,MAAM,CAAC,IAAI,CAAC,MAAM,CAAC,CAAC;SACvB;QACD,OAAO,OAAO,CAAC,OAAO,CAAC,MAAM,CAAC,CAAC;IACnC,CAAC;IAWM,YAAY,CAAC,KAAU;QAC1B,IAAI;YACA,IAAI,SAAS,GAAmB,IAAI,+BAAc,EAAE,CAAC;YAErD,SAAS,CAAC,aAAa,CAAC,KAAK,CAAC,CAAC;YAC/B,IAAI,oBAAoB,GAAU,EAAE,CAAC;YACrC,IAAI,gBAAgB,GAAW,SAAS,CAAC,cAAc,CAAC;YACxD,IAAI,CAAC,IAAI,CAAC,WAAW,CAAC,GAAG,CAAC,gBAAgB,CAAC,EAAE;gBACzC,MAAM,IAAI,6BAAY,CAAC,iCAAiC,CAAC,CAAC;aAC7D;YACD,IAAI,OAAO,GAAY,IAAI,CAAC,WAAW,CAAC,GAAG,CAAC,gBAAgB,CAAC,CAAC;YAC9D,IAAI,EAAE,GAAmB,IAAI,+BAAc,EAAE,CAAC;YAC9C,KAAK,MAAM,MAAM,IAAI,OAAO,CAAC,UAAU,EAAE,CAAC,MAAM,EAAE,EAAE;gBAChD,KAAK,MAAM,OAAO,IAAI,MAAM,CAAC,WAAW,EAAE,EAAE;oBACxC,IAAI,EAAE,CAAC,kBAAkB,CAAC,OAAO,EAAE,KAAK,CAAC,KAAK,CAAC,EAAE;wBAC7C,oBAAoB,CAAC,IAAI,CAAC,OAAO,CAAC,CAAC;qBACtC;iBACJ;aACJ;YACD,IAAI,aAAa,GAAU,EAAE,CAAC;YAC9B,IAAI,QAAQ,GAAG,SAAS,CAAC,cAAc,CAAC;YACxC,KAAK,MAAM,aAAa,IAAI,oBAAoB,EAAE;gBAC9C,IAAI,aAAa,GAAQ,IAAI,MAAM,EAAE,CAAC;gBACtC,KAAK,MAAM,GAAG,IAAI,SAAS,CAAC,YAAY,EAAE;oBACtC,aAAa,CAAC,QAAQ,GAAG,GAAG,GAAG,GAAG,CAAC,GAAG,aAAa,CAAC,MAAM,CACtD,GAAG,CACN,CAAC;iBACL;gBACD,aAAa,CAAC,IAAI,CAAC,aAAa,CAAC,CAAC;aACrC;YACD,IAAI,MAAM,CAAC,IAAI,CAAC,aAAa,CAAC,CAAC,MAAM,GAAG,IAAI,EAAE;gBAC1C,MAAM,IAAI,oCAAmB,CACzB,wCAAwC,CAC3C,CAAC;aACL;YAED,IAAI,MAAM,CAAC,IAAI,CAAC,KAAK,CAAC,OAAO,CAAC,CAAC,MAAM,KAAK,CAAC,EAAE;gBACzC,IAAI,OAAO,GAAG,KAAK,CAAC,OAAO,CAAC,KAAK,CAAC;gBAClC,aAAa,CAAC,IAAI,CAAC,CAAC,CAAC,EAAE,CAAC,EAAE,EAAE,CAAC,CAAC,CAAC,OAAO,CAAC,GAAG,CAAC,CAAC,OAAO,CAAC,CAAC,CAAC;aACzD;YACD,OAAO,OAAO,CAAC,OAAO,CAAC,aAAa,CAAC,CAAC;SACzC;QAAC,OAAO,GAAG,EAAE;YACV,OAAO,OAAO,CAAC,MAAM,CAAC,GAAG,CAAC,CAAC;SAC9B;IACL,CAAC;CACJ;AAtPD,gCAsPC"},"_coverageSchema":"1a1c01bbd47fc00a2c39e90264f33305004495a9","hash":"359527948c9d827b7fe312e79cef02d674e421cc","contentHash":"ebfe28ec1d85531cff9527acb18052f365b7f0eafa2bb9d76d6aadb2f934bff2"},"/Users/kathykhong/WebstormProjects/project_team231/src/Util.js":{"path":"/Users/kathykhong/WebstormProjects/project_team231/src/Util.js","statementMap":{"0":{"start":{"line":2,"column":0},"end":{"line":2,"column":62}},"1":{"start":{"line":5,"column":8},"end":{"line":5,"column":67}},"2":{"start":{"line":8,"column":8},"end":{"line":8,"column":68}},"3":{"start":{"line":11,"column":8},"end":{"line":11,"column":68}},"4":{"start":{"line":14,"column":8},"end":{"line":14,"column":69}},"5":{"start":{"line":17,"column":8},"end":{"line":17,"column":67}},"6":{"start":{"line":20,"column":0},"end":{"line":20,"column":22}}},"fnMap":{"0":{"name":"(anonymous_0)","decl":{"start":{"line":4,"column":4},"end":{"line":4,"column":5}},"loc":{"start":{"line":4,"column":25},"end":{"line":6,"column":5}},"line":4},"1":{"name":"(anonymous_1)","decl":{"start":{"line":7,"column":4},"end":{"line":7,"column":5}},"loc":{"start":{"line":7,"column":24},"end":{"line":9,"column":5}},"line":7},"2":{"name":"(anonymous_2)","decl":{"start":{"line":10,"column":4},"end":{"line":10,"column":5}},"loc":{"start":{"line":10,"column":24},"end":{"line":12,"column":5}},"line":10},"3":{"name":"(anonymous_3)","decl":{"start":{"line":13,"column":4},"end":{"line":13,"column":5}},"loc":{"start":{"line":13,"column":25},"end":{"line":15,"column":5}},"line":13},"4":{"name":"(anonymous_4)","decl":{"start":{"line":16,"column":4},"end":{"line":16,"column":5}},"loc":{"start":{"line":16,"column":24},"end":{"line":18,"column":5}},"line":16}},"branchMap":{},"s":{"0":1,"1":227,"2":0,"3":0,"4":0,"5":4,"6":1},"f":{"0":227,"1":0,"2":0,"3":0,"4":4},"b":{},"inputSourceMap":{"version":3,"file":"Util.js","sourceRoot":"","sources":["Util.ts"],"names":[],"mappings":";;AAGA,MAAqB,GAAG;IACb,MAAM,CAAC,KAAK,CAAC,GAAG,GAAU;QAC7B,OAAO,CAAC,GAAG,CAAC,OAAO,IAAI,IAAI,EAAE,CAAC,cAAc,EAAE,GAAG,EAAE,GAAG,GAAG,CAAC,CAAC;IAC/D,CAAC;IAEM,MAAM,CAAC,IAAI,CAAC,GAAG,GAAU;QAC5B,OAAO,CAAC,IAAI,CAAC,OAAO,IAAI,IAAI,EAAE,CAAC,cAAc,EAAE,GAAG,EAAE,GAAG,GAAG,CAAC,CAAC;IAChE,CAAC;IAEM,MAAM,CAAC,IAAI,CAAC,GAAG,GAAU;QAC5B,OAAO,CAAC,IAAI,CAAC,OAAO,IAAI,IAAI,EAAE,CAAC,cAAc,EAAE,GAAG,EAAE,GAAG,GAAG,CAAC,CAAC;IAChE,CAAC;IAEM,MAAM,CAAC,KAAK,CAAC,GAAG,GAAU;QAC7B,OAAO,CAAC,KAAK,CAAC,OAAO,IAAI,IAAI,EAAE,CAAC,cAAc,EAAE,GAAG,EAAE,GAAG,GAAG,CAAC,CAAC;IACjE,CAAC;IAEM,MAAM,CAAC,IAAI,CAAC,GAAG,GAAU;QAC5B,OAAO,CAAC,GAAG,CAAC,OAAO,IAAI,IAAI,EAAE,CAAC,cAAc,EAAE,GAAG,EAAE,GAAG,GAAG,CAAC,CAAC;IAC/D,CAAC;CACJ;AApBD,sBAoBC"},"_coverageSchema":"1a1c01bbd47fc00a2c39e90264f33305004495a9","hash":"af6449889df50c35be776d6ceebb5c65ebfee988","contentHash":"9f7a0e6e8bb208ca0dcc682e610e5b46e3b3064b3b08373a86d587e9741217ed"},"/Users/kathykhong/WebstormProjects/project_team231/src/dataModel/Course.js":{"path":"/Users/kathykhong/WebstormProjects/project_team231/src/dataModel/Course.js","statementMap":{"0":{"start":{"line":2,"column":0},"end":{"line":2,"column":62}},"1":{"start":{"line":5,"column":8},"end":{"line":5,"column":27}},"2":{"start":{"line":8,"column":8},"end":{"line":8,"column":29}},"3":{"start":{"line":11,"column":0},"end":{"line":11,"column":24}}},"fnMap":{"0":{"name":"(anonymous_0)","decl":{"start":{"line":4,"column":4},"end":{"line":4,"column":5}},"loc":{"start":{"line":4,"column":18},"end":{"line":6,"column":5}},"line":4},"1":{"name":"(anonymous_1)","decl":{"start":{"line":7,"column":4},"end":{"line":7,"column":5}},"loc":{"start":{"line":7,"column":18},"end":{"line":9,"column":5}},"line":7}},"branchMap":{},"s":{"0":1,"1":0,"2":0,"3":1},"f":{"0":0,"1":0},"b":{},"inputSourceMap":{"version":3,"file":"Course.js","sourceRoot":"","sources":["Course.ts"],"names":[],"mappings":";;AAEA,MAAa,MAAM;IAGf;QACI,IAAI,CAAC,QAAQ,GAAG,EAAE,CAAC;IACvB,CAAC;IAEM,WAAW;QACd,OAAO,IAAI,CAAC,QAAQ,CAAC;IACzB,CAAC;CACJ;AAVD,wBAUC"},"_coverageSchema":"1a1c01bbd47fc00a2c39e90264f33305004495a9","hash":"359bd4d48f55ce0dd2121e28701aece3406c6712","contentHash":"1575299232c97f11672d827b50884e4ff51ec03c5d51cea6e382a50c6d250e29"},"/Users/kathykhong/WebstormProjects/project_team231/src/dataModel/Section.js":{"path":"/Users/kathykhong/WebstormProjects/project_team231/src/dataModel/Section.js","statementMap":{"0":{"start":{"line":2,"column":0},"end":{"line":2,"column":62}},"1":{"start":{"line":3,"column":25},"end":{"line":3,"column":64}},"2":{"start":{"line":6,"column":8},"end":{"line":6,"column":25}},"3":{"start":{"line":9,"column":8},"end":{"line":9,"column":26}},"4":{"start":{"line":12,"column":8},"end":{"line":12,"column":26}},"5":{"start":{"line":15,"column":8},"end":{"line":15,"column":27}},"6":{"start":{"line":18,"column":8},"end":{"line":18,"column":26}},"7":{"start":{"line":21,"column":8},"end":{"line":21,"column":26}},"8":{"start":{"line":24,"column":8},"end":{"line":24,"column":24}},"9":{"start":{"line":27,"column":8},"end":{"line":27,"column":32}},"10":{"start":{"line":30,"column":8},"end":{"line":30,"column":27}},"11":{"start":{"line":33,"column":8},"end":{"line":33,"column":26}},"12":{"start":{"line":36,"column":8},"end":{"line":36,"column":24}},"13":{"start":{"line":39,"column":8},"end":{"line":39,"column":25}},"14":{"start":{"line":42,"column":8},"end":{"line":42,"column":25}},"15":{"start":{"line":45,"column":8},"end":{"line":45,"column":26}},"16":{"start":{"line":48,"column":8},"end":{"line":48,"column":25}},"17":{"start":{"line":51,"column":8},"end":{"line":51,"column":25}},"18":{"start":{"line":54,"column":8},"end":{"line":54,"column":23}},"19":{"start":{"line":57,"column":8},"end":{"line":57,"column":31}},"20":{"start":{"line":60,"column":8},"end":{"line":60,"column":26}},"21":{"start":{"line":63,"column":8},"end":{"line":63,"column":25}},"22":{"start":{"line":66,"column":8},"end":{"line":99,"column":9}},"23":{"start":{"line":68,"column":16},"end":{"line":68,"column":38}},"24":{"start":{"line":71,"column":16},"end":{"line":71,"column":36}},"25":{"start":{"line":74,"column":16},"end":{"line":74,"column":44}},"26":{"start":{"line":77,"column":16},"end":{"line":77,"column":39}},"27":{"start":{"line":80,"column":16},"end":{"line":80,"column":38}},"28":{"start":{"line":83,"column":16},"end":{"line":83,"column":37}},"29":{"start":{"line":86,"column":16},"end":{"line":86,"column":38}},"30":{"start":{"line":89,"column":16},"end":{"line":89,"column":38}},"31":{"start":{"line":92,"column":16},"end":{"line":92,"column":39}},"32":{"start":{"line":95,"column":16},"end":{"line":95,"column":38}},"33":{"start":{"line":98,"column":16},"end":{"line":98,"column":88}},"34":{"start":{"line":102,"column":0},"end":{"line":102,"column":26}}},"fnMap":{"0":{"name":"(anonymous_0)","decl":{"start":{"line":5,"column":4},"end":{"line":5,"column":5}},"loc":{"start":{"line":5,"column":18},"end":{"line":7,"column":5}},"line":5},"1":{"name":"(anonymous_1)","decl":{"start":{"line":8,"column":4},"end":{"line":8,"column":5}},"loc":{"start":{"line":8,"column":19},"end":{"line":10,"column":5}},"line":8},"2":{"name":"(anonymous_2)","decl":{"start":{"line":11,"column":4},"end":{"line":11,"column":5}},"loc":{"start":{"line":11,"column":19},"end":{"line":13,"column":5}},"line":11},"3":{"name":"(anonymous_3)","decl":{"start":{"line":14,"column":4},"end":{"line":14,"column":5}},"loc":{"start":{"line":14,"column":20},"end":{"line":16,"column":5}},"line":14},"4":{"name":"(anonymous_4)","decl":{"start":{"line":17,"column":4},"end":{"line":17,"column":5}},"loc":{"start":{"line":17,"column":19},"end":{"line":19,"column":5}},"line":17},"5":{"name":"(anonymous_5)","decl":{"start":{"line":20,"column":4},"end":{"line":20,"column":5}},"loc":{"start":{"line":20,"column":19},"end":{"line":22,"column":5}},"line":20},"6":{"name":"(anonymous_6)","decl":{"start":{"line":23,"column":4},"end":{"line":23,"column":5}},"loc":{"start":{"line":23,"column":17},"end":{"line":25,"column":5}},"line":23},"7":{"name":"(anonymous_7)","decl":{"start":{"line":26,"column":4},"end":{"line":26,"column":5}},"loc":{"start":{"line":26,"column":25},"end":{"line":28,"column":5}},"line":26},"8":{"name":"(anonymous_8)","decl":{"start":{"line":29,"column":4},"end":{"line":29,"column":5}},"loc":{"start":{"line":29,"column":20},"end":{"line":31,"column":5}},"line":29},"9":{"name":"(anonymous_9)","decl":{"start":{"line":32,"column":4},"end":{"line":32,"column":5}},"loc":{"start":{"line":32,"column":19},"end":{"line":34,"column":5}},"line":32},"10":{"name":"(anonymous_10)","decl":{"start":{"line":35,"column":4},"end":{"line":35,"column":5}},"loc":{"start":{"line":35,"column":13},"end":{"line":37,"column":5}},"line":35},"11":{"name":"(anonymous_11)","decl":{"start":{"line":38,"column":4},"end":{"line":38,"column":5}},"loc":{"start":{"line":38,"column":14},"end":{"line":40,"column":5}},"line":38},"12":{"name":"(anonymous_12)","decl":{"start":{"line":41,"column":4},"end":{"line":41,"column":5}},"loc":{"start":{"line":41,"column":14},"end":{"line":43,"column":5}},"line":41},"13":{"name":"(anonymous_13)","decl":{"start":{"line":44,"column":4},"end":{"line":44,"column":5}},"loc":{"start":{"line":44,"column":15},"end":{"line":46,"column":5}},"line":44},"14":{"name":"(anonymous_14)","decl":{"start":{"line":47,"column":4},"end":{"line":47,"column":5}},"loc":{"start":{"line":47,"column":14},"end":{"line":49,"column":5}},"line":47},"15":{"name":"(anonymous_15)","decl":{"start":{"line":50,"column":4},"end":{"line":50,"column":5}},"loc":{"start":{"line":50,"column":14},"end":{"line":52,"column":5}},"line":50},"16":{"name":"(anonymous_16)","decl":{"start":{"line":53,"column":4},"end":{"line":53,"column":5}},"loc":{"start":{"line":53,"column":12},"end":{"line":55,"column":5}},"line":53},"17":{"name":"(anonymous_17)","decl":{"start":{"line":56,"column":4},"end":{"line":56,"column":5}},"loc":{"start":{"line":56,"column":20},"end":{"line":58,"column":5}},"line":56},"18":{"name":"(anonymous_18)","decl":{"start":{"line":59,"column":4},"end":{"line":59,"column":5}},"loc":{"start":{"line":59,"column":15},"end":{"line":61,"column":5}},"line":59},"19":{"name":"(anonymous_19)","decl":{"start":{"line":62,"column":4},"end":{"line":62,"column":5}},"loc":{"start":{"line":62,"column":14},"end":{"line":64,"column":5}},"line":62},"20":{"name":"(anonymous_20)","decl":{"start":{"line":65,"column":4},"end":{"line":65,"column":5}},"loc":{"start":{"line":65,"column":16},"end":{"line":100,"column":5}},"line":65}},"branchMap":{"0":{"loc":{"start":{"line":66,"column":8},"end":{"line":99,"column":9}},"type":"switch","locations":[{"start":{"line":67,"column":12},"end":{"line":69,"column":13}},{"start":{"line":70,"column":12},"end":{"line":72,"column":13}},{"start":{"line":73,"column":12},"end":{"line":75,"column":13}},{"start":{"line":76,"column":12},"end":{"line":78,"column":13}},{"start":{"line":79,"column":12},"end":{"line":81,"column":13}},{"start":{"line":82,"column":12},"end":{"line":84,"column":13}},{"start":{"line":85,"column":12},"end":{"line":87,"column":13}},{"start":{"line":88,"column":12},"end":{"line":90,"column":13}},{"start":{"line":91,"column":12},"end":{"line":93,"column":13}},{"start":{"line":94,"column":12},"end":{"line":96,"column":13}},{"start":{"line":97,"column":12},"end":{"line":98,"column":88}}],"line":66}},"s":{"0":1,"1":1,"2":0,"3":0,"4":0,"5":0,"6":0,"7":0,"8":0,"9":0,"10":0,"11":0,"12":0,"13":0,"14":0,"15":0,"16":0,"17":0,"18":0,"19":0,"20":0,"21":0,"22":0,"23":0,"24":0,"25":0,"26":0,"27":0,"28":0,"29":0,"30":0,"31":0,"32":0,"33":0,"34":1},"f":{"0":0,"1":0,"2":0,"3":0,"4":0,"5":0,"6":0,"7":0,"8":0,"9":0,"10":0,"11":0,"12":0,"13":0,"14":0,"15":0,"16":0,"17":0,"18":0,"19":0,"20":0},"b":{"0":[0,0,0,0,0,0,0,0,0,0,0]},"inputSourceMap":{"version":3,"file":"Section.js","sourceRoot":"","sources":["Section.ts"],"names":[],"mappings":";;AAAA,iEAA4D;AAE5D,MAAa,OAAO;IAcT,MAAM,CAAC,KAAa;QACvB,IAAI,CAAC,GAAG,GAAG,KAAK,CAAC;IACrB,CAAC;IAEM,OAAO,CAAC,KAAa;QACxB,IAAI,CAAC,IAAI,GAAG,KAAK,CAAC;IACtB,CAAC;IAEM,OAAO,CAAC,KAAa;QACxB,IAAI,CAAC,IAAI,GAAG,KAAK,CAAC;IACtB,CAAC;IAEM,QAAQ,CAAC,KAAa;QACzB,IAAI,CAAC,KAAK,GAAG,KAAK,CAAC;IACvB,CAAC;IAEM,OAAO,CAAC,KAAa;QACxB,IAAI,CAAC,IAAI,GAAG,KAAK,CAAC;IACtB,CAAC;IAEM,OAAO,CAAC,KAAa;QACxB,IAAI,CAAC,IAAI,GAAG,KAAK,CAAC;IACtB,CAAC;IAEM,KAAK,CAAC,KAAa;QACtB,IAAI,CAAC,EAAE,GAAG,KAAK,CAAC;IACpB,CAAC;IAEM,aAAa,CAAC,KAAa;QAC9B,IAAI,CAAC,UAAU,GAAG,KAAK,CAAC;IAC5B,CAAC;IAEM,QAAQ,CAAC,KAAa;QACzB,IAAI,CAAC,KAAK,GAAG,KAAK,CAAC;IACvB,CAAC;IAEM,OAAO,CAAC,KAAa;QACxB,IAAI,CAAC,IAAI,GAAG,KAAK,CAAC;IACtB,CAAC;IAEM,MAAM;QACT,OAAO,IAAI,CAAC,GAAG,CAAC;IACpB,CAAC;IAEM,OAAO;QACV,OAAO,IAAI,CAAC,IAAI,CAAC;IACrB,CAAC;IAEM,OAAO;QACV,OAAO,IAAI,CAAC,IAAI,CAAC;IACrB,CAAC;IAEM,QAAQ;QACX,OAAO,IAAI,CAAC,KAAK,CAAC;IACtB,CAAC;IAEM,OAAO;QACV,OAAO,IAAI,CAAC,IAAI,CAAC;IACrB,CAAC;IAEM,OAAO;QACV,OAAO,IAAI,CAAC,IAAI,CAAC;IACrB,CAAC;IAEM,KAAK;QACR,OAAO,IAAI,CAAC,EAAE,CAAC;IACnB,CAAC;IAEM,aAAa;QAChB,OAAO,IAAI,CAAC,UAAU,CAAC;IAC3B,CAAC;IAEM,QAAQ;QACX,OAAO,IAAI,CAAC,KAAK,CAAC;IACtB,CAAC;IAEM,OAAO;QACV,OAAO,IAAI,CAAC,IAAI,CAAC;IACrB,CAAC;IAEM,MAAM,CAAC,GAAW;QACrB,QAAQ,GAAG,EAAE;YACT,KAAK,MAAM,CAAC,CAAC;gBACT,OAAO,IAAI,CAAC,OAAO,EAAE,CAAC;aACzB;YACD,KAAK,IAAI,CAAC,CAAC;gBACP,OAAO,IAAI,CAAC,KAAK,EAAE,CAAC;aACvB;YACD,KAAK,YAAY,CAAC,CAAC;gBACf,OAAO,IAAI,CAAC,aAAa,EAAE,CAAC;aAC/B;YACD,KAAK,OAAO,CAAC,CAAC;gBACV,OAAO,IAAI,CAAC,QAAQ,EAAE,CAAC;aAC1B;YACD,KAAK,MAAM,CAAC,CAAC;gBACT,OAAO,IAAI,CAAC,OAAO,EAAE,CAAC;aACzB;YACD,KAAK,KAAK,CAAC,CAAC;gBACR,OAAO,IAAI,CAAC,MAAM,EAAE,CAAC;aACxB;YACD,KAAK,MAAM,CAAC,CAAC;gBACT,OAAO,IAAI,CAAC,OAAO,EAAE,CAAC;aACzB;YACD,KAAK,MAAM,CAAC,CAAC;gBACT,OAAO,IAAI,CAAC,OAAO,EAAE,CAAC;aACzB;YACD,KAAK,OAAO,CAAC,CAAC;gBACV,OAAO,IAAI,CAAC,QAAQ,EAAE,CAAC;aAC1B;YACD,KAAK,MAAM,CAAC,CAAC;gBACT,OAAO,IAAI,CAAC,OAAO,EAAE,CAAC;aACzB;YACD;gBACI,MAAM,IAAI,6BAAY,CAAC,8BAA8B,CAAC,CAAC;SAC9D;IACL,CAAC;CACJ;AAlID,0BAkIC"},"_coverageSchema":"1a1c01bbd47fc00a2c39e90264f33305004495a9","hash":"56e528e17a55259382059fd65be32e6478adb4ed","contentHash":"eebf7a69cde55cd7bd9efff899740b963709fe71fd24956d48ad01ceae7797f3"},"/Users/kathykhong/WebstormProjects/project_team231/src/queryModel/QueryValidator.js":{"path":"/Users/kathykhong/WebstormProjects/project_team231/src/queryModel/QueryValidator.js","statementMap":{"0":{"start":{"line":2,"column":0},"end":{"line":2,"column":62}},"1":{"start":{"line":3,"column":25},"end":{"line":3,"column":64}},"2":{"start":{"line":4,"column":27},"end":{"line":4,"column":56}},"3":{"start":{"line":5,"column":25},"end":{"line":5,"column":52}},"4":{"start":{"line":6,"column":35},"end":{"line":6,"column":72}},"5":{"start":{"line":9,"column":8},"end":{"line":20,"column":10}},"6":{"start":{"line":21,"column":8},"end":{"line":21,"column":69}},"7":{"start":{"line":22,"column":8},"end":{"line":22,"column":64}},"8":{"start":{"line":23,"column":8},"end":{"line":23,"column":71}},"9":{"start":{"line":24,"column":8},"end":{"line":24,"column":42}},"10":{"start":{"line":25,"column":8},"end":{"line":25,"column":50}},"11":{"start":{"line":26,"column":8},"end":{"line":26,"column":38}},"12":{"start":{"line":27,"column":8},"end":{"line":27,"column":31}},"13":{"start":{"line":30,"column":8},"end":{"line":32,"column":9}},"14":{"start":{"line":31,"column":12},"end":{"line":31,"column":70}},"15":{"start":{"line":33,"column":8},"end":{"line":36,"column":9}},"16":{"start":{"line":35,"column":12},"end":{"line":35,"column":94}},"17":{"start":{"line":37,"column":8},"end":{"line":40,"column":9}},"18":{"start":{"line":39,"column":12},"end":{"line":39,"column":96}},"19":{"start":{"line":41,"column":8},"end":{"line":43,"column":9}},"20":{"start":{"line":42,"column":12},"end":{"line":42,"column":102}},"21":{"start":{"line":44,"column":8},"end":{"line":44,"column":62}},"22":{"start":{"line":45,"column":31},"end":{"line":45,"column":72}},"23":{"start":{"line":46,"column":29},"end":{"line":46,"column":66}},"24":{"start":{"line":47,"column":8},"end":{"line":47,"column":54}},"25":{"start":{"line":48,"column":8},"end":{"line":48,"column":50}},"26":{"start":{"line":49,"column":8},"end":{"line":51,"column":9}},"27":{"start":{"line":50,"column":12},"end":{"line":50,"column":95}},"28":{"start":{"line":54,"column":8},"end":{"line":56,"column":9}},"29":{"start":{"line":55,"column":12},"end":{"line":55,"column":89}},"30":{"start":{"line":57,"column":8},"end":{"line":59,"column":9}},"31":{"start":{"line":58,"column":12},"end":{"line":58,"column":91}},"32":{"start":{"line":60,"column":8},"end":{"line":64,"column":9}},"33":{"start":{"line":61,"column":12},"end":{"line":63,"column":13}},"34":{"start":{"line":62,"column":16},"end":{"line":62,"column":111}},"35":{"start":{"line":67,"column":8},"end":{"line":67,"column":32}},"36":{"start":{"line":70,"column":8},"end":{"line":72,"column":9}},"37":{"start":{"line":71,"column":12},"end":{"line":71,"column":25}},"38":{"start":{"line":73,"column":8},"end":{"line":75,"column":9}},"39":{"start":{"line":74,"column":12},"end":{"line":74,"column":25}},"40":{"start":{"line":76,"column":8},"end":{"line":76,"column":20}},"41":{"start":{"line":79,"column":8},"end":{"line":96,"column":9}},"42":{"start":{"line":80,"column":12},"end":{"line":82,"column":13}},"43":{"start":{"line":81,"column":16},"end":{"line":81,"column":28}},"44":{"start":{"line":84,"column":13},"end":{"line":96,"column":9}},"45":{"start":{"line":85,"column":12},"end":{"line":87,"column":13}},"46":{"start":{"line":86,"column":16},"end":{"line":86,"column":28}},"47":{"start":{"line":89,"column":13},"end":{"line":96,"column":9}},"48":{"start":{"line":90,"column":12},"end":{"line":92,"column":13}},"49":{"start":{"line":91,"column":16},"end":{"line":91,"column":28}},"50":{"start":{"line":95,"column":12},"end":{"line":95,"column":25}},"51":{"start":{"line":99,"column":0},"end":{"line":99,"column":40}}},"fnMap":{"0":{"name":"(anonymous_0)","decl":{"start":{"line":8,"column":4},"end":{"line":8,"column":5}},"loc":{"start":{"line":8,"column":18},"end":{"line":28,"column":5}},"line":8},"1":{"name":"(anonymous_1)","decl":{"start":{"line":29,"column":4},"end":{"line":29,"column":5}},"loc":{"start":{"line":29,"column":25},"end":{"line":52,"column":5}},"line":29},"2":{"name":"(anonymous_2)","decl":{"start":{"line":53,"column":4},"end":{"line":53,"column":5}},"loc":{"start":{"line":53,"column":53},"end":{"line":65,"column":5}},"line":53},"3":{"name":"(anonymous_3)","decl":{"start":{"line":66,"column":4},"end":{"line":66,"column":5}},"loc":{"start":{"line":66,"column":22},"end":{"line":68,"column":5}},"line":66},"4":{"name":"(anonymous_4)","decl":{"start":{"line":69,"column":4},"end":{"line":69,"column":5}},"loc":{"start":{"line":69,"column":24},"end":{"line":77,"column":5}},"line":69},"5":{"name":"(anonymous_5)","decl":{"start":{"line":78,"column":4},"end":{"line":78,"column":5}},"loc":{"start":{"line":78,"column":35},"end":{"line":97,"column":5}},"line":78}},"branchMap":{"0":{"loc":{"start":{"line":30,"column":8},"end":{"line":32,"column":9}},"type":"if","locations":[{"start":{"line":30,"column":8},"end":{"line":32,"column":9}},{"start":{"line":30,"column":8},"end":{"line":32,"column":9}}],"line":30},"1":{"loc":{"start":{"line":33,"column":8},"end":{"line":36,"column":9}},"type":"if","locations":[{"start":{"line":33,"column":8},"end":{"line":36,"column":9}},{"start":{"line":33,"column":8},"end":{"line":36,"column":9}}],"line":33},"2":{"loc":{"start":{"line":33,"column":12},"end":{"line":34,"column":50}},"type":"binary-expr","locations":[{"start":{"line":33,"column":12},"end":{"line":33,"column":45}},{"start":{"line":34,"column":12},"end":{"line":34,"column":50}}],"line":33},"3":{"loc":{"start":{"line":37,"column":8},"end":{"line":40,"column":9}},"type":"if","locations":[{"start":{"line":37,"column":8},"end":{"line":40,"column":9}},{"start":{"line":37,"column":8},"end":{"line":40,"column":9}}],"line":37},"4":{"loc":{"start":{"line":37,"column":12},"end":{"line":38,"column":52}},"type":"binary-expr","locations":[{"start":{"line":37,"column":12},"end":{"line":37,"column":47}},{"start":{"line":38,"column":12},"end":{"line":38,"column":52}}],"line":37},"5":{"loc":{"start":{"line":41,"column":8},"end":{"line":43,"column":9}},"type":"if","locations":[{"start":{"line":41,"column":8},"end":{"line":43,"column":9}},{"start":{"line":41,"column":8},"end":{"line":43,"column":9}}],"line":41},"6":{"loc":{"start":{"line":41,"column":12},"end":{"line":41,"column":74}},"type":"binary-expr","locations":[{"start":{"line":41,"column":12},"end":{"line":41,"column":41}},{"start":{"line":41,"column":45},"end":{"line":41,"column":74}}],"line":41},"7":{"loc":{"start":{"line":49,"column":8},"end":{"line":51,"column":9}},"type":"if","locations":[{"start":{"line":49,"column":8},"end":{"line":51,"column":9}},{"start":{"line":49,"column":8},"end":{"line":51,"column":9}}],"line":49},"8":{"loc":{"start":{"line":54,"column":8},"end":{"line":56,"column":9}},"type":"if","locations":[{"start":{"line":54,"column":8},"end":{"line":56,"column":9}},{"start":{"line":54,"column":8},"end":{"line":56,"column":9}}],"line":54},"9":{"loc":{"start":{"line":57,"column":8},"end":{"line":59,"column":9}},"type":"if","locations":[{"start":{"line":57,"column":8},"end":{"line":59,"column":9}},{"start":{"line":57,"column":8},"end":{"line":59,"column":9}}],"line":57},"10":{"loc":{"start":{"line":60,"column":8},"end":{"line":64,"column":9}},"type":"if","locations":[{"start":{"line":60,"column":8},"end":{"line":64,"column":9}},{"start":{"line":60,"column":8},"end":{"line":64,"column":9}}],"line":60},"11":{"loc":{"start":{"line":61,"column":12},"end":{"line":63,"column":13}},"type":"if","locations":[{"start":{"line":61,"column":12},"end":{"line":63,"column":13}},{"start":{"line":61,"column":12},"end":{"line":63,"column":13}}],"line":61},"12":{"loc":{"start":{"line":70,"column":8},"end":{"line":72,"column":9}},"type":"if","locations":[{"start":{"line":70,"column":8},"end":{"line":72,"column":9}},{"start":{"line":70,"column":8},"end":{"line":72,"column":9}}],"line":70},"13":{"loc":{"start":{"line":73,"column":8},"end":{"line":75,"column":9}},"type":"if","locations":[{"start":{"line":73,"column":8},"end":{"line":75,"column":9}},{"start":{"line":73,"column":8},"end":{"line":75,"column":9}}],"line":73},"14":{"loc":{"start":{"line":79,"column":8},"end":{"line":96,"column":9}},"type":"if","locations":[{"start":{"line":79,"column":8},"end":{"line":96,"column":9}},{"start":{"line":79,"column":8},"end":{"line":96,"column":9}}],"line":79},"15":{"loc":{"start":{"line":80,"column":12},"end":{"line":82,"column":13}},"type":"if","locations":[{"start":{"line":80,"column":12},"end":{"line":82,"column":13}},{"start":{"line":80,"column":12},"end":{"line":82,"column":13}}],"line":80},"16":{"loc":{"start":{"line":84,"column":13},"end":{"line":96,"column":9}},"type":"if","locations":[{"start":{"line":84,"column":13},"end":{"line":96,"column":9}},{"start":{"line":84,"column":13},"end":{"line":96,"column":9}}],"line":84},"17":{"loc":{"start":{"line":85,"column":12},"end":{"line":87,"column":13}},"type":"if","locations":[{"start":{"line":85,"column":12},"end":{"line":87,"column":13}},{"start":{"line":85,"column":12},"end":{"line":87,"column":13}}],"line":85},"18":{"loc":{"start":{"line":89,"column":13},"end":{"line":96,"column":9}},"type":"if","locations":[{"start":{"line":89,"column":13},"end":{"line":96,"column":9}},{"start":{"line":89,"column":13},"end":{"line":96,"column":9}}],"line":89},"19":{"loc":{"start":{"line":90,"column":12},"end":{"line":92,"column":13}},"type":"if","locations":[{"start":{"line":90,"column":12},"end":{"line":92,"column":13}},{"start":{"line":90,"column":12},"end":{"line":92,"column":13}}],"line":90}},"s":{"0":1,"1":1,"2":1,"3":1,"4":1,"5":0,"6":0,"7":0,"8":0,"9":0,"10":0,"11":0,"12":0,"13":0,"14":0,"15":0,"16":0,"17":0,"18":0,"19":0,"20":0,"21":0,"22":0,"23":0,"24":0,"25":0,"26":0,"27":0,"28":0,"29":0,"30":0,"31":0,"32":0,"33":0,"34":0,"35":0,"36":0,"37":0,"38":0,"39":0,"40":0,"41":0,"42":0,"43":0,"44":0,"45":0,"46":0,"47":0,"48":0,"49":0,"50":0,"51":1},"f":{"0":0,"1":0,"2":0,"3":0,"4":0,"5":0},"b":{"0":[0,0],"1":[0,0],"2":[0,0],"3":[0,0],"4":[0,0],"5":[0,0],"6":[0,0],"7":[0,0],"8":[0,0],"9":[0,0],"10":[0,0],"11":[0,0],"12":[0,0],"13":[0,0],"14":[0,0],"15":[0,0],"16":[0,0],"17":[0,0],"18":[0,0],"19":[0,0]},"inputSourceMap":{"version":3,"file":"QueryValidator.js","sourceRoot":"","sources":["QueryValidator.ts"],"names":[],"mappings":";;AAAA,iEAA4D;AAC5D,yDAAsD;AACtD,qDAAkD;AAClD,yEAAoE;AACpE,MAAa,cAAc;IAA3B;QACW,cAAS,GAAa;YACzB,KAAK;YACL,MAAM;YACN,MAAM;YACN,OAAO;YACP,MAAM;YACN,MAAM;YACN,IAAI;YACJ,YAAY;YACZ,OAAO;YACP,MAAM;SACT,CAAC;QAEK,YAAO,GAAa,CAAC,MAAM,EAAE,IAAI,EAAE,YAAY,EAAE,OAAO,EAAE,MAAM,CAAC,CAAC;QAClE,YAAO,GAAa,CAAC,KAAK,EAAE,MAAM,EAAE,MAAM,EAAE,OAAO,EAAE,MAAM,CAAC,CAAC;QAC7D,eAAU,GAAa,CAAC,IAAI,EAAE,IAAI,EAAE,IAAI,EAAE,IAAI,EAAE,KAAK,EAAE,IAAI,EAAE,KAAK,CAAC,CAAC;QACpE,iBAAY,GAAa,CAAC,KAAK,EAAE,IAAI,CAAC,CAAC;QACvC,oBAAe,GAAa,CAAC,IAAI,EAAE,IAAI,EAAE,IAAI,CAAC,CAAC;QAC/C,oBAAe,GAAa,CAAC,IAAI,CAAC,CAAC;QAEnC,iBAAY,GAAa,EAAE,CAAC;IA4FvC,CAAC;IAzFU,aAAa,CAAC,KAAU;QAC3B,IAAI,MAAM,CAAC,IAAI,CAAC,KAAK,CAAC,CAAC,MAAM,KAAK,CAAC,EAAE;YACjC,MAAM,IAAI,6BAAY,CAAC,gBAAgB,CAAC,CAAC;SAC5C;QACD,IACI,MAAM,CAAC,IAAI,CAAC,KAAK,CAAC,CAAC,QAAQ,CAAC,IAAI,CAAC;YACjC,MAAM,CAAC,IAAI,CAAC,KAAK,CAAC,CAAC,QAAQ,CAAC,SAAS,CAAC,EACxC;YACE,MAAM,IAAI,6BAAY,CAAC,wCAAwC,CAAC,CAAC;SACpE;QACD,IACI,MAAM,CAAC,MAAM,CAAC,KAAK,CAAC,CAAC,QAAQ,CAAC,IAAI,CAAC;YACnC,MAAM,CAAC,MAAM,CAAC,KAAK,CAAC,CAAC,QAAQ,CAAC,SAAS,CAAC,EAC1C;YACE,MAAM,IAAI,6BAAY,CAAC,0CAA0C,CAAC,CAAC;SACtE;QAED,IAAI,MAAM,CAAC,IAAI,CAAC,KAAK,CAAC,CAAC,MAAM,GAAG,CAAC,IAAI,MAAM,CAAC,IAAI,CAAC,KAAK,CAAC,CAAC,MAAM,GAAG,CAAC,EAAE;YAChE,MAAM,IAAI,6BAAY,CAClB,gDAAgD,CACnD,CAAC;SACL;QAED,IAAI,CAAC,yCAAyC,CAAC,KAAK,CAAC,CAAC;QACtD,IAAI,gBAAgB,GAAqB,IAAI,mCAAgB,EAAE,CAAC;QAChE,IAAI,cAAc,GAAmB,IAAI,+BAAc,EAAE,CAAC;QAC1D,gBAAgB,CAAC,eAAe,CAAC,KAAK,EAAE,IAAI,CAAC,CAAC;QAC9C,cAAc,CAAC,aAAa,CAAC,KAAK,EAAE,IAAI,CAAC,CAAC;QAC1C,IAAI,MAAM,CAAC,IAAI,CAAC,KAAK,CAAC,CAAC,MAAM,KAAK,CAAC,EAAE;YACjC,mDAAwB,CAAC,uBAAuB,CAAC,KAAK,CAAC,CAAC;SAC3D;IACL,CAAC;IAIM,yCAAyC,CAAC,KAAU;QACvD,IAAI,CAAC,MAAM,CAAC,IAAI,CAAC,KAAK,CAAC,CAAC,QAAQ,CAAC,OAAO,CAAC,EAAE;YACvC,MAAM,IAAI,6BAAY,CAAC,mCAAmC,CAAC,CAAC;SAC/D;QACD,IAAI,CAAC,MAAM,CAAC,IAAI,CAAC,KAAK,CAAC,CAAC,QAAQ,CAAC,SAAS,CAAC,EAAE;YACzC,MAAM,IAAI,6BAAY,CAAC,qCAAqC,CAAC,CAAC;SACjE;QACD,IAAI,MAAM,CAAC,IAAI,CAAC,KAAK,CAAC,CAAC,MAAM,KAAK,CAAC,EAAE;YACjC,IAAI,CAAC,MAAM,CAAC,IAAI,CAAC,KAAK,CAAC,CAAC,QAAQ,CAAC,iBAAiB,CAAC,EAAE;gBACjD,MAAM,IAAI,6BAAY,CAAC,qDAAqD,CAAC,CAAC;aACjF;SACJ;IASL,CAAC;IAGM,UAAU,CAAC,KAAa;QAC3B,OAAO,KAAK,CAAC,KAAK,CAAC,GAAG,CAAC,CAAC;IAC5B,CAAC;IAEM,eAAe,CAAC,EAAU;QAC7B,IAAI,EAAE,CAAC,MAAM,GAAG,CAAC,EAAE;YACf,OAAO,KAAK,CAAC;SAChB;QACD,IAAI,EAAE,CAAC,QAAQ,CAAC,GAAG,CAAC,EAAE;YAClB,OAAO,KAAK,CAAC;SAChB;QACD,OAAO,IAAI,CAAC;IAChB,CAAC;IAEM,YAAY,CAAC,KAAa,EAAE,SAAiB;QAChD,IAAI,SAAS,KAAK,KAAK,EAAE;YACrB,IAAI,IAAI,CAAC,SAAS,CAAC,QAAQ,CAAC,KAAK,CAAC,EAAE;gBAChC,OAAO,IAAI,CAAC;aACf;SACJ;aAAM,IAAI,SAAS,KAAK,QAAQ,EAAE;YAC/B,IAAI,IAAI,CAAC,OAAO,CAAC,QAAQ,CAAC,KAAK,CAAC,EAAE;gBAC9B,OAAO,IAAI,CAAC;aACf;SACJ;aAAM,IAAI,SAAS,KAAK,QAAQ,EAAE;YAC/B,IAAI,IAAI,CAAC,OAAO,CAAC,QAAQ,CAAC,KAAK,CAAC,EAAE;gBAC9B,OAAO,IAAI,CAAC;aACf;SACJ;aAAM;YACH,OAAO,KAAK,CAAC;SAChB;IACL,CAAC;CACJ;AAjHD,wCAiHC"},"_coverageSchema":"1a1c01bbd47fc00a2c39e90264f33305004495a9","hash":"cf8f1cb6539e5d1e615c09ee7125618b47d8378e","contentHash":"ab0c525d24e14756319b8d72c9903bc77d7ec5ee4382f6eee4b76084ce2465a3"},"/Users/kathykhong/WebstormProjects/project_team231/src/queryModel/OptionsValidator.js":{"path":"/Users/kathykhong/WebstormProjects/project_team231/src/queryModel/OptionsValidator.js","statementMap":{"0":{"start":{"line":2,"column":0},"end":{"line":2,"column":62}},"1":{"start":{"line":3,"column":25},"end":{"line":3,"column":64}},"2":{"start":{"line":6,"column":8},"end":{"line":8,"column":9}},"3":{"start":{"line":7,"column":12},"end":{"line":7,"column":88}},"4":{"start":{"line":9,"column":8},"end":{"line":12,"column":9}},"5":{"start":{"line":11,"column":12},"end":{"line":11,"column":96}},"6":{"start":{"line":13,"column":8},"end":{"line":16,"column":9}},"7":{"start":{"line":15,"column":12},"end":{"line":15,"column":98}},"8":{"start":{"line":17,"column":8},"end":{"line":19,"column":9}},"9":{"start":{"line":18,"column":12},"end":{"line":18,"column":92}},"10":{"start":{"line":20,"column":8},"end":{"line":32,"column":9}},"11":{"start":{"line":21,"column":12},"end":{"line":26,"column":13}},"12":{"start":{"line":22,"column":16},"end":{"line":22,"column":88}},"13":{"start":{"line":25,"column":16},"end":{"line":25,"column":60}},"14":{"start":{"line":28,"column":13},"end":{"line":32,"column":9}},"15":{"start":{"line":29,"column":12},"end":{"line":29,"column":47}},"16":{"start":{"line":30,"column":12},"end":{"line":30,"column":56}},"17":{"start":{"line":31,"column":12},"end":{"line":31,"column":53}},"18":{"start":{"line":35,"column":8},"end":{"line":37,"column":9}},"19":{"start":{"line":36,"column":12},"end":{"line":36,"column":90}},"20":{"start":{"line":38,"column":8},"end":{"line":40,"column":9}},"21":{"start":{"line":39,"column":12},"end":{"line":39,"column":91}},"22":{"start":{"line":41,"column":8},"end":{"line":45,"column":9}},"23":{"start":{"line":42,"column":12},"end":{"line":44,"column":13}},"24":{"start":{"line":43,"column":16},"end":{"line":43,"column":101}},"25":{"start":{"line":46,"column":8},"end":{"line":50,"column":9}},"26":{"start":{"line":47,"column":12},"end":{"line":49,"column":13}},"27":{"start":{"line":48,"column":16},"end":{"line":48,"column":116}},"28":{"start":{"line":53,"column":8},"end":{"line":55,"column":9}},"29":{"start":{"line":54,"column":12},"end":{"line":54,"column":84}},"30":{"start":{"line":56,"column":8},"end":{"line":58,"column":9}},"31":{"start":{"line":57,"column":12},"end":{"line":57,"column":96}},"32":{"start":{"line":59,"column":8},"end":{"line":64,"column":9}},"33":{"start":{"line":63,"column":12},"end":{"line":63,"column":90}},"34":{"start":{"line":67,"column":8},"end":{"line":69,"column":9}},"35":{"start":{"line":68,"column":12},"end":{"line":68,"column":87}},"36":{"start":{"line":70,"column":8},"end":{"line":73,"column":9}},"37":{"start":{"line":72,"column":12},"end":{"line":72,"column":103}},"38":{"start":{"line":74,"column":8},"end":{"line":76,"column":9}},"39":{"start":{"line":75,"column":12},"end":{"line":75,"column":93}},"40":{"start":{"line":77,"column":21},"end":{"line":77,"column":23}},"41":{"start":{"line":78,"column":8},"end":{"line":95,"column":9}},"42":{"start":{"line":79,"column":31},"end":{"line":79,"column":61}},"43":{"start":{"line":80,"column":25},"end":{"line":80,"column":40}},"44":{"start":{"line":81,"column":26},"end":{"line":81,"column":41}},"45":{"start":{"line":82,"column":12},"end":{"line":84,"column":13}},"46":{"start":{"line":83,"column":16},"end":{"line":83,"column":71}},"47":{"start":{"line":85,"column":12},"end":{"line":85,"column":54}},"48":{"start":{"line":86,"column":12},"end":{"line":88,"column":13}},"49":{"start":{"line":87,"column":16},"end":{"line":87,"column":77}},"50":{"start":{"line":89,"column":12},"end":{"line":94,"column":13}},"51":{"start":{"line":90,"column":16},"end":{"line":90,"column":32}},"52":{"start":{"line":93,"column":16},"end":{"line":93,"column":90}},"53":{"start":{"line":96,"column":8},"end":{"line":96,"column":47}},"54":{"start":{"line":99,"column":8},"end":{"line":101,"column":9}},"55":{"start":{"line":100,"column":12},"end":{"line":100,"column":100}},"56":{"start":{"line":102,"column":8},"end":{"line":104,"column":9}},"57":{"start":{"line":103,"column":12},"end":{"line":103,"column":87}},"58":{"start":{"line":105,"column":8},"end":{"line":107,"column":9}},"59":{"start":{"line":106,"column":12},"end":{"line":106,"column":91}},"60":{"start":{"line":108,"column":8},"end":{"line":110,"column":9}},"61":{"start":{"line":109,"column":12},"end":{"line":109,"column":79}},"62":{"start":{"line":111,"column":8},"end":{"line":111,"column":63}},"63":{"start":{"line":114,"column":8},"end":{"line":116,"column":9}},"64":{"start":{"line":115,"column":12},"end":{"line":115,"column":83}},"65":{"start":{"line":117,"column":8},"end":{"line":119,"column":9}},"66":{"start":{"line":118,"column":12},"end":{"line":118,"column":105}},"67":{"start":{"line":120,"column":8},"end":{"line":122,"column":9}},"68":{"start":{"line":121,"column":12},"end":{"line":121,"column":100}},"69":{"start":{"line":123,"column":8},"end":{"line":125,"column":9}},"70":{"start":{"line":124,"column":12},"end":{"line":124,"column":55}},"71":{"start":{"line":126,"column":8},"end":{"line":139,"column":9}},"72":{"start":{"line":127,"column":12},"end":{"line":132,"column":13}},"73":{"start":{"line":128,"column":16},"end":{"line":128,"column":103}},"74":{"start":{"line":131,"column":16},"end":{"line":131,"column":56}},"75":{"start":{"line":133,"column":12},"end":{"line":138,"column":13}},"76":{"start":{"line":134,"column":16},"end":{"line":134,"column":104}},"77":{"start":{"line":137,"column":16},"end":{"line":137,"column":57}},"78":{"start":{"line":140,"column":27},"end":{"line":140,"column":73}},"79":{"start":{"line":141,"column":21},"end":{"line":141,"column":36}},"80":{"start":{"line":142,"column":22},"end":{"line":142,"column":37}},"81":{"start":{"line":143,"column":8},"end":{"line":145,"column":9}},"82":{"start":{"line":144,"column":12},"end":{"line":144,"column":67}},"83":{"start":{"line":146,"column":8},"end":{"line":148,"column":9}},"84":{"start":{"line":147,"column":12},"end":{"line":147,"column":113}},"85":{"start":{"line":149,"column":8},"end":{"line":151,"column":9}},"86":{"start":{"line":150,"column":12},"end":{"line":150,"column":99}},"87":{"start":{"line":154,"column":8},"end":{"line":157,"column":9}},"88":{"start":{"line":156,"column":12},"end":{"line":156,"column":109}},"89":{"start":{"line":158,"column":8},"end":{"line":160,"column":9}},"90":{"start":{"line":159,"column":12},"end":{"line":159,"column":88}},"91":{"start":{"line":163,"column":31},"end":{"line":163,"column":59}},"92":{"start":{"line":164,"column":8},"end":{"line":166,"column":9}},"93":{"start":{"line":165,"column":12},"end":{"line":165,"column":91}},"94":{"start":{"line":167,"column":8},"end":{"line":170,"column":9}},"95":{"start":{"line":169,"column":12},"end":{"line":169,"column":105}},"96":{"start":{"line":171,"column":8},"end":{"line":174,"column":9}},"97":{"start":{"line":173,"column":12},"end":{"line":173,"column":101}},"98":{"start":{"line":177,"column":8},"end":{"line":180,"column":9}},"99":{"start":{"line":179,"column":12},"end":{"line":179,"column":106}},"100":{"start":{"line":183,"column":0},"end":{"line":183,"column":44}}},"fnMap":{"0":{"name":"(anonymous_0)","decl":{"start":{"line":5,"column":4},"end":{"line":5,"column":5}},"loc":{"start":{"line":5,"column":43},"end":{"line":33,"column":5}},"line":5},"1":{"name":"(anonymous_1)","decl":{"start":{"line":34,"column":4},"end":{"line":34,"column":5}},"loc":{"start":{"line":34,"column":34},"end":{"line":51,"column":5}},"line":34},"2":{"name":"(anonymous_2)","decl":{"start":{"line":52,"column":4},"end":{"line":52,"column":5}},"loc":{"start":{"line":52,"column":35},"end":{"line":65,"column":5}},"line":52},"3":{"name":"(anonymous_3)","decl":{"start":{"line":66,"column":4},"end":{"line":66,"column":5}},"loc":{"start":{"line":66,"column":43},"end":{"line":97,"column":5}},"line":66},"4":{"name":"(anonymous_4)","decl":{"start":{"line":98,"column":4},"end":{"line":98,"column":5}},"loc":{"start":{"line":98,"column":40},"end":{"line":112,"column":5}},"line":98},"5":{"name":"(anonymous_5)","decl":{"start":{"line":113,"column":4},"end":{"line":113,"column":5}},"loc":{"start":{"line":113,"column":41},"end":{"line":152,"column":5}},"line":113},"6":{"name":"(anonymous_6)","decl":{"start":{"line":153,"column":4},"end":{"line":153,"column":5}},"loc":{"start":{"line":153,"column":42},"end":{"line":161,"column":5}},"line":153},"7":{"name":"(anonymous_7)","decl":{"start":{"line":162,"column":4},"end":{"line":162,"column":5}},"loc":{"start":{"line":162,"column":39},"end":{"line":175,"column":5}},"line":162},"8":{"name":"(anonymous_8)","decl":{"start":{"line":176,"column":4},"end":{"line":176,"column":5}},"loc":{"start":{"line":176,"column":40},"end":{"line":181,"column":5}},"line":176}},"branchMap":{"0":{"loc":{"start":{"line":6,"column":8},"end":{"line":8,"column":9}},"type":"if","locations":[{"start":{"line":6,"column":8},"end":{"line":8,"column":9}},{"start":{"line":6,"column":8},"end":{"line":8,"column":9}}],"line":6},"1":{"loc":{"start":{"line":9,"column":8},"end":{"line":12,"column":9}},"type":"if","locations":[{"start":{"line":9,"column":8},"end":{"line":12,"column":9}},{"start":{"line":9,"column":8},"end":{"line":12,"column":9}}],"line":9},"2":{"loc":{"start":{"line":9,"column":12},"end":{"line":10,"column":58}},"type":"binary-expr","locations":[{"start":{"line":9,"column":12},"end":{"line":9,"column":53}},{"start":{"line":10,"column":12},"end":{"line":10,"column":58}}],"line":9},"3":{"loc":{"start":{"line":13,"column":8},"end":{"line":16,"column":9}},"type":"if","locations":[{"start":{"line":13,"column":8},"end":{"line":16,"column":9}},{"start":{"line":13,"column":8},"end":{"line":16,"column":9}}],"line":13},"4":{"loc":{"start":{"line":13,"column":12},"end":{"line":14,"column":60}},"type":"binary-expr","locations":[{"start":{"line":13,"column":12},"end":{"line":13,"column":55}},{"start":{"line":14,"column":12},"end":{"line":14,"column":60}}],"line":13},"5":{"loc":{"start":{"line":17,"column":8},"end":{"line":19,"column":9}},"type":"if","locations":[{"start":{"line":17,"column":8},"end":{"line":19,"column":9}},{"start":{"line":17,"column":8},"end":{"line":19,"column":9}}],"line":17},"6":{"loc":{"start":{"line":20,"column":8},"end":{"line":32,"column":9}},"type":"if","locations":[{"start":{"line":20,"column":8},"end":{"line":32,"column":9}},{"start":{"line":20,"column":8},"end":{"line":32,"column":9}}],"line":20},"7":{"loc":{"start":{"line":21,"column":12},"end":{"line":26,"column":13}},"type":"if","locations":[{"start":{"line":21,"column":12},"end":{"line":26,"column":13}},{"start":{"line":21,"column":12},"end":{"line":26,"column":13}}],"line":21},"8":{"loc":{"start":{"line":28,"column":13},"end":{"line":32,"column":9}},"type":"if","locations":[{"start":{"line":28,"column":13},"end":{"line":32,"column":9}},{"start":{"line":28,"column":13},"end":{"line":32,"column":9}}],"line":28},"9":{"loc":{"start":{"line":35,"column":8},"end":{"line":37,"column":9}},"type":"if","locations":[{"start":{"line":35,"column":8},"end":{"line":37,"column":9}},{"start":{"line":35,"column":8},"end":{"line":37,"column":9}}],"line":35},"10":{"loc":{"start":{"line":38,"column":8},"end":{"line":40,"column":9}},"type":"if","locations":[{"start":{"line":38,"column":8},"end":{"line":40,"column":9}},{"start":{"line":38,"column":8},"end":{"line":40,"column":9}}],"line":38},"11":{"loc":{"start":{"line":41,"column":8},"end":{"line":45,"column":9}},"type":"if","locations":[{"start":{"line":41,"column":8},"end":{"line":45,"column":9}},{"start":{"line":41,"column":8},"end":{"line":45,"column":9}}],"line":41},"12":{"loc":{"start":{"line":42,"column":12},"end":{"line":44,"column":13}},"type":"if","locations":[{"start":{"line":42,"column":12},"end":{"line":44,"column":13}},{"start":{"line":42,"column":12},"end":{"line":44,"column":13}}],"line":42},"13":{"loc":{"start":{"line":46,"column":8},"end":{"line":50,"column":9}},"type":"if","locations":[{"start":{"line":46,"column":8},"end":{"line":50,"column":9}},{"start":{"line":46,"column":8},"end":{"line":50,"column":9}}],"line":46},"14":{"loc":{"start":{"line":47,"column":12},"end":{"line":49,"column":13}},"type":"if","locations":[{"start":{"line":47,"column":12},"end":{"line":49,"column":13}},{"start":{"line":47,"column":12},"end":{"line":49,"column":13}}],"line":47},"15":{"loc":{"start":{"line":47,"column":16},"end":{"line":47,"column":115}},"type":"binary-expr","locations":[{"start":{"line":47,"column":17},"end":{"line":47,"column":64}},{"start":{"line":47,"column":70},"end":{"line":47,"column":114}}],"line":47},"16":{"loc":{"start":{"line":53,"column":8},"end":{"line":55,"column":9}},"type":"if","locations":[{"start":{"line":53,"column":8},"end":{"line":55,"column":9}},{"start":{"line":53,"column":8},"end":{"line":55,"column":9}}],"line":53},"17":{"loc":{"start":{"line":56,"column":8},"end":{"line":58,"column":9}},"type":"if","locations":[{"start":{"line":56,"column":8},"end":{"line":58,"column":9}},{"start":{"line":56,"column":8},"end":{"line":58,"column":9}}],"line":56},"18":{"loc":{"start":{"line":59,"column":8},"end":{"line":64,"column":9}},"type":"if","locations":[{"start":{"line":59,"column":8},"end":{"line":64,"column":9}},{"start":{"line":59,"column":8},"end":{"line":64,"column":9}}],"line":59},"19":{"loc":{"start":{"line":59,"column":12},"end":{"line":62,"column":60}},"type":"binary-expr","locations":[{"start":{"line":59,"column":13},"end":{"line":59,"column":56}},{"start":{"line":60,"column":12},"end":{"line":60,"column":53}},{"start":{"line":61,"column":13},"end":{"line":61,"column":54}},{"start":{"line":62,"column":16},"end":{"line":62,"column":59}}],"line":59},"20":{"loc":{"start":{"line":67,"column":8},"end":{"line":69,"column":9}},"type":"if","locations":[{"start":{"line":67,"column":8},"end":{"line":69,"column":9}},{"start":{"line":67,"column":8},"end":{"line":69,"column":9}}],"line":67},"21":{"loc":{"start":{"line":70,"column":8},"end":{"line":73,"column":9}},"type":"if","locations":[{"start":{"line":70,"column":8},"end":{"line":73,"column":9}},{"start":{"line":70,"column":8},"end":{"line":73,"column":9}}],"line":70},"22":{"loc":{"start":{"line":70,"column":12},"end":{"line":71,"column":53}},"type":"binary-expr","locations":[{"start":{"line":70,"column":12},"end":{"line":70,"column":48}},{"start":{"line":71,"column":12},"end":{"line":71,"column":53}}],"line":70},"23":{"loc":{"start":{"line":74,"column":8},"end":{"line":76,"column":9}},"type":"if","locations":[{"start":{"line":74,"column":8},"end":{"line":76,"column":9}},{"start":{"line":74,"column":8},"end":{"line":76,"column":9}}],"line":74},"24":{"loc":{"start":{"line":82,"column":12},"end":{"line":84,"column":13}},"type":"if","locations":[{"start":{"line":82,"column":12},"end":{"line":84,"column":13}},{"start":{"line":82,"column":12},"end":{"line":84,"column":13}}],"line":82},"25":{"loc":{"start":{"line":86,"column":12},"end":{"line":88,"column":13}},"type":"if","locations":[{"start":{"line":86,"column":12},"end":{"line":88,"column":13}},{"start":{"line":86,"column":12},"end":{"line":88,"column":13}}],"line":86},"26":{"loc":{"start":{"line":89,"column":12},"end":{"line":94,"column":13}},"type":"if","locations":[{"start":{"line":89,"column":12},"end":{"line":94,"column":13}},{"start":{"line":89,"column":12},"end":{"line":94,"column":13}}],"line":89},"27":{"loc":{"start":{"line":89,"column":16},"end":{"line":89,"column":50}},"type":"binary-expr","locations":[{"start":{"line":89,"column":16},"end":{"line":89,"column":29}},{"start":{"line":89,"column":33},"end":{"line":89,"column":50}}],"line":89},"28":{"loc":{"start":{"line":99,"column":8},"end":{"line":101,"column":9}},"type":"if","locations":[{"start":{"line":99,"column":8},"end":{"line":101,"column":9}},{"start":{"line":99,"column":8},"end":{"line":101,"column":9}}],"line":99},"29":{"loc":{"start":{"line":99,"column":12},"end":{"line":99,"column":113}},"type":"binary-expr","locations":[{"start":{"line":99,"column":12},"end":{"line":99,"column":58}},{"start":{"line":99,"column":62},"end":{"line":99,"column":113}}],"line":99},"30":{"loc":{"start":{"line":102,"column":8},"end":{"line":104,"column":9}},"type":"if","locations":[{"start":{"line":102,"column":8},"end":{"line":104,"column":9}},{"start":{"line":102,"column":8},"end":{"line":104,"column":9}}],"line":102},"31":{"loc":{"start":{"line":105,"column":8},"end":{"line":107,"column":9}},"type":"if","locations":[{"start":{"line":105,"column":8},"end":{"line":107,"column":9}},{"start":{"line":105,"column":8},"end":{"line":107,"column":9}}],"line":105},"32":{"loc":{"start":{"line":108,"column":8},"end":{"line":110,"column":9}},"type":"if","locations":[{"start":{"line":108,"column":8},"end":{"line":110,"column":9}},{"start":{"line":108,"column":8},"end":{"line":110,"column":9}}],"line":108},"33":{"loc":{"start":{"line":114,"column":8},"end":{"line":116,"column":9}},"type":"if","locations":[{"start":{"line":114,"column":8},"end":{"line":116,"column":9}},{"start":{"line":114,"column":8},"end":{"line":116,"column":9}}],"line":114},"34":{"loc":{"start":{"line":117,"column":8},"end":{"line":119,"column":9}},"type":"if","locations":[{"start":{"line":117,"column":8},"end":{"line":119,"column":9}},{"start":{"line":117,"column":8},"end":{"line":119,"column":9}}],"line":117},"35":{"loc":{"start":{"line":120,"column":8},"end":{"line":122,"column":9}},"type":"if","locations":[{"start":{"line":120,"column":8},"end":{"line":122,"column":9}},{"start":{"line":120,"column":8},"end":{"line":122,"column":9}}],"line":120},"36":{"loc":{"start":{"line":123,"column":8},"end":{"line":125,"column":9}},"type":"if","locations":[{"start":{"line":123,"column":8},"end":{"line":125,"column":9}},{"start":{"line":123,"column":8},"end":{"line":125,"column":9}}],"line":123},"37":{"loc":{"start":{"line":126,"column":8},"end":{"line":139,"column":9}},"type":"if","locations":[{"start":{"line":126,"column":8},"end":{"line":139,"column":9}},{"start":{"line":126,"column":8},"end":{"line":139,"column":9}}],"line":126},"38":{"loc":{"start":{"line":127,"column":12},"end":{"line":132,"column":13}},"type":"if","locations":[{"start":{"line":127,"column":12},"end":{"line":132,"column":13}},{"start":{"line":127,"column":12},"end":{"line":132,"column":13}}],"line":127},"39":{"loc":{"start":{"line":133,"column":12},"end":{"line":138,"column":13}},"type":"if","locations":[{"start":{"line":133,"column":12},"end":{"line":138,"column":13}},{"start":{"line":133,"column":12},"end":{"line":138,"column":13}}],"line":133},"40":{"loc":{"start":{"line":143,"column":8},"end":{"line":145,"column":9}},"type":"if","locations":[{"start":{"line":143,"column":8},"end":{"line":145,"column":9}},{"start":{"line":143,"column":8},"end":{"line":145,"column":9}}],"line":143},"41":{"loc":{"start":{"line":146,"column":8},"end":{"line":148,"column":9}},"type":"if","locations":[{"start":{"line":146,"column":8},"end":{"line":148,"column":9}},{"start":{"line":146,"column":8},"end":{"line":148,"column":9}}],"line":146},"42":{"loc":{"start":{"line":149,"column":8},"end":{"line":151,"column":9}},"type":"if","locations":[{"start":{"line":149,"column":8},"end":{"line":151,"column":9}},{"start":{"line":149,"column":8},"end":{"line":151,"column":9}}],"line":149},"43":{"loc":{"start":{"line":154,"column":8},"end":{"line":157,"column":9}},"type":"if","locations":[{"start":{"line":154,"column":8},"end":{"line":157,"column":9}},{"start":{"line":154,"column":8},"end":{"line":157,"column":9}}],"line":154},"44":{"loc":{"start":{"line":154,"column":12},"end":{"line":155,"column":52}},"type":"binary-expr","locations":[{"start":{"line":154,"column":12},"end":{"line":154,"column":47}},{"start":{"line":155,"column":12},"end":{"line":155,"column":52}}],"line":154},"45":{"loc":{"start":{"line":158,"column":8},"end":{"line":160,"column":9}},"type":"if","locations":[{"start":{"line":158,"column":8},"end":{"line":160,"column":9}},{"start":{"line":158,"column":8},"end":{"line":160,"column":9}}],"line":158},"46":{"loc":{"start":{"line":164,"column":8},"end":{"line":166,"column":9}},"type":"if","locations":[{"start":{"line":164,"column":8},"end":{"line":166,"column":9}},{"start":{"line":164,"column":8},"end":{"line":166,"column":9}}],"line":164},"47":{"loc":{"start":{"line":167,"column":8},"end":{"line":170,"column":9}},"type":"if","locations":[{"start":{"line":167,"column":8},"end":{"line":170,"column":9}},{"start":{"line":167,"column":8},"end":{"line":170,"column":9}}],"line":167},"48":{"loc":{"start":{"line":167,"column":12},"end":{"line":168,"column":61}},"type":"binary-expr","locations":[{"start":{"line":167,"column":12},"end":{"line":167,"column":56}},{"start":{"line":168,"column":12},"end":{"line":168,"column":61}}],"line":167},"49":{"loc":{"start":{"line":171,"column":8},"end":{"line":174,"column":9}},"type":"if","locations":[{"start":{"line":171,"column":8},"end":{"line":174,"column":9}},{"start":{"line":171,"column":8},"end":{"line":174,"column":9}}],"line":171},"50":{"loc":{"start":{"line":171,"column":12},"end":{"line":172,"column":55}},"type":"binary-expr","locations":[{"start":{"line":171,"column":12},"end":{"line":171,"column":53}},{"start":{"line":172,"column":12},"end":{"line":172,"column":55}}],"line":171},"51":{"loc":{"start":{"line":177,"column":8},"end":{"line":180,"column":9}},"type":"if","locations":[{"start":{"line":177,"column":8},"end":{"line":180,"column":9}},{"start":{"line":177,"column":8},"end":{"line":180,"column":9}}],"line":177},"52":{"loc":{"start":{"line":177,"column":12},"end":{"line":178,"column":76}},"type":"binary-expr","locations":[{"start":{"line":177,"column":12},"end":{"line":177,"column":71}},{"start":{"line":178,"column":12},"end":{"line":178,"column":76}}],"line":177}},"s":{"0":1,"1":1,"2":0,"3":0,"4":0,"5":0,"6":0,"7":0,"8":0,"9":0,"10":0,"11":0,"12":0,"13":0,"14":0,"15":0,"16":0,"17":0,"18":0,"19":0,"20":0,"21":0,"22":0,"23":0,"24":0,"25":0,"26":0,"27":0,"28":0,"29":0,"30":0,"31":0,"32":0,"33":0,"34":0,"35":0,"36":0,"37":0,"38":0,"39":0,"40":0,"41":0,"42":0,"43":0,"44":0,"45":0,"46":0,"47":0,"48":0,"49":0,"50":0,"51":0,"52":0,"53":0,"54":0,"55":0,"56":0,"57":0,"58":0,"59":0,"60":0,"61":0,"62":0,"63":0,"64":0,"65":0,"66":0,"67":0,"68":0,"69":0,"70":0,"71":0,"72":0,"73":0,"74":0,"75":0,"76":0,"77":0,"78":0,"79":0,"80":0,"81":0,"82":0,"83":0,"84":0,"85":0,"86":0,"87":0,"88":0,"89":0,"90":0,"91":0,"92":0,"93":0,"94":0,"95":0,"96":0,"97":0,"98":0,"99":0,"100":1},"f":{"0":0,"1":0,"2":0,"3":0,"4":0,"5":0,"6":0,"7":0,"8":0},"b":{"0":[0,0],"1":[0,0],"2":[0,0],"3":[0,0]
[...]
s":[{"start":{"line":156,"column":12},"end":{"line":156,"column":40}},{"start":{"line":156,"column":44},"end":{"line":156,"column":83}}],"line":156},"47":{"loc":{"start":{"line":159,"column":16},"end":{"line":161,"column":17}},"type":"if","locations":[{"start":{"line":159,"column":16},"end":{"line":161,"column":17}},{"start":{"line":159,"column":16},"end":{"line":161,"column":17}}],"line":159},"48":{"loc":{"start":{"line":166,"column":8},"end":{"line":177,"column":9}},"type":"if","locations":[{"start":{"line":166,"column":8},"end":{"line":177,"column":9}},{"start":{"line":166,"column":8},"end":{"line":177,"column":9}}],"line":166},"49":{"loc":{"start":{"line":166,"column":12},"end":{"line":167,"column":77}},"type":"binary-expr","locations":[{"start":{"line":166,"column":12},"end":{"line":166,"column":57}},{"start":{"line":167,"column":15},"end":{"line":167,"column":77}}],"line":166},"50":{"loc":{"start":{"line":169,"column":12},"end":{"line":176,"column":13}},"type":"if","locations":[{"start":{"line":169,"column":12},"end":{"line":176,"column":13}},{"start":{"line":169,"column":12},"end":{"line":176,"column":13}}],"line":169},"51":{"loc":{"start":{"line":169,"column":16},"end":{"line":170,"column":79}},"type":"binary-expr","locations":[{"start":{"line":169,"column":16},"end":{"line":169,"column":60}},{"start":{"line":170,"column":19},"end":{"line":170,"column":79}}],"line":169},"52":{"loc":{"start":{"line":172,"column":16},"end":{"line":175,"column":17}},"type":"if","locations":[{"start":{"line":172,"column":16},"end":{"line":175,"column":17}},{"start":{"line":172,"column":16},"end":{"line":175,"column":17}}],"line":172},"53":{"loc":{"start":{"line":196,"column":8},"end":{"line":205,"column":9}},"type":"if","locations":[{"start":{"line":196,"column":8},"end":{"line":205,"column":9}},{"start":{"line":196,"column":8},"end":{"line":205,"column":9}}],"line":196},"54":{"loc":{"start":{"line":198,"column":12},"end":{"line":204,"column":13}},"type":"if","locations":[{"start":{"line":198,"column":12},"end":{"line":204,"column":13}},{"start":{"line":198,"column":12},"end":{"line":204,"column":13}}],"line":198},"55":{"loc":{"start":{"line":200,"column":16},"end":{"line":203,"column":17}},"type":"if","locations":[{"start":{"line":200,"column":16},"end":{"line":203,"column":17}},{"start":{"line":200,"column":16},"end":{"line":203,"column":17}}],"line":200},"56":{"loc":{"start":{"line":209,"column":12},"end":{"line":224,"column":13}},"type":"if","locations":[{"start":{"line":209,"column":12},"end":{"line":224,"column":13}},{"start":{"line":209,"column":12},"end":{"line":224,"column":13}}],"line":209},"57":{"loc":{"start":{"line":209,"column":16},"end":{"line":209,"column":52}},"type":"binary-expr","locations":[{"start":{"line":209,"column":16},"end":{"line":209,"column":35}},{"start":{"line":209,"column":39},"end":{"line":209,"column":52}}],"line":209},"58":{"loc":{"start":{"line":211,"column":20},"end":{"line":222,"column":21}},"type":"if","locations":[{"start":{"line":211,"column":20},"end":{"line":222,"column":21}},{"start":{"line":211,"column":20},"end":{"line":222,"column":21}}],"line":211},"59":{"loc":{"start":{"line":211,"column":24},"end":{"line":211,"column":113}},"type":"binary-expr","locations":[{"start":{"line":211,"column":24},"end":{"line":211,"column":48}},{"start":{"line":211,"column":52},"end":{"line":211,"column":113}}],"line":211},"60":{"loc":{"start":{"line":213,"column":28},"end":{"line":220,"column":29}},"type":"if","locations":[{"start":{"line":213,"column":28},"end":{"line":220,"column":29}},{"start":{"line":213,"column":28},"end":{"line":220,"column":29}}],"line":213},"61":{"loc":{"start":{"line":213,"column":32},"end":{"line":213,"column":95}},"type":"binary-expr","locations":[{"start":{"line":213,"column":32},"end":{"line":213,"column":54}},{"start":{"line":213,"column":58},"end":{"line":213,"column":69}},{"start":{"line":213,"column":73},"end":{"line":213,"column":95}}],"line":213},"62":{"loc":{"start":{"line":215,"column":36},"end":{"line":218,"column":37}},"type":"if","locations":[{"start":{"line":215,"column":36},"end":{"line":218,"column":37}},{"start":{"line":215,"column":36},"end":{"line":218,"column":37}}],"line":215},"63":{"loc":{"start":{"line":229,"column":12},"end":{"line":240,"column":13}},"type":"if","locations":[{"start":{"line":229,"column":12},"end":{"line":240,"column":13}},{"start":{"line":229,"column":12},"end":{"line":240,"column":13}}],"line":229},"64":{"loc":{"start":{"line":229,"column":16},"end":{"line":229,"column":52}},"type":"binary-expr","locations":[{"start":{"line":229,"column":16},"end":{"line":229,"column":35}},{"start":{"line":229,"column":39},"end":{"line":229,"column":52}}],"line":229},"65":{"loc":{"start":{"line":231,"column":20},"end":{"line":238,"column":21}},"type":"if","locations":[{"start":{"line":231,"column":20},"end":{"line":238,"column":21}},{"start":{"line":231,"column":20},"end":{"line":238,"column":21}}],"line":231},"66":{"loc":{"start":{"line":231,"column":24},"end":{"line":231,"column":109}},"type":"binary-expr","locations":[{"start":{"line":231,"column":24},"end":{"line":231,"column":45}},{"start":{"line":231,"column":49},"end":{"line":231,"column":109}}],"line":231},"67":{"loc":{"start":{"line":233,"column":28},"end":{"line":236,"column":29}},"type":"if","locations":[{"start":{"line":233,"column":28},"end":{"line":236,"column":29}},{"start":{"line":233,"column":28},"end":{"line":236,"column":29}}],"line":233},"68":{"loc":{"start":{"line":245,"column":12},"end":{"line":256,"column":13}},"type":"if","locations":[{"start":{"line":245,"column":12},"end":{"line":256,"column":13}},{"start":{"line":245,"column":12},"end":{"line":256,"column":13}}],"line":245},"69":{"loc":{"start":{"line":245,"column":16},"end":{"line":245,"column":52}},"type":"binary-expr","locations":[{"start":{"line":245,"column":16},"end":{"line":245,"column":35}},{"start":{"line":245,"column":39},"end":{"line":245,"column":52}}],"line":245},"70":{"loc":{"start":{"line":247,"column":20},"end":{"line":254,"column":21}},"type":"if","locations":[{"start":{"line":247,"column":20},"end":{"line":254,"column":21}},{"start":{"line":247,"column":20},"end":{"line":254,"column":21}}],"line":247},"71":{"loc":{"start":{"line":247,"column":24},"end":{"line":247,"column":105}},"type":"binary-expr","locations":[{"start":{"line":247,"column":24},"end":{"line":247,"column":45}},{"start":{"line":247,"column":49},"end":{"line":247,"column":105}}],"line":247},"72":{"loc":{"start":{"line":249,"column":28},"end":{"line":252,"column":29}},"type":"if","locations":[{"start":{"line":249,"column":28},"end":{"line":252,"column":29}},{"start":{"line":249,"column":28},"end":{"line":252,"column":29}}],"line":249},"73":{"loc":{"start":{"line":261,"column":12},"end":{"line":272,"column":13}},"type":"if","locations":[{"start":{"line":261,"column":12},"end":{"line":272,"column":13}},{"start":{"line":261,"column":12},"end":{"line":272,"column":13}}],"line":261},"74":{"loc":{"start":{"line":261,"column":16},"end":{"line":261,"column":52}},"type":"binary-expr","locations":[{"start":{"line":261,"column":16},"end":{"line":261,"column":35}},{"start":{"line":261,"column":39},"end":{"line":261,"column":52}}],"line":261},"75":{"loc":{"start":{"line":263,"column":20},"end":{"line":270,"column":21}},"type":"if","locations":[{"start":{"line":263,"column":20},"end":{"line":270,"column":21}},{"start":{"line":263,"column":20},"end":{"line":270,"column":21}}],"line":263},"76":{"loc":{"start":{"line":263,"column":24},"end":{"line":263,"column":110}},"type":"binary-expr","locations":[{"start":{"line":263,"column":24},"end":{"line":263,"column":45}},{"start":{"line":263,"column":49},"end":{"line":263,"column":110}}],"line":263},"77":{"loc":{"start":{"line":265,"column":28},"end":{"line":268,"column":29}},"type":"if","locations":[{"start":{"line":265,"column":28},"end":{"line":268,"column":29}},{"start":{"line":265,"column":28},"end":{"line":268,"column":29}}],"line":265}},"s":{"0":1,"1":142949,"2":45,"3":142949,"4":64564,"5":142874,"6":0,"7":0,"8":0,"9":0,"10":0,"11":1,"12":1,"13":1,"14":1,"15":1,"16":1,"17":1,"18":1,"19":1,"20":2020,"21":218,"22":218,"23":2020,"24":671,"25":2019,"26":1,"27":1,"28":218,"29":74,"30":1,"31":74,"32":74,"33":74,"34":0,"35":0,"36":0,"37":0,"38":0,"39":0,"40":0,"41":0,"42":0,"43":0,"44":0,"45":0,"46":0,"47":0,"48":20,"49":5,"50":20,"51":7,"52":19,"53":3,"54":1,"55":2,"56":1,"57":2,"58":2,"59":1,"60":0,"61":0,"62":0,"63":0,"64":0,"65":0,"66":0,"67":0,"68":0,"69":0,"70":0,"71":0,"72":0,"73":0,"74":0,"75":0,"76":0,"77":273004,"78":18072,"79":21332,"80":296,"81":272708,"82":122280,"83":272708,"84":272708,"85":3256,"86":148,"87":148,"88":148,"89":148,"90":148,"91":148,"92":148,"93":74,"94":74,"95":74,"96":0,"97":0,"98":0,"99":0,"100":148,"101":148,"102":148,"103":148,"104":148,"105":148,"106":148,"107":148,"108":148,"109":148,"110":0,"111":0,"112":0,"113":0,"114":0,"115":0,"116":0,"117":0,"118":0,"119":0,"120":0,"121":0,"122":0,"123":0,"124":0,"125":0,"126":0,"127":0,"128":0,"129":0,"130":0,"131":0,"132":0,"133":0,"134":0,"135":0,"136":0,"137":0,"138":0,"139":0,"140":0,"141":0,"142":0,"143":0,"144":148,"145":148,"146":148,"147":1},"f":{"0":142949,"1":0,"2":1,"3":2020,"4":1,"5":218,"6":74,"7":0,"8":0,"9":20,"10":3,"11":0,"12":0,"13":0,"14":273004,"15":148,"16":74,"17":0,"18":148,"19":148,"20":0,"21":0,"22":0,"23":0,"24":148},"b":{"0":[45,142904],"1":[64564,78385],"2":[142949,72074],"3":[0,0],"4":[0,0],"5":[0,0],"6":[1,0],"7":[1,1],"8":[1,0],"9":[1,1],"10":[218,1802],"11":[2020,218,218],"12":[671,1349],"13":[2020,745],"14":[74,144],"15":[0,0],"16":[0,0],"17":[0,0],"18":[0,0],"19":[0,0],"20":[0,0],"21":[0,0],"22":[5,15],"23":[7,13],"24":[20,7],"25":[1,2],"26":[1,1],"27":[2,1],"28":[1,1],"29":[0,0],"30":[0,0],"31":[0,0],"32":[0,0],"33":[0,0],"34":[0,0],"35":[0,0],"36":[0,0],"37":[0,0],"38":[0,0],"39":[0,0],"40":[0,0],"41":[18072,254932],"42":[273004,18072],"43":[296,21036],"44":[21332,5628],"45":[122280,150428],"46":[272708,139448],"47":[3256,269452],"48":[148,0],"49":[148,148],"50":[148,0],"51":[148,148],"52":[148,0],"53":[148,0],"54":[148,0],"55":[148,0],"56":[0,0],"57":[0,0],"58":[0,0],"59":[0,0],"60":[0,0],"61":[0,0,0],"62":[0,0],"63":[0,0],"64":[0,0],"65":[0,0],"66":[0,0],"67":[0,0],"68":[0,0],"69":[0,0],"70":[0,0],"71":[0,0],"72":[0,0],"73":[0,0],"74":[0,0],"75":[0,0],"76":[0,0],"77":[0,0]},"inputSourceMap":{"version":3,"file":"RoomsHelper.js","sourceRoot":"","sources":["RoomsHelper.ts"],"names":[],"mappings":";;AAEA,MAAa,WAAW;IACb,MAAM,CAAC,UAAU,CAAC,OAAY,EAAE,UAAsB;QACzD,IAAI,OAAO,CAAC,QAAQ,KAAK,OAAO,EAAE;YAC9B,UAAU,CAAC,iBAAiB,CAAC,IAAI,CAAC,OAAO,CAAC,CAAC;SAC9C;QACD,IAAI,OAAO,CAAC,UAAU,IAAI,OAAO,CAAC,UAAU,CAAC,MAAM,GAAG,CAAC,EAAE;YACrD,KAAK,IAAI,KAAK,IAAI,OAAO,CAAC,UAAU,EAAE;gBAClC,IAAI,CAAC,UAAU,CAAC,KAAK,EAAE,UAAU,CAAC,CAAC;aACtC;SACJ;IACL,CAAC;IAEM,MAAM,CAAC,eAAe,CAAC,OAAY,EAAE,UAAsB;QAC9D,IAAI,OAAO,CAAC,QAAQ,KAAK,OAAO,EAAE;YAC9B,UAAU,CAAC,gBAAgB,CAAC,IAAI,CAAC,OAAO,CAAC,CAAC;SAC7C;QACD,IAAI,OAAO,CAAC,UAAU,IAAI,OAAO,CAAC,UAAU,CAAC,MAAM,GAAG,CAAC,EAAE;YACrD,KAAK,IAAI,KAAK,IAAI,OAAO,CAAC,UAAU,EAAE;gBAClC,IAAI,CAAC,eAAe,CAAC,KAAK,EAAE,UAAU,CAAC,CAAC;aAC3C;SACJ;IACL,CAAC;IAEM,MAAM,CAAC,uBAAuB,CAAC,YAAiB,EAAE,UAAsB;QAC3E,KAAK,IAAI,KAAK,IAAI,YAAY,EAAE;YAC5B,IAAI,WAAW,GAAG,IAAI,CAAC,eAAe,CAAC,KAAK,CAAC,CAAC;YAC9C,IAAI,CAAC,0BAA0B,CAAC,WAAW,EAAE,UAAU,CAAC,CAAC;YACzD,IAAI,OAAO,GAAU,UAAU,CAAC,2BAA2B,CAAC;YAC5D,KAAK,IAAI,EAAE,IAAI,OAAO,EAAE;gBACpB,IAAI,EAAE,CAAC,KAAK,IAAI,EAAE,CAAC,KAAK,CAAC,MAAM,GAAG,CAAC,EAAE;oBACjC,KAAK,IAAI,IAAI,IAAI,EAAE,CAAC,KAAK,EAAE;wBACvB,IAAI,IAAI,CAAC,IAAI,KAAK,OAAO,IAAI,IAAI,CAAC,KAAK,KAAK,8CAA8C,EAAE;4BACxF,OAAO,KAAK,CAAC;yBAChB;qBACJ;iBACJ;aACJ;SACJ;IACL,CAAC;IAEM,MAAM,CAAC,iBAAiB,CAAC,iBAAsB,EAAE,UAAsB;QAC1E,IAAI,iBAAiB,CAAC,QAAQ,KAAK,GAAG,IAAI,iBAAiB,CAAC,KAAK,CAAC,MAAM,GAAG,CAAC;eACrE,iBAAiB,CAAC,KAAK,CAAC,CAAC,CAAC,CAAC,IAAI,KAAK,MAAM,EAAE;YAC/C,IAAI,YAAY,GAAW,iBAAiB,CAAC,KAAK,CAAC,CAAC,CAAC,CAAC,KAAK,CAAC;YAC5D,UAAU,CAAC,iBAAiB,CAAC,IAAI,CAAC,YAAY,CAAC,CAAC;SACnD;QACD,IAAI,iBAAiB,CAAC,UAAU,IAAI,iBAAiB,CAAC,UAAU,CAAC,MAAM,GAAG,CAAC,EAAE;YACzE,KAAK,IAAI,KAAK,IAAI,iBAAiB,CAAC,UAAU,EAAE;gBAC5C,IAAI,CAAC,iBAAiB,CAAC,KAAK,EAAE,UAAU,CAAC,CAAC;aAC7C;SACJ;IACL,CAAC;IAEM,MAAM,CAAC,kBAAkB,CAAC,IAAc;QAC3C,IAAI,MAAM,GAAa,EAAE,CAAC;QAC1B,IAAI,CAAC,OAAO,CAAC,CAAC,OAAO,EAAE,EAAE;YACrB,IAAI,CAAC,MAAM,CAAC,QAAQ,CAAC,OAAO,CAAC,EAAE;gBAC3B,MAAM,CAAC,IAAI,CAAC,OAAO,CAAC,CAAC;aACxB;QACL,CAAC,CAAC,CAAC;QACH,OAAO,MAAM,CAAC;IAClB,CAAC;IAEM,MAAM,CAAC,kBAAkB,CAAC,QAAgB;QAC7C,QAAQ,GAAG,QAAQ,CAAC,SAAS,CAAC,CAAC,CAAC,CAAC;QACjC,QAAQ,GAAG,OAAO,GAAG,QAAQ,CAAC;QAC9B,OAAO,QAAQ,CAAC;IACpB,CAAC;IAEM,MAAM,CAAC,mBAAmB,CAAC,MAAa,EAAE,UAAsB;QACnE,KAAK,IAAI,KAAK,IAAI,MAAM,EAAE;YACtB,IAAI,WAAW,GAAG,IAAI,CAAC,eAAe,CAAC,KAAK,CAAC,CAAC;YAC9C,IAAI,CAAC,uBAAuB,CAAC,WAAW,EAAE,UAAU,CAAC,CAAC;YACtD,IAAI,OAAO,GAAU,UAAU,CAAC,wBAAwB,CAAC;YACzD,KAAK,IAAI,EAAE,IAAI,OAAO,EAAE;gBACpB,IAAI,EAAE,CAAC,KAAK,IAAI,EAAE,CAAC,KAAK,CAAC,MAAM,GAAG,CAAC,EAAE;oBACjC,KAAK,IAAI,IAAI,IAAI,EAAE,CAAC,KAAK,EAAE;wBACvB,IAAI,IAAI,CAAC,IAAI,KAAK,OAAO,IAAI,IAAI,CAAC,KAAK,KAAK,2CAA2C,EAAE;4BACrF,OAAO,KAAK,CAAC;yBAChB;qBACJ;iBACJ;aACJ;SACJ;IACL,CAAC;IAEM,MAAM,CAAC,uBAAuB,CAAC,QAAa,EAAE,UAAsB;QACvE,IAAI,QAAQ,CAAC,QAAQ,KAAK,IAAI,EAAE;YAC5B,UAAU,CAAC,wBAAwB,CAAC,IAAI,CAAC,QAAQ,CAAC,CAAC;SACtD;QAED,IAAI,QAAQ,CAAC,UAAU,IAAI,QAAQ,CAAC,UAAU,CAAC,MAAM,GAAG,CAAC,EAAE;YACvD,KAAK,IAAI,KAAK,IAAI,QAAQ,CAAC,UAAU,EAAE;gBACnC,IAAI,CAAC,uBAAuB,CAAC,KAAK,EAAE,UAAU,CAAC,CAAC;aACnD;SACJ;IACL,CAAC;IAEM,MAAM,CAAC,0BAA0B,CAAC,QAAa,EAAE,UAAsB;QAC1E,IAAI,QAAQ,CAAC,QAAQ,KAAK,IAAI,EAAE;YAC5B,UAAU,CAAC,2BAA2B,CAAC,IAAI,CAAC,QAAQ,CAAC,CAAC;SACzD;QAED,IAAI,QAAQ,CAAC,UAAU,IAAI,QAAQ,CAAC,UAAU,CAAC,MAAM,GAAG,CAAC,EAAE;YACvD,KAAK,IAAI,KAAK,IAAI,QAAQ,CAAC,UAAU,EAAE;gBACnC,IAAI,CAAC,0BAA0B,CAAC,KAAK,EAAE,UAAU,CAAC,CAAC;aACtD;SACJ;IACL,CAAC;IAEM,MAAM,CAAC,eAAe,CAAC,QAAa;QACvC,IAAI,QAAQ,CAAC,QAAQ,KAAK,OAAO,EAAE;YAC/B,OAAO,QAAQ,CAAC;SACnB;QAED,IAAI,QAAQ,CAAC,UAAU,IAAI,QAAQ,CAAC,UAAU,CAAC,MAAM,GAAG,CAAC,EAAE;YACvD,KAAK,IAAI,KAAK,IAAI,QAAQ,CAAC,UAAU,EAAE;gBACnC,IAAI,KAAK,GAAQ,IAAI,CAAC,eAAe,CAAC,KAAK,CAAC,CAAC;gBAC7C,IAAI,CAAC,CAAC,KAAK,KAAK,SAAS,CAAC,EAAE;oBACxB,OAAO,KAAK,CAAC;iBAChB;aACJ;SACJ;IACL,CAAC;IAEM,MAAM,CAAC,cAAc,CAAC,aAAkB,EAAE,UAAsB;QACnE,IAAI,aAAa,CAAC,QAAQ,KAAK,IAAI,IAAI,aAAa,CAAC,UAAU,CAAC,MAAM,GAAG,CAAC,EAAE;YACxE,UAAU,CAAC,aAAa,CAAC,IAAI,CAAC,aAAa,CAAC,CAAC;SAChD;QAED,IAAI,aAAa,CAAC,UAAU,IAAI,aAAa,CAAC,UAAU,CAAC,MAAM,GAAG,CAAC,EAAE;YACjE,KAAK,IAAI,KAAK,IAAI,aAAa,CAAC,UAAU,EAAE;gBACxC,IAAI,CAAC,cAAc,CAAC,KAAK,EAAE,UAAU,CAAC,CAAC;aAC1C;SACJ;IAEL,CAAC;IAEM,MAAM,CAAC,aAAa,CAAC,aAAkB,EAAE,UAAsB;QAClE,IAAI,aAAa,CAAC,QAAQ,KAAK,IAAI,IAAI,aAAa,CAAC,UAAU,CAAC,MAAM,GAAG,CAAC,EAAE;YACxE,UAAU,CAAC,cAAc,CAAC,IAAI,CAAC,aAAa,CAAC,CAAC;SACjD;QACD,IAAI,aAAa,CAAC,UAAU,IAAI,aAAa,CAAC,UAAU,CAAC,MAAM,GAAG,CAAC,EAAE;YACjE,KAAK,IAAI,KAAK,IAAI,aAAa,CAAC,UAAU,EAAE;gBACxC,IAAI,CAAC,aAAa,CAAC,KAAK,EAAE,UAAU,CAAC,CAAC;aACzC;SACJ;IACL,CAAC;IAEM,MAAM,CAAC,kBAAkB,CAAC,aAAkB;QAC/C,IAAI,aAAa,CAAC,QAAQ,KAAK,OAAO,EAAE;YACpC,OAAO,aAAa,CAAC;SACxB;QAED,IAAI,aAAa,CAAC,UAAU,IAAI,aAAa,CAAC,UAAU,CAAC,MAAM,GAAG,CAAC,EAAE;YACjE,KAAK,IAAI,KAAK,IAAI,aAAa,CAAC,UAAU,EAAE;gBACxC,IAAI,KAAK,GAAQ,IAAI,CAAC,kBAAkB,CAAC,KAAK,CAAC,CAAC;gBAChD,IAAI,CAAC,CAAC,KAAK,KAAK,SAAS,CAAC,EAAE;oBACxB,OAAO,IAAI,CAAC,kBAAkB,CAAC,KAAK,CAAC,CAAC;iBACzC;aACJ;SACJ;IACL,CAAC;IAEM,MAAM,CAAC,gBAAgB,CAAC,iBAAsB;QACjD,IAAI,iBAAiB,CAAC,QAAQ,KAAK,KAAK,IAAI,iBAAiB,CAAC,KAAK,EAAE;YACjE,KAAK,IAAI,IAAI,IAAI,iBAAiB,CAAC,KAAK,EAAE;gBACtC,IAAI,IAAI,CAAC,IAAI,KAAK,IAAI,IAAI,IAAI,CAAC,KAAK,KAAK,eAAe,EAAE;oBACtD,OAAO,iBAAiB,CAAC;iBAC5B;aACJ;SACJ;QAED,IAAI,iBAAiB,CAAC,UAAU,IAAI,iBAAiB,CAAC,UAAU,CAAC,MAAM,GAAG,CAAC,EAAE;YACzE,KAAK,IAAI,KAAK,IAAI,iBAAiB,CAAC,UAAU,EAAE;gBAC5C,IAAI,YAAY,GAAQ,IAAI,CAAC,gBAAgB,CAAC,KAAK,CAAC,CAAC;gBACrD,IAAI,CAAC,CAAC,YAAY,KAAK,SAAS,CAAC,EAAE;oBAC/B,OAAO,YAAY,CAAC;iBACvB;aACJ;SACJ;IACL,CAAC;IAEM,MAAM,CAAC,eAAe,CAAC,YAAiB;QAC3C,IAAI,YAAY,CAAC,UAAU,CAAC,CAAC,CAAC,CAAC,QAAQ,KAAK,KAAK;eAC1C,YAAY,CAAC,UAAU,CAAC,CAAC,CAAC,CAAC,KAAK,CAAC,CAAC,CAAC,CAAC,KAAK,KAAK,gBAAgB,EAAE;YACnE,IAAI,WAAW,GAAG,YAAY,CAAC,UAAU,CAAC,CAAC,CAAC,CAAC;YAC7C,IAAI,WAAW,CAAC,UAAU,CAAC,CAAC,CAAC,CAAC,QAAQ,KAAK,KAAK;mBACzC,WAAW,CAAC,UAAU,CAAC,CAAC,CAAC,CAAC,KAAK,CAAC,CAAC,CAAC,CAAC,KAAK,KAAK,eAAe,EAAE;gBACjE,IAAI,oBAAoB,GAAG,WAAW,CAAC,UAAU,CAAC,CAAC,CAAC,CAAC;gBACrD,IAAI,oBAAoB,CAAC,UAAU,CAAC,CAAC,CAAC,CAAC,QAAQ,KAAK,OAAO,EAAE;oBACzD,IAAI,eAAe,GAAW,oBAAoB,CAAC,UAAU,CAAC,CAAC,CAAC,CAAC,KAAK,CAAC;oBACvE,OAAO,eAAe,CAAC;iBAC1B;aACJ;SACJ;IACL,CAAC;IAEM,MAAM,CAAC,wBAAwB,CAAC,YAAoB;QACvD,IAAI,YAAY,GAAa,YAAY,CAAC,KAAK,CAAC,GAAG,CAAC,CAAC;QACrD,IAAI,UAAU,GAAG,YAAY,CAAC,YAAY,CAAC,MAAM,GAAG,CAAC,CAAC,CAAC;QACvD,OAAO,UAAU,CAAC;IACtB,CAAC;IAEM,MAAM,CAAC,sBAAsB,CAAC,WAAgB,EAAE,UAAsB;QACzE,WAAW,CAAC,UAAU,CAAC,WAAW,EAAE,UAAU,CAAC,CAAC;QAChD,IAAI,YAAY,GAAU,UAAU,CAAC,iBAAiB,CAAC;QACvD,IAAI,UAAU,GAAQ,WAAW,CAAC,uBAAuB,CAAC,YAAY,EAAE,UAAU,CAAC,CAAC;QACpF,IAAI,OAAO,GAAW,IAAI,CAAC,mBAAmB,CAAC,UAAU,CAAC,CAAC;IAC/D,CAAC;IAEM,MAAM,CAAC,mBAAmB,CAAC,aAAkB;QAChD,IAAI,YAAY,GAAQ,WAAW,CAAC,gBAAgB,CAAC,aAAa,CAAC,CAAC;QACpE,IAAI,OAAO,GAAW,WAAW,CAAC,eAAe,CAAC,YAAY,CAAC,CAAC;QAChE,OAAO,OAAO,CAAC;IACnB,CAAC;IAEM,MAAM,CAAC,oBAAoB,CAAC,eAAoB;QACnD,IAAI,eAAe,CAAC,UAAU,CAAC,CAAC,CAAC,CAAC,QAAQ,KAAK,IAAI,EAAE;YACjD,IAAI,SAAS,GAAQ,eAAe,CAAC,UAAU,CAAC,CAAC,CAAC,CAAC;YACnD,IAAI,SAAS,CAAC,UAAU,CAAC,CAAC,CAAC,CAAC,QAAQ,KAAK,MAAM,EAAE;gBAC7C,IAAI,IAAI,GAAQ,SAAS,CAAC,UAAU,CAAC,CAAC,CAAC,CAAC;gBACxC,IAAI,IAAI,CAAC,UAAU,CAAC,CAAC,CAAC,CAAC,QAAQ,KAAK,OAAO,EAAE;oBACzC,IAAI,YAAY,GAAW,IAAI,CAAC,UAAU,CAAC,CAAC,CAAC,CAAC,KAAK,CAAC;oBACpD,OAAO,YAAY,CAAC;iBACvB;aACJ;SACJ;IACL,CAAC;IAEM,MAAM,CAAC,YAAY,CAAC,QAAe;QACtC,KAAK,IAAI,EAAE,IAAI,QAAQ,EAAE;YACrB,IAAI,EAAE,CAAC,KAAK,CAAC,MAAM,GAAG,CAAC,IAAI,EAAE,CAAC,UAAU,EAAE;gBACtC,KAAK,IAAI,OAAO,IAAI,EAAE,CAAC,KAAK,EAAE;oBAC1B,IAAI,OAAO,CAAC,IAAI,KAAK,OAAO,IAAI,OAAO,CAAC,KAAK,KAAK,2CAA2C,EAAE;wBAC3F,KAAK,IAAI,KAAK,IAAI,EAAE,CAAC,UAAU,EAAE;4BAC7B,IAAI,KAAK,CAAC,QAAQ,KAAK,GAAG,IAAI,KAAK,CAAC,KAAK,IAAI,KAAK,CAAC,KAAK,CAAC,MAAM,GAAG,CAAC,EAAE;gCACjE,KAAK,IAAI,IAAI,IAAI,KAAK,CAAC,KAAK,EAAE;oCAC1B,IAAI,IAAI,CAAC,IAAI,KAAK,MAAM,EAAE;wCACtB,IAAI,QAAQ,GAAW,KAAK,CAAC,KAAK,CAAC,CAAC,CAAC,CAAC,KAAK,CAAC;wCAC5C,OAAO,QAAQ,CAAC;qCACnB;iCACJ;6BACJ;yBACJ;qBACJ;iBACJ;aACJ;SACJ;IACL,CAAC;IAEM,MAAM,CAAC,cAAc,CAAC,QAAa;QACtC,KAAK,IAAI,EAAE,IAAI,QAAQ,EAAE;YACrB,IAAI,EAAE,CAAC,KAAK,CAAC,MAAM,GAAG,CAAC,IAAI,EAAE,CAAC,UAAU,EAAE;gBACtC,KAAK,IAAI,IAAI,IAAI,EAAE,CAAC,KAAK,EAAE;oBACvB,IAAI,IAAI,CAAC,IAAI,KAAK,OAAO,IAAI,IAAI,CAAC,KAAK,KAAK,6CAA6C,EAAE;wBACvF,KAAK,IAAI,KAAK,IAAI,EAAE,CAAC,UAAU,EAAE;4BAC7B,IAAI,KAAK,CAAC,QAAQ,KAAK,OAAO,EAAE;gCAC5B,IAAI,YAAY,GAAW,KAAK,CAAC,KAAK,CAAC;gCACvC,OAAO,YAAY,CAAC;6BACvB;yBACJ;qBACJ;iBACJ;aACJ;SACJ;IACL,CAAC;IAEM,MAAM,CAAC,aAAa,CAAC,QAAa;QACrC,KAAK,IAAI,EAAE,IAAI,QAAQ,EAAE;YACrB,IAAI,EAAE,CAAC,KAAK,CAAC,MAAM,GAAG,CAAC,IAAI,EAAE,CAAC,UAAU,EAAE;gBACtC,KAAK,IAAI,IAAI,IAAI,EAAE,CAAC,KAAK,EAAE;oBACvB,IAAI,IAAI,CAAC,IAAI,KAAK,OAAO,IAAI,IAAI,CAAC,KAAK,KAAK,yCAAyC,EAAE;wBACnF,KAAK,IAAI,KAAK,IAAI,EAAE,CAAC,UAAU,EAAE;4BAC7B,IAAI,KAAK,CAAC,QAAQ,KAAK,OAAO,EAAE;gCAC5B,IAAI,IAAI,GAAW,KAAK,CAAC,KAAK,CAAC;gCAC/B,OAAO,IAAI,CAAC;6BACf;yBACJ;qBACJ;iBACJ;aACJ;SACJ;IACL,CAAC;IAEM,MAAM,CAAC,sBAAsB,CAAC,QAAa;QAC9C,KAAK,IAAI,EAAE,IAAI,QAAQ,EAAE;YACrB,IAAI,EAAE,CAAC,KAAK,CAAC,MAAM,GAAG,CAAC,IAAI,EAAE,CAAC,UAAU,EAAE;gBACtC,KAAK,IAAI,IAAI,IAAI,EAAE,CAAC,KAAK,EAAE;oBACvB,IAAI,IAAI,CAAC,IAAI,KAAK,OAAO,IAAI,IAAI,CAAC,KAAK,KAAK,8CAA8C,EAAE;wBACxF,KAAK,IAAI,KAAK,IAAI,EAAE,CAAC,UAAU,EAAE;4BAC7B,IAAI,KAAK,CAAC,QAAQ,KAAK,OAAO,EAAE;gCAC5B,IAAI,aAAa,GAAW,KAAK,CAAC,KAAK,CAAC;gCACxC,OAAO,aAAa,CAAC;6BACxB;yBACJ;qBACJ;iBACJ;aACJ;SACJ;IACL,CAAC;IAEM,MAAM,CAAC,gBAAgB,CAAC,cAAmB;QAC9C,IAAI,YAAY,GAAQ,WAAW,CAAC,gBAAgB,CAAC,cAAc,CAAC,CAAC;QACrE,IAAI,IAAI,GAAW,WAAW,CAAC,oBAAoB,CAAC,YAAY,CAAC,CAAC;QAClE,OAAO,IAAI,CAAC;IAChB,CAAC;CAEJ;AApTD,kCAoTC"},"_coverageSchema":"1a1c01bbd47fc00a2c39e90264f33305004495a9","hash":"b12bf1568fec0ac9de88474e224673d10f45a02a","contentHash":"cceed1886703c9e61dd631d5c851509d67daee06c905e264349415dc2ef5582f"}}